4871.37 -11268.7 -2.1424e+07 -10996.2 -1.91917e+07 -11862.4 -1.2359e+07 -11827 -2.08115e+07 -10865.9 -1.86466e+07 -12335.5 -1.32798e+07 -10258.9 -2.1063e+07 -11226.7 -1.833e+07 -10483.2 -8.6425e+06
9717.05 -10971.8 -2.32622e+07 -10990.2 -2.12356e+07 -12145.2 -1.39793e+07 -11565.3 -2.23348e+07 -10864.6 -2.03503e+07 -12585.4 -1.46755e+07 -10144.9 -2.1771e+07 -11237.3 -1.91769e+07 -10589.7 -9.30438e+06
14460.5 -10672.2 -2.5073e+07 -10989.7 -2.32476e+07 -12429.4 -1.55994e+07 -11311.1 -2.3812e+07 -10868.7 -2.20082e+07 -12834.5 -1.60588e+07 -10033.5 -2.24667e+07 -11248.3 -2.00053e+07 -10693.5 -9.95257e+06
19086.9 -10375.3 -2.68613e+07 -10989.6 -2.52025e+07 -12719.1 -1.72126e+07 -11059.9 -2.52665e+07 -10870.6 -2.36078e+07 -13085.3 -1.7419e+07 -9925.51 -2.3152e+07 -11256.1 -2.08033e+07 -10797.1 -1.05817e+07
23633.2 -10162.1 -2.86294e+07 -11007.2 -2.71097e+07 -13014.5 -1.88145e+07 -10796.5 -2.6719e+07 -10870.1 -2.51621e+07 -13337.3 -1.87577e+07 -9820.86 -2.38373e+07 -11257.6 -2.15727e+07 -10905.6 -1.12004e+07
28162 -10452.1 -3.04262e+07 -11024.7 -2.89782e+07 -13330.4 -2.04066e+07 -10558.5 -2.81752e+07 -10882.1 -2.66922e+07 -13598.7 -2.00825e+07 -9721.58 -2.45241e+07 -11256.5 -2.23357e+07 -11016.6 -1.18178e+07
32688.1 -11095.7 -3.22479e+07 -11077.3 -3.08224e+07 -13646.9 -2.19909e+07 -10414.8 -2.96352e+07 -10892.9 -2.82093e+07 -13866.7 -2.13997e+07 -9636.05 -2.52131e+07 -11254.4 -2.30967e+07 -11128.6 -1.24347e+07
37189.9 -12325.9 -3.40242e+07 -11260.2 -3.26752e+07 -13988.1 -2.35779e+07 -10679.7 -3.11036e+07 -10920.5 -2.97171e+07 -14133.2 -2.27093e+07 -9554.02 -2.59004e+07 -11252.1 -2.38476e+07 -11239.5 -1.30435e+07
41691.8 -13967.8 -3.57432e+07 -11871.4 -3.45774e+07 -14377.9 -2.51648e+07 -11188.1 -3.25745e+07 -10989.5 -3.12254e+07 -14412.3 -2.40159e+07 -9495.31 -2.65884e+07 -11250 -2.45918e+07 -11349.7 -1.36479e+07
46169.3 -15649.5 -3.74467e+07 -12727.5 -3.64605e+07 -14939 -2.6764e+07 -11868.4 -3.40127e+07 -11240.4 -3.27488e+07 -14713.7 -2.53223e+07 -9495.06 -2.7274e+07 -11247.6 -2.53331e+07 -11459.3 -1.4249e+07
50625.6 -17353.8 -3.91783e+07 -14335 -3.82599e+07 -15837.3 -2.84022e+07 -13022.2 -3.53979e+07 -11781.6 -3.43062e+07 -15071.3 -2.66297e+07 -9620.24 -2.79599e+07 -11246.9 -2.60722e+07 -11567.5 -1.48446e+07
55077.5 -19069.3 -4.09126e+07 -16150.4 -4.00504e+07 -16795 -3.00475e+07 -14358.8 -3.67887e+07 -12456.2 -3.58393e+07 -15584.7 -2.79469e+07 -9853.86 -2.86548e+07 -11253.7 -2.68035e+07 -11675.1 -1.54371e+07
59498.3 -20780.4 -4.26432e+07 -18017.7 -4.18624e+07 -18132.2 -3.16687e+07 -15767.1 -3.82126e+07 -13680.3 -3.73021e+07 -16325.5 -2.92844e+07 -10093.5 -2.93468e+07 -11262.3 -2.75265e+07 -11783 -1.60293e+07
63891.5 -22488.2 -4.43708e+07 -19917 -4.36914e+07 -19917.4 -3.32673e+07 -17189.1 -3.96438e+07 -15122.6 -3.87473e+07 -17085.1 -3.06218e+07 -10331.5 -3.003e+07 -11270.7 -2.82486e+07 -11891 -1.66214e+07
68260.8 -24190.2 -4.60929e+07 -21810.6 -4.55168e+07 -21821.2 -3.48558e+07 -18627.8 -4.10723e+07 -16609.6 -4.02012e+07 -17962.2 -3.19503e+07 -10634.8 -3.07019e+07 -11277.7 -2.8976e+07 -11999.9 -1.72161e+07
72600.7 -25886.4 -4.7809e+07 -23693.8 -4.73328e+07 -23754.4 -3.64343e+07 -20054.6 -4.2496e+07 -18140.2 -4.16774e+07 -19203.1 -3.32591e+07 -11083.6 -3.13701e+07 -11283.3 -2.97073e+07 -12116.7 -1.78126e+07
76925.4 -27579.3 -4.95217e+07 -25570.3 -4.91431e+07 -25688.2 -3.80078e+07 -21470.9 -4.39152e+07 -19684.6 -4.31635e+07 -20671.6 -3.45598e+07 -11637 -3.20363e+07 -11299.3 -3.04414e+07 -12233.7 -1.84105e+07
81244.1 -29270.2 -5.12329e+07 -27443.6 -5.09513e+07 -27647.3 -3.95793e+07 -22882.7 -4.53322e+07 -21229.5 -4.46516e+07 -22213 -3.58582e+07 -12236.1 -3.27014e+07 -11317.6 -3.11761e+07 -12350.8 -1.90086e+07
85559.1 -30959.2 -5.29431e+07 -29314.3 -5.27577e+07 -29603.9 -4.11496e+07 -24292.3 -4.6748e+07 -22773.9 -4.61401e+07 -23797.3 -3.71551e+07 -12851.9 -3.33654e+07 -11350.4 -3.19112e+07 -12467.8 -1.96064e+07
89871.8 -32646.6 -5.46526e+07 -31185.9 -5.45632e+07 -31558.9 -4.27195e+07 -25700.1 -4.81629e+07 -24316.7 -4.76278e+07 -25380.2 -3.84514e+07 -13490.3 -3.4028e+07 -11403.1 -3.26469e+07 -12584.8 -2.02037e+07
94182.9 -34332.6 -5.63616e+07 -33065.3 -5.63679e+07 -33512.7 -4.4289e+07 -27106.1 -4.9577e+07 -25858.2 -4.91149e+07 -26974.1 -3.97468e+07 -14128.7 -3.4687e+07 -11508.1 -3.3385e+07 -12702.8 -2.08001e+07
98494.4 -36018.2 -5.80709e+07 -34943.3 -5.81725e+07 -35466.1 -4.5859e+07 -28510.6 -5.09907e+07 -27398.8 -5.06016e+07 -28583.3 -4.1041e+07 -14762.4 -3.53382e+07 -11703.5 -3.4129e+07 -12832.4 -2.13947e+07
102806 -37703.4 -5.97803e+07 -36819.9 -5.99772e+07 -37419.1 -4.74295e+07 -29913.5 -5.24041e+07 -28938.3 -5.20876e+07 -30190.7 -4.23339e+07 -15391.5 -3.59812e+07 -11967.1 -3.48793e+07 -12962.2 -2.19871e+07
107116 -39394.6 -6.14891e+07 -38694.4 -6.17808e+07 -39370.3 -4.89993e+07 -31314.9 -5.38166e+07 -30477.1 -5.35729e+07 -31796.7 -4.36262e+07 -16034.7 -3.66236e+07 -12231.6 -3.5629e+07 -13101.7 -2.25795e+07
111422 -41083.6 -6.31969e+07 -40566.4 -6.35831e+07 -41319.4 -5.05682e+07 -32714.9 -5.52282e+07 -32023.6 -5.50572e+07 -33401.4 -4.4918e+07 -16678.6 -3.72676e+07 -12511.8 -3.63763e+07 -13252.3 -2.31723e+07
115723 -42769.5 -6.49027e+07 -42434.9 -6.53831e+07 -43265.2 -5.21352e+07 -34113.6 -5.66384e+07 -33567.7 -5.65404e+07 -35005.4 -4.62099e+07 -17327.6 -3.79216e+07 -12891.1 -3.71144e+07 -13426.6 -2.37677e+07
120017 -44452 -6.66065e+07 -44299.8 -6.71807e+07 -45207.4 -5.37001e+07 -35511.1 -5.8047e+07 -35109.1 -5.80224e+07 -36608.8 -4.75021e+07 -17983 -3.85883e+07 -13438.5 -3.78403e+07 -13640 -2.43668e+07
124309 -46132.5 -6.83095e+07 -46162.3 -6.8977e+07 -47147.5 -5.52642e+07 -36906.9 -5.94539e+07 -36648.3 -5.95035e+07 -38211.8 -4.87946e+07 -18640.5 -3.92605e+07 -14085.9 -3.8556e+07 -13917.9 -2.49697e+07
128600 -47811.7 -7.00123e+07 -48023.3 -7.07729e+07 -49086.3 -5.6828e+07 -38300.8 -6.08593e+07 -38185.5 -6.0984e+07 -39814.2 -5.00873e+07 -19297.9 -3.99342e+07 -14779 -3.92626e+07 -14256.4 -2.55759e+07
132888 -49489 -7.17144e+07 -49881.8 -7.25678e+07 -51023.3 -5.83913e+07 -39698.5 -6.22638e+07 -39720.9 -6.24636e+07 -41415.3 -5.13793e+07 -19955.1 -4.06081e+07 -15489.8 -3.99674e+07 -14601.8 -2.61825e+07
137174 -51164.3 -7.34156e+07 -51737.9 -7.43614e+07 -52958.4 -5.99538e+07 -41095.7 -6.36675e+07 -41254.5 -6.39422e+07 -43014.8 -5.26707e+07 -20612.1 -4.12821e+07 -16214.8 -4.06715e+07 -14946.8 -2.67887e+07
141456 -52837.5 -7.51158e+07 -53591.4 -7.61538e+07 -54891.6 -6.15155e+07 -42491.5 -6.50705e+07 -42786.2 -6.54198e+07 -44612.7 -5.39613e+07 -21268.8 -4.19559e+07 -16940.1 -4.13766e+07 -15302.4 -2.73942e+07
145734 -54507.9 -7.68144e+07 -55441.7 -7.79443e+07 -56822.2 -6.30761e+07 -43886 -6.64731e+07 -44316.1 -6.68961e+07 -46208.6 -5.52507e+07 -21925.5 -4.26296e+07 -17672.3 -4.20866e+07 -15703.9 -2.79975e+07
150006 -56175.3 -7.8511e+07 -57288.3 -7.97327e+07 -58751.4 -6.46351e+07 -45279.5 -6.78756e+07 -45844.2 -6.8371e+07 -47802.2 -5.65389e+07 -22582.8 -4.33036e+07 -18423.1 -4.28045e+07 -16195.1 -2.8598e+07
154274 -57839.6 -8.02056e+07 -59131.3 -8.15191e+07 -60683.2 -6.61927e+07 -46671.8 -6.92778e+07 -47370.4 -6.98444e+07 -49393.5 -5.78259e+07 -23240.3 -4.39777e+07 -19178.3 -4.35298e+07 -16789.9 -2.91958e+07
158537 -59501.5 -8.18989e+07 -60971.4 -8.33039e+07 -62612.4 -6.77492e+07 -48062.8 -7.06795e+07 -48894.8 -7.13167e+07 -50982.9 -5.91118e+07 -23897.8 -4.46515e+07 -19935.6 -4.42588e+07 -17451.5 -2.97921e+07
162797 -61161.1 -8.35911e+07 -62808.5 -8.50872e+07 -64539.4 -6.93049e+07 -49452.2 -7.20805e+07 -50417.2 -7.27878e+07 -52570.5 -6.03969e+07 -24554.9 -4.5325e+07 -20693.2 -4.4989e+07 -18145.4 -3.03877e+07
167053 -62818.5 -8.52822e+07 -64643 -8.68692e+07 -66464.3 -7.08599e+07 -50839.9 -7.34807e+07 -51937.7 -7.42578e+07 -54156.5 -6.16812e+07 -25211.5 -4.59981e+07 -21450.9 -4.57197e+07 -18862.4 -3.09826e+07
171307 -64473.8 -8.69725e+07 -66474.7 -8.865e+07 -68387 -7.24141e+07 -52226 -7.48801e+07 -53456.3 -7.57267e+07 -55740.8 -6.29647e+07 -25867.7 -4.66708e+07 -22208 -4.64502e+07 -19585.1 -3.15772e+07
175558 -66126.9 -8.86617e+07 -68303.8 -9.04295e+07 -70307.6 -7.39677e+07 -53610.4 -7.62785e+07 -54972.9 -7.71946e+07 -57323.5 -6.42474e+07 -26523.3 -4.7343e+07 -22964.9 -4.71807e+07 -20325.4 -3.21713e+07
179806 -67778 -9.03501e+07 -70130.2 -9.22077e+07 -72226.2 -7.55205e+07 -54993.1 -7.76761e+07 -56487.6 -7.86614e+07 -58904.6 -6.55293e+07 -27178.4 -4.80148e+07 -23721 -4.79108e+07 -21065.1 -3.27651e+07
184051 -69426.9 -9.20375e+07 -71953.9 -9.39848e+07 -74142.5 -7.70727e+07 -56374 -7.90727e+07 -58000.3 -8.01272e+07 -60483.9 -6.68104e+07 -27832.9 -4.86862e+07 -24476.4 -4.86403e+07 -21804.3 -3.33584e+07
188293 -71073.7 -9.3724e+07 -73775 -9.57605e+07 -76056.8 -7.86242e+07 -57753.1 -8.04684e+07 -59511 -8.15919e+07 -62064.1 -6.80907e+07 -28486.8 -4.93571e+07 -25231.1 -4.93693e+07 -22542.8 -3.39514e+07
192532 -72718.3 -9.54096e+07 -75593.2 -9.7535e+07 -77968.8 -8.0175e+07 -59130.4 -8.18632e+07 -61019.7 -8.30555e+07 -63645.4 -6.93702e+07 -29140.2 -5.00275e+07 -25985.2 -5.00979e+07 -23284.5 -3.4544e+07
196768 -74360.7 -9.70943e+07 -77408.7 -9.93081e+07 -79878.6 -8.17251e+07 -60505.9 -8.32569e+07 -62526.3 -8.4518e+07 -65224.8 -7.06489e+07 -29793 -5.06974e+07 -26738.7 -5.08262e+07 -24036 -3.51362e+07
201001 -76000.9 -9.87779e+07 -79221.4 -1.0108e+08 -81786.2 -8.32745e+07 -61879.5 -8.46497e+07 -64030.9 -8.59794e+07 -66802.4 -7.19267e+07 -30445.2 -5.13668e+07 -27491.5 -5.15539e+07 -24786.9 -3.57279e+07
205230 -77638.9 -1.00461e+08 -81031.2 -1.02851e+08 -83691.6 -8.48232e+07 -63251.3 -8.60415e+07 -65533.4 -8.74397e+07 -68378.2 -7.32036e+07 -31096.8 -5.20358e+07 -28243.5 -5.2281e+07 -25537.1 -3.63193e+07
209457 -79274.6 -1.02142e+08 -82838.2 -1.0462e+08 -85594.7 -8.63712e+07 -64621.3 -8.74323e+07 -67033.8 -8.88988e+07 -69952.1 -7.44797e+07 -31747.8 -5.27042e+07 -28994.7 -5.30076e+07 -26286.7 -3.69103e+07
213680 -80908.1 -1.03823e+08 -84642.3 -1.06388e+08 -87495.6 -8.79185e+07 -65989.3 -8.88221e+07 -68532 -9.03568e+07 -71524.2 -7.57549e+07 -32398.2 -5.33721e+07 -29745.2 -5.37336e+07 -27035.6 -3.75009e+07
217900 -82539.3 -1.05503e+08 -86443.5 -1.08154e+08 -89394.3 -8.94651e+07 -67355.4 -9.02108e+07 -70028.1 -9.18135e+07 -73094.3 -7.70293e+07 -33047.9 -5.40396e+07 -30494.9 -5.4459e+07 -27783.9 -3.8091e+07
222117 -84168.3 -1.07182e+08 -88241.7 -1.09919e+08 -91290.6 -9.10111e+07 -68719.6 -9.15985e+07 -71522.1 -9.32691e+07 -74662.5 -7.83027e+07 -33697 -5.47064e+07 -31243.8 -5.51838e+07 -28531.5 -3.86807e+07
226330 -85794.9 -1.0886e+08 -90037 -1.11683e+08 -93184.6 -9.25563e+07 -70081.8 -9.29851e+07 -73013.8 -9.47234e+07 -76228.7 -7.95752e+07 -34345.5 -5.53728e+07 -31995.5 -5.59079e+07 -29278.4 -3.927e+07
230540 -87419.1 -1.10536e+08 -91829.2 -1.13445e+08 -95076.3 -9.41007e+07 -71442.1 -9.43706e+07 -74503.2 -9.61765e+07 -77793 -8.08468e+07 -34993.4 -5.60387e+07 -32747.8 -5.66315e+07 -30024.6 -3.98589e+07
234747 -89041 -1.12212e+08 -93618.3 -1.15206e+08 -96965.6 -9.56445e+07 -72800.3 -9.5755e+07 -75990.4 -9.76283e+07 -79355.3 -8.21175e+07 -35640.6 -5.6704e+07 -33499.2 -5.73544e+07 -30770.2 -4.04473e+07
238950 -90660.5 -1.13887e+08 -95404.4 -1.16966e+08 -98852.6 -9.71876e+07 -74156.5 -9.71383e+07 -77475.4 -9.90789e+07 -80915.6 -8.33872e+07 -36289.4 -5.73687e+07 -34249.8 -5.80767e+07 -31515 -4.10353e+07
243149 -92277.6 -1.1556e+08 -97187.4 -1.18724e+08 -100737 -9.87299e+07 -75510.6 -9.85204e+07 -78958 -1.00528e+08 -82473.8 -8.46559e+07 -36938.2 -5.80329e+07 -34999.6 -5.87984e+07 -32259.1 -4.16228e+07
247345 -93892.3 -1.17233e+08 -98967.2 -1.2048e+08 -102619 -1.00272e+08 -76862.7 -9.99014e+07 -80438.3 -1.01976e+08 -84029.9 -8.59236e+07 -37586.3 -5.86965e+07 -35748.4 -5.95193e+07 -33002.5 -4.22099e+07
251537 -95504.6 -1.18904e+08 -100744 -1.22235e+08 -104499 -1.01812e+08 -78212.7 -1.01281e+08 -81916.2 -1.03423e+08 -85584 -8.71903e+07 -38233.7 -5.93594e+07 -36496.4 -6.02396e+07 -33745.1 -4.27965e+07
255725 -97114.3 -1.20575e+08 -102517 -1.23989e+08 -106376 -1.03353e+08 -79560.5 -1.0266e+08 -83391.7 -1.04868e+08 -87135.9 -8.8456e+07 -38880.3 -6.00218e+07 -37243.4 -6.09593e+07 -34487 -4.33826e+07
259909 -98721.6 -1.22244e+08 -104287 -1.25741e+08 -108251 -1.04892e+08 -80906.1 -1.04037e+08 -84864.7 -1.06312e+08 -88685.6 -8.97207e+07 -39526.2 -6.06836e+07 -37989.6 -6.16782e+07 -35228.1 -4.39682e+07
264022 -100369 -1.23992e+08 -107750 -1.27363e+08 -110154 -1.06446e+08 -82241.6 -1.05399e+08 -86320.1 -1.07742e+08 -90226.5 -9.09804e+07 -40161 -6.13354e+07 -38727.2 -6.23882e+07 -35957 -4.45441e+07
268092 -102039 -1.25785e+08 -112204 -1.28908e+08 -112074 -1.08008e+08 -83570.2 -1.0675e+08 -87764.1 -1.09164e+08 -91761.3 -9.22367e+07 -40789 -6.19811e+07 -39459.5 -6.30927e+07 -36678.5 -4.51143e+07
272158 -103705 -1.27578e+08 -116655 -1.30452e+08 -113990 -1.09569e+08 -84896.5 -1.08101e+08 -89205.6 -1.10585e+08 -93293.8 -9.34919e+07 -41416.2 -6.26262e+07 -40190.7 -6.37964e+07 -37399.1 -4.56839e+07
276083 -106240 -1.29302e+08 -121024 -1.31988e+08 -115925 -1.11148e+08 -86182.7 -1.09422e+08 -90605.7 -1.11963e+08 -94781.8 -9.47111e+07 -42030.1 -6.32568e+07 -40890.3 -6.44716e+07 -38096.7 -4.62348e+07
279789 -110992 -1.3094e+08 -125429 -1.33496e+08 -117835 -1.12733e+08 -87392.4 -1.10679e+08 -91962.6 -1.13304e+08 -96207.9 -9.58771e+07 -42619.5 -6.38589e+07 -41556.4 -6.51151e+07 -38749.2 -4.67525e+07
283487 -115743 -1.32575e+08 -129851 -1.35004e+08 -119742 -1.14319e+08 -88599 -1.11933e+08 -93316.2 -1.14643e+08 -97630.7 -9.70409e+07 -43207.7 -6.44598e+07 -42220.9 -6.57573e+07 -39400.5 -4.72693e+07
287177 -120496 -1.34209e+08 -134269 -1.36508e+08 -121646 -1.15903e+08 -89802.2 -1.13185e+08 -94666.3 -1.15979e+08 -99050 -9.82025e+07 -43794.6 -6.50595e+07 -42883.9 -6.63982e+07 -40050.2 -4.7785e+07
290832 -125256 -1.35843e+08 -138727 -1.38043e+08 -124257 -1.17453e+08 -91001 -1.14434e+08 -96008.3 -1.17306e+08 -100458 -9.93559e+07 -44376.2 -6.56538e+07 -43540.4 -6.70335e+07 -40695.5 -4.82971e+07
294410 -130049 -1.37479e+08 -143292 -1.39658e+08 -128688 -1.18918e+08 -92193.7 -1.15678e+08 -97335.5 -1.18614e+08 -101844 -1.00492e+08 -44946.7 -6.62365e+07 -44183.6 -6.76571e+07 -41331.9 -4.88016e+07
297979 -134850 -1.39113e+08 -147851 -1.41271e+08 -133126 -1.20382e+08 -93382.8 -1.1692e+08 -98659 -1.19919e+08 -103226 -1.01626e+08 -45515.8 -6.68179e+07 -44825.1 -6.82791e+07 -41966.6 -4.9305e+07
301539 -139653 -1.40745e+08 -152406 -1.4288e+08 -137562 -1.21845e+08 -94568.3 -1.18159e+08 -99978.5 -1.21222e+08 -104604 -1.02757e+08 -46083.4 -6.73978e+07 -45464.6 -6.88996e+07 -42599.7 -4.98071e+07
305088 -144456 -1.42376e+08 -156955 -1.44487e+08 -141996 -1.23308e+08 -95749.9 -1.19395e+08 -101294 -1.22521e+08 -105978 -1.03886e+08 -46649.4 -6.79762e+07 -46102.3 -6.95182e+07 -43230.9 -5.03079e+07
308609 -149200 -1.43997e+08 -161508 -1.46094e+08 -146433 -1.24773e+08 -96923.5 -1.20622e+08 -102599 -1.23811e+08 -107342 -1.05006e+08 -47209.5 -6.85487e+07 -46736 -7.0133e+07 -43857.6 -5.08053e+07
312066 -153767 -1.45598e+08 -166085 -1.47704e+08 -150884 -1.26243e+08 -98081.4 -1.21827e+08 -103884 -1.25082e+08 -108684 -1.06109e+08 -47755.4 -6.91075e+07 -47362.2 -7.07396e+07 -44474.6 -5.12953e+07
315352 -158344 -1.47166e+08 -170529 -1.49285e+08 -155327 -1.27725e+08 -99211.5 -1.23019e+08 -105567 -1.26272e+08 -109977 -1.07169e+08 -48285.4 -6.96473e+07 -47955.7 -7.13175e+07 -45066.8 -5.17663e+07
318503 -162920 -1.48724e+08 -174906 -1.50827e+08 -159798 -1.29168e+08 -100356 -1.24258e+08 -108659 -1.27345e+08 -111270 -1.08216e+08 -48809 -7.01719e+07 -48535.8 -7.18866e+07 -45649.8 -5.22337e+07
321606 -167507 -1.50285e+08 -179268 -1.52353e+08 -165042 -1.30408e+08 -101493 -1.25489e+08 -111739 -1.28417e+08 -112539 -1.09236e+08 -49326.1 -7.06899e+07 -49107.6 -7.2447e+07 -46226.9 -5.26987e+07
324709 -172092 -1.51845e+08 -183630 -1.53879e+08 -170287 -1.31645e+08 -102628 -1.2672e+08 -114818 -1.29487e+08 -113807 -1.10255e+08 -49842.7 -7.12076e+07 -49679.1 -7.30072e+07 -46803.8 -5.31635e+07
327758 -176689 -1.53406e+08 -188004 -1.5541e+08 -175456 -1.32852e+08 -103745 -1.27931e+08 -117847 -1.30539e+08 -115065 -1.1127e+08 -50350.4 -7.17163e+07 -50240.2 -7.35573e+07 -47373.4 -5.36214e+07
330765 -181299 -1.54969e+08 -192385 -1.56943e+08 -180566 -1.34036e+08 -104845 -1.29127e+08 -120836 -1.31576e+08 -116313 -1.12279e+08 -50851 -7.22179e+07 -50792.9 -7.40991e+07 -47936.9 -5.40737e+07
333709 -185819 -1.56513e+08 -196734 -1.58466e+08 -185648 -1.35211e+08 -107598 -1.30254e+08 -123886 -1.32624e+08 -117570 -1.13297e+08 -51330.2 -7.27129e+07 -51354.8 -7.46499e+07 -48510.5 -5.45338e+07
336626 -190320 -1.5805e+08 -201070 -1.59982e+08 -190761 -1.36376e+08 -110697 -1.31362e+08 -126948 -1.33672e+08 -118823 -1.14313e+08 -51802.7 -7.32044e+07 -51916 -7.52001e+07 -49084 -5.49939e+07
339535 -194822 -1.59587e+08 -205401 -1.61496e+08 -195940 -1.37531e+08 -113791 -1.32467e+08 -130011 -1.34717e+08 -120073 -1.15325e+08 -52273.8 -7.36946e+07 -52475.6 -7.57488e+07 -49656 -5.54531e+07
342441 -199322 -1.61123e+08 -209798 -1.63007e+08 -201118 -1.38683e+08 -116884 -1.33571e+08 -133073 -1.35761e+08 -121322 -1.16337e+08 -52744.5 -7.41844e+07 -53034.8 -7.62972e+07 -50227.6 -5.59119e+07
345339 -203822 -1.62657e+08 -214209 -1.64517e+08 -206294 -1.39833e+08 -119970 -1.34673e+08 -136128 -1.36803e+08 -122568 -1.17347e+08 -53213.7 -7.46729e+07 -53592.3 -7.68441e+07 -50797.6 -5.63696e+07
348217 -208316 -1.64189e+08 -218608 -1.6602e+08 -211455 -1.40978e+08 -123057 -1.35773e+08 -139199 -1.37857e+08 -124107 -1.18342e+08 -53683.9 -7.51627e+07 -54149 -7.7389e+07 -51365.1 -5.68256e+07
351041 -212784 -1.65711e+08 -222972 -1.67506e+08 -216554 -1.42108e+08 -126170 -1.3688e+08 -142369 -1.3898e+08 -127047 -1.19277e+08 -54163.7 -7.56642e+07 -54708.5 -7.79308e+07 -51928.8 -5.7278e+07
353856 -217253 -1.67231e+08 -227332 -1.68991e+08 -221652 -1.43236e+08 -129284 -1.37985e+08 -145530 -1.40099e+08 -129997 -1.2021e+08 -54642.1 -7.61641e+07 -55266.2 -7.84708e+07 -52491 -5.77292e+07
356587 -221548 -1.68726e+08 -231697 -1.70478e+08 -226775 -1.44368e+08 -132342 -1.39061e+08 -148615 -1.4119e+08 -132875 -1.21119e+08 -55103.2 -7.66466e+07 -55810.5 -7.89974e+07 -53039.4 -5.81695e+07
359164 -225809 -1.70201e+08 -235993 -1.71944e+08 -231897 -1.45502e+08 -135273 -1.40093e+08 -151566 -1.42233e+08 -135611 -1.21981e+08 -55542.6 -7.71068e+07 -56326 -7.94968e+07 -53557.2 -5.85861e+07
361695 -230173 -1.71679e+08 -240284 -1.73399e+08 -236994 -1.46631e+08 -138161 -1.4111e+08 -154485 -1.43266e+08 -138304 -1.22827e+08 -55974.8 -7.75592e+07 -56835.4 -7.99905e+07 -54063.5 -5.89946e+07
364228 -234531 -1.73156e+08 -244576 -1.74854e+08 -242088 -1.47758e+08 -141052 -1.42127e+08 -157406 -1.443e+08 -141000 -1.23673e+08 -56407.2 -7.80118e+07 -57345.1 -8.04846e+07 -54570.2 -5.94033e+07
366754 -238885 -1.74631e+08 -248865 -1.76307e+08 -247180 -1.48882e+08 -143939 -1.43142e+08 -160321 -1.45331e+08 -143691 -1.24518e+08 -56838.4 -7.84634e+07 -57853.5 -8.09776e+07 -55075.6 -5.98111e+07
369272 -243234 -1.76105e+08 -253152 -1.77759e+08 -252269 -1.50003e+08 -146821 -1.44155e+08 -163231 -1.4636e+08 -146377 -1.25362e+08 -57268.5 -7.89139e+07 -58360.7 -8.14694e+07 -55579.7 -6.0218e+07
371784 -247579 -1.77577e+08 -257436 -1.79209e+08 -257355 -1.51122e+08 -149698 -1.45166e+08 -166136 -1.47387e+08 -149059 -1.26203e+08 -57697.4 -7.93632e+07 -58866.5 -8.196e+07 -56082.6 -6.0624e+07
374288 -251919 -1.79047e+08 -261717 -1.80658e+08 -262439 -1.52237e+08 -152570 -1.46175e+08 -169034 -1.48411e+08 -151736 -1.27043e+08 -58125.2 -7.98115e+07 -59371 -8.24494e+07 -56584.2 -6.10289e+07
376752 -256266 -1.8052e+08 -266009 -1.82111e+08 -267458 -1.5333e+08 -155403 -1.4717e+08 -171891 -1.49419e+08 -154392 -1.2788e+08 -58546.1 -8.02526e+07 -59866.9 -8.29303e+07 -57080.4 -6.14286e+07
379169 -260620 -1.81994e+08 -270312 -1.83569e+08 -272397 -1.54397e+08 -158191 -1.48149e+08 -174700 -1.50409e+08 -157088 -1.28697e+08 -58959.9 -8.06863e+07 -60354.1 -8.34029e+07 -57569.4 -6.18204e+07
381565 -264962 -1.83465e+08 -274608 -1.85026e+08 -277301 -1.55451e+08 -160986 -1.4913e+08 -177504 -1.51392e+08 -160203 -1.2941e+08 -59375.2 -8.11215e+07 -60845.7 -8.38817e+07 -58050.6 -6.21989e+07
383953 -269298 -1.84934e+08 -278903 -1.86481e+08 -282200 -1.56502e+08 -163775 -1.50108e+08 -180300 -1.52371e+08 -163310 -1.30121e+08 -59789.1 -8.15552e+07 -61335.6 -8.4359e+07 -58530.2 -6.25761e+07
386311 -273634 -1.86393e+08 -283176 -1.87938e+08 -287122 -1.57556e+08 -166523 -1.51035e+08 -182956 -1.53335e+08 -166434 -1.30834e+08 -60197.7 -8.1992e+07 -61819.2 -8.48241e+07 -58995.2 -6.29426e+07
388640 -277982 -1.87852e+08 -287440 -1.89389e+08 -292051 -1.58611e+08 -169261 -1.51942e+08 -185508 -1.54256e+08 -169490 -1.31539e+08 -60595.5 -8.24207e+07 -62298.6 -8.52865e+07 -59448.2 -6.32964e+07
390943 -282346 -1.89316e+08 -291699 -1.9083e+08 -296976 -1.59665e+08 -172008 -1.52851e+08 -188005 -1.55131e+08 -172443 -1.32231e+08 -60981.9 -8.28365e+07 -62774.8 -8.57518e+07 -59893.4 -6.36395e+07
393237 -286705 -1.90778e+08 -295953 -1.92269e+08 -301899 -1.60716e+08 -174750 -1.53758e+08 -190492 -1.56001e+08 -175388 -1.3292e+08 -61367.1 -8.32513e+07 -63248.9 -8.6215e+07 -60337 -6.39813e+07
395533 -291068 -1.92239e+08 -300205 -1.93706e+08 -306820 -1.61764e+08 -177496 -1.54666e+08 -192979 -1.56872e+08 -178338 -1.3361e+08 -61752.7 -8.36667e+07 -63723.3 -8.66788e+07 -60780.9 -6.43233e+07
397802 -295534 -1.93625e+08 -304655 -1.95062e+08 -311779 -1.62815e+08 -180233 -1.55568e+08 -195450 -1.57736e+08 -181273 -1.34298e+08 -62133.8 -8.40777e+07 -64194.5 -8.71396e+07 -61219.7 -6.46611e+07
400059 -300016 -1.94993e+08 -309117 -1.96416e+08 -316732 -1.63861e+08 -182961 -1.56465e+08 -197910 -1.58596e+08 -184203 -1.34983e+08 -62512.4 -8.44863e+07 -64663.8 -8.75984e+07 -61656.8 -6.49973e+07
402310 -304493 -1.96358e+08 -313575 -1.97769e+08 -321681 -1.64904e+08 -185686 -1.5736e+08 -200363 -1.59452e+08 -187169 -1.35661e+08 -62889.9 -8.48939e+07 -65132.4 -8.80568e+07 -62092.3 -6.53319e+07
404555 -308966 -1.97722e+08 -318031 -1.99119e+08 -326628 -1.65944e+08 -188408 -1.58254e+08 -202809 -1.60306e+08 -190158 -1.36335e+08 -63266.5 -8.53005e+07 -65600.2 -8.85146e+07 -62526.5 -6.56651e+07
406781 -313452 -1.99089e+08 -322501 -2.00474e+08 -331527 -1.66968e+08 -191135 -1.59146e+08 -205260 -1.61165e+08 -192970 -1.36954e+08 -63635.1 -8.56999e+07 -66056 -8.89584e+07 -62968.6 -6.60125e+07
409002 -317935 -2.00454e+08 -326969 -2.01826e+08 -336425 -1.67988e+08 -193862 -1.60037e+08 -207736 -1.62022e+08 -195768 -1.3757e+08 -64002.6 -8.60982e+07 -66510.4 -8.94007e+07 -63410.4 -6.63603e+07
411218 -322414 -2.01817e+08 -331433 -2.03176e+08 -341325 -1.69006e+08 -196587 -1.60927e+08 -210225 -1.62878e+08 -198562 -1.38183e+08 -64369.3 -8.64958e+07 -66964.1 -8.98424e+07 -63851.5 -6.67075e+07
413429 -326889 -2.03178e+08 -335893 -2.04523e+08 -346224 -1.70022e+08 -199309 -1.61815e+08 -212707 -1.6373e+08 -201351 -1.38796e+08 -64734.9 -8.68926e+07 -67416.8 -9.02832e+07 -64291.4 -6.70538e+07
415635 -331360 -2.04536e+08 -340350 -2.05868e+08 -351123 -1.71035e+08 -202029 -1.62701e+08 -215182 -1.64581e+08 -204135 -1.39407e+08 -65099.5 -8.72884e+07 -67868.4 -9.07232e+07 -64730.3 -6.73992e+07
417833 -335821 -2.05893e+08 -344805 -2.07211e+08 -356023 -1.72045e+08 -204721 -1.63582e+08 -217653 -1.65429e+08 -206915 -1.40017e+08 -65463.8 -8.76829e+07 -68318.1 -9.11613e+07 -65167.3 -6.77431e+07
420006 -340145 -2.07235e+08 -349278 -2.08557e+08 -360938 -1.73056e+08 -207171 -1.64432e+08 -220133 -1.66276e+08 -209687 -1.40624e+08 -65832.7 -8.8071e+07 -68756.8 -9.15902e+07 -65595.6 -6.808e+07
422158 -344240 -2.08551e+08 -353763 -2.09902e+08 -365855 -1.74064e+08 -209619 -1.65273e+08 -222584 -1.67113e+08 -212431 -1.41225e+08 -66194.7 -8.8453e+07 -69193.9 -9.20169e+07 -66020.8 -6.84145e+07
424296 -348307 -2.09854e+08 -358222 -2.11243e+08 -370775 -1.75069e+08 -212053 -1.66108e+08 -225019 -1.67944e+08 -215159 -1.41823e+08 -66553.8 -8.88321e+07 -69628.2 -9.24409e+07 -66443.6 -6.8747e+07
426362 -352197 -2.11074e+08 -362473 -2.12561e+08 -375722 -1.76077e+08 -214413 -1.66922e+08 -227378 -1.68743e+08 -217788 -1.42398e+08 -66900.7 -8.91976e+07 -70045.4 -9.28492e+07 -66855.5 -6.90704e+07
428384 -356082 -2.12294e+08 -366601 -2.13796e+08 -380479 -1.77056e+08 -216706 -1.67711e+08 -229692 -1.69534e+08 -220340 -1.42954e+08 -67239.9 -8.95548e+07 -70457.7 -9.3252e+07 -67253 -6.93848e+07
430396 -359964 -2.13512e+08 -370711 -2.1502e+08 -385218 -1.7803e+08 -218989 -1.68495e+08 -231996 -1.70321e+08 -222880 -1.43507e+08 -67577.3 -8.99104e+07 -70868.6 -9.36534e+07 -67648 -6.96974e+07
432374 -363853 -2.1472e+08 -374802 -2.16248e+08 -389910 -1.78986e+08 -221217 -1.6922e+08 -234128 -1.71085e+08 -225429 -1.44062e+08 -67907.8 -9.02679e+07 -71270.9 -9.40401e+07 -68027.1 -6.99974e+07
434312 -367763 -2.15931e+08 -378892 -2.17472e+08 -394452 -1.79899e+08 -223416 -1.69928e+08 -236152 -1.71793e+08 -227895 -1.44607e+08 -68224.5 -9.06117e+07 -71666.4 -9.4424e+07 -68393.9 -7.02824e+07
436222 -371783 -2.17083e+08 -383060 -2.18675e+08 -399000 -1.80812e+08 -225613 -1.70632e+08 -238124 -1.72466e+08 -230289 -1.45142e+08 -68531.2 -9.09449e+07 -72059 -9.48085e+07 -68752.7 -7.05581e+07
438088 -376019 -2.18081e+08 -387669 -2.19708e+08 -403648 -1.81735e+08 -227844 -1.71327e+08 -240063 -1.73127e+08 -232667 -1.45675e+08 -68830.5 -9.12714e+07 -72445.7 -9.51872e+07 -69104.9 -7.08277e+07
439924 -380250 -2.19072e+08 -392246 -2.20732e+08 -408300 -1.82656e+08 -230064 -1.72016e+08 -241961 -1.73774e+08 -235013 -1.462e+08 -69127.1 -9.1596e+07 -72823.3 -9.55576e+07 -69452.1 -7.10928e+07
441724 -384479 -2.20058e+08 -396800 -2.21748e+08 -412937 -1.83571e+08 -232256 -1.72693e+08 -243823 -1.74409e+08 -237314 -1.46715e+08 -69418.7 -9.19157e+07 -73194.9 -9.59225e+07 -69790.5 -7.13512e+07
443500 -388704 -2.21039e+08 -401345 -2.22755e+08 -417552 -1.84479e+08 -234425 -1.73363e+08 -245670 -1.75038e+08 -239578 -1.47222e+08 -69705.7 -9.22302e+07 -73564.3 -9.6286e+07 -70121.7 -7.16043e+07
445272 -392921 -2.22015e+08 -405883 -2.23758e+08 -422160 -1.85384e+08 -236589 -1.74033e+08 -247523 -1.75668e+08 -241843 -1.47728e+08 -69992.9 -9.25445e+07 -73933 -9.66486e+07 -70452.9 -7.18578e+07
447039 -397132 -2.22985e+08 -410413 -2.24755e+08 -426764 -1.86284e+08 -238745 -1.74701e+08 -249369 -1.76297e+08 -244103 -1.48233e+08 -70279.2 -9.28579e+07 -74300.5 -9.70101e+07 -70782.8 -7.21104e+07
448798 -401336 -2.23951e+08 -414935 -2.25747e+08 -431358 -1.87181e+08 -240894 -1.75365e+08 -251204 -1.76922e+08 -246356 -1.48736e+08 -70564.1 -9.317e+07 -74666.7 -9.73702e+07 -71111.4 -7.23618e+07
450552 -405535 -2.2491e+08 -419449 -2.26733e+08 -435946 -1.88076e+08 -243038 -1.76026e+08 -253029 -1.77544e+08 -248602 -1.49238e+08 -70847.7 -9.34809e+07 -75031.6 -9.77292e+07 -71438.7 -7.26119e+07
452299 -409727 -2.25864e+08 -423953 -2.27712e+08 -440529 -1.88967e+08 -245175 -1.76684e+08 -254845 -1.78162e+08 -250841 -1.49737e+08 -71130.1 -9.37907e+07 -75395.3 -9.80871e+07 -71764.5 -7.28609e+07
454039 -413913 -2.26813e+08 -428448 -2.28685e+08 -445109 -1.89857e+08 -247308 -1.77339e+08 -256650 -1.78776e+08 -253071 -1.50235e+08 -71411 -9.40993e+07 -75757.7 -9.84439e+07 -72088.8 -7.31086e+07
455773 -418093 -2.27755e+08 -432932 -2.29652e+08 -449683 -1.90744e+08 -249434 -1.77991e+08 -258445 -1.79387e+08 -255294 -1.50731e+08 -71690.6 -9.44066e+07 -76118.9 -9.87994e+07 -72411.6 -7.3355e+07
457500 -422267 -2.28691e+08 -437407 -2.30611e+08 -454253 -1.91629e+08 -251553 -1.7864e+08 -260229 -1.79994e+08 -257508 -1.51224e+08 -71968.8 -9.47126e+07 -76478.7 -9.91537e+07 -72732.8 -7.36e+07
459193 -426341 -2.29581e+08 -441679 -2.3154e+08 -458818 -1.9251e+08 -253630 -1.7928e+08 -261967 -1.80582e+08 -259664 -1.51705e+08 -72244.2 -9.50156e+07 -76826.6 -9.94975e+07 -73048.4 -7.38403e+07
460810 -430368 -2.30449e+08 -445733 -2.32405e+08 -463155 -1.93353e+08 -255600 -1.79887e+08 -263627 -1.81146e+08 -261721 -1.52163e+08 -72507.4 -9.53048e+07 -77159.1 -9.98258e+07 -73348.6 -7.40694e+07
462409 -434381 -2.31309e+08 -449728 -2.33249e+08 -467434 -1.94186e+08 -257544 -1.80486e+08 -265267 -1.81703e+08 -263749 -1.52613e+08 -72767.4 -9.55906e+07 -77488.6 -1.00151e+08 -73644.2 -7.42952e+07
463995 -438347 -2.32145e+08 -453624 -2.34075e+08 -471711 -1.95017e+08 -259493 -1.81087e+08 -266900 -1.82259e+08 -265778 -1.53064e+08 -73027.4 -9.58769e+07 -77814.3 -1.00473e+08 -73938.4 -7.45197e+07
465577 -442284 -2.32964e+08 -457476 -2.34896e+08 -476003 -1.95848e+08 -261452 -1.81689e+08 -268535 -1.82818e+08 -267823 -1.53517e+08 -73288.7 -9.61654e+07 -78138.6 -1.00793e+08 -74232.9 -7.47445e+07
467147 -446243 -2.33783e+08 -461280 -2.3568e+08 -480286 -1.96672e+08 -263413 -1.82291e+08 -270166 -1.83374e+08 -269863 -1.5397e+08 -73548.2 -9.6452e+07 -78462 -1.01113e+08 -74525.2 -7.49674e+07
468664 -450169 -2.34598e+08 -464958 -2.36359e+08 -484437 -1.97406e+08 -265379 -1.82889e+08 -271784 -1.83924e+08 -271858 -1.54412e+08 -73797.7 -9.67286e+07 -78781.4 -1.01429e+08 -74809 -7.51843e+07
470145 -453811 -2.35315e+08 -468693 -2.37036e+08 -488555 -1.9813e+08 -267324 -1.83472e+08 -273370 -1.84464e+08 -273808 -1.54844e+08 -74037.7 -9.6996e+07 -79097.5 -1.01741e+08 -75085.7 -7.53962e+07
471607 -457418 -2.35987e+08 -472446 -2.37708e+08 -492647 -1.98843e+08 -269256 -1.84051e+08 -274945 -1.85e+08 -275741 -1.55271e+08 -74275.4 -9.72608e+07 -79411.5 -1.02051e+08 -75357.8 -7.56047e+07
473061 -461012 -2.36651e+08 -476181 -2.3837e+08 -496725 -1.9955e+08 -271180 -1.84627e+08 -276513 -1.85534e+08 -277665 -1.55697e+08 -74511.8 -9.75243e+07 -79724 -1.02359e+08 -75628.3 -7.58121e+07
474507 -464594 -2.37305e+08 -479896 -2.39021e+08 -500787 -2.00253e+08 -273097 -1.852e+08 -278072 -1.86065e+08 -279579 -1.5612e+08 -74746.8 -9.77864e+07 -80035.1 -1.02667e+08 -75897.3 -7.60183e+07
475945 -468162 -2.3795e+08 -483592 -2.39662e+08 -504835 -2.00951e+08 -275006 -1.8577e+08 -279623 -1.86593e+08 -281484 -1.56541e+08 -74980.5 -9.80472e+07 -80344.5 -1.02972e+08 -76164.6 -7.62232e+07
477360 -471669 -2.38582e+08 -487292 -2.40295e+08 -508883 -2.01646e+08 -276712 -1.86316e+08 -281181 -1.8712e+08 -283362 -1.56954e+08 -75217.3 -9.83018e+07 -80643.7 -1.03269e+08 -76425.7 -7.64237e+07
478744 -475049 -2.39198e+08 -491067 -2.40933e+08 -512925 -2.02334e+08 -278298 -1.8684e+08 -282733 -1.87653e+08 -285093 -1.57324e+08 -75448.1 -9.85467e+07 -80927.6 -1.03548e+08 -76689.2 -7.66334e+07
480096 -478360 -2.39797e+08 -494842 -2.41568e+08 -517002 -2.03026e+08 -279828 -1.87308e+08 -284127 -1.88166e+08 -286825 -1.57692e+08 -75672.4 -9.87933e+07 -81203.5 -1.03812e+08 -76937.7 -7.68318e+07
481409 -481713 -2.40397e+08 -498640 -2.422e+08 -520992 -2.03698e+08 -281352 -1.87774e+08 -285435 -1.88611e+08 -288406 -1.58039e+08 -75879.5 -9.902e+07 -81474.7 -1.0408e+08 -77174.5 -7.70147e+07
482714 -485059 -2.40992e+08 -502431 -2.42826e+08 -524952 -2.04361e+08 -282869 -1.88238e+08 -286732 -1.89051e+08 -289975 -1.58383e+08 -76084.6 -9.92447e+07 -81744.2 -1.04346e+08 -77410 -7.71964e+07
484012 -488397 -2.41581e+08 -506211 -2.43445e+08 -528898 -2.05019e+08 -284380 -1.88698e+08 -288020 -1.89488e+08 -291533 -1.58725e+08 -76288.4 -9.94682e+07 -82012.4 -1.04611e+08 -77644.1 -7.7377e+07
485303 -491725 -2.42165e+08 -509980 -2.44057e+08 -532831 -2.05672e+08 -285884 -1.89156e+08 -289300 -1.89922e+08 -293082 -1.59065e+08 -76490.9 -9.96904e+07 -82279.1 -1.04875e+08 -77876.7 -7.75564e+07
486576 -495031 -2.4274e+08 -513742 -2.44664e+08 -536558 -2.06278e+08 -287362 -1.89608e+08 -290559 -1.90348e+08 -294630 -1.59404e+08 -76690.2 -9.99088e+07 -82540.4 -1.05133e+08 -78109.6 -7.77351e+07
487841 -498321 -2.43308e+08 -517492 -2.45265e+08 -540207 -2.06865e+08 -288828 -1.90057e+08 -291816 -1.90773e+08 -296178 -1.59743e+08 -76888.5 -1.00126e+08 -82799.4 -1.05388e+08 -78342.7 -7.7914e+07
489099 -501599 -2.4387e+08 -521287 -2.45861e+08 -543839 -2.07447e+08 -290289 -1.90505e+08 -293069 -1.91196e+08 -297717 -1.6008e+08 -77086 -1.00342e+08 -83057.2 -1.05642e+08 -78574.8 -7.80922e+07
490351 -504864 -2.44424e+08 -525076 -2.46448e+08 -547453 -2.08022e+08 -291742 -1.9095e+08 -294318 -1.91618e+08 -299249 -1.60415e+08 -77282.4 -1.00557e+08 -83313.5 -1.05895e+08 -78805.8 -7.82697e+07
491590 -508091 -2.44963e+08 -528792 -2.47021e+08 -551049 -2.08591e+08 -293182 -1.91393e+08 -295551 -1.92035e+08 -300763 -1.60745e+08 -77477.8 -1.00771e+08 -83565.6 -1.06144e+08 -79034.9 -7.84457e+07
492793 -511205 -2.45464e+08 -532250 -2.47559e+08 -554590 -2.09149e+08 -294583 -1.91827e+08 -296736 -1.92434e+08 -302208 -1.61059e+08 -77670.8 -1.00983e+08 -83803.7 -1.0638e+08 -79259.2 -7.86185e+07
493944 -514274 -2.45954e+08 -535508 -2.4805e+08 -557894 -2.09678e+08 -295911 -1.92238e+08 -297883 -1.92824e+08 -303565 -1.61353e+08 -77855.1 -1.01185e+08 -84036.9 -1.06611e+08 -79466.7 -7.87799e+07
495070 -517315 -2.46433e+08 -538740 -2.48534e+08 -561173 -2.10203e+08 -297216 -1.92643e+08 -299011 -1.93206e+08 -304905 -1.61643e+08 -78035.9 -1.01382e+08 -84266.1 -1.06838e+08 -79669.6 -7.89375e+07
496196 -520344 -2.46909e+08 -541993 -2.49019e+08 -564453 -2.10727e+08 -298521 -1.93047e+08 -300140 -1.93589e+08 -306246 -1.61934e+08 -78216.2 -1.01579e+08 -84495.6 -1.07066e+08 -79872.7 -7.90952e+07
497317 -523360 -2.47381e+08 -545238 -2.495e+08 -567718 -2.11248e+08 -299823 -1.93449e+08 -301287 -1.93961e+08 -307593 -1.62225e+08 -78396.5 -1.01776e+08 -84724.4 -1.07293e+08 -80075.2 -7.92529e+07
498434 -526360 -2.47849e+08 -548475 -2.49976e+08 -570969 -2.11765e+08 -301121 -1.9385e+08 -302456 -1.94321e+08 -308945 -1.62516e+08 -78576.8 -1.01973e+08 -84952.8 -1.07518e+08 -80277.3 -7.94107e+07
499546 -529347 -2.48313e+08 -551701 -2.50449e+08 -574204 -2.12279e+08 -302449 -1.9423e+08 -303643 -1.94682e+08 -310297 -1.62808e+08 -78757.5 -1.02169e+08 -85180.3 -1.07744e+08 -80480.2 -7.9569e+07
500653 -532322 -2.48773e+08 -554920 -2.50918e+08 -577425 -2.1279e+08 -303773 -1.94608e+08 -304826 -1.95043e+08 -311644 -1.63098e+08 -78937.4 -1.02365e+08 -85406.9 -1.07969e+08 -80682.3 -7.97267e+07
501756 -535283 -2.49229e+08 -558131 -2.51382e+08 -580630 -2.13297e+08 -305091 -1.94984e+08 -306006 -1.95402e+08 -312987 -1.63387e+08 -79116.8 -1.0256e+08 -85632.7 -1.08192e+08 -80883.6 -7.98838e+07
502850 -538247 -2.49685e+08 -561303 -2.51838e+08 -583826 -2.13801e+08 -306403 -1.95357e+08 -307174 -1.95759e+08 -314327 -1.63675e+08 -79294.7 -1.02753e+08 -85856.9 -1.08415e+08 -81083 -8.00394e+07
503930 -541217 -2.50143e+08 -564423 -2.52284e+08 -587017 -2.14303e+08 -307706 -1.95728e+08 -308338 -1.96115e+08 -315662 -1.63962e+08 -79470.8 -1.02945e+08 -86079.8 -1.08636e+08 -81280.3 -8.01934e+07
505000 -544135 -2.50589e+08 -567540 -2.52725e+08 -590260 -2.14803e+08 -308998 -1.96097e+08 -309498 -1.96469e+08 -316993 -1.64248e+08 -79646.8 -1.03136e+08 -86300 -1.08854e+08 -81475.2 -8.03454e+07
506067 -547031 -2.51031e+08 -570630 -2.53158e+08 -593679 -2.153e+08 -310285 -1.96465e+08 -310656 -1.96823e+08 -318320 -1.64533e+08 -79822.6 -1.03327e+08 -86520.1 -1.09073e+08 -81669.2 -8.04969e+07
507130 -549915 -2.51468e+08 -573711 -2.53585e+08 -597093 -2.15794e+08 -311566 -1.96831e+08 -311810 -1.97175e+08 -319636 -1.64815e+08 -79997.2 -1.03516e+08 -86739.8 -1.09291e+08 -81861.7 -8.06471e+07
508188 -552787 -2.519e+08 -576781 -2.54008e+08 -600504 -2.16286e+08 -312842 -1.97197e+08 -312961 -1.97525e+08 -320949 -1.65097e+08 -80171.3 -1.03705e+08 -86958.7 -1.09509e+08 -82053.4 -8.07966e+07
509242 -555646 -2.52327e+08 -579840 -2.54425e+08 -603907 -2.16774e+08 -314112 -1.97561e+08 -314108 -1.97874e+08 -322260 -1.65379e+08 -80344.7 -1.03893e+08 -87176.6 -1.09725e+08 -82244.6 -8.09458e+07
510291 -558490 -2.52749e+08 -582891 -2.5484e+08 -607292 -2.17257e+08 -315381 -1.97923e+08 -315251 -1.98222e+08 -323567 -1.65659e+08 -80517.3 -1.0408e+08 -87393.6 -1.09941e+08 -82435.3 -8.10946e+07
511337 -561322 -2.53165e+08 -585933 -2.55253e+08 -610667 -2.17737e+08 -316655 -1.98286e+08 -316391 -1.98569e+08 -324870 -1.65938e+08 -80688.9 -1.04267e+08 -87610.4 -1.10156e+08 -82625.6 -8.12431e+07
512379 -564139 -2.53577e+08 -588965 -2.55662e+08 -614031 -2.18213e+08 -317926 -1.98648e+08 -317528 -1.98915e+08 -326169 -1.66216e+08 -80860 -1.04453e+08 -87826.4 -1.10371e+08 -82815.1 -8.1391e+07
513417 -566944 -2.53985e+08 -591981 -2.56069e+08 -617386 -2.18685e+08 -319194 -1.99009e+08 -318661 -1.9926e+08 -327464 -1.66493e+08 -81030.5 -1.04639e+08 -88041.7 -1.10585e+08 -83004 -8.15384e+07
514451 -569738 -2.54391e+08 -594985 -2.56472e+08 -620730 -2.19152e+08 -320458 -1.99368e+08 -319792 -1.99604e+08 -328755 -1.66769e+08 -81200.4 -1.04823e+08 -88256.4 -1.10799e+08 -83192.1 -8.16854e+07
515474 -572518 -2.54793e+08 -598004 -2.56879e+08 -624007 -2.1961e+08 -321721 -1.99728e+08 -320917 -1.99946e+08 -330049 -1.67045e+08 -81369.7 -1.05008e+08 -88468.1 -1.1101e+08 -83379.4 -8.18313e+07
516489 -575261 -2.55186e+08 -600969 -2.57282e+08 -627267 -2.20064e+08 -322990 -2.0009e+08 -322041 -2.00288e+08 -331350 -1.67323e+08 -81539.9 -1.05193e+08 -88677.1 -1.11218e+08 -83566.8 -8.1977e+07
517487 -577979 -2.55571e+08 -603797 -2.57661e+08 -630427 -2.20511e+08 -324285 -2.00457e+08 -323179 -2.00635e+08 -332668 -1.67605e+08 -81707 -1.05367e+08 -88875.5 -1.11425e+08 -83756.6 -8.21237e+07
518461 -580677 -2.55952e+08 -606604 -2.58036e+08 -633559 -2.20952e+08 -325566 -2.00819e+08 -324303 -2.0098e+08 -333982 -1.67886e+08 -81867.5 -1.05523e+08 -89056.8 -1.11625e+08 -83950.6 -8.22726e+07
519428 -583358 -2.5633e+08 -609396 -2.58406e+08 -636679 -2.21392e+08 -326840 -2.01179e+08 -325423 -2.01324e+08 -335290 -1.68165e+08 -82026.9 -1.05678e+08 -89237.1 -1.11824e+08 -84143.2 -8.24204e+07
520391 -586025 -2.56705e+08 -612173 -2.58773e+08 -639781 -2.21829e+08 -328111 -2.01537e+08 -326543 -2.01667e+08 -336594 -1.68443e+08 -82185.8 -1.05832e+08 -89417.4 -1.12024e+08 -84334.5 -8.25674e+07
521346 -588599 -2.57071e+08 -614939 -2.59136e+08 -642868 -2.22264e+08 -329372 -2.01892e+08 -327657 -2.02008e+08 -337889 -1.68719e+08 -82342.1 -1.05983e+08 -89597.4 -1.12222e+08 -84524.7 -8.27137e+07
522287 -590999 -2.5742e+08 -617695 -2.59495e+08 -645933 -2.22694e+08 -330614 -2.0224e+08 -328760 -2.02346e+08 -339168 -1.68992e+08 -82493.5 -1.0613e+08 -89777.4 -1.1242e+08 -84713.1 -8.28587e+07
523226 -593387 -2.57766e+08 -620438 -2.5985e+08 -648989 -2.23123e+08 -331855 -2.02588e+08 -329863 -2.02684e+08 -340446 -1.69264e+08 -82644.6 -1.06275e+08 -89956.8 -1.12617e+08 -84901.1 -8.30034e+07
524161 -595767 -2.5811e+08 -623169 -2.60202e+08 -652036 -2.23549e+08 -333094 -2.02935e+08 -330965 -2.03021e+08 -341724 -1.69535e+08 -82795.4 -1.06421e+08 -90135.8 -1.12814e+08 -85088.6 -8.31477e+07
525095 -598144 -2.58452e+08 -625885 -2.6055e+08 -655076 -2.23974e+08 -334331 -2.03282e+08 -332067 -2.03358e+08 -343002 -1.69807e+08 -82946.1 -1.06566e+08 -90314.3 -1.1301e+08 -85275.8 -8.32918e+07
526025 -600509 -2.58791e+08 -628587 -2.60894e+08 -658107 -2.24397e+08 -335567 -2.03628e+08 -333169 -2.03695e+08 -344279 -1.70078e+08 -83096.6 -1.06711e+08 -90492.3 -1.13206e+08 -85462.6 -8.34356e+07
526952 -602861 -2.59127e+08 -631273 -2.61234e+08 -661128 -2.24818e+08 -336800 -2.03975e+08 -334270 -2.04032e+08 -345556 -1.70349e+08 -83246.8 -1.06855e+08 -90669.7 -1.13402e+08 -85648.9 -8.3579e+07
527876 -605200 -2.59459e+08 -633951 -2.61571e+08 -664145 -2.25237e+08 -338031 -2.0432e+08 -335370 -2.04368e+08 -346832 -1.7062e+08 -83396.7 -1.06999e+08 -90846.5 -1.13597e+08 -85834.9 -8.37221e+07
528797 -607523 -2.59788e+08 -636622 -2.61907e+08 -667155 -2.25654e+08 -339259 -2.04665e+08 -336469 -2.04704e+08 -348108 -1.7089e+08 -83546.5 -1.07143e+08 -91022.7 -1.13791e+08 -86020.6 -8.3865e+07
529716 -609832 -2.60114e+08 -639290 -2.62243e+08 -670153 -2.26068e+08 -340482 -2.0501e+08 -337568 -2.0504e+08 -349382 -1.71159e+08 -83696 -1.07286e+08 -91198.5 -1.13985e+08 -86205.7 -8.40075e+07
530632 -612127 -2.60437e+08 -641957 -2.62577e+08 -673136 -2.26479e+08 -341700 -2.05353e+08 -338666 -2.05375e+08 -350655 -1.71428e+08 -83845.1 -1.07429e+08 -91373.8 -1.14179e+08 -86390.4 -8.41497e+07
531545 -614407 -2.60756e+08 -644616 -2.6291e+08 -676106 -2.26888e+08 -342920 -2.05697e+08 -339763 -2.0571e+08 -351926 -1.71697e+08 -83993.9 -1.07571e+08 -91548.8 -1.14372e+08 -86574.8 -8.42917e+07
532456 -616677 -2.61073e+08 -647265 -2.6324e+08 -679061 -2.27293e+08 -344145 -2.0604e+08 -340860 -2.06045e+08 -353197 -1.71965e+08 -84142.1 -1.07713e+08 -91723.6 -1.14566e+08 -86759 -8.44335e+07
533364 -618937 -2.61389e+08 -649902 -2.63569e+08 -682004 -2.27697e+08 -345369 -2.06384e+08 -341956 -2.0638e+08 -354468 -1.72233e+08 -84290.1 -1.07855e+08 -91898.1 -1.14759e+08 -86943 -8.45752e+07
534270 -621188 -2.61703e+08 -652527 -2.63896e+08 -684935 -2.28097e+08 -346593 -2.06727e+08 -343052 -2.06714e+08 -355737 -1.72501e+08 -84437.8 -1.07997e+08 -92072.2 -1.14951e+08 -87126.6 -8.47167e+07
535172 -623387 -2.62014e+08 -655145 -2.64221e+08 -687852 -2.28494e+08 -347813 -2.0707e+08 -344150 -2.07049e+08 -357008 -1.72768e+08 -84584.7 -1.08137e+08 -92246.2 -1.15144e+08 -87309.9 -8.48579e+07
536065 -625407 -2.62311e+08 -657772 -2.64547e+08 -690761 -2.2889e+08 -349017 -2.07409e+08 -345259 -2.07387e+08 -358288 -1.73038e+08 -84728.8 -1.08273e+08 -92421.4 -1.15337e+08 -87492.8 -8.49989e+07
536952 -627412 -2.62606e+08 -660381 -2.64869e+08 -693646 -2.2928e+08 -350234 -2.07753e+08 -346376 -2.07724e+08 -359571 -1.73308e+08 -84878.2 -1.08416e+08 -92590.5 -1.15515e+08 -87664.4 -8.51388e+07
537833 -629399 -2.62899e+08 -662970 -2.65188e+08 -696503 -2.29666e+08 -351472 -2.08103e+08 -347511 -2.08066e+08 -360848 -1.73575e+08 -85035.1 -1.08567e+08 -92760.5 -1.15688e+08 -87810.1 -8.52511e+07
538711 -631375 -2.6319e+08 -665546 -2.65505e+08 -699341 -2.30047e+08 -352709 -2.08452e+08 -348646 -2.08408e+08 -362124 -1.73842e+08 -85191.5 -1.08717e+08 -92930.2 -1.15862e+08 -87955.5 -8.53632e+07
539586 -633341 -2.6348e+08 -668106 -2.6582e+08 -702163 -2.30425e+08 -353945 -2.08801e+08 -349780 -2.08749e+08 -363399 -1.74109e+08 -85347.5 -1.08866e+08 -93099.3 -1.16035e+08 -88100.6 -8.54751e+07
540459 -635296 -2.63768e+08 -670650 -2.66131e+08 -704973 -2.30803e+08 -355180 -2.0915e+08 -350913 -2.0909e+08 -364674 -1.74375e+08 -85503.3 -1.09015e+08 -93268.1 -1.16208e+08 -88245.5 -8.55869e+07
541329 -637240 -2.64054e+08 -673177 -2.6644e+08 -707770 -2.31178e+08 -356415 -2.09499e+08 -352046 -2.09431e+08 -365948 -1.74641e+08 -85658.9 -1.09164e+08 -93436.3 -1.1638e+08 -88390.1 -8.56984e+07
542187 -639158 -2.64339e+08 -675700 -2.66747e+08 -710569 -2.31554e+08 -357500 -2.0983e+08 -353187 -2.09771e+08 -367218 -1.74906e+08 -85817.2 -1.09309e+08 -93599.6 -1.16548e+08 -88530.7 -8.58067e+07
543041 -641061 -2.64622e+08 -678207 -2.67052e+08 -713358 -2.31929e+08 -358556 -2.10158e+08 -354329 -2.10111e+08 -368486 -1.7517e+08 -85975.8 -1.09453e+08 -93761.5 -1.16715e+08 -88670.3 -8.59142e+07
543892 -642954 -2.64904e+08 -680693 -2.67353e+08 -716132 -2.32301e+08 -359611 -2.10486e+08 -355470 -2.10451e+08 -369754 -1.75435e+08 -86134 -1.09597e+08 -93922.9 -1.16881e+08 -88809.6 -8.60215e+07
544740 -644833 -2.65183e+08 -683158 -2.6765e+08 -718892 -2.32672e+08 -360665 -2.10814e+08 -356610 -2.1079e+08 -371025 -1.75699e+08 -86292.1 -1.09741e+08 -94083.9 -1.17047e+08 -88948.6 -8.61284e+07
545586 -646701 -2.65461e+08 -685598 -2.67943e+08 -721638 -2.33041e+08 -361719 -2.11141e+08 -357750 -2.11129e+08 -372297 -1.75964e+08 -86449.9 -1.09884e+08 -94244.6 -1.17213e+08 -89087.2 -8.6235e+07
546429 -648556 -2.65738e+08 -688013 -2.68232e+08 -724370 -2.33409e+08 -362773 -2.11468e+08 -358888 -2.11467e+08 -373569 -1.76229e+08 -86607.3 -1.10026e+08 -94404.9 -1.17378e+08 -89225.5 -8.63413e+07
547269 -650399 -2.66012e+08 -690404 -2.68517e+08 -727087 -2.33774e+08 -363825 -2.11795e+08 -360026 -2.11805e+08 -374841 -1.76493e+08 -86764.5 -1.10169e+08 -94564.6 -1.17543e+08 -89363.4 -8.64474e+07
548099 -652233 -2.66285e+08 -692780 -2.68801e+08 -729797 -2.34138e+08 -364862 -2.12107e+08 -361112 -2.12136e+08 -376112 -1.76757e+08 -86920.1 -1.10312e+08 -94721 -1.17703e+08 -89497.7 -8.65505e+07
548923 -654055 -2.66556e+08 -695144 -2.69083e+08 -732498 -2.34502e+08 -365889 -2.12412e+08 -362167 -2.12463e+08 -377383 -1.77021e+08 -87074.7 -1.10457e+08 -94875.2 -1.1786e+08 -89629.8 -8.6652e+07
549734 -655875 -2.66826e+08 -697505 -2.69366e+08 -735188 -2.34864e+08 -366907 -2.12714e+08 -363187 -2.12766e+08 -378591 -1.77275e+08 -87222.8 -1.10593e+08 -95029.4 -1.1802e+08 -89756 -8.67472e+07
550542 -657671 -2.67091e+08 -700010 -2.69645e+08 -737855 -2.35224e+08 -367925 -2.13017e+08 -364203 -2.13067e+08 -379795 -1.77529e+08 -87370.9 -1.1073e+08 -95182.5 -1.1818e+08 -89881.8 -8.6842e+07
551336 -659430 -2.67348e+08 -702555 -2.6992e+08 -740489 -2.35579e+08 -368932 -2.13317e+08 -365200 -2.13362e+08 -380981 -1.77779e+08 -87518 -1.10867e+08 -95331.1 -1.18335e+08 -90006.3 -8.69355e+07
552111 -661146 -2.67595e+08 -704973 -2.70179e+08 -742996 -2.35922e+08 -369915 -2.1361e+08 -366175 -2.13652e+08 -382121 -1.78019e+08 -87662.6 -1.11001e+08 -95477 -1.18488e+08 -90124.1 -8.70248e+07
552883 -662845 -2.67839e+08 -707391 -2.70438e+08 -745478 -2.36261e+08 -370899 -2.13904e+08 -367150 -2.13941e+08 -383261 -1.78259e+08 -87807 -1.11134e+08 -95622.5 -1.18641e+08 -90241.6 -8.71139e+07
553654 -664529 -2.68082e+08 -709813 -2.70696e+08 -747933 -2.36598e+08 -371881 -2.14197e+08 -368125 -2.1423e+08 -384399 -1.78498e+08 -87951.1 -1.11267e+08 -95767.7 -1.18793e+08 -90358.8 -8.72029e+07
554422 -666194 -2.68322e+08 -712231 -2.70953e+08 -750360 -2.36931e+08 -372862 -2.14489e+08 -369098 -2.14519e+08 -385538 -1.78737e+08 -88095 -1.11401e+08 -95912.4 -1.18945e+08 -90475.7 -8.72916e+07
555187 -667840 -2.6856e+08 -714647 -2.7121e+08 -752758 -2.3726e+08 -373843 -2.14782e+08 -370071 -2.14808e+08 -386674 -1.78975e+08 -88238.6 -1.11533e+08 -96056.5 -1.19097e+08 -90592.4 -8.73802e+07
555940 -669481 -2.68797e+08 -717077 -2.71468e+08 -755122 -2.37583e+08 -374816 -2.15072e+08 -371041 -2.15098e+08 -387709 -1.79185e+08 -88377.6 -1.11662e+08 -96194 -1.1924e+08 -90713.3 -8.74756e+07
556691 -671107 -2.69033e+08 -719501 -2.71726e+08 -757452 -2.37901e+08 -375788 -2.15362e+08 -372011 -2.15388e+08 -388743 -1.79395e+08 -88516.5 -1.11791e+08 -96330.9 -1.19382e+08 -90833.8 -8.75707e+07
557438 -672715 -2.69268e+08 -721918 -2.71982e+08 -759730 -2.38212e+08 -376758 -2.15651e+08 -372977 -2.15677e+08 -389774 -1.79604e+08 -88654.9 -1.11919e+08 -96467.1 -1.19524e+08 -90953.7 -8.76654e+07
558180 -674304 -2.69501e+08 -724327 -2.72238e+08 -761941 -2.38512e+08 -377724 -2.15938e+08 -373938 -2.15964e+08 -390801 -1.79812e+08 -88792.8 -1.12047e+08 -96602.3 -1.19665e+08 -91072.5 -8.77591e+07
558919 -675875 -2.69733e+08 -726730 -2.72494e+08 -764109 -2.38807e+08 -378689 -2.16226e+08 -374898 -2.16251e+08 -391827 -1.8002e+08 -88930.4 -1.12175e+08 -96736.9 -1.19806e+08 -91191 -8.78527e+07
559654 -677428 -2.69963e+08 -729127 -2.72748e+08 -766230 -2.39096e+08 -379653 -2.16513e+08 -375857 -2.16537e+08 -392852 -1.80227e+08 -89067.7 -1.12302e+08 -96870.8 -1.19946e+08 -91309.2 -8.7946e+07
560386 -678962 -2.70192e+08 -731520 -2.73002e+08 -768298 -2.39378e+08 -380617 -2.16801e+08 -376815 -2.16823e+08 -393877 -1.80435e+08 -89204.7 -1.12429e+08 -97003.9 -1.20085e+08 -91427 -8.8039e+07
561127 -680697 -2.70431e+08 -733861 -2.73247e+08 -770710 -2.39671e+08 -381582 -2.17088e+08 -377778 -2.17111e+08 -394903 -1.80642e+08 -89342.3 -1.12556e+08 -97139.4 -1.20226e+08 -91545.2 -8.81325e+07
561874 -682522 -2.70673e+08 -736172 -2.73487e+08 -773318 -2.39971e+08 -382547 -2.17375e+08 -378745 -2.174e+08 -395930 -1.80849e+08 -89480.3 -1.12683e+08 -97276.1 -1.20369e+08 -91663.4 -8.82263e+07
562617 -684333 -2.70915e+08 -738469 -2.73724e+08 -775886 -2.40263e+08 -383505 -2.1766e+08 -379704 -2.17686e+08 -396959 -1.81057e+08 -89617.3 -1.12809e+08 -97411.1 -1.2051e+08 -91782.6 -8.83204e+07
563356 -686136 -2.71155e+08 -740754 -2.7396e+08 -778436 -2.40553e+08 -384461 -2.17944e+08 -380659 -2.17971e+08 -397990 -1.81265e+08 -89753.9 -1.12935e+08 -97545.3 -1.2065e+08 -91902 -8.84145e+07
564089 -687924 -2.71393e+08 -743026 -2.74195e+08 -780969 -2.4084e+08 -385410 -2.18227e+08 -381609 -2.18254e+08 -399011 -1.81471e+08 -89889.4 -1.1306e+08 -97678.4 -1.20789e+08 -92019.5 -8.85073e+07
564819 -689700 -2.7163e+08 -745287 -2.74427e+08 -783495 -2.41127e+08 -386359 -2.18509e+08 -382559 -2.18537e+08 -400033 -1.81677e+08 -90024.9 -1.13184e+08 -97811.2 -1.20927e+08 -92136.9 -8.86e+07
565547 -691463 -2.71866e+08 -747538 -2.74657e+08 -786013 -2.41412e+08 -387312 -2.18791e+08 -383590 -2.18786e+08 -401085 -1.81887e+08 -90162.3 -1.13311e+08 -97944.4 -1.21065e+08 -92254.8 -8.86942e+07
566268 -693221 -2.72102e+08 -749758 -2.74878e+08 -788438 -2.41693e+08 -388272 -2.19074e+08 -384655 -2.1903e+08 -402142 -1.82097e+08 -90299.2 -1.13437e+08 -98080.2 -1.21206e+08 -92369.4 -8.8787e+07
566984 -694971 -2.72338e+08 -751955 -2.75092e+08 -790805 -2.41971e+08 -389233 -2.19358e+08 -385729 -2.19275e+08 -403197 -1.82307e+08 -90435.4 -1.13562e+08 -98217.4 -1.21348e+08 -92482.1 -8.88786e+07
567700 -696708 -2.72572e+08 -754141 -2.75304e+08 -793166 -2.42247e+08 -390197 -2.19642e+08 -386802 -2.1952e+08 -404254 -1.82517e+08 -90571.3 -1.13686e+08 -98354.5 -1.2149e+08 -92594.7 -8.89703e+07
568412 -698431 -2.72805e+08 -756313 -2.75514e+08 -795518 -2.42523e+08 -391214 -2.19897e+08 -387907 -2.19769e+08 -405315 -1.82728e+08 -90708.7 -1.1381e+08 -98491.2 -1.21633e+08 -92709.1 -8.90631e+07
569118 -700114 -2.73026e+08 -758368 -2.75718e+08 -797879 -2.428e+08 -392272 -2.2014e+08 -389024 -2.20019e+08 -406387 -1.82941e+08 -90848.9 -1.13937e+08 -98624 -1.21773e+08 -92824.7 -8.91563e+07
569819 -701774 -2.73243e+08 -760371 -2.75918e+08 -800238 -2.43078e+08 -393336 -2.20384e+08 -390140 -2.20269e+08 -407464 -1.83154e+08 -90989.9 -1.14065e+08 -98755.2 -1.21912e+08 -92940.4 -8.92493e+07
570520 -703419 -2.73458e+08 -762365 -2.76116e+08 -802589 -2.43354e+08 -394400 -2.20628e+08 -391256 -2.20519e+08 -408542 -1.83368e+08 -91130.8 -1.14193e+08 -98886.2 -1.2205e+08 -93055.9 -8.93422e+07
571218 -705048 -2.73672e+08 -764350 -2.76312e+08 -804931 -2.43629e+08 -395464 -2.20872e+08 -392373 -2.20769e+08 -409621 -1.83582e+08 -91271.6 -1.14321e+08 -99016.9 -1.22188e+08 -93171.2 -8.94351e+07
571916 -706660 -2.73883e+08 -766329 -2.76509e+08 -807261 -2.43903e+08 -396529 -2.21116e+08 -393492 -2.21019e+08 -410701 -1.83795e+08 -91412.4 -1.14449e+08 -99147.3 -1.22326e+08 -93286.5 -8.95279e+07
572612 -708254 -2.74093e+08 -768306 -2.76705e+08 -809588 -2.44176e+08 -397593 -2.21359e+08 -394609 -2.21268e+08 -411781 -1.84008e+08 -91553.2 -1.14576e+08 -99277.1 -1.22464e+08 -93402 -8.9621e+07
573305 -709832 -2.74301e+08 -770285 -2.76904e+08 -811844 -2.44434e+08 -398661 -2.21603e+08 -395727 -2.21517e+08 -412872 -1.84223e+08 -91693.3 -1.14703e+08 -99405.1 -1.22599e+08 -93520 -8.97154e+07
573995 -711391 -2.74506e+08 -772259 -2.77101e+08 -814091 -2.44691e+08 -399728 -2.21847e+08 -396846 -2.21766e+08 -413963 -1.84438e+08 -91833.4 -1.1483e+08 -99532.7 -1.22734e+08 -93637.8 -8.98098e+07
574685 -712938 -2.7471e+08 -774226 -2.77299e+08 -816328 -2.44946e+08 -400796 -2.22091e+08 -397964 -2.22015e+08 -415054 -1.84653e+08 -91973.4 -1.14957e+08 -99659.9 -1.22868e+08 -93755.4 -8.9904e+07
575373 -714465 -2.74912e+08 -776188 -2.77495e+08 -818554 -2.45201e+08 -401864 -2.22335e+08 -399082 -2.22264e+08 -416145 -1.84867e+08 -92113.4 -1.15084e+08 -99786.8 -1.23002e+08 -93872.9 -8.99982e+07
576063 -716195 -2.75114e+08 -778137 -2.77692e+08 -820768 -2.45454e+08 -402932 -2.22578e+08 -400202 -2.22512e+08 -417239 -1.85082e+08 -92252.9 -1.1521e+08 -99914.4 -1.23137e+08 -93990.9 -9.00929e+07
576754 -717976 -2.75317e+08 -780084 -2.77887e+08 -822971 -2.45707e+08 -403999 -2.22821e+08 -401323 -2.22761e+08 -418332 -1.85297e+08 -92392.1 -1.15335e+08 -100042 -1.23272e+08 -94109.1 -9.01877e+07
577442 -719751 -2.75519e+08 -782031 -2.78083e+08 -825163 -2.45958e+08 -405065 -2.23063e+08 -402444 -2.2301e+08 -419418 -1.8551e+08 -92530.8 -1.1546e+08 -100169 -1.23406e+08 -94227.7 -9.02833e+07
578130 -721518 -2.75719e+08 -783971 -2.78278e+08 -827417 -2.46211e+08 -406130 -2.23305e+08 -403565 -2.23258e+08 -420499 -1.85721e+08 -92669.1 -1.15585e+08 -100295 -1.23539e+08 -94346.9 -9.03794e+07
578817 -723274 -2.75919e+08 -785905 -2.78472e+08 -829705 -2.46465e+08 -407196 -2.23547e+08 -404687 -2.23506e+08 -421581 -1.85932e+08 -92807.4 -1.1571e+08 -100421 -1.23672e+08 -94466 -9.04755e+07
579501 -725018 -2.76116e+08 -787827 -2.78665e+08 -831976 -2.46718e+08 -408271 -2.23789e+08 -405815 -2.23757e+08 -422682 -1.86147e+08 -92942.6 -1.1582e+08 -100533 -1.23801e+08 -94592.3 -9.05758e+07
580182 -726750 -2.76312e+08 -789740 -2.78858e+08 -834230 -2.46968e+08 -409351 -2.24032e+08 -406947 -2.24009e+08 -423793 -1.86364e+08 -93076.2 -1.15922e+08 -100638 -1.23929e+08 -94722.6 -9.06784e+07
580862 -728472 -2.76506e+08 -791645 -2.7905e+08 -836472 -2.47218e+08 -410432 -2.24275e+08 -408078 -2.2426e+08 -424904 -1.86581e+08 -93209.6 -1.16023e+08 -100742 -1.24056e+08 -94852.7 -9.0781e+07
581540 -730185 -2.767e+08 -793543 -2.79241e+08 -838701 -2.47466e+08 -411512 -2.24517e+08 -409210 -2.24512e+08 -426016 -1.86797e+08 -93342.9 -1.16125e+08 -100846 -1.24183e+08 -94982.6 -9.08835e+07
582218 -731892 -2.76893e+08 -795432 -2.79432e+08 -840917 -2.47713e+08 -412592 -2.2476e+08 -410342 -2.24763e+08 -427128 -1.87014e+08 -93476.2 -1.16226e+08 -100949 -1.2431e+08 -95112.5 -9.09859e+07
582894 -733593 -2.77085e+08 -797311 -2.79622e+08 -843118 -2.47958e+08 -413673 -2.25002e+08 -411475 -2.25014e+08 -428241 -1.87231e+08 -93609.3 -1.16328e+08 -101053 -1.24437e+08 -95242.3 -9.10883e+07
583569 -735287 -2.77278e+08 -799181 -2.79811e+08 -845305 -2.48202e+08 -414753 -2.25244e+08 -412607 -2.25264e+08 -429353 -1.87447e+08 -93742.4 -1.16429e+08 -101155 -1.24563e+08 -95372 -9.11907e+07
584242 -736975 -2.77469e+08 -801040 -2.8e+08 -847478 -2.48444e+08 -415834 -2.25485e+08 -413740 -2.25515e+08 -430467 -1.87664e+08 -93875.4 -1.1653e+08 -101258 -1.24689e+08 -95501.6 -9.1293e+07
584915 -738656 -2.77661e+08 -802889 -2.80188e+08 -849635 -2.48684e+08 -416914 -2.25727e+08 -414872 -2.25765e+08 -431580 -1.8788e+08 -94008.2 -1.1663e+08 -101360 -1.24815e+08 -95631.1 -9.13953e+07
585586 -740330 -2.77852e+08 -804729 -2.80375e+08 -851775 -2.48923e+08 -417995 -2.25968e+08 -416005 -2.26015e+08 -432694 -1.88097e+08 -94141 -1.16731e+08 -101462 -1.2494e+08 -95760.5 -9.14975e+07
586256 -741997 -2.78043e+08 -806559 -2.80561e+08 -853898 -2.4916e+08 -419076 -2.26209e+08 -417138 -2.26265e+08 -433808 -1.88313e+08 -94273.7 -1.16831e+08 -101564 -1.25065e+08 -95889.7 -9.15997e+07
586924 -743656 -2.78234e+08 -808380 -2.80747e+08 -856003 -2.49395e+08 -420156 -2.2645e+08 -418272 -2.26514e+08 -434922 -1.88529e+08 -94406.4 -1.16931e+08 -101665 -1.2519e+08 -96018.9 -9.17019e+07
587592 -745308 -2.78423e+08 -810191 -2.80931e+08 -858089 -2.49628e+08 -421237 -2.2669e+08 -419405 -2.26763e+08 -436037 -1.88746e+08 -94538.9 -1.17031e+08 -101766 -1.25315e+08 -96147.9 -9.1804e+07
588257 -746953 -2.78613e+08 -811991 -2.81115e+08 -860155 -2.49858e+08 -422318 -2.26931e+08 -420538 -2.27012e+08 -437152 -1.88962e+08 -94671.3 -1.17131e+08 -101867 -1.25439e+08 -96276.8 -9.1906e+07
588921 -748590 -2.78802e+08 -813781 -2.81299e+08 -862199 -2.50087e+08 -423399 -2.27171e+08 -421671 -2.27261e+08 -438267 -1.89178e+08 -94803.7 -1.17231e+08 -101967 -1.25563e+08 -96405.6 -9.2008e+07
589584 -750216 -2.78991e+08 -815560 -2.81481e+08 -864221 -2.50313e+08 -424480 -2.2741e+08 -422805 -2.2751e+08 -439382 -1.89394e+08 -94935.8 -1.1733e+08 -102067 -1.25686e+08 -96534.3 -9.21099e+07
590245 -751835 -2.79179e+08 -817327 -2.81663e+08 -866218 -2.50537e+08 -425560 -2.2765e+08 -423938 -2.27758e+08 -440498 -1.8961e+08 -95067.8 -1.17429e+08 -102166 -1.25809e+08 -96662.8 -9.22118e+07
590904 -753445 -2.79367e+08 -819082 -2.81843e+08 -868189 -2.50758e+08 -426641 -2.27889e+08 -425072 -2.28006e+08 -441614 -1.89826e+08 -95199.7 -1.17528e+08 -102265 -1.25932e+08 -96791.2 -9.23136e+07
591561 -755047 -2.79554e+08 -820824 -2.82023e+08 -870134 -2.50977e+08 -427720 -2.28128e+08 -426205 -2.28253e+08 -442728 -1.90042e+08 -95331.4 -1.17626e+08 -102364 -1.26055e+08 -96919.1 -9.24151e+07
592212 -756640 -2.79741e+08 -822552 -2.82202e+08 -872061 -2.51194e+08 -428796 -2.28366e+08 -427333 -2.28499e+08 -443836 -1.90256e+08 -95462.5 -1.17724e+08 -102462 -1.26177e+08 -97045.8 -9.25158e+07
592856 -758225 -2.79927e+08 -824280 -2.82384e+08 -873861 -2.51404e+08 -429870 -2.28603e+08 -428455 -2.28744e+08 -444936 -1.90468e+08 -95592.8 -1.17822e+08 -102558 -1.26296e+08 -97172.3 -9.26163e+07
593494 -759798 -2.80113e+08 -825993 -2.82566e+08 -875638 -2.51613e+08 -430941 -2.28839e+08 -429573 -2.28987e+08 -446028 -1.90678e+08 -95722.6 -1.17919e+08 -102652 -1.26415e+08 -97297.8 -9.27163e+07
594131 -761363 -2.80298e+08 -827689 -2.82747e+08 -877402 -2.51821e+08 -432011 -2.29075e+08 -430691 -2.29231e+08 -447120 -1.90889e+08 -95852.3 -1.18016e+08 -102747 -1.26533e+08 -97423.3 -9.28163e+07
594766 -762918 -2.80483e+08 -829363 -2.82925e+08 -879154 -2.52028e+08 -433083 -2.29311e+08 -431809 -2.29473e+08 -448213 -1.91099e+08 -95982.1 -1.18113e+08 -102840 -1.26651e+08 -97548.7 -9.29162e+07
595399 -764462 -2.80667e+08 -831014 -2.83102e+08 -880889 -2.52234e+08 -434150 -2.29547e+08 -432935 -2.29718e+08 -449314 -1.91311e+08 -96100.2 -1.18206e+08 -102938 -1.26771e+08 -97675.4 -9.30175e+07
596027 -766000 -2.8085e+08 -832644 -2.83276e+08 -882609 -2.52439e+08 -435206 -2.29781e+08 -434054 -2.2996e+08 -450413 -1.91523e+08 -96204.9 -1.18294e+08 -103038 -1.26893e+08 -97802.8 -9.31192e+07
596642 -767537 -2.81034e+08 -834256 -2.83449e+08 -884321 -2.52643e+08 -436240 -2.30006e+08 -435114 -2.30189e+08 -451484 -1.9173e+08 -96305.7 -1.18379e+08 -103137 -1.27013e+08 -97925.6 -9.32166e+07
597256 -769064 -2.81217e+08 -835845 -2.8362e+08 -886020 -2.52847e+08 -437274 -2.30231e+08 -436174 -2.30419e+08 -452554 -1.91938e+08 -96406.3 -1.18464e+08 -103236 -1.27132e+08 -98048.2 -9.33139e+07
597869 -770581 -2.814e+08 -837411 -2.83789e+08 -887705 -2.5305e+08 -438308 -2.30456e+08 -437234 -2.30648e+08 -453625 -1.92146e+08 -96506.7 -1.18548e+08 -103334 -1.27251e+08 -98170.7 -9.34111e+07
598480 -772087 -2.81583e+08 -838950 -2.83955e+08 -889377 -2.53253e+08 -439341 -2.30681e+08 -438294 -2.30876e+08 -454697 -1.92353e+08 -96607 -1.18633e+08 -103432 -1.2737e+08 -98293.2 -9.35083e+07
599087 -773577 -2.81765e+08 -840466 -2.84119e+08 -891030 -2.53454e+08 -440389 -2.30908e+08 -439365 -2.31106e+08 -455775 -1.92563e+08 -96711.4 -1.18722e+08 -103524 -1.27475e+08 -98406.2 -9.36058e+07
599691 -775058 -2.81946e+08 -841969 -2.84282e+08 -892654 -2.53652e+08 -441446 -2.31137e+08 -440441 -2.31336e+08 -456853 -1.92772e+08 -96818.6 -1.18815e+08 -103612 -1.2757e+08 -98512.3 -9.37032e+07
600290 -776527 -2.82126e+08 -843454 -2.84441e+08 -894232 -2.53849e+08 -442495 -2.31364e+08 -441511 -2.31565e+08 -457920 -1.92979e+08 -96924.8 -1.18907e+08 -103699 -1.27666e+08 -98616.8 -9.37995e+07
600885 -777982 -2.82306e+08 -844929 -2.846e+08 -895791 -2.54044e+08 -443540 -2.31591e+08 -442579 -2.31792e+08 -458985 -1.93186e+08 -97030.4 -1.18998e+08 -103787 -1.2776e+08 -98720.8 -9.38955e+07
601475 -779429 -2.82486e+08 -846323 -2.84756e+08 -897335 -2.54238e+08 -444581 -2.31815e+08 -443645 -2.32019e+08 -460050 -1.93392e+08 -97135.2 -1.19088e+08 -103874 -1.27855e+08 -98824.2 -9.39909e+07
602058 -780878 -2.82672e+08 -847461 -2.84906e+08 -898868 -2.54432e+08 -445615 -2.32038e+08 -444712 -2.32246e+08 -461112 -1.93598e+08 -97238.1 -1.19176e+08 -103961 -1.27949e+08 -98926.3 -9.40855e+07
602638 -782308 -2.82856e+08 -848573 -2.85055e+08 -900381 -2.54624e+08 -446647 -2.3226e+08 -445775 -2.32472e+08 -462172 -1.93804e+08 -97340.9 -1.19263e+08 -104048 -1.28043e+08 -99028.2 -9.41799e+07
603215 -783716 -2.83036e+08 -849654 -2.85203e+08 -901873 -2.54815e+08 -447677 -2.32482e+08 -446833 -2.32696e+08 -463229 -1.94008e+08 -97443.6 -1.19351e+08 -104133 -1.28136e+08 -99129.8 -9.4274e+07
603791 -785110 -2.83215e+08 -850724 -2.8535e+08 -903343 -2.55004e+08 -448707 -2.32703e+08 -447890 -2.3292e+08 -464285 -1.94212e+08 -97546.3 -1.19438e+08 -104219 -1.28228e+08 -99231.2 -9.4368e+07
604365 -786488 -2.83393e+08 -851781 -2.85498e+08 -904792 -2.55192e+08 -449736 -2.32924e+08 -448948 -2.33144e+08 -465341 -1.94417e+08 -97649 -1.19526e+08 -104303 -1.28321e+08 -99332.5 -9.44619e+07
604937 -787849 -2.83571e+08 -852825 -2.85645e+08 -906218 -2.55379e+08 -450765 -2.33145e+08 -450005 -2.33367e+08 -466398 -1.94621e+08 -97751.5 -1.19613e+08 -104388 -1.28412e+08 -99433.5 -9.45556e+07
605508 -789194 -2.83748e+08 -853856 -2.85792e+08 -907623 -2.55564e+08 -451794 -2.33365e+08 -451062 -2.3359e+08 -467454 -1.94825e+08 -97854 -1.19701e+08 -104472 -1.28504e+08 -99534.5 -9.46493e+07
606078 -790528 -2.83924e+08 -854874 -2.85939e+08 -909002 -2.55748e+08 -452823 -2.33585e+08 -452118 -2.33812e+08 -468511 -1.95029e+08 -97956.5 -1.19788e+08 -104555 -1.28595e+08 -99635.3 -9.4743e+07
606646 -791851 -2.84099e+08 -855877 -2.86086e+08 -910355 -2.5593e+08 -453851 -2.33805e+08 -453175 -2.34034e+08 -469568 -1.95233e+08 -98058.8 -1.19875e+08 -104639 -1.28685e+08 -99735.9 -9.48366e+07
607212 -793163 -2.84274e+08 -856866 -2.86233e+08 -911681 -2.56111e+08 -454879 -2.34024e+08 -454231 -2.34256e+08 -470625 -1.95437e+08 -98161 -1.19962e+08 -104722 -1.28776e+08 -99836.3 -9.493e+07
607777 -794465 -2.84448e+08 -857841 -2.86379e+08 -912976 -2.56289e+08 -455907 -2.34243e+08 -455288 -2.34478e+08 -471682 -1.95641e+08 -98263.1 -1.20049e+08 -104805 -1.28866e+08 -99936.6 -9.50234e+07
608341 -795755 -2.84622e+08 -858800 -2.86525e+08 -914240 -2.56466e+08 -456935 -2.34462e+08 -456343 -2.347e+08 -472739 -1.95845e+08 -98365 -1.20135e+08 -104888 -1.28955e+08 -100037 -9.51167e+07
608902 -797034 -2.84794e+08 -859744 -2.86671e+08 -915471 -2.5664e+08 -457962 -2.34681e+08 -457399 -2.34921e+08 -473796 -1.96048e+08 -98466.8 -1.20222e+08 -104970 -1.29045e+08 -100137 -9.52098e+07
609458 -798231 -2.84964e+08 -860674 -2.86817e+08 -916668 -2.56813e+08 -458991 -2.34899e+08 -458472 -2.35146e+08 -474852 -1.96236e+08 -98568.7 -1.20308e+08 -105055 -1.29136e+08 -100236 -9.53013e+07
610011 -799388 -2.85131e+08 -861588 -2.86963e+08 -917826 -2.56983e+08 -460017 -2.35118e+08 -459548 -2.35372e+08 -475909 -1.96423e+08 -98670.1 -1.20392e+08 -105140 -1.29227e+08 -100334 -9.53925e+07
610560 -800534 -2.85299e+08 -862486 -2.87108e+08 -918943 -2.5715e+08 -461049 -2.35338e+08 -460617 -2.35583e+08 -476982 -1.96611e+08 -98772.4 -1.20478e+08 -105225 -1.29319e+08 -100434 -9.54847e+07
611107 -801668 -2.85465e+08 -863367 -2.87253e+08 -920013 -2.57315e+08 -462086 -2.35559e+08 -461677 -2.3578e+08 -478071 -1.96801e+08 -98875.5 -1.20564e+08 -105310 -1.29409e+08 -100534 -9.55779e+07
611655 -802792 -2.85631e+08 -864226 -2.87395e+08 -921238 -2.57482e+08 -463120 -2.35765e+08 -462759 -2.35979e+08 -479165 -1.96991e+08 -98979.3 -1.2065e+08 -105396 -1.29501e+08 -100635 -9.56722e+07
612213 -803902 -2.85796e+08 -865058 -2.87529e+08 -923044 -2.57667e+08 -464152 -2.35959e+08 -463869 -2.36182e+08 -480265 -1.97183e+08 -99084.2 -1.20736e+08 -105485 -1.29597e+08 -100736 -9.57677e+07
612771 -804997 -2.85958e+08 -866004 -2.87663e+08 -924834 -2.5785e+08 -465213 -2.36155e+08 -464978 -2.36385e+08 -481367 -1.97374e+08 -99189.6 -1.20823e+08 -105574 -1.29692e+08 -100838 -9.58633e+07
613329 -806077 -2.86118e+08 -867035 -2.87798e+08 -926610 -2.58032e+08 -466275 -2.36351e+08 -466086 -2.36586e+08 -482469 -1.97565e+08 -99295.5 -1.2091e+08 -105662 -1.29787e+08 -100939 -9.59591e+07
613892 -807135 -2.86271e+08 -868488 -2.87939e+08 -928362 -2.58213e+08 -467344 -2.36547e+08 -467194 -2.36787e+08 -483574 -1.97756e+08 -99403.2 -1.21e+08 -105748 -1.2988e+08 -101042 -9.60555e+07
614457 -808176 -2.86421e+08 -870071 -2.88083e+08 -930096 -2.58393e+08 -468415 -2.36744e+08 -468301 -2.36988e+08 -484681 -1.97946e+08 -99511.5 -1.2109e+08 -105834 -1.29974e+08 -101145 -9.61522e+07
615020 -809205 -2.86571e+08 -871649 -2.88226e+08 -931817 -2.58572e+08 -469487 -2.3694e+08 -469409 -2.37188e+08 -485788 -1.98137e+08 -99619.8 -1.2118e+08 -105920 -1.30066e+08 -101248 -9.62488e+07
615582 -810221 -2.86719e+08 -873220 -2.88369e+08 -933523 -2.5875e+08 -470559 -2.37136e+08 -470518 -2.37387e+08 -486896 -1.98327e+08 -99728.1 -1.2127e+08 -106006 -1.30159e+08 -101350 -9.63454e+07
616142 -811225 -2.86866e+08 -874785 -2.88512e+08 -935214 -2.58927e+08 -471632 -2.37331e+08 -471626 -2.37586e+08 -488004 -1.98517e+08 -99836.5 -1.2136e+08 -106091 -1.30251e+08 -101453 -9.6442e+07
616702 -812221 -2.87014e+08 -876342 -2.88655e+08 -936888 -2.59103e+08 -472707 -2.37526e+08 -472736 -2.37785e+08 -489114 -1.98708e+08 -99948.7 -1.2146e+08 -106282 -1.3034e+08 -101558 -9.65394e+07
617260 -813209 -2.87161e+08 -877892 -2.88797e+08 -938546 -2.59278e+08 -473783 -2.37721e+08 -473846 -2.37983e+08 -490227 -1.98898e+08 -100063 -1.21563e+08 -106515 -1.30427e+08 -101663 -9.66372e+07
617817 -814189 -2.87308e+08 -879434 -2.88939e+08 -940188 -2.59452e+08 -474859 -2.37915e+08 -474957 -2.38181e+08 -491340 -1.99089e+08 -100176 -1.21666e+08 -106747 -1.30513e+08 -101769 -9.6735e+07
618373 -815161 -2.87454e+08 -880967 -2.89081e+08 -941813 -2.59624e+08 -475936 -2.38109e+08 -476068 -2.38378e+08 -492453 -1.9928e+08 -100290 -1.21769e+08 -106978 -1.30599e+08 -101874 -9.68328e+07
618924 -816126 -2.87601e+08 -882495 -2.89223e+08 -943422 -2.59796e+08 -477006 -2.383e+08 -477159 -2.3857e+08 -493553 -1.99468e+08 -100403 -1.21871e+08 -107207 -1.30685e+08 -101978 -9.69289e+07
619469 -817083 -2.87748e+08 -884016 -2.89365e+08 -945018 -2.59967e+08 -478061 -2.38487e+08 -478215 -2.38757e+08 -494637 -1.99654e+08 -100512 -1.21971e+08 -107434 -1.30769e+08 -102079 -9.70225e+07
620012 -818032 -2.87895e+08 -885529 -2.89507e+08 -946594 -2.60137e+08 -479116 -2.38673e+08 -479272 -2.38942e+08 -495721 -1.99841e+08 -100622 -1.22071e+08 -107661 -1.30854e+08 -102180 -9.71161e+07
620554 -818972 -2.88041e+08 -887033 -2.89649e+08 -948151 -2.60306e+08 -480171 -2.38858e+08 -480329 -2.39127e+08 -496805 -2.00027e+08 -100731 -1.22171e+08 -107886 -1.30937e+08 -102281 -9.72097e+07
621095 -819903 -2.88187e+08 -888527 -2.8979e+08 -949689 -2.60474e+08 -481226 -2.39043e+08 -481386 -2.39312e+08 -497891 -2.00213e+08 -100841 -1.22271e+08 -108112 -1.31021e+08 -102382 -9.73033e+07
621634 -820825 -2.88333e+08 -890012 -2.89931e+08 -951205 -2.6064e+08 -482281 -2.39227e+08 -482443 -2.39496e+08 -498976 -2.00398e+08 -100950 -1.2237e+08 -108336 -1.31105e+08 -102483 -9.73969e+07
622173 -821739 -2.88479e+08 -891488 -2.90072e+08 -952701 -2.60805e+08 -483336 -2.39411e+08 -483500 -2.39679e+08 -500062 -2.00584e+08 -101060 -1.2247e+08 -108560 -1.31188e+08 -102584 -9.74905e+07
622710 -822642 -2.88625e+08 -892954 -2.90213e+08 -954175 -2.60968e+08 -484391 -2.39594e+08 -484557 -2.39861e+08 -501148 -2.0077e+08 -101169 -1.22569e+08 -108782 -1.31271e+08 -102685 -9.75841e+07
623246 -823536 -2.88771e+08 -894410 -2.90353e+08 -955640 -2.61132e+08 -485446 -2.39777e+08 -485615 -2.40043e+08 -502235 -2.00955e+08 -101279 -1.22669e+08 -109005 -1.31354e+08 -102786 -9.76777e+07
623781 -824421 -2.88916e+08 -895854 -2.90493e+08 -957099 -2.61295e+08 -486502 -2.39959e+08 -486672 -2.40224e+08 -503322 -2.01141e+08 -101388 -1.22768e+08 -109227 -1.31437e+08 -102886 -9.77713e+07
624316 -825295 -2.89061e+08 -897288 -2.90632e+08 -958549 -2.61458e+08 -487557 -2.4014e+08 -487730 -2.40405e+08 -504410 -2.01326e+08 -101498 -1.22867e+08 -109448 -1.31519e+08 -102987 -9.7865e+07
624847 -826159 -2.89206e+08 -898709 -2.90771e+08 -959993 -2.6162e+08 -488610 -2.4032e+08 -488781 -2.40583e+08 -505500 -2.01512e+08 -101607 -1.22966e+08 -109665 -1.316e+08 -103089 -9.79591e+07
625369 -827014 -2.89351e+08 -900110 -2.90907e+08 -961431 -2.61783e+08 -489650 -2.40498e+08 -489794 -2.40755e+08 -506597 -2.01698e+08 -101716 -1.23067e+08 -109858 -1.31671e+08 -103197 -9.80553e+07
625889 -827858 -2.89496e+08 -901500 -2.91043e+08 -962862 -2.61946e+08 -490690 -2.40675e+08 -490807 -2.40926e+08 -507695 -2.01884e+08 -101824 -1.23167e+08 -110050 -1.31741e+08 -103305 -9.81516e+07
626408 -828691 -2.89641e+08 -902877 -2.91178e+08 -964284 -2.62108e+08 -491729 -2.40851e+08 -491819 -2.41096e+08 -508792 -2.02071e+08 -101932 -1.23267e+08 -110240 -1.31811e+08 -103413 -9.8248e+07
626925 -829513 -2.89785e+08 -904242 -2.91312e+08 -965699 -2.62271e+08 -492768 -2.41027e+08 -492828 -2.41266e+08 -509891 -2.02257e+08 -102041 -1.23367e+08 -110428 -1.31881e+08 -103522 -9.83444e+07
627441 -830323 -2.89929e+08 -905593 -2.91446e+08 -967106 -2.62432e+08 -493805 -2.41202e+08 -493835 -2.41435e+08 -510989 -2.02442e+08 -102149 -1.23467e+08 -110615 -1.31949e+08 -103630 -9.84409e+07
627956 -831120 -2.90073e+08 -906932 -2.91579e+08 -968504 -2.62594e+08 -494842 -2.41377e+08 -494840 -2.41603e+08 -512087 -2.02628e+08 -102257 -1.23567e+08 -110800 -1.32017e+08 -103739 -9.85374e+07
628467 -831905 -2.90217e+08 -908257 -2.91711e+08 -969894 -2.62755e+08 -495877 -2.41552e+08 -495841 -2.4177e+08 -513184 -2.02813e+08 -102365 -1.23667e+08 -110982 -1.32084e+08 -103848 -9.86339e+07
628975 -832678 -2.90361e+08 -909568 -2.91843e+08 -971274 -2.62916e+08 -496907 -2.41725e+08 -496837 -2.41936e+08 -514276 -2.02997e+08 -102473 -1.23766e+08 -111162 -1.3215e+08 -103957 -9.87298e+07
629482 -833437 -2.90504e+08 -910865 -2.91974e+08 -972645 -2.63076e+08 -497937 -2.41897e+08 -497832 -2.42101e+08 -515367 -2.03181e+08 -102580 -1.23865e+08 -111341 -1.32216e+08 -104065 -9.88255e+07
629981 -834181 -2.90647e+08 -912148 -2.92104e+08 -974006 -2.63236e+08 -498950 -2.42067e+08 -498828 -2.42267e+08 -516449 -2.03363e+08 -102684 -1.23961e+08 -111528 -1.32284e+08 -104171 -9.89203e+07
630471 -834909 -2.90788e+08 -913418 -2.92234e+08 -975357 -2.63395e+08 -499935 -2.42231e+08 -499829 -2.42433e+08 -517518 -2.03543e+08 -102784 -1.24049e+08 -111731 -1.32355e+08 -104274 -9.90134e+07
630958 -835623 -2.90928e+08 -914672 -2.92363e+08 -976699 -2.63554e+08 -500917 -2.42394e+08 -500829 -2.42598e+08 -518585 -2.03722e+08 -102882 -1.24137e+08 -111933 -1.32426e+08 -104377 -9.91063e+07
631444 -836320 -2.91069e+08 -915912 -2.92492e+08 -978031 -2.63713e+08 -501897 -2.42556e+08 -501828 -2.42763e+08 -519650 -2.03901e+08 -102981 -1.24225e+08 -112136 -1.32497e+08 -104479 -9.91991e+07
631930 -837001 -2.91209e+08 -917141 -2.9262e+08 -979353 -2.63871e+08 -502877 -2.42719e+08 -502833 -2.42929e+08 -520716 -2.0408e+08 -103079 -1.24311e+08 -112343 -1.32569e+08 -104581 -9.92917e+07
632413 -837665 -2.91348e+08 -918357 -2.92744e+08 -980645 -2.64028e+08 -503851 -2.42879e+08 -503836 -2.43094e+08 -521774 -2.04257e+08 -103177 -1.24397e+08 -112551 -1.32641e+08 -104681 -9.93834e+07
632894 -838311 -2.91487e+08 -919561 -2.92868e+08 -981927 -2.64185e+08 -504822 -2.43039e+08 -504840 -2.43258e+08 -522830 -2.04434e+08 -103274 -1.24482e+08 -112760 -1.32714e+08 -104781 -9.9475e+07
633374 -838938 -2.91626e+08 -920759 -2.92992e+08 -983199 -2.64342e+08 -505790 -2.43198e+08 -505843 -2.43422e+08 -523885 -2.0461e+08 -103370 -1.24567e+08 -112970 -1.32787e+08 -104880 -9.95663e+07
633852 -839593 -2.91764e+08 -921951 -2.93116e+08 -984461 -2.64498e+08 -506757 -2.43357e+08 -506846 -2.43586e+08 -524938 -2.04786e+08 -103467 -1.24652e+08 -113181 -1.3286e+08 -104979 -9.96575e+07
634333 -840563 -2.91908e+08 -923130 -2.9324e+08 -985711 -2.64653e+08 -507722 -2.43515e+08 -507852 -2.4375e+08 -525994 -2.04962e+08 -103563 -1.24735e+08 -113395 -1.32933e+08 -105079 -9.97493e+07
634811 -841518 -2.9205e+08 -924291 -2.93364e+08 -986949 -2.64808e+08 -508683 -2.43671e+08 -508853 -2.43913e+08 -527044 -2.05137e+08 -103658 -1.24818e+08 -113607 -1.33006e+08 -105178 -9.98407e+07
635286 -842460 -2.9219e+08 -925434 -2.93487e+08 -988175 -2.64963e+08 -509637 -2.43827e+08 -509856 -2.44075e+08 -528096 -2.05311e+08 -103897 -1.24901e+08 -113824 -1.33079e+08 -105278 -9.99326e+07
635759 -843390 -2.92329e+08 -926572 -2.9361e+08 -989390 -2.65117e+08 -510588 -2.43983e+08 -510862 -2.44238e+08 -529149 -2.05486e+08 -104228 -1.24982e+08 -114044 -1.33153e+08 -105377 -1.00025e+08
636234 -844307 -2.92468e+08 -927706 -2.93734e+08 -990594 -2.65271e+08 -511544 -2.44139e+08 -511870 -2.44401e+08 -530207 -2.05662e+08 -104561 -1.25064e+08 -114262 -1.33227e+08 -105478 -1.00118e+08
636708 -845211 -2.92606e+08 -928836 -2.93857e+08 -991786 -2.65424e+08 -512501 -2.44295e+08 -512878 -2.44563e+08 -531264 -2.05837e+08 -104896 -1.25147e+08 -114480 -1.333e+08 -105578 -1.0021e+08
637182 -846101 -2.92744e+08 -929962 -2.9398e+08 -992967 -2.65577e+08 -513459 -2.4445e+08 -513887 -2.44725e+08 -532322 -2.06012e+08 -105231 -1.2523e+08 -114698 -1.33374e+08 -105678 -1.00302e+08
637653 -846974 -2.9288e+08 -931081 -2.94104e+08 -994134 -2.65729e+08 -514433 -2.44608e+08 -514916 -2.44889e+08 -533377 -2.06185e+08 -105578 -1.25315e+08 -114928 -1.33455e+08 -105761 -1.00366e+08
638123 -847834 -2.93016e+08 -932195 -2.94227e+08 -995289 -2.65881e+08 -515407 -2.44766e+08 -515944 -2.45054e+08 -534433 -2.06358e+08 -105925 -1.254e+08 -115157 -1.33536e+08 -105844 -1.0043e+08
638593 -848678 -2.93151e+08 -933305 -2.9435e+08 -996432 -2.66032e+08 -516381 -2.44923e+08 -516973 -2.45218e+08 -535488 -2.0653e+08 -106273 -1.25485e+08 -115385 -1.33617e+08 -105926 -1.00494e+08
639062 -849507 -2.93285e+08 -934410 -2.94474e+08 -997562 -2.66183e+08 -517356 -2.4508e+08 -518014 -2.45382e+08 -536542 -2.06702e+08 -106621 -1.25571e+08 -115614 -1.33697e+08 -106009 -1.00557e+08
639529 -850319 -2.93419e+08 -935511 -2.94597e+08 -998679 -2.66334e+08 -518328 -2.45236e+08 -519057 -2.45545e+08 -537593 -2.06874e+08 -106969 -1.25656e+08 -115841 -1.33778e+08 -106091 -1.00621e+08
639995 -851115 -2.93551e+08 -936607 -2.94721e+08 -999783 -2.66484e+08 -519300 -2.45392e+08 -520100 -2.45709e+08 -538644 -2.07045e+08 -107317 -1.25741e+08 -116067 -1.33858e+08 -106173 -1.00684e+08
640460 -851893 -2.93683e+08 -937699 -2.94845e+08 -1.00087e+06 -2.66634e+08 -520273 -2.45547e+08 -521144 -2.45871e+08 -539695 -2.07216e+08 -107665 -1.25827e+08 -116294 -1.33938e+08 -106255 -1.00747e+08
640923 -852653 -2.93814e+08 -938785 -2.94968e+08 -1.00195e+06 -2.66783e+08 -521247 -2.45703e+08 -522188 -2.46034e+08 -540747 -2.07387e+08 -108014 -1.2591e+08 -116515 -1.34017e+08 -106337 -1.0081e+08
641384 -853392 -2.93944e+08 -939863 -2.95091e+08 -1.00301e+06 -2.66931e+08 -522239 -2.45859e+08 -523247 -2.46199e+08 -541828 -2.07562e+08 -108365 -1.25969e+08 -116667 -1.34093e+08 -106427 -1.00878e+08
641843 -854112 -2.94072e+08 -940937 -2.95215e+08 -1.00405e+06 -2.67079e+08 -523231 -2.46016e+08 -524305 -2.46363e+08 -542910 -2.07737e+08 -108717 -1.26028e+08 -116818 -1.34169e+08 -106517 -1.00945e+08
642301 -854811 -2.942e+08 -942006 -2.95338e+08 -1.00508e+06 -2.67226e+08 -524224 -2.46172e+08 -525364 -2.46527e+08 -543991 -2.07911e+08 -109070 -1.26088e+08 -116969 -1.34245e+08 -106607 -1.01012e+08
642759 -855489 -2.94327e+08 -943070 -2.95461e+08 -1.00609e+06 -2.67373e+08 -525217 -2.46328e+08 -526424 -2.4669e+08 -545072 -2.08085e+08 -109423 -1.26147e+08 -117120 -1.34321e+08 -106697 -1.01079e+08
643215 -856144 -2.94452e+08 -944130 -2.95585e+08 -1.00709e+06 -2.67519e+08 -526210 -2.46483e+08 -527483 -2.46853e+08 -546152 -2.08259e+08 -109776 -1.26206e+08 -117270 -1.34396e+08 -106786 -1.01146e+08
643670 -856776 -2.94576e+08 -945185 -2.95708e+08 -1.00807e+06 -2.67665e+08 -527203 -2.46638e+08 -528542 -2.47016e+08 -547233 -2.08433e+08 -110129 -1.26265e+08 -117420 -1.34472e+08 -106876 -1.01212e+08
644125 -857383 -2.94699e+08 -946235 -2.95832e+08 -1.00904e+06 -2.6781e+08 -528196 -2.46792e+08 -529602 -2.47177e+08 -548313 -2.08606e+08 -110484 -1.26325e+08 -117569 -1.34547e+08 -106965 -1.01279e+08
644578 -857963 -2.94821e+08 -947281 -2.95956e+08 -1.00999e+06 -2.67955e+08 -529189 -2.46946e+08 -530661 -2.47338e+08 -549392 -2.08779e+08 -110838 -1.26384e+08 -117717 -1.34622e+08 -107054 -1.01345e+08
645030 -858515 -2.94941e+08 -948322 -2.96079e+08 -1.01092e+06 -2.68099e+08 -530182 -2.47099e+08 -531721 -2.47499e+08 -550471 -2.08951e+08 -111193 -1.26444e+08 -117865 -1.34696e+08 -107143 -1.01411e+08
645480 -859037 -2.95059e+08 -949359 -2.96203e+08 -1.01183e+06 -2.68243e+08 -531175 -2.47252e+08 -532780 -2.4766e+08 -551550 -2.09124e+08 -111547 -1.26503e+08 -118012 -1.34771e+08 -107232 -1.01478e+08
645930 -859527 -2.95176e+08 -950391 -2.96328e+08 -1.01273e+06 -2.68386e+08 -532168 -2.47404e+08 -533840 -2.47821e+08 -552627 -2.09296e+08 -111902 -1.26563e+08 -118159 -1.34845e+08 -107320 -1.01543e+08
646378 -859982 -2.95291e+08 -951418 -2.96452e+08 -1.0136e+06 -2.68529e+08 -533160 -2.47556e+08 -534899 -2.47981e+08 -553704 -2.09468e+08 -112257 -1.26622e+08 -118305 -1.34919e+08 -107408 -1.01609e+08
646825 -860400 -2.95405e+08 -952442 -2.96576e+08 -1.01446e+06 -2.68671e+08 -534152 -2.47708e+08 -535957 -2.4814e+08 -554780 -2.0964e+08 -112612 -1.26681e+08 -118450 -1.34993e+08 -107496 -1.01675e+08
647276 -861182 -2.95526e+08 -953448 -2.96701e+08 -1.01529e+06 -2.68812e+08 -535140 -2.47859e+08 -537024 -2.48301e+08 -555863 -2.09813e+08 -112966 -1.2674e+08 -118600 -1.35068e+08 -107586 -1.01741e+08
647728 -862234 -2.95654e+08 -954439 -2.96825e+08 -1.0161e+06 -2.68952e+08 -536113 -2.48007e+08 -538106 -2.48464e+08 -556958 -2.09988e+08 -113315 -1.26799e+08 -118755 -1.35145e+08 -107677 -1.01809e+08
648180 -863279 -2.95781e+08 -955423 -2.96949e+08 -1.01689e+06 -2.69092e+08 -537085 -2.48156e+08 -539189 -2.48626e+08 -558053 -2.10162e+08 -113665 -1.26858e+08 -118910 -1.35222e+08 -107768 -1.01877e+08
648630 -864318 -2.95908e+08 -956401 -2.97074e+08 -1.01765e+06 -2.69231e+08 -538057 -2.48304e+08 -540271 -2.48788e+08 -559148 -2.10337e+08 -114014 -1.26917e+08 -119064 -1.35298e+08 -107859 -1.01944e+08
649080 -865351 -2.96034e+08 -957373 -2.97199e+08 -1.01838e+06 -2.69369e+08 -539029 -2.48451e+08 -541352 -2.4895e+08 -560242 -2.10511e+08 -114364 -1.26976e+08 -119218 -1.35374e+08 -107951 -1.02012e+08
649525 -866377 -2.96161e+08 -958338 -2.97324e+08 -1.01909e+06 -2.69507e+08 -540004 -2.486e+08 -542423 -2.49109e+08 -561326 -2.10684e+08 -114717 -1.27037e+08 -119362 -1.35449e+08 -108041 -1.02078e+08
649967 -867398 -2.96287e+08 -959296 -2.97449e+08 -1.01977e+06 -2.69643e+08 -540983 -2.48748e+08 -543484 -2.49268e+08 -562402 -2.10855e+08 -115073 -1.271e+08 -119499 -1.35522e+08 -108130 -1.02144e+08
650404 -868414 -2.96414e+08 -960249 -2.97574e+08 -1.02042e+06 -2.69779e+08 -541952 -2.48895e+08 -544523 -2.49422e+08 -563461 -2.11024e+08 -115422 -1.27162e+08 -119635 -1.35595e+08 -108219 -1.02209e+08
650839 -869424 -2.9654e+08 -961194 -2.97698e+08 -1.02125e+06 -2.6992e+08 -542912 -2.49039e+08 -545546 -2.49574e+08 -564513 -2.11192e+08 -115767 -1.27223e+08 -119770 -1.35667e+08 -108306 -1.02273e+08
651273 -870429 -2.96665e+08 -962129 -2.97818e+08 -1.02241e+06 -2.70067e+08 -543867 -2.49183e+08 -546565 -2.49725e+08 -565561 -2.11359e+08 -116111 -1.27284e+08 -119904 -1.35739e+08 -108393 -1.02336e+08
651707 -871428 -2.9679e+08 -963057 -2.97938e+08 -1.02356e+06 -2.70215e+08 -544821 -2.49326e+08 -547584 -2.49875e+08 -566608 -2.11526e+08 -116456 -1.27345e+08 -120039 -1.35811e+08 -108481 -1.024e+08
652140 -872419 -2.96915e+08 -963977 -2.98058e+08 -1.02468e+06 -2.70361e+08 -545775 -2.49469e+08 -548604 -2.50026e+08 -567654 -2.11692e+08 -116801 -1.27405e+08 -120173 -1.35882e+08 -108568 -1.02464e+08
652573 -873405 -2.97039e+08 -964891 -2.98178e+08 -1.0258e+06 -2.70507e+08 -546729 -2.49611e+08 -549623 -2.50176e+08 -568700 -2.11859e+08 -117146 -1.27466e+08 -120307 -1.35954e+08 -108655 -1.02527e+08
653005 -874387 -2.97163e+08 -965796 -2.98298e+08 -1.0269e+06 -2.70653e+08 -547679 -2.49753e+08 -550642 -2.50326e+08 -569745 -2.12025e+08 -117491 -1.27527e+08 -120440 -1.36026e+08 -108742 -1.02591e+08
653436 -875367 -2.97287e+08 -966693 -2.98418e+08 -1.02798e+06 -2.70798e+08 -548628 -2.49895e+08 -551662 -2.50476e+08 -570790 -2.12191e+08 -117836 -1.27587e+08 -120574 -1.36097e+08 -108829 -1.02654e+08
653861 -876344 -2.97411e+08 -967581 -2.98538e+08 -1.02905e+06 -2.70942e+08 -549565 -2.50035e+08 -552675 -2.50624e+08 -571824 -2.12355e+08 -118175 -1.27647e+08 -120709 -1.36169e+08 -108915 -1.02717e+08
654282 -877319 -2.97535e+08 -968460 -2.98656e+08 -1.03008e+06 -2.71085e+08 -550500 -2.50174e+08 -553691 -2.50773e+08 -572854 -2.12519e+08 -118514 -1.27705e+08 -120846 -1.36242e+08 -108999 -1.02779e+08
654703 -878290 -2.97659e+08 -969331 -2.98773e+08 -1.03109e+06 -2.71227e+08 -551438 -2.50313e+08 -554712 -2.50921e+08 -573884 -2.12682e+08 -118853 -1.27763e+08 -120984 -1.36314e+08 -109082 -1.02841e+08
655120 -879253 -2.97783e+08 -970191 -2.98889e+08 -1.03208e+06 -2.71368e+08 -552405 -2.50457e+08 -555758 -2.51073e+08 -574931 -2.12849e+08 -119218 -1.2783e+08 -121104 -1.36361e+08 -109149 -1.02904e+08
655536 -880212 -2.97907e+08 -971042 -2.99005e+08 -1.03305e+06 -2.71508e+08 -553372 -2.506e+08 -556805 -2.51224e+08 -575976 -2.13015e+08 -119583 -1.27897e+08 -121224 -1.36409e+08 -109215 -1.02966e+08
655951 -881168 -2.9803e+08 -971879 -2.99121e+08 -1.034e+06 -2.71648e+08 -554340 -2.50744e+08 -557852 -2.51375e+08 -577023 -2.13181e+08 -119949 -1.27964e+08 -121343 -1.36457e+08 -109280 -1.03027e+08
656365 -882119 -2.9815e+08 -972688 -2.99237e+08 -1.03494e+06 -2.71787e+08 -555315 -2.50888e+08 -558898 -2.51525e+08 -578071 -2.13348e+08 -120317 -1.28032e+08 -121458 -1.36503e+08 -109346 -1.03088e+08
656777 -883067 -2.9827e+08 -973489 -2.99353e+08 -1.03585e+06 -2.71925e+08 -556288 -2.51032e+08 -559944 -2.51675e+08 -579119 -2.13514e+08 -120686 -1.281e+08 -121572 -1.3655e+08 -109412 -1.03148e+08
657188 -884011 -2.98391e+08 -974280 -2.99469e+08 -1.03675e+06 -2.72062e+08 -557276 -2.51178e+08 -560976 -2.51822e+08 -580177 -2.13681e+08 -121060 -1.28168e+08 -121686 -1.36597e+08 -109479 -1.0321e+08
657598 -884951 -2.98511e+08 -975063 -2.99584e+08 -1.03763e+06 -2.72199e+08 -558268 -2.51326e+08 -562003 -2.51969e+08 -581238 -2.13849e+08 -121437 -1.28237e+08 -121801 -1.36644e+08 -109546 -1.03272e+08
658007 -885889 -2.98631e+08 -975837 -2.997e+08 -1.03848e+06 -2.72335e+08 -559259 -2.51473e+08 -563031 -2.52115e+08 -582297 -2.14017e+08 -121813 -1.28305e+08 -121915 -1.36692e+08 -109614 -1.03334e+08
658416 -886823 -2.98752e+08 -976602 -2.99816e+08 -1.03932e+06 -2.7247e+08 -560250 -2.51619e+08 -564055 -2.52261e+08 -583356 -2.14184e+08 -122190 -1.28374e+08 -122029 -1.36739e+08 -109681 -1.03397e+08
658824 -887754 -2.98872e+08 -977358 -2.99931e+08 -1.04014e+06 -2.72604e+08 -561241 -2.51766e+08 -565080 -2.52407e+08 -584415 -2.14351e+08 -122567 -1.28442e+08 -122143 -1.36786e+08 -109748 -1.03459e+08
659231 -888682 -2.98993e+08 -978105 -3.00047e+08 -1.04094e+06 -2.72737e+08 -562231 -2.51911e+08 -566105 -2.52552e+08 -585472 -2.14518e+08 -122946 -1.2851e+08 -122257 -1.36833e+08 -109815 -1.03521e+08
659637 -889608 -2.99113e+08 -978842 -3.00162e+08 -1.04171e+06 -2.7287e+08 -563220 -2.52057e+08 -567130 -2.52697e+08 -586529 -2.14684e+08 -123325 -1.28579e+08 -122370 -1.36879e+08 -109882 -1.03583e+08
660042 -890530 -2.99234e+08 -979569 -3.00278e+08 -1.04245e+06 -2.73001e+08 -564209 -2.52202e+08 -568155 -2.52842e+08 -587584 -2.1485e+08 -123704 -1.28647e+08 -122482 -1.36926e+08 -109950 -1.03645e+08
660447 -891449 -2.99355e+08 -980287 -3.00394e+08 -1.04318e+06 -2.73132e+08 -565197 -2.52347e+08 -569179 -2.52986e+08 -588639 -2.15016e+08 -124084 -1.28715e+08 -122595 -1.36973e+08 -110017 -1.03707e+08
660850 -892365 -2.99476e+08 -980995 -3.00509e+08 -1.04387e+06 -2.73261e+08 -566184 -2.52491e+08 -570204 -2.5313e+08 -589693 -2.15181e+08 -124463 -1.28784e+08 -122707 -1.37019e+08 -110084 -1.03769e+08
661255 -893278 -2.99596e+08 -981692 -3.00625e+08 -1.04454e+06 -2.73389e+08 -567168 -2.52635e+08 -571234 -2.53274e+08 -590750 -2.15347e+08 -124841 -1.28851e+08 -122824 -1.37066e+08 -110151 -1.03831e+08
661660 -894187 -2.99716e+08 -982379 -3.00741e+08 -1.04517e+06 -2.73516e+08 -568148 -2.52777e+08 -572270 -2.53419e+08 -591813 -2.15514e+08 -125217 -1.28916e+08 -122945 -1.37114e+08 -110219 -1.03894e+08
662064 -895093 -2.99837e+08 -983055 -3.00856e+08 -1.04577e+06 -2.73641e+08 -569126 -2.5292e+08 -573306 -2.53563e+08 -592873 -2.1568e+08 -125593 -1.28982e+08 -123067 -1.37162e+08 -110287 -1.03957e+08
662466 -895995 -2.99957e+08 -983720 -3.00972e+08 -1.04633e+06 -2.73765e+08 -570104 -2.53061e+08 -574341 -2.53706e+08 -593933 -2.15846e+08 -125969 -1.29047e+08 -123188 -1.37209e+08 -110354 -1.0402e+08
662868 -896895 -3.00078e+08 -984374 -3.01088e+08 -1.04686e+06 -2.73887e+08 -571080 -2.53203e+08 -575376 -2.53849e+08 -594991 -2.16011e+08 -126346 -1.29113e+08 -123308 -1.37256e+08 -110422 -1.04082e+08
663269 -897791 -3.00199e+08 -985017 -3.01204e+08 -1.04734e+06 -2.74008e+08 -572054 -2.53343e+08 -576406 -2.53991e+08 -596088 -2.16176e+08 -126721 -1.29178e+08 -123428 -1.37303e+08 -110490 -1.04145e+08
663669 -898686 -3.00319e+08 -985648 -3.01321e+08 -1.04777e+06 -2.74127e+08 -573024 -2.53483e+08 -577428 -2.54131e+08 -597237 -2.16342e+08 -127093 -1.29243e+08 -123547 -1.37351e+08 -110557 -1.04207e+08
664068 -899576 -3.0044e+08 -986267 -3.01437e+08 -1.04816e+06 -2.74244e+08 -573993 -2.53622e+08 -578449 -2.5427e+08 -598386 -2.16507e+08 -127466 -1.29307e+08 -123666 -1.37397e+08 -110624 -1.04269e+08
664465 -900464 -3.00561e+08 -986873 -3.01554e+08 -1.04849e+06 -2.74359e+08 -574960 -2.53761e+08 -579470 -2.5441e+08 -599535 -2.16672e+08 -127838 -1.29372e+08 -123784 -1.37444e+08 -110691 -1.04331e+08
664861 -901349 -3.00682e+08 -987467 -3.01671e+08 -1.04875e+06 -2.74471e+08 -575925 -2.53899e+08 -580491 -2.54549e+08 -600683 -2.16837e+08 -128210 -1.29436e+08 -123902 -1.3749e+08 -110758 -1.04393e+08
665255 -902230 -3.00804e+08 -988047 -3.01789e+08 -1.04895e+06 -2.7458e+08 -576889 -2.54036e+08 -581510 -2.54688e+08 -601831 -2.17001e+08 -128581 -1.29501e+08 -124019 -1.37537e+08 -110825 -1.04455e+08
665647 -903108 -3.00925e+08 -988614 -3.01907e+08 -1.04907e+06 -2.74687e+08 -577851 -2.54173e+08 -582529 -2.54826e+08 -602978 -2.17165e+08 -128953 -1.29565e+08 -124135 -1.37583e+08 -110892 -1.04517e+08
666039 -903983 -3.01047e+08 -989166 -3.02024e+08 -1.04916e+06 -2.74792e+08 -578813 -2.54309e+08 -583547 -2.54964e+08 -604125 -2.17328e+08 -129324 -1.2963e+08 -124252 -1.37628e+08 -110959 -1.04578e+08
666430 -904854 -3.01168e+08 -989704 -3.02142e+08 -1.04926e+06 -2.74897e+08 -579773 -2.54445e+08 -584565 -2.55102e+08 -605271 -2.17491e+08 -129695 -1.29695e+08 -124369 -1.37674e+08 -111025 -1.0464e+08
666820 -905722 -3.0129e+08 -990226 -3.02258e+08 -1.04935e+06 -2.75003e+08 -580733 -2.54582e+08 -585584 -2.5524e+08 -606418 -2.17654e+08 -130067 -1.29759e+08 -124486 -1.3772e+08 -111092 -1.04702e+08
667210 -906586 -3.01412e+08 -990732 -3.02375e+08 -1.04945e+06 -2.75108e+08 -581690 -2.54718e+08 -586609 -2.55379e+08 -607571 -2.17817e+08 -130402 -1.29822e+08 -124611 -1.37767e+08 -111159 -1.04764e+08
667598 -907446 -3.01533e+08 -991220 -3.0249e+08 -1.04955e+06 -2.75213e+08 -582645 -2.54854e+08 -587648 -2.5552e+08 -608739 -2.17982e+08 -130669 -1.29881e+08 -124754 -1.37816e+08 -111227 -1.04827e+08
667985 -908302 -3.01655e+08 -991691 -3.02605e+08 -1.04964e+06 -2.75318e+08 -583598 -2.5499e+08 -588686 -2.5566e+08 -609907 -2.18147e+08 -130932 -1.29939e+08 -124897 -1.37865e+08 -111295 -1.04891e+08
668372 -909155 -3.01777e+08 -992145 -3.02719e+08 -1.04974e+06 -2.75423e+08 -584551 -2.55126e+08 -589723 -2.558e+08 -611075 -2.18312e+08 -131196 -1.29997e+08 -125040 -1.37914e+08 -111363 -1.04955e+08
668759 -910004 -3.01899e+08 -992580 -3.02833e+08 -1.04984e+06 -2.75528e+08 -585502 -2.55262e+08 -590760 -2.5594e+08 -612243 -2.18476e+08 -131459 -1.30056e+08 -125184 -1.37963e+08 -111430 -1.05018e+08
669143 -910850 -3.02021e+08 -992996 -3.02946e+08 -1.04993e+06 -2.75633e+08 -586451 -2.55398e+08 -591797 -2.56079e+08 -613394 -2.18637e+08 -131721 -1.30114e+08 -125327 -1.38011e+08 -111498 -1.05082e+08
669527 -911692 -3.02144e+08 -993392 -3.03058e+08 -1.05003e+06 -2.75737e+08 -587399 -2.55533e+08 -592832 -2.56219e+08 -614539 -2.18796e+08 -131982 -1.30171e+08 -125470 -1.3806e+08 -111565 -1.05146e+08
669909 -912531 -3.02266e+08 -993765 -3.0317e+08 -1.05013e+06 -2.75842e+08 -588345 -2.55667e+08 -593868 -2.56358e+08 -615684 -2.18955e+08 -132243 -1.30229e+08 -125614 -1.38109e+08 -111632 -1.0521e+08
670292 -913366 -3.02389e+08 -994116 -3.0328e+08 -1.05022e+06 -2.75947e+08 -589290 -2.55802e+08 -594903 -2.56497e+08 -616829 -2.19114e+08 -132503 -1.30287e+08 -125757 -1.38157e+08 -111699 -1.05274e+08
670673 -914197 -3.02513e+08 -994442 -3.0339e+08 -1.05032e+06 -2.76051e+08 -590234 -2.55936e+08 -595938 -2.56636e+08 -617974 -2.19273e+08 -132764 -1.30345e+08 -125901 -1.38206e+08 -111766 -1.05337e+08
671054 -915025 -3.02636e+08 -994740 -3.03499e+08 -1.05042e+06 -2.76156e+08 -591176 -2.5607e+08 -596972 -2.56775e+08 -619119 -2.19432e+08 -133023 -1.30402e+08 -126045 -1.38254e+08 -111833 -1.05401e+08
671434 -915849 -3.0276e+08 -995010 -3.03607e+08 -1.05052e+06 -2.76261e+08 -592117 -2.56203e+08 -598006 -2.56913e+08 -620263 -2.19591e+08 -133283 -1.3046e+08 -126190 -1.38303e+08 -111899 -1.05465e+08
671813 -916669 -3.02884e+08 -995247 -3.03713e+08 -1.05062e+06 -2.76365e+08 -593055 -2.56336e+08 -599040 -2.57051e+08 -621407 -2.19749e+08 -133542 -1.30518e+08 -126334 -1.38351e+08 -111965 -1.05528e+08
672190 -917486 -3.03008e+08 -995449 -3.03819e+08 -1.05072e+06 -2.76469e+08 -593990 -2.56469e+08 -600070 -2.57188e+08 -622544 -2.19907e+08 -133800 -1.30575e+08 -126480 -1.384e+08 -112031 -1.05591e+08
672565 -918299 -3.03133e+08 -995611 -3.03922e+08 -1.05081e+06 -2.76574e+08 -594923 -2.56601e+08 -601100 -2.57326e+08 -623681 -2.20064e+08 -134058 -1.30632e+08 -126625 -1.38449e+08 -112096 -1.05654e+08
672939 -919108 -3.03259e+08 -995727 -3.04024e+08 -1.05091e+06 -2.76678e+08 -595854 -2.56733e+08 -602129 -2.57463e+08 -624817 -2.20221e+08 -134314 -1.30689e+08 -126771 -1.38498e+08 -112161 -1.05716e+08
673326 -919912 -3.03384e+08 -995824 -3.04114e+08 -1.05204e+06 -2.76801e+08 -596789 -2.56865e+08 -603176 -2.57602e+08 -625958 -2.20379e+08 -134576 -1.30745e+08 -126927 -1.38552e+08 -112224 -1.0578e+08
673713 -920711 -3.03509e+08 -995920 -3.04203e+08 -1.05317e+06 -2.76923e+08 -597728 -2.56997e+08 -604233 -2.57743e+08 -627091 -2.20536e+08 -134839 -1.30802e+08 -127084 -1.38605e+08 -112288 -1.05843e+08
674098 -921503 -3.03634e+08 -996015 -3.04293e+08 -1.05431e+06 -2.77046e+08 -598672 -2.57131e+08 -605304 -2.57886e+08 -628213 -2.20692e+08 -135107 -1.3086e+08 -127242 -1.38658e+08 -112353 -1.05908e+08
674483 -922292 -3.03759e+08 -996110 -3.04382e+08 -1.05544e+06 -2.77169e+08 -599614 -2.57263e+08 -606376 -2.58029e+08 -629334 -2.20847e+08 -135374 -1.30919e+08 -127400 -1.38711e+08 -112417 -1.05972e+08
674867 -923076 -3.03884e+08 -996204 -3.04472e+08 -1.05656e+06 -2.77291e+08 -600554 -2.57396e+08 -607446 -2.58172e+08 -630456 -2.21003e+08 -135641 -1.30977e+08 -127559 -1.38764e+08 -112482 -1.06037e+08
675251 -923856 -3.04008e+08 -996299 -3.04561e+08 -1.05769e+06 -2.77414e+08 -601493 -2.57528e+08 -608517 -2.58314e+08 -631577 -2.21158e+08 -135908 -1.31035e+08 -127717 -1.38817e+08 -112546 -1.06101e+08
675635 -924632 -3.04133e+08 -996392 -3.04651e+08 -1.05881e+06 -2.77536e+08 -602430 -2.5766e+08 -609586 -2.58456e+08 -632698 -2.21313e+08 -136175 -1.31094e+08 -127876 -1.38871e+08 -112611 -1.06166e+08
676018 -925403 -3.04257e+08 -996486 -3.04741e+08 -1.05992e+06 -2.77658e+08 -603366 -2.57792e+08 -610655 -2.58598e+08 -633819 -2.21468e+08 -136442 -1.31152e+08 -128035 -1.38924e+08 -112676 -1.0623e+08
676400 -926170 -3.04382e+08 -996581 -3.04829e+08 -1.06102e+06 -2.7778e+08 -604297 -2.57923e+08 -611722 -2.58739e+08 -634936 -2.21622e+08 -136708 -1.3121e+08 -128195 -1.38978e+08 -112740 -1.06295e+08
676782 -926932 -3.04506e+08 -996675 -3.04917e+08 -1.06212e+06 -2.77902e+08 -605227 -2.58053e+08 -612788 -2.5888e+08 -636053 -2.21777e+08 -136974 -1.31268e+08 -128355 -1.39032e+08 -112804 -1.06359e+08
677164 -927690 -3.0463e+08 -996770 -3.05005e+08 -1.06321e+06 -2.78024e+08 -606156 -2.58183e+08 -613854 -2.59021e+08 -637169 -2.21931e+08 -137240 -1.31326e+08 -128516 -1.39086e+08 -112868 -1.06424e+08
677545 -928443 -3.04754e+08 -996864 -3.05094e+08 -1.06429e+06 -2.78145e+08 -607082 -2.58313e+08 -614918 -2.59161e+08 -638285 -2.22085e+08 -137505 -1.31384e+08 -128676 -1.3914e+08 -112932 -1.06488e+08
677925 -929192 -3.04877e+08 -996956 -3.05182e+08 -1.06538e+06 -2.78267e+08 -608007 -2.58443e+08 -615981 -2.59301e+08 -639400 -2.22238e+08 -137771 -1.31442e+08 -128837 -1.39194e+08 -112996 -1.06553e+08
678305 -929935 -3.04999e+08 -997046 -3.0527e+08 -1.06645e+06 -2.78388e+08 -608929 -2.58572e+08 -617040 -2.5944e+08 -640512 -2.22392e+08 -138036 -1.31501e+08 -128996 -1.39247e+08 -113060 -1.06617e+08
678689 -930672 -3.05116e+08 -997504 -3.05364e+08 -1.06752e+06 -2.78509e+08 -609855 -2.58701e+08 -618099 -2.59578e+08 -641628 -2.22545e+08 -138305 -1.3156e+08 -129152 -1.39301e+08 -113125 -1.06682e+08
679078 -931402 -3.05231e+08 -998094 -3.0546e+08 -1.06858e+06 -2.7863e+08 -610789 -2.58832e+08 -619168 -2.59718e+08 -642748 -2.22699e+08 -138576 -1.31621e+08 -129311 -1.39356e+08 -113190 -1.06747e+08
679475 -932126 -3.05347e+08 -998675 -3.05556e+08 -1.06964e+06 -2.78751e+08 -611734 -2.58964e+08 -620259 -2.5986e+08 -643876 -2.22854e+08 -138852 -1.31681e+08 -129479 -1.39415e+08 -113253 -1.06813e+08
679871 -932845 -3.05462e+08 -999245 -3.05653e+08 -1.0707e+06 -2.78871e+08 -612678 -2.59095e+08 -621349 -2.60002e+08 -645004 -2.23009e+08 -139128 -1.31742e+08 -129648 -1.39474e+08 -113316 -1.06878e+08
680266 -933559 -3.05577e+08 -999804 -3.0575e+08 -1.07175e+06 -2.78992e+08 -613620 -2.59226e+08 -622438 -2.60143e+08 -646132 -2.23164e+08 -139403 -1.31802e+08 -129817 -1.39533e+08 -113379 -1.06944e+08
680661 -934269 -3.05692e+08 -1.00035e+06 -3.05846e+08 -1.0728e+06 -2.79112e+08 -614561 -2.59357e+08 -623526 -2.60284e+08 -647259 -2.23319e+08 -139679 -1.31862e+08 -129987 -1.39593e+08 -113442 -1.0701e+08
681056 -934974 -3.05808e+08 -1.00089e+06 -3.05943e+08 -1.07384e+06 -2.79232e+08 -615500 -2.59488e+08 -624613 -2.60424e+08 -648385 -2.23473e+08 -139954 -1.31922e+08 -130156 -1.39652e+08 -113504 -1.07075e+08
681450 -935674 -3.05923e+08 -1.00141e+06 -3.0604e+08 -1.07488e+06 -2.79353e+08 -616437 -2.59618e+08 -625698 -2.60564e+08 -649511 -2.23628e+08 -140229 -1.31982e+08 -130327 -1.39712e+08 -113567 -1.07141e+08
681843 -936370 -3.06039e+08 -1.00192e+06 -3.06138e+08 -1.07592e+06 -2.79473e+08 -617373 -2.59747e+08 -626783 -2.60704e+08 -650636 -2.23782e+08 -140503 -1.32042e+08 -130497 -1.39772e+08 -113630 -1.07206e+08
682235 -937060 -3.06155e+08 -1.00242e+06 -3.06235e+08 -1.07695e+06 -2.79593e+08 -618308 -2.59876e+08 -627866 -2.60843e+08 -651761 -2.23936e+08 -140778 -1.32103e+08 -130668 -1.39832e+08 -113692 -1.07272e+08
682627 -937745 -3.0627e+08 -1.00291e+06 -3.06332e+08 -1.07797e+06 -2.79712e+08 -619240 -2.60005e+08 -628948 -2.60981e+08 -652884 -2.24089e+08 -141052 -1.32163e+08 -130840 -1.39893e+08 -113754 -1.07338e+08
683018 -938426 -3.06386e+08 -1.00337e+06 -3.0643e+08 -1.079e+06 -2.79832e+08 -620171 -2.60134e+08 -630028 -2.61119e+08 -654007 -2.24243e+08 -141326 -1.32223e+08 -131011 -1.39953e+08 -113816 -1.07403e+08
683408 -939101 -3.06502e+08 -1.00383e+06 -3.06528e+08 -1.08002e+06 -2.79952e+08 -621100 -2.60261e+08 -631107 -2.61256e+08 -655129 -2.24396e+08 -141600 -1.32282e+08 -131184 -1.40014e+08 -113878 -1.07469e+08
683798 -939771 -3.06618e+08 -1.00426e+06 -3.06626e+08 -1.08103e+06 -2.80071e+08 -622026 -2.60389e+08 -632186 -2.61393e+08 -656250 -2.24549e+08 -141873 -1.32342e+08 -131356 -1.40075e+08 -113940 -1.07534e+08
684187 -940436 -3.06735e+08 -1.00468e+06 -3.06724e+08 -1.08204e+06 -2.80191e+08 -622950 -2.60515e+08 -633263 -2.6153e+08 -657370 -2.24701e+08 -142146 -1.32402e+08 -131529 -1.40136e+08 -114002 -1.076e+08
684574 -941095 -3.06851e+08 -1.00508e+06 -3.06822e+08 -1.08305e+06 -2.8031e+08 -623872 -2.60642e+08 -634340 -2.61666e+08 -658489 -2.24854e+08 -142418 -1.32462e+08 -131703 -1.40197e+08 -114064 -1.07665e+08
684962 -941750 -3.06968e+08 -1.00546e+06 -3.06921e+08 -1.08406e+06 -2.80429e+08 -624791 -2.60767e+08 -635416 -2.61803e+08 -659606 -2.25006e+08 -142690 -1.32521e+08 -131876 -1.40258e+08 -114126 -1.07731e+08
685358 -942398 -3.07086e+08 -1.00582e+06 -3.07019e+08 -1.08505e+06 -2.80548e+08 -625733 -2.60896e+08 -636501 -2.6194e+08 -660745 -2.25161e+08 -142972 -1.32586e+08 -132039 -1.40317e+08 -114191 -1.07798e+08
685754 -943041 -3.07204e+08 -1.00616e+06 -3.07117e+08 -1.08605e+06 -2.80668e+08 -626672 -2.61024e+08 -637584 -2.62077e+08 -661882 -2.25315e+08 -143253 -1.32651e+08 -132201 -1.40376e+08 -114256 -1.07865e+08
686150 -943678 -3.07322e+08 -1.00647e+06 -3.07216e+08 -1.08704e+06 -2.80787e+08 -627610 -2.61152e+08 -638666 -2.62214e+08 -663020 -2.2547e+08 -143535 -1.32715e+08 -132363 -1.40435e+08 -114322 -1.07932e+08
686544 -944309 -3.07441e+08 -1.00676e+06 -3.07315e+08 -1.08803e+06 -2.80906e+08 -628545 -2.61279e+08 -639748 -2.62351e+08 -664156 -2.25624e+08 -143815 -1.3278e+08 -132526 -1.40494e+08 -114387 -1.08e+08
686938 -944934 -3.07559e+08 -1.00702e+06 -3.07414e+08 -1.08901e+06 -2.81025e+08 -629478 -2.61406e+08 -640830 -2.62487e+08 -665292 -2.25778e+08 -144095 -1.32844e+08 -132689 -1.40553e+08 -114452 -1.08067e+08
687332 -945554 -3.07679e+08 -1.00725e+06 -3.07514e+08 -1.08999e+06 -2.81145e+08 -630410 -2.61533e+08 -641910 -2.62624e+08 -666426 -2.25931e+08 -144376 -1.32909e+08 -132852 -1.40612e+08 -114518 -1.08134e+08
687724 -946169 -3.07798e+08 -1.00744e+06 -3.07614e+08 -1.09097e+06 -2.81264e+08 -631339 -2.61659e+08 -642989 -2.6276e+08 -667559 -2.26084e+08 -144655 -1.32973e+08 -133016 -1.40672e+08 -114583 -1.08202e+08
688116 -946777 -3.07918e+08 -1.00761e+06 -3.07714e+08 -1.09194e+06 -2.81383e+08 -632267 -2.61785e+08 -644068 -2.62896e+08 -668691 -2.26237e+08 -144935 -1.33037e+08 -133181 -1.40731e+08 -114648 -1.08269e+08
688507 -947379 -3.08038e+08 -1.00777e+06 -3.07814e+08 -1.09291e+06 -2.81502e+08 -633192 -2.61911e+08 -645144 -2.63032e+08 -669821 -2.2639e+08 -145215 -1.33101e+08 -133345 -1.40791e+08 -114713 -1.08336e+08
688898 -947975 -3.08158e+08 -1.00793e+06 -3.07915e+08 -1.09387e+06 -2.81621e+08 -634117 -2.62037e+08 -646219 -2.63167e+08 -670950 -2.26542e+08 -145495 -1.33166e+08 -133508 -1.4085e+08 -114778 -1.08403e+08
689288 -948565 -3.08278e+08 -1.00809e+06 -3.08015e+08 -1.09483e+06 -2.81739e+08 -635038 -2.62163e+08 -647293 -2.63302e+08 -672077 -2.26694e+08 -145775 -1.3323e+08 -133672 -1.40909e+08 -114843 -1.08471e+08
689677 -949148 -3.08398e+08 -1.00825e+06 -3.08115e+08 -1.09579e+06 -2.81858e+08 -635947 -2.62287e+08 -648364 -2.63437e+08 -673201 -2.26846e+08 -146056 -1.33295e+08 -133834 -1.40968e+08 -114908 -1.08538e+08
690065 -949725 -3.08517e+08 -1.00841e+06 -3.08216e+08 -1.09674e+06 -2.81977e+08 -636853 -2.62412e+08 -649434 -2.63572e+08 -674325 -2.26997e+08 -146338 -1.33359e+08 -133997 -1.41027e+08 -114973 -1.08605e+08
690454 -950296 -3.08637e+08 -1.00858e+06 -3.08316e+08 -1.09769e+06 -2.82096e+08 -637758 -2.62536e+08 -650503 -2.63706e+08 -675447 -2.27148e+08 -146619 -1.33424e+08 -134159 -1.41087e+08 -115038 -1.08672e+08
690841 -950860 -3.08756e+08 -1.00874e+06 -3.08417e+08 -1.09863e+06 -2.82214e+08 -638662 -2.6266e+08 -651571 -2.6384e+08 -676567 -2.27298e+08 -146900 -1.33488e+08 -134321 -1.41146e+08 -115103 -1.08739e+08
691228 -951417 -3.08875e+08 -1.0089e+06 -3.08517e+08 -1.09957e+06 -2.82333e+08 -639562 -2.62783e+08 -652636 -2.63974e+08 -677686 -2.27448e+08 -147181 -1.33553e+08 -134484 -1.41205e+08 -115167 -1.08806e+08
691615 -951968 -3.08994e+08 -1.00906e+06 -3.08618e+08 -1.10051e+06 -2.82451e+08 -640461 -2.62907e+08 -653701 -2.64107e+08 -678804 -2.27598e+08 -147462 -1.33617e+08 -134647 -1.41264e+08 -115232 -1.08873e+08
692000 -952512 -3.09112e+08 -1.00922e+06 -3.08719e+08 -1.10144e+06 -2.8257e+08 -641358 -2.6303e+08 -654764 -2.6424e+08 -679920 -2.27747e+08 -147744 -1.33682e+08 -134810 -1.41323e+08 -115297 -1.0894e+08
692386 -953049 -3.09231e+08 -1.00938e+06 -3.08819e+08 -1.10237e+06 -2.82688e+08 -642253 -2.63153e+08 -655826 -2.64373e+08 -681035 -2.27896e+08 -148025 -1.33746e+08 -134973 -1.41383e+08 -115362 -1.09007e+08
692771 -953580 -3.09349e+08 -1.00954e+06 -3.0892e+08 -1.10329e+06 -2.82806e+08 -643146 -2.63276e+08 -656886 -2.64506e+08 -682148 -2.28045e+08 -148306 -1.33811e+08 -135136 -1.41442e+08 -115427 -1.09075e+08
693156 -954103 -3.09467e+08 -1.0097e+06 -3.09021e+08 -1.10421e+06 -2.82924e+08 -644037 -2.63398e+08 -657945 -2.64638e+08 -683260 -2.28193e+08 -148588 -1.33876e+08 -135299 -1.41501e+08 -115492 -1.09142e+08
693540 -954619 -3.09586e+08 -1.00986e+06 -3.09121e+08 -1.10513e+06 -2.83042e+08 -644927 -2.63521e+08 -659003 -2.6477e+08 -684371 -2.28341e+08 -148870 -1.3394e+08 -135462 -1.41561e+08 -115557 -1.09209e+08
