4871.37 -11268.7 -9.0734e+06 -10996.2 -1.50888e+07 -11862.4 -1.77413e+07 -11827 -1.04997e+07 -10865.9 -1.52221e+07 -12335.5 -1.77165e+07 -10258.9 -7.33518e+06 -11226.7 -1.66602e+07 -10483.2 -1.95715e+07
9717.05 -10971.8 -7.41667e+06 -10990.2 -1.3048e+07 -12145.2 -1.59092e+07 -11565.3 -9.11794e+06 -10864.6 -1.35319e+07 -12585.4 -1.616e+07 -10144.9 -6.68799e+06 -11237.3 -1.58548e+07 -10589.7 -1.87924e+07
14460.5 -10672.2 -5.74728e+06 -10989.7 -1.10581e+07 -12429.4 -1.40835e+07 -11311.1 -7.75376e+06 -10868.7 -1.19054e+07 -12834.5 -1.46227e+07 -10033.5 -6.05344e+06 -11248.3 -1.5069e+07 -10693.5 -1.80276e+07
19086.9 -10375.3 -4.06207e+06 -10989.6 -9.12789e+06 -12719.1 -1.22892e+07 -11059.9 -6.39247e+06 -10870.6 -1.0331e+07 -13085.3 -1.31314e+07 -9925.51 -5.43186e+06 -11256.1 -1.43039e+07 -10797.1 -1.72951e+07
23633.2 -10162.1 -2.37821e+06 -11007.2 -7.24113e+06 -13014.5 -1.05272e+07 -10796.5 -5.00926e+06 -10870.1 -8.79057e+06 -13337.3 -1.16814e+07 -9820.86 -4.81697e+06 -11257.6 -1.35477e+07 -10905.6 -1.65963e+07
28162 -10452.1 -610524 -11024.7 -5.39183e+06 -13330.4 -8.79014e+06 -10558.5 -3.605e+06 -10882.1 -7.26716e+06 -13598.7 -1.02557e+07 -9721.58 -4.2042e+06 -11256.5 -1.279e+07 -11016.6 -1.59083e+07
32688.1 -11095.7 1.22564e+06 -11077.3 -3.5653e+06 -13646.9 -7.07057e+06 -10414.8 -2.1865e+06 -10892.9 -5.75434e+06 -13866.7 -8.84203e+06 -9636.05 -3.58998e+06 -11254.4 -1.20317e+07 -11128.6 -1.52243e+07
37189.9 -12325.9 2.94775e+06 -11260.2 -1.71161e+06 -13988.1 -5.35488e+06 -10679.7 -747195 -10920.5 -4.25088e+06 -14133.2 -7.43773e+06 -9554.02 -2.96791e+06 -11252.1 -1.12832e+07 -11239.5 -1.45509e+07
41691.8 -13967.8 4.57039e+06 -11871.4 257263 -14377.9 -3.6475e+06 -11188.1 696874 -10989.5 -2.74437e+06 -14412.3 -6.0355e+06 -9495.31 -2.33481e+06 -11250 -1.05419e+07 -11349.7 -1.38831e+07
46169.3 -15649.5 6.14242e+06 -12727.5 2.18961e+06 -14939 -1.90949e+06 -11868.4 2.08322e+06 -11240.4 -1.20416e+06 -14713.7 -4.63547e+06 -9495.06 -1.70274e+06 -11247.6 -9.80303e+06 -11459.3 -1.3219e+07
50625.6 -17353.8 7.70195e+06 -14335 3.94274e+06 -15837.3 -64774.4 -13022.2 3.38646e+06 -11781.6 415077 -15071.3 -3.23782e+06 -9620.24 -1.06895e+06 -11246.9 -9.06573e+06 -11567.5 -1.25598e+07
55077.5 -19069.3 9.25569e+06 -16150.4 5.66847e+06 -16795 1.79043e+06 -14358.8 4.68527e+06 -12456.2 1.99039e+06 -15584.7 -1.81033e+06 -9853.86 -398462 -11253.7 -8.34102e+06 -11675.1 -1.19041e+07
59498.3 -20780.4 1.08065e+07 -18017.7 7.39921e+06 -18132.2 3.53889e+06 -15767.1 6.00308e+06 -13680.3 3.42241e+06 -16325.5 -312995 -10093.5 291255 -11262.3 -7.63093e+06 -11783 -1.12504e+07
63891.5 -22488.2 1.23554e+07 -19917 9.13442e+06 -19917.4 5.19574e+06 -17189.1 7.32396e+06 -15122.6 4.81778e+06 -17085.1 1.19028e+06 -10331.5 964936 -11270.7 -6.92157e+06 -11891 -1.05971e+07
68260.8 -24190.2 1.39e+07 -21810.6 1.08648e+07 -21821.2 6.82904e+06 -18627.8 8.63643e+06 -16609.6 6.21436e+06 -17962.2 2.65581e+06 -10634.8 1.60168e+06 -11277.7 -6.20261e+06 -11999.9 -9.9416e+06
72600.7 -25886.4 1.54407e+07 -23693.8 1.25869e+07 -23754.4 8.44864e+06 -20054.6 9.93638e+06 -18140.2 7.62061e+06 -19203.1 4.03492e+06 -11083.6 2.21486e+06 -11283.3 -5.47513e+06 -12116.7 -9.28454e+06
76925.4 -27579.3 1.69797e+07 -25570.3 1.43036e+07 -25688.2 1.00626e+07 -21470.9 1.12254e+07 -19684.6 9.03177e+06 -20671.6 5.37519e+06 -11637 2.81581e+06 -11299.3 -4.7424e+06 -12233.7 -8.62646e+06
81244.1 -29270.2 1.85178e+07 -27443.6 1.60183e+07 -27647.3 1.16724e+07 -22882.7 1.25104e+07 -21229.5 1.04437e+07 -22213 6.7055e+06 -12236.1 3.41217e+06 -11317.6 -4.00833e+06 -12350.8 -7.9683e+06
85559.1 -30959.2 2.00552e+07 -29314.3 1.77317e+07 -29603.9 1.32807e+07 -24292.3 1.37937e+07 -22773.9 1.18556e+07 -23797.3 8.03077e+06 -12851.9 4.00679e+06 -11350.4 -3.27285e+06 -12467.8 -7.31078e+06
89871.8 -32646.6 2.15921e+07 -31185.9 1.9444e+07 -31558.9 1.48883e+07 -25700.1 1.5076e+07 -24316.7 1.32667e+07 -25380.2 9.35539e+06 -13490.3 4.5998e+06 -11403.1 -2.53549e+06 -12584.8 -6.65404e+06
94182.9 -34332.6 2.31287e+07 -33065.3 2.11554e+07 -33512.7 1.64955e+07 -27106.1 1.63572e+07 -25858.2 1.46772e+07 -26974.1 1.06785e+07 -14128.7 5.19127e+06 -11508.1 -1.79123e+06 -12702.8 -5.99919e+06
98494.4 -36018.2 2.46658e+07 -34943.3 2.28665e+07 -35466.1 1.81031e+07 -28510.6 1.76374e+07 -27398.8 1.60874e+07 -28583.3 1.19994e+07 -14762.4 5.77992e+06 -11703.5 -1.02986e+06 -12832.4 -5.34795e+06
102806 -37703.4 2.62035e+07 -36819.9 2.45775e+07 -37419.1 1.9711e+07 -29913.5 1.89165e+07 -28938.3 1.74974e+07 -30190.7 1.33195e+07 -15391.5 6.36563e+06 -11967.1 -250610 -12962.2 -4.70102e+06
107116 -39394.6 2.77406e+07 -38694.4 2.62876e+07 -39370.3 2.13181e+07 -31314.9 2.01948e+07 -30477.1 1.89065e+07 -31796.7 1.46388e+07 -16034.7 6.95051e+06 -12231.6 528503 -13101.7 -4.05368e+06
111422 -41083.6 2.9277e+07 -40566.4 2.79965e+07 -41319.4 2.29241e+07 -32714.9 2.14726e+07 -32023.6 2.03145e+07 -33401.4 1.59575e+07 -16678.6 7.5357e+06 -12511.8 1.30201e+06 -13252.3 -3.40464e+06
115723 -42769.5 3.08115e+07 -42434.9 2.97033e+07 -43265.2 2.4528e+07 -34113.6 2.27502e+07 -33567.7 2.17207e+07 -35005.4 1.72759e+07 -17327.6 8.12381e+06 -12891.1 2.04967e+06 -13426.6 -2.74844e+06
120017 -44452 3.23441e+07 -44299.8 3.14081e+07 -45207.4 2.61295e+07 -35511.1 2.40276e+07 -35109.1 2.3125e+07 -36608.8 1.85941e+07 -17983 8.71554e+06 -13438.5 2.764e+06 -13640 -2.08087e+06
124309 -46132.5 3.3876e+07 -46162.3 3.31119e+07 -47147.5 2.773e+07 -36906.9 2.53044e+07 -36648.3 2.45279e+07 -38211.8 1.99123e+07 -18640.5 9.30825e+06 -14085.9 3.46042e+06 -13917.9 -1.39852e+06
128600 -47811.7 3.54079e+07 -48023.3 3.48154e+07 -49086.3 2.93301e+07 -38300.8 2.65802e+07 -38185.5 2.59295e+07 -39814.2 2.12305e+07 -19297.9 9.90052e+06 -14779 4.14744e+06 -14256.4 -699727
132888 -49489 3.69392e+07 -49881.8 3.65179e+07 -51023.3 3.09295e+07 -39698.5 2.78552e+07 -39720.9 2.73301e+07 -41415.3 2.2548e+07 -19955.1 1.04926e+07 -15489.8 4.83191e+06 -14601.8 1170.45
137174 -51164.3 3.84699e+07 -51737.9 3.82192e+07 -52958.4 3.25279e+07 -41095.7 2.91295e+07 -41254.5 2.87298e+07 -43014.8 2.38647e+07 -20612.1 1.10845e+07 -16214.8 5.51473e+06 -14946.8 701867
141456 -52837.5 3.99999e+07 -53591.4 3.99194e+07 -54891.6 3.41255e+07 -42491.5 3.04032e+07 -42786.2 3.01286e+07 -44612.7 2.51806e+07 -21268.8 1.16762e+07 -16940.1 6.19778e+06 -15302.4 1.39887e+06
145734 -54507.9 4.15287e+07 -55441.7 4.16177e+07 -56822.2 3.57217e+07 -43886 3.16766e+07 -44316.1 3.15266e+07 -46208.6 2.64952e+07 -21925.5 1.22683e+07 -17672.3 6.88265e+06 -15703.9 2.08314e+06
150006 -56175.3 4.30558e+07 -57288.3 4.33139e+07 -58751.4 3.73162e+07 -45279.5 3.29497e+07 -45844.2 3.29239e+07 -47802.2 2.78083e+07 -22582.8 1.28611e+07 -18423.1 7.57021e+06 -16195.1 2.74778e+06
154274 -57839.6 4.45816e+07 -59131.3 4.5008e+07 -60683.2 3.89092e+07 -46671.8 3.42226e+07 -47370.4 3.43203e+07 -49393.5 2.912e+07 -23240.3 1.34544e+07 -19178.3 8.26093e+06 -16789.9 3.39399e+06
158537 -59501.5 4.61062e+07 -60971.4 4.67005e+07 -62612.4 4.05009e+07 -48062.8 3.5495e+07 -48894.8 3.57159e+07 -50982.9 3.04306e+07 -23897.8 1.40479e+07 -19935.6 8.95308e+06 -17451.5 4.03029e+06
162797 -61161.1 4.76301e+07 -62808.5 4.83916e+07 -64539.4 4.20917e+07 -49452.2 3.67667e+07 -50417.2 3.71106e+07 -52570.5 3.17403e+07 -24554.9 1.46413e+07 -20693.2 9.64551e+06 -18145.4 4.66231e+06
167053 -62818.5 4.91534e+07 -64643 5.00814e+07 -66464.3 4.36815e+07 -50839.9 3.80378e+07 -51937.7 3.85043e+07 -54156.5 3.3049e+07 -25211.5 1.52344e+07 -21450.9 1.03379e+07 -18862.4 5.29144e+06
171307 -64473.8 5.0676e+07 -66474.7 5.17701e+07 -68387 4.52705e+07 -52226 3.93082e+07 -53456.3 3.9897e+07 -55740.8 3.43569e+07 -25867.7 1.58271e+07 -22208 1.10299e+07 -19585.1 5.91966e+06
175558 -66126.9 5.2198e+07 -68303.8 5.34575e+07 -70307.6 4.68586e+07 -53610.4 4.05778e+07 -54972.9 4.12887e+07 -57323.5 3.56639e+07 -26523.3 1.64196e+07 -22964.9 1.17218e+07 -20325.4 6.54595e+06
179806 -67778 5.37193e+07 -70130.2 5.51437e+07 -72226.2 4.84459e+07 -54993.1 4.18467e+07 -56487.6 4.26794e+07 -58904.6 3.69701e+07 -27178.4 1.70117e+07 -23721 1.24131e+07 -21065.1 7.17183e+06
184051 -69426.9 5.52401e+07 -71953.9 5.68288e+07 -74142.5 5.00323e+07 -56374 4.31148e+07 -58000.3 4.40692e+07 -60483.9 3.82754e+07 -27832.9 1.76035e+07 -24476.4 1.31039e+07 -21804.3 7.79729e+06
188293 -71073.7 5.67603e+07 -73775 5.85127e+07 -76056.8 5.16179e+07 -57753.1 4.43821e+07 -59511 4.54579e+07 -62064.1 3.95798e+07 -28486.8 1.81949e+07 -25231.1 1.37942e+07 -22542.8 8.42232e+06
192532 -72718.3 5.82799e+07 -75593.2 6.01954e+07 -77968.8 5.32025e+07 -59130.4 4.56486e+07 -61019.7 4.68456e+07 -63645.4 4.08832e+07 -29140.2 1.87859e+07 -25985.2 1.4484e+07 -23284.5 9.04668e+06
196768 -74360.7 5.97989e+07 -77408.7 6.18769e+07 -79878.6 5.47862e+07 -60505.9 4.69143e+07 -62526.3 4.82322e+07 -65224.8 4.21857e+07 -29793 1.93765e+07 -26738.7 1.51735e+07 -24036 9.67001e+06
201001 -76000.9 6.13173e+07 -79221.4 6.35572e+07 -81786.2 5.6369e+07 -61879.5 4.81792e+07 -64030.9 4.96178e+07 -66802.4 4.34873e+07 -30445.2 1.99668e+07 -27491.5 1.58624e+07 -24786.9 1.02929e+07
205230 -77638.9 6.2835e+07 -81031.2 6.52362e+07 -83691.6 5.79509e+07 -63251.3 4.94432e+07 -65533.4 5.10023e+07 -68378.2 4.4788e+07 -31096.8 2.05566e+07 -28243.5 1.65507e+07 -25537.1 1.09154e+07
209457 -79274.6 6.43522e+07 -82838.2 6.69139e+07 -85594.7 5.95319e+07 -64621.3 5.07064e+07 -67033.8 5.23858e+07 -69952.1 4.60878e+07 -31747.8 2.11461e+07 -28994.7 1.72385e+07 -26286.7 1.15374e+07
213680 -80908.1 6.58687e+07 -84642.3 6.85904e+07 -87495.6 6.11121e+07 -65989.3 5.19688e+07 -68532 5.37681e+07 -71524.2 4.73866e+07 -32398.2 2.17351e+07 -29745.2 1.79258e+07 -27035.6 1.21589e+07
217900 -82539.3 6.73847e+07 -86443.5 7.02656e+07 -89394.3 6.26913e+07 -67355.4 5.32303e+07 -70028.1 5.51493e+07 -73094.3 4.86845e+07 -33047.9 2.23237e+07 -30494.9 1.86125e+07 -27783.9 1.278e+07
222117 -84168.3 6.89e+07 -88241.7 7.19395e+07 -91290.6 6.42696e+07 -68719.6 5.44909e+07 -71522.1 5.65293e+07 -74662.5 4.99815e+07 -33697 2.29119e+07 -31243.8 1.92986e+07 -28531.5 1.34006e+07
226330 -85794.9 7.04147e+07 -90037 7.36121e+07 -93184.6 6.5847e+07 -70081.8 5.57506e+07 -73013.8 5.79082e+07 -76228.7 5.12775e+07 -34345.5 2.34997e+07 -31995.5 1.9984e+07 -29278.4 1.40207e+07
230540 -87419.1 7.19288e+07 -91829.2 7.52834e+07 -95076.3 6.74234e+07 -71442.1 5.70094e+07 -74503.2 5.92859e+07 -77793 5.25725e+07 -34993.4 2.4087e+07 -32747.8 2.06688e+07 -30024.6 1.46404e+07
234747 -89041 7.34422e+07 -93618.3 7.69533e+07 -96965.6 6.89989e+07 -72800.3 5.82673e+07 -75990.4 6.06624e+07 -79355.3 5.38665e+07 -35640.6 2.46739e+07 -33499.2 2.1353e+07 -30770.2 1.52595e+07
238950 -90660.5 7.49551e+07 -95404.4 7.86219e+07 -98852.6 7.05734e+07 -74156.5 5.95243e+07 -77475.4 6.20378e+07 -80915.6 5.51594e+07 -36289.4 2.52603e+07 -34249.8 2.20366e+07 -31515 1.58782e+07
243149 -92277.6 7.64673e+07 -97187.4 8.02891e+07 -100737 7.2147e+07 -75510.6 6.07802e+07 -78958 6.34118e+07 -82473.8 5.64514e+07 -36938.2 2.58463e+07 -34999.6 2.27196e+07 -32259.1 1.64963e+07
247345 -93892.3 7.79789e+07 -98967.2 8.19549e+07 -102619 7.37196e+07 -76862.7 6.20353e+07 -80438.3 6.47847e+07 -84029.9 5.77423e+07 -37586.3 2.64318e+07 -35748.4 2.3402e+07 -33002.5 1.7114e+07
251537 -95504.6 7.94898e+07 -100744 8.36192e+07 -104499 7.52912e+07 -78212.7 6.32893e+07 -81916.2 6.61563e+07 -85584 5.90321e+07 -38233.7 2.70168e+07 -36496.4 2.40837e+07 -33745.1 1.77311e+07
255725 -97114.3 8.10001e+07 -102517 8.52821e+07 -106376 7.68618e+07 -79560.5 6.45423e+07 -83391.7 6.75265e+07 -87135.9 6.03208e+07 -38880.3 2.76013e+07 -37243.4 2.47648e+07 -34487 1.83476e+07
259909 -98721.6 8.25098e+07 -104287 8.69436e+07 -108251 7.84314e+07 -80906.1 6.57943e+07 -84864.7 6.88955e+07 -88685.6 6.16084e+07 -39526.2 2.81853e+07 -37989.6 2.54452e+07 -35228.1 1.89637e+07
264022 -100369 8.40472e+07 -107750 8.82528e+07 -110154 8.00325e+07 -82241.6 6.70399e+07 -86320.1 7.0248e+07 -90226.5 6.28885e+07 -40161 2.8759e+07 -38727.2 2.61183e+07 -35957 1.95697e+07
268092 -102039 8.56006e+07 -112204 8.93542e+07 -112074 8.16517e+07 -83570.2 6.82813e+07 -87764.1 7.15902e+07 -91761.3 6.41636e+07 -40789 2.93264e+07 -39459.5 2.67869e+07 -36678.5 2.01695e+07
272158 -103705 8.71534e+07 -116655 9.04535e+07 -113990 8.327e+07 -84896.5 6.95216e+07 -89205.6 7.29311e+07 -93293.8 6.54375e+07 -41416.2 2.98933e+07 -40190.7 2.74547e+07 -37399.1 2.07688e+07
276083 -106240 8.85944e+07 -121024 9.15306e+07 -115925 8.49029e+07 -86182.7 7.07218e+07 -90605.7 7.42352e+07 -94781.8 6.6675e+07 -42030.1 3.04488e+07 -40890.3 2.80931e+07 -38096.7 2.13494e+07
279789 -110992 8.97583e+07 -125429 9.26158e+07 -117835 8.65022e+07 -87392.4 7.1847e+07 -91962.6 7.54985e+07 -96207.9 6.78638e+07 -42619.5 3.09833e+07 -41556.4 2.87009e+07 -38749.2 2.18912e+07
283487 -115743 9.09208e+07 -129851 9.37014e+07 -119742 8.80999e+07 -88599 7.29701e+07 -93316.2 7.67596e+07 -97630.7 6.90504e+07 -43207.7 3.15169e+07 -42220.9 2.93075e+07 -39400.5 2.24319e+07
287177 -120496 9.2082e+07 -134269 9.47843e+07 -121646 8.96964e+07 -89802.2 7.4091e+07 -94666.3 7.80183e+07 -99050 7.02348e+07 -43794.6 3.20495e+07 -42883.9 2.99127e+07 -40050.2 2.29714e+07
290832 -125256 9.32437e+07 -138727 9.58751e+07 -124257 9.11473e+07 -91001 7.52083e+07 -96008.3 7.9271e+07 -100458 7.14105e+07 -44376.2 3.25775e+07 -43540.4 3.05121e+07 -40695.5 2.35074e+07
294410 -130049 9.44105e+07 -143292 9.69896e+07 -128688 9.22327e+07 -92193.7 7.63204e+07 -97335.5 8.05124e+07 -101844 7.25675e+07 -44946.7 3.30956e+07 -44183.6 3.10991e+07 -41331.9 2.40365e+07
297979 -134850 9.55769e+07 -147851 9.81011e+07 -133126 9.33173e+07 -93382.8 7.74302e+07 -98659 8.17511e+07 -103226 7.37221e+07 -45515.8 3.36127e+07 -44825.1 3.16845e+07 -41966.6 2.45642e+07
301539 -139653 9.6742e+07 -152406 9.92096e+07 -137562 9.43999e+07 -94568.3 7.85372e+07 -99978.5 8.2987e+07 -104604 7.4874e+07 -46083.4 3.41285e+07 -45464.6 3.22684e+07 -42599.7 2.50906e+07
305088 -144456 9.79059e+07 -156955 1.00315e+08 -141996 9.54806e+07 -95749.9 7.96415e+07 -101294 8.422e+07 -105978 7.60232e+07 -46649.4 3.4643e+07 -46102.3 3.28507e+07 -43230.9 2.56154e+07
308609 -149200 9.90535e+07 -161508 1.0142e+08 -146433 9.65604e+07 -96923.5 8.07398e+07 -102599 8.54444e+07 -107342 7.71645e+07 -47209.5 3.51523e+07 -46736 3.34296e+07 -43857.6 2.61366e+07
312066 -153767 1.00156e+08 -166085 1.02529e+08 -150884 9.76421e+07 -98081.4 8.18262e+07 -103884 8.66497e+07 -108684 7.82881e+07 -47755.4 3.56486e+07 -47362.2 3.40021e+07 -44474.6 2.66497e+07
315352 -158344 1.01261e+08 -170529 1.03603e+08 -155327 9.87199e+07 -99211.5 8.28824e+07 -105567 8.77198e+07 -109977 7.93742e+07 -48285.4 3.61315e+07 -47955.7 3.45438e+07 -45066.8 2.71417e+07
318503 -162920 1.02363e+08 -174906 1.0466e+08 -159798 9.97846e+07 -100356 8.39428e+07 -108659 8.84851e+07 -111270 8.04669e+07 -48809 3.66117e+07 -48535.8 3.50721e+07 -45649.8 2.76239e+07
321606 -167507 1.03467e+08 -179268 1.05712e+08 -165042 1.0092e+08 -101493 8.49968e+07 -111739 8.92466e+07 -112539 8.15462e+07 -49326.1 3.70861e+07 -49107.6 3.55931e+07 -46226.9 2.80999e+07
324709 -172092 1.04569e+08 -183630 1.06763e+08 -170287 1.02054e+08 -102628 8.60507e+07 -114818 9.00072e+07 -113807 8.26252e+07 -49842.7 3.75603e+07 -49679.1 3.61138e+07 -46803.8 2.85758e+07
327758 -176689 1.05672e+08 -188004 1.07814e+08 -175456 1.03175e+08 -103745 8.70874e+07 -117847 9.07548e+07 -115065 8.36939e+07 -50350.4 3.80263e+07 -50240.2 3.66254e+07 -47373.4 2.90465e+07
330765 -181299 1.06776e+08 -192385 1.08865e+08 -180566 1.04285e+08 -104845 8.81103e+07 -120836 9.14918e+07 -116313 8.47538e+07 -50851 3.84861e+07 -50792.9 3.71294e+07 -47936.9 2.95126e+07
333709 -185819 1.07858e+08 -196734 1.09907e+08 -185648 1.05388e+08 -107598 8.89185e+07 -123886 9.22434e+07 -117570 8.58216e+07 -51330.2 3.89211e+07 -51354.8 3.76419e+07 -48510.5 2.99874e+07
336626 -190320 1.08933e+08 -201070 1.10944e+08 -190761 1.06492e+08 -110697 8.96768e+07 -126948 9.29963e+07 -118823 8.68874e+07 -51802.7 3.93491e+07 -51916 3.8154e+07 -49084 3.04621e+07
339535 -194822 1.10007e+08 -205401 1.11978e+08 -195940 1.07602e+08 -113791 9.0433e+07 -130011 9.37478e+07 -120073 8.79508e+07 -52273.8 3.97758e+07 -52475.6 3.86646e+07 -49656 3.09356e+07
342441 -199322 1.11078e+08 -209798 1.13007e+08 -201118 1.0871e+08 -116884 9.11886e+07 -133073 9.44984e+07 -121322 8.90138e+07 -52744.5 4.02023e+07 -53034.8 3.91751e+07 -50227.6 3.14089e+07
345339 -203822 1.12148e+08 -214209 1.14033e+08 -206294 1.09816e+08 -119970 9.1942e+07 -136128 9.52466e+07 -122568 9.00743e+07 -53213.7 4.06276e+07 -53592.3 3.9684e+07 -50797.6 3.18808e+07
348217 -208316 1.13215e+08 -218608 1.15055e+08 -211455 1.10918e+08 -123057 9.26948e+07 -139199 9.59977e+07 -124107 9.10739e+07 -53683.9 4.10537e+07 -54149 4.01928e+07 -51365.1 3.23506e+07
351041 -212784 1.14274e+08 -222972 1.16067e+08 -216554 1.12005e+08 -126170 9.34536e+07 -142369 9.67716e+07 -127047 9.17971e+07 -54163.7 4.14881e+07 -54708.5 4.07064e+07 -51928.8 3.2815e+07
353856 -217253 1.15332e+08 -227332 1.17076e+08 -221652 1.1309e+08 -129284 9.42109e+07 -145530 9.75427e+07 -129997 9.25202e+07 -54642.1 4.19214e+07 -55266.2 4.12183e+07 -52491 3.32781e+07
356587 -221548 1.16346e+08 -231697 1.18085e+08 -226775 1.1418e+08 -132342 9.49536e+07 -148615 9.82942e+07 -132875 9.32251e+07 -55103.2 4.23389e+07 -55810.5 4.17185e+07 -53039.4 3.37299e+07
359164 -225809 1.1735e+08 -235993 1.19077e+08 -231897 1.15264e+08 -135273 9.56648e+07 -151566 9.90125e+07 -135611 9.38947e+07 -55542.6 4.27368e+07 -56326 4.21918e+07 -53557.2 3.41559e+07
361695 -230173 1.18352e+08 -240284 1.20066e+08 -236994 1.1634e+08 -138161 9.63649e+07 -154485 9.97222e+07 -138304 9.45534e+07 -55974.8 4.31284e+07 -56835.4 4.26598e+07 -54063.5 3.45721e+07
364228 -234531 1.19352e+08 -244576 1.21054e+08 -242088 1.17415e+08 -141052 9.70653e+07 -157406 1.00432e+08 -141000 9.5212e+07 -56407.2 4.35202e+07 -57345.1 4.31281e+07 -54570.2 3.49885e+07
366754 -238885 1.20349e+08 -248865 1.2204e+08 -247180 1.18487e+08 -143939 9.77641e+07 -160321 1.01139e+08 -143691 9.58691e+07 -56838.4 4.39111e+07 -57853.5 4.35953e+07 -55075.6 3.5404e+07
369272 -243234 1.21344e+08 -253152 1.23024e+08 -252269 1.19558e+08 -146821 9.84612e+07 -163231 1.01844e+08 -146377 9.65244e+07 -57268.5 4.4301e+07 -58360.7 4.40614e+07 -55579.7 3.58185e+07
371784 -247579 1.22337e+08 -257436 1.24005e+08 -257355 1.20627e+08 -149698 9.91566e+07 -166136 1.02548e+08 -149059 9.7178e+07 -57697.4 4.469e+07 -58866.5 4.45264e+07 -56082.6 3.62321e+07
374288 -251919 1.23328e+08 -261717 1.24984e+08 -262439 1.21693e+08 -152570 9.98502e+07 -169034 1.03249e+08 -151736 9.78299e+07 -58125.2 4.50779e+07 -59371 4.49903e+07 -56584.2 3.66446e+07
376752 -256266 1.24319e+08 -266009 1.25964e+08 -267458 1.22749e+08 -155403 1.00534e+08 -171891 1.03939e+08 -154392 9.84761e+07 -58546.1 4.54597e+07 -59866.9 4.54464e+07 -57080.4 3.70532e+07
379169 -260620 1.2531e+08 -270312 1.26945e+08 -272397 1.23792e+08 -158191 1.01206e+08 -174700 1.04618e+08 -157088 9.91222e+07 -58959.9 4.58351e+07 -60354.1 4.58947e+07 -57569.4 3.74574e+07
381565 -264962 1.26297e+08 -274608 1.27923e+08 -277301 1.24827e+08 -160986 1.01879e+08 -177504 1.05294e+08 -160203 9.98075e+07 -59375.2 4.62122e+07 -60845.7 4.63464e+07 -58050.6 3.78593e+07
383953 -269298 1.27282e+08 -278903 1.28898e+08 -282200 1.2586e+08 -163775 1.0255e+08 -180300 1.05968e+08 -163310 1.00491e+08 -59789.1 4.6588e+07 -61335.6 4.67967e+07 -58530.2 3.82601e+07
386311 -273634 1.28265e+08 -283176 1.29867e+08 -287122 1.26897e+08 -166523 1.03212e+08 -182956 1.06606e+08 -166434 1.01178e+08 -60197.7 4.69561e+07 -61819.2 4.72434e+07 -58995.2 3.86483e+07
388640 -277982 1.29249e+08 -287440 1.30832e+08 -292051 1.27932e+08 -169261 1.03871e+08 -185508 1.0722e+08 -169490 1.01846e+08 -60595.5 4.73134e+07 -62298.6 4.76857e+07 -59448.2 3.90284e+07
390943 -282346 1.30236e+08 -291699 1.31794e+08 -296976 1.28963e+08 -172008 1.04531e+08 -188005 1.07819e+08 -172443 1.02485e+08 -60981.9 4.76609e+07 -62774.8 4.81233e+07 -59893.4 3.94049e+07
393237 -286705 1.3122e+08 -295953 1.32753e+08 -301899 1.29993e+08 -174750 1.0519e+08 -190492 1.08416e+08 -175388 1.03123e+08 -61367.1 4.80072e+07 -63248.9 4.8559e+07 -60337 3.97801e+07
395533 -291068 1.32204e+08 -300205 1.33709e+08 -306820 1.31021e+08 -177496 1.05849e+08 -192979 1.09013e+08 -178338 1.03761e+08 -61752.7 4.8354e+07 -63723.3 4.89951e+07 -60780.9 4.01557e+07
397802 -295534 1.33195e+08 -304655 1.34688e+08 -311779 1.32057e+08 -180233 1.06505e+08 -195450 1.09605e+08 -181273 1.04395e+08 -62133.8 4.86966e+07 -64194.5 4.94282e+07 -61219.7 4.05273e+07
400059 -300016 1.34186e+08 -309117 1.35668e+08 -316732 1.3309e+08 -182961 1.07159e+08 -197910 1.10194e+08 -184203 1.05027e+08 -62512.4 4.9037e+07 -64663.8 4.98597e+07 -61656.8 4.08975e+07
402310 -304493 1.35174e+08 -313575 1.36644e+08 -321681 1.34122e+08 -185686 1.07811e+08 -200363 1.1078e+08 -187169 1.05663e+08 -62889.9 4.93765e+07 -65132.4 5.02907e+07 -62092.3 4.12668e+07
404555 -308966 1.36159e+08 -318031 1.37619e+08 -326628 1.35151e+08 -188408 1.08463e+08 -202809 1.11365e+08 -190158 1.06299e+08 -63266.5 4.97151e+07 -65600.2 5.07209e+07 -62526.5 4.16352e+07
406781 -313452 1.37146e+08 -322501 1.38594e+08 -331527 1.36172e+08 -191135 1.09114e+08 -205260 1.11949e+08 -192970 1.06907e+08 -63635.1 5.00463e+07 -66056 5.11411e+07 -62968.6 4.20055e+07
409002 -317935 1.38131e+08 -326969 1.39566e+08 -336425 1.3719e+08 -193862 1.09765e+08 -207736 1.12531e+08 -195768 1.07512e+08 -64002.6 5.03764e+07 -66510.4 5.156e+07 -63410.4 4.23753e+07
411218 -322414 1.39113e+08 -331433 1.40536e+08 -341325 1.38207e+08 -196587 1.10415e+08 -210225 1.1311e+08 -198562 1.08116e+08 -64369.3 5.07059e+07 -66964.1 5.19784e+07 -63851.5 4.27446e+07
413429 -326889 1.40092e+08 -335893 1.41503e+08 -346224 1.39223e+08 -199309 1.11064e+08 -212707 1.13688e+08 -201351 1.08718e+08 -64734.9 5.10344e+07 -67416.8 5.23959e+07 -64291.4 4.3113e+07
415635 -331360 1.41069e+08 -340350 1.42467e+08 -351123 1.40236e+08 -202029 1.11712e+08 -215182 1.14263e+08 -204135 1.09318e+08 -65099.5 5.1362e+07 -67868.4 5.28126e+07 -64730.3 4.34806e+07
417833 -335821 1.42042e+08 -344805 1.43428e+08 -356023 1.41248e+08 -204721 1.12352e+08 -217653 1.14837e+08 -206915 1.09918e+08 -65463.8 5.16898e+07 -68318.1 5.32274e+07 -65167.3 4.38467e+07
420006 -340145 1.42982e+08 -349278 1.44391e+08 -360938 1.42261e+08 -207171 1.12934e+08 -220133 1.15412e+08 -209687 1.10514e+08 -65832.7 5.20257e+07 -68756.8 5.36318e+07 -65595.6 4.42057e+07
422158 -344240 1.4387e+08 -353763 1.45354e+08 -365855 1.43272e+08 -209619 1.13514e+08 -222584 1.1598e+08 -212431 1.11105e+08 -66194.7 5.2355e+07 -69193.9 5.4035e+07 -66020.8 4.45622e+07
424296 -348307 1.44749e+08 -358222 1.46309e+08 -370775 1.44282e+08 -212053 1.14091e+08 -225019 1.16544e+08 -215159 1.11691e+08 -66553.8 5.26818e+07 -69628.2 5.44357e+07 -66443.6 4.49168e+07
426362 -352197 1.4559e+08 -362473 1.47216e+08 -375722 1.45296e+08 -214413 1.1465e+08 -227378 1.1709e+08 -217788 1.12256e+08 -66900.7 5.29976e+07 -70045.4 5.48203e+07 -66855.5 4.52626e+07
428384 -356082 1.46428e+08 -366601 1.48096e+08 -380479 1.46259e+08 -216706 1.15192e+08 -229692 1.17626e+08 -220340 1.12805e+08 -67239.9 5.33066e+07 -70457.7 5.52009e+07 -67253 4.5595e+07
430396 -359964 1.47264e+08 -370711 1.4897e+08 -385218 1.47216e+08 -218989 1.15732e+08 -231996 1.18158e+08 -222880 1.13351e+08 -67577.3 5.36141e+07 -70868.6 5.55802e+07 -67648 4.59253e+07
432374 -363853 1.48101e+08 -374802 1.49837e+08 -389910 1.48165e+08 -221217 1.16259e+08 -234128 1.1865e+08 -225429 1.13899e+08 -67907.8 5.39122e+07 -71270.9 5.59538e+07 -68027.1 4.62423e+07
434312 -367763 1.4894e+08 -378892 1.50702e+08 -394452 1.49088e+08 -223416 1.16779e+08 -236152 1.19117e+08 -227895 1.14422e+08 -68224.5 5.41974e+07 -71666.4 5.632e+07 -68393.9 4.65523e+07
436222 -371783 1.49791e+08 -383060 1.51577e+08 -399000 1.5001e+08 -225613 1.17297e+08 -238124 1.19571e+08 -230289 1.14926e+08 -68531.2 5.44737e+07 -72059 5.66823e+07 -68752.7 4.68575e+07
438088 -376019 1.50661e+08 -387669 1.52507e+08 -403648 1.50955e+08 -227844 1.17813e+08 -240063 1.20018e+08 -232667 1.15425e+08 -68830.5 5.47429e+07 -72445.7 5.70392e+07 -69104.9 4.71576e+07
439924 -380250 1.51529e+08 -392246 1.53426e+08 -408300 1.51899e+08 -230064 1.18323e+08 -241961 1.20455e+08 -235013 1.15917e+08 -69127.1 5.50093e+07 -72823.3 5.73877e+07 -69452.1 4.74539e+07
441724 -384479 1.52395e+08 -396800 1.54339e+08 -412937 1.52837e+08 -232256 1.18827e+08 -243823 1.20884e+08 -237314 1.16399e+08 -69418.7 5.5271e+07 -73194.9 5.77305e+07 -69790.5 4.77427e+07
443500 -388704 1.53258e+08 -401345 1.55249e+08 -417552 1.53767e+08 -234425 1.19325e+08 -245670 1.21309e+08 -239578 1.16872e+08 -69705.7 5.55289e+07 -73564.3 5.80713e+07 -70121.7 4.80254e+07
445272 -392921 1.54118e+08 -405883 1.56158e+08 -422160 1.54695e+08 -236589 1.19821e+08 -247523 1.21734e+08 -241843 1.17346e+08 -69992.9 5.57872e+07 -73933 5.84114e+07 -70452.9 4.83078e+07
447039 -397132 1.54977e+08 -410413 1.57064e+08 -426764 1.5562e+08 -238745 1.20316e+08 -249369 1.22158e+08 -244103 1.17818e+08 -70279.2 5.60446e+07 -74300.5 5.87506e+07 -70782.8 4.85892e+07
448798 -401336 1.55833e+08 -414935 1.57967e+08 -431358 1.56541e+08 -240894 1.20808e+08 -251204 1.22579e+08 -246356 1.18289e+08 -70564.1 5.63007e+07 -74666.7 5.90885e+07 -71111.4 4.88696e+07
450552 -405535 1.56688e+08 -419449 1.58868e+08 -435946 1.57459e+08 -243038 1.21299e+08 -253029 1.22998e+08 -248602 1.18758e+08 -70847.7 5.65557e+07 -75031.6 5.94253e+07 -71438.7 4.9149e+07
452299 -409727 1.57541e+08 -423953 1.59766e+08 -440529 1.58374e+08 -245175 1.21789e+08 -254845 1.23414e+08 -250841 1.19224e+08 -71130.1 5.68094e+07 -75395.3 5.97611e+07 -71764.5 4.94272e+07
454039 -413913 1.58393e+08 -428448 1.60662e+08 -445109 1.59287e+08 -247308 1.22277e+08 -256650 1.23828e+08 -253071 1.19689e+08 -71411 5.7062e+07 -75757.7 6.00958e+07 -72088.8 4.97044e+07
455773 -418093 1.59243e+08 -432932 1.61555e+08 -449683 1.60196e+08 -249434 1.22763e+08 -258445 1.24238e+08 -255294 1.20151e+08 -71690.6 5.73132e+07 -76118.9 6.04293e+07 -72411.6 4.99803e+07
457500 -422267 1.60091e+08 -437407 1.62445e+08 -454253 1.61103e+08 -251553 1.23247e+08 -260229 1.24646e+08 -257508 1.20611e+08 -71968.8 5.75631e+07 -76478.7 6.07616e+07 -72732.8 5.0255e+07
459193 -426341 1.60921e+08 -441679 1.6329e+08 -458818 1.62007e+08 -253630 1.23721e+08 -261967 1.25044e+08 -259664 1.21059e+08 -72244.2 5.78106e+07 -76826.6 6.10825e+07 -73048.4 5.05252e+07
460810 -430368 1.61742e+08 -445733 1.64094e+08 -463155 1.62858e+08 -255600 1.24171e+08 -263627 1.25423e+08 -261721 1.21486e+08 -72507.4 5.80473e+07 -77159.1 6.13895e+07 -73348.6 5.0782e+07
462409 -434381 1.6256e+08 -449728 1.64886e+08 -467434 1.63695e+08 -257544 1.24615e+08 -265267 1.25797e+08 -263749 1.21907e+08 -72767.4 5.82811e+07 -77488.6 6.16937e+07 -73644.2 5.10347e+07
463995 -438347 1.6337e+08 -453624 1.65656e+08 -471711 1.64529e+08 -259493 1.25059e+08 -266900 1.26169e+08 -265778 1.22328e+08 -73027.4 5.85149e+07 -77814.3 6.19944e+07 -73938.4 5.12864e+07
465577 -442284 1.64174e+08 -457476 1.66416e+08 -476003 1.65365e+08 -261452 1.25505e+08 -268535 1.26542e+08 -267823 1.22753e+08 -73288.7 5.87496e+07 -78138.6 6.2294e+07 -74232.9 5.15383e+07
467147 -446243 1.64978e+08 -461280 1.67166e+08 -480286 1.66198e+08 -263413 1.25951e+08 -270166 1.26914e+08 -269863 1.23176e+08 -73548.2 5.89826e+07 -78462 6.25927e+07 -74525.2 5.17886e+07
468664 -450169 1.65759e+08 -464958 1.67891e+08 -484437 1.66999e+08 -265379 1.26399e+08 -271784 1.27282e+08 -271858 1.23589e+08 -73797.7 5.92063e+07 -78781.4 6.28876e+07 -74809 5.20313e+07
470145 -453811 1.66476e+08 -468693 1.68627e+08 -488555 1.67792e+08 -267324 1.26841e+08 -273370 1.27643e+08 -273808 1.23992e+08 -74037.7 5.94213e+07 -79097.5 6.31798e+07 -75085.7 5.22677e+07
471607 -457418 1.67185e+08 -472446 1.69368e+08 -492647 1.6858e+08 -269256 1.2728e+08 -274945 1.28001e+08 -275741 1.24392e+08 -74275.4 5.96341e+07 -79411.5 6.347e+07 -75357.8 5.25001e+07
473061 -461012 1.67891e+08 -476181 1.70104e+08 -496725 1.69364e+08 -271180 1.27718e+08 -276513 1.28357e+08 -277665 1.2479e+08 -74511.8 5.98458e+07 -79724 6.37589e+07 -75628.3 5.27312e+07
474507 -464594 1.68594e+08 -479896 1.70836e+08 -500787 1.70145e+08 -273097 1.28153e+08 -278072 1.28711e+08 -279579 1.25185e+08 -74746.8 6.00562e+07 -80035.1 6.40465e+07 -75897.3 5.2961e+07
475945 -468162 1.69294e+08 -483592 1.71564e+08 -504835 1.70922e+08 -275006 1.28586e+08 -279623 1.29063e+08 -281484 1.25579e+08 -74980.5 6.02655e+07 -80344.5 6.43326e+07 -76164.6 5.31894e+07
477360 -471669 1.6998e+08 -487292 1.72292e+08 -508883 1.717e+08 -276712 1.28973e+08 -281181 1.29416e+08 -283362 1.25967e+08 -75217.3 6.04807e+07 -80643.7 6.4609e+07 -76425.7 5.34122e+07
478744 -475049 1.70636e+08 -491067 1.73034e+08 -512925 1.72479e+08 -278298 1.29332e+08 -282733 1.29768e+08 -285093 1.26332e+08 -75448.1 6.06917e+07 -80927.6 6.48722e+07 -76689.2 5.36329e+07
480096 -478360 1.71277e+08 -494842 1.73775e+08 -517002 1.73266e+08 -279828 1.29678e+08 -284127 1.30083e+08 -286825 1.26698e+08 -75672.4 6.0894e+07 -81203.5 6.51302e+07 -76937.7 5.38405e+07
481409 -481713 1.71926e+08 -498640 1.7452e+08 -520992 1.74038e+08 -281352 1.30023e+08 -285435 1.30379e+08 -288406 1.27025e+08 -75879.5 6.1081e+07 -81474.7 6.53813e+07 -77174.5 5.40421e+07
482714 -485059 1.72573e+08 -502431 1.75264e+08 -524952 1.74805e+08 -282869 1.30366e+08 -286732 1.30673e+08 -289975 1.27348e+08 -76084.6 6.12662e+07 -81744.2 6.56307e+07 -77410 5.42427e+07
484012 -488397 1.73218e+08 -506211 1.76005e+08 -528898 1.75569e+08 -284380 1.30708e+08 -288020 1.30964e+08 -291533 1.2767e+08 -76288.4 6.14502e+07 -82012.4 6.5879e+07 -77644.1 5.44422e+07
485303 -491725 1.73861e+08 -509980 1.76744e+08 -532831 1.7633e+08 -285884 1.31048e+08 -289300 1.31253e+08 -293082 1.27989e+08 -76490.9 6.1633e+07 -82279.1 6.6126e+07 -77876.7 5.46404e+07
486576 -495031 1.74499e+08 -513742 1.77481e+08 -536558 1.77061e+08 -287362 1.31382e+08 -290559 1.31538e+08 -294630 1.28308e+08 -76690.2 6.18131e+07 -82540.4 6.6368e+07 -78109.6 5.48395e+07
487841 -498321 1.75134e+08 -517492 1.78214e+08 -540207 1.7778e+08 -288828 1.31713e+08 -291816 1.31821e+08 -296178 1.28626e+08 -76888.5 6.19924e+07 -82799.4 6.6608e+07 -78342.7 5.50387e+07
489099 -501599 1.75765e+08 -521287 1.78944e+08 -543839 1.78495e+08 -290289 1.32042e+08 -293069 1.32104e+08 -297717 1.28943e+08 -77086 6.21709e+07 -83057.2 6.68469e+07 -78574.8 5.52371e+07
490351 -504864 1.76394e+08 -525076 1.79671e+08 -547453 1.79207e+08 -291742 1.3237e+08 -294318 1.32385e+08 -299249 1.29259e+08 -77282.4 6.23486e+07 -83313.5 6.70846e+07 -78805.8 5.54344e+07
491590 -508091 1.77016e+08 -528792 1.80382e+08 -551049 1.79915e+08 -293182 1.32694e+08 -295551 1.32663e+08 -300763 1.2957e+08 -77477.8 6.25252e+07 -83565.6 6.73182e+07 -79034.9 5.56302e+07
492793 -511205 1.77621e+08 -532250 1.8104e+08 -554590 1.80614e+08 -294583 1.3301e+08 -296736 1.3293e+08 -302208 1.29869e+08 -77670.8 6.26996e+07 -83803.7 6.75387e+07 -79259.2 5.58217e+07
493944 -514274 1.78217e+08 -535508 1.81666e+08 -557894 1.81255e+08 -295911 1.33309e+08 -297883 1.33188e+08 -303565 1.30149e+08 -77855.1 6.28665e+07 -84036.9 6.77546e+07 -79466.7 5.59978e+07
495070 -517315 1.78807e+08 -538740 1.82286e+08 -561173 1.81892e+08 -297216 1.33603e+08 -299011 1.33442e+08 -304905 1.30425e+08 -78035.9 6.30301e+07 -84266.1 6.79668e+07 -79669.6 5.61703e+07
496196 -520344 1.79394e+08 -541993 1.82911e+08 -564453 1.82529e+08 -298521 1.33896e+08 -300140 1.33696e+08 -306246 1.30702e+08 -78216.2 6.31934e+07 -84495.6 6.81793e+07 -79872.7 5.63429e+07
497317 -523360 1.79979e+08 -545238 1.83535e+08 -567718 1.83163e+08 -299823 1.34189e+08 -301287 1.33951e+08 -307593 1.30979e+08 -78396.5 6.33567e+07 -84724.4 6.83913e+07 -80075.2 5.65148e+07
498434 -526360 1.80561e+08 -548475 1.84157e+08 -570969 1.83795e+08 -301121 1.3448e+08 -302456 1.34208e+08 -308945 1.31259e+08 -78576.8 6.35201e+07 -84952.8 6.86031e+07 -80277.3 5.66861e+07
499546 -529347 1.8114e+08 -551701 1.84777e+08 -574204 1.84425e+08 -302449 1.34774e+08 -303643 1.34469e+08 -310297 1.31538e+08 -78757.5 6.36841e+07 -85180.3 6.88138e+07 -80480.2 5.68581e+07
500653 -532322 1.81717e+08 -554920 1.85396e+08 -577425 1.85051e+08 -303773 1.35067e+08 -304826 1.34729e+08 -311644 1.31816e+08 -78937.4 6.38476e+07 -85406.9 6.90238e+07 -80682.3 5.70295e+07
501756 -535283 1.82291e+08 -558131 1.86014e+08 -580630 1.85675e+08 -305091 1.35359e+08 -306006 1.34988e+08 -312987 1.32093e+08 -79116.8 6.40106e+07 -85632.7 6.9233e+07 -80883.6 5.72003e+07
502850 -538247 1.82866e+08 -561303 1.86601e+08 -583826 1.86298e+08 -306403 1.35648e+08 -307174 1.35244e+08 -314327 1.32369e+08 -79294.7 6.41721e+07 -85856.9 6.94408e+07 -81083 5.73694e+07
503930 -541217 1.83429e+08 -564423 1.87147e+08 -587017 1.86921e+08 -307706 1.35936e+08 -308338 1.355e+08 -315662 1.32644e+08 -79470.8 6.4332e+07 -86079.8 6.96475e+07 -81280.3 5.75368e+07
505000 -544135 1.83945e+08 -567540 1.87692e+08 -590260 1.8755e+08 -308998 1.36222e+08 -309498 1.35754e+08 -316993 1.32918e+08 -79646.8 6.4492e+07 -86300 6.98516e+07 -81475.2 5.77021e+07
506067 -547031 1.84458e+08 -570630 1.88232e+08 -593679 1.88201e+08 -310285 1.36506e+08 -310656 1.36008e+08 -318320 1.33191e+08 -79822.6 6.46518e+07 -86520.1 7.00557e+07 -81669.2 5.78667e+07
507130 -549915 1.84968e+08 -573711 1.88771e+08 -597093 1.8885e+08 -311566 1.36788e+08 -311810 1.3626e+08 -319636 1.33462e+08 -79997.2 6.48106e+07 -86739.8 7.02592e+07 -81861.7 5.803e+07
508188 -552787 1.85476e+08 -576781 1.89308e+08 -600504 1.89499e+08 -312842 1.37069e+08 -312961 1.36512e+08 -320949 1.33732e+08 -80171.3 6.4969e+07 -86958.7 7.0462e+07 -82053.4 5.81927e+07
509242 -555646 1.85981e+08 -579840 1.89843e+08 -603907 1.90145e+08 -314112 1.37349e+08 -314108 1.36763e+08 -322260 1.34001e+08 -80344.7 6.51269e+07 -87176.6 7.06639e+07 -82244.6 5.8355e+07
510291 -558490 1.86484e+08 -582891 1.90376e+08 -607292 1.90789e+08 -315381 1.37629e+08 -315251 1.37013e+08 -323567 1.34269e+08 -80517.3 6.52839e+07 -87393.6 7.08651e+07 -82435.3 5.8517e+07
511337 -561322 1.86984e+08 -585933 1.90908e+08 -610667 1.9143e+08 -316655 1.37909e+08 -316391 1.37262e+08 -324870 1.34537e+08 -80688.9 6.544e+07 -87610.4 7.1066e+07 -82625.6 5.86785e+07
512379 -564139 1.87481e+08 -588965 1.91437e+08 -614031 1.9207e+08 -317926 1.38189e+08 -317528 1.37511e+08 -326169 1.34803e+08 -80860 6.55956e+07 -87826.4 7.12663e+07 -82815.1 5.88394e+07
513417 -566944 1.87976e+08 -591981 1.91964e+08 -617386 1.92708e+08 -319194 1.38468e+08 -318661 1.37758e+08 -327464 1.35069e+08 -81030.5 6.57507e+07 -88041.7 7.1466e+07 -83004 5.89996e+07
514451 -569738 1.88468e+08 -594985 1.92489e+08 -620730 1.93344e+08 -320458 1.38746e+08 -319792 1.38005e+08 -328755 1.35333e+08 -81200.4 6.59052e+07 -88256.4 7.1665e+07 -83192.1 5.91593e+07
515474 -572518 1.88957e+08 -598004 1.93015e+08 -624007 1.93926e+08 -321721 1.39023e+08 -320917 1.3825e+08 -330049 1.35598e+08 -81369.7 6.60591e+07 -88468.1 7.18614e+07 -83379.4 5.93185e+07
516489 -575261 1.89441e+08 -600969 1.9353e+08 -627267 1.94489e+08 -322990 1.39302e+08 -322041 1.38495e+08 -331350 1.35865e+08 -81539.9 6.62138e+07 -88677.1 7.20551e+07 -83566.8 5.9478e+07
517487 -577979 1.89922e+08 -603797 1.94022e+08 -630427 1.95032e+08 -324285 1.39586e+08 -323179 1.38743e+08 -332668 1.36134e+08 -81707 6.63686e+07 -88875.5 7.22359e+07 -83756.6 5.964e+07
518461 -580677 1.90399e+08 -606604 1.94511e+08 -633559 1.95569e+08 -325566 1.39867e+08 -324303 1.38988e+08 -333982 1.36403e+08 -81867.5 6.65208e+07 -89056.8 7.23975e+07 -83950.6 5.98063e+07
519428 -583358 1.90872e+08 -609396 1.94997e+08 -636679 1.96104e+08 -326840 1.40147e+08 -325423 1.39232e+08 -335290 1.3667e+08 -82026.9 6.66722e+07 -89237.1 7.25583e+07 -84143.2 5.99714e+07
520391 -586025 1.91342e+08 -612173 1.9548e+08 -639781 1.96636e+08 -328111 1.40425e+08 -326543 1.39475e+08 -336594 1.36936e+08 -82185.8 6.68231e+07 -89417.4 7.2719e+07 -84334.5 6.01353e+07
521346 -588599 1.91794e+08 -614939 1.95961e+08 -642868 1.97165e+08 -329372 1.40702e+08 -327657 1.39717e+08 -337889 1.372e+08 -82342.1 6.69717e+07 -89597.4 7.28796e+07 -84524.7 6.02982e+07
522287 -590999 1.92212e+08 -617695 1.96441e+08 -645933 1.97689e+08 -330614 1.40974e+08 -328760 1.39957e+08 -339168 1.37461e+08 -82493.5 6.71158e+07 -89777.4 7.30403e+07 -84713.1 6.04595e+07
523226 -593387 1.92627e+08 -620438 1.96918e+08 -648989 1.98212e+08 -331855 1.41245e+08 -329863 1.40196e+08 -340446 1.37722e+08 -82644.6 6.72596e+07 -89956.8 7.32007e+07 -84901.1 6.06204e+07
524161 -595767 1.93041e+08 -623169 1.97394e+08 -652036 1.98734e+08 -333094 1.41516e+08 -330965 1.40435e+08 -341724 1.37982e+08 -82795.4 6.74033e+07 -90135.8 7.33606e+07 -85088.6 6.0781e+07
525095 -598144 1.93454e+08 -625885 1.97866e+08 -655076 1.99254e+08 -334331 1.41787e+08 -332067 1.40674e+08 -343002 1.38243e+08 -82946.1 6.75469e+07 -90314.3 7.35201e+07 -85275.8 6.09413e+07
526025 -600509 1.93864e+08 -628587 1.98336e+08 -658107 1.99772e+08 -335567 1.42057e+08 -333169 1.40913e+08 -344279 1.38503e+08 -83096.6 6.76903e+07 -90492.3 7.36791e+07 -85462.6 6.11012e+07
526952 -602861 1.94272e+08 -631273 1.98804e+08 -661128 2.00288e+08 -336800 1.42327e+08 -334270 1.41151e+08 -345556 1.38763e+08 -83246.8 6.78335e+07 -90669.7 7.38376e+07 -85648.9 6.12608e+07
527876 -605200 1.94677e+08 -633951 1.9927e+08 -664145 2.00804e+08 -338031 1.42595e+08 -335370 1.4139e+08 -346832 1.39023e+08 -83396.7 6.79765e+07 -90846.5 7.39955e+07 -85834.9 6.14201e+07
528797 -607523 1.95079e+08 -636622 1.99734e+08 -667155 2.01319e+08 -339259 1.42863e+08 -336469 1.41627e+08 -348108 1.39282e+08 -83546.5 6.81194e+07 -91022.7 7.41529e+07 -86020.6 6.15792e+07
529716 -609832 1.95477e+08 -639290 2.00197e+08 -670153 2.01831e+08 -340482 1.4313e+08 -337568 1.41865e+08 -349382 1.39541e+08 -83696 6.82621e+07 -91198.5 7.43098e+07 -86205.7 6.17379e+07
530632 -612127 1.95873e+08 -641957 2.00661e+08 -673136 2.02341e+08 -341700 1.43396e+08 -338666 1.42102e+08 -350655 1.398e+08 -83845.1 6.84046e+07 -91373.8 7.44664e+07 -86390.4 6.18961e+07
531545 -614407 1.96266e+08 -644616 2.01122e+08 -676106 2.02848e+08 -342920 1.43661e+08 -339763 1.42339e+08 -351926 1.40058e+08 -83993.9 6.85467e+07 -91548.8 7.46226e+07 -86574.8 6.20541e+07
532456 -616677 1.96657e+08 -647265 2.01582e+08 -679061 2.03352e+08 -344145 1.43928e+08 -340860 1.42576e+08 -353197 1.40316e+08 -84142.1 6.86883e+07 -91723.6 7.47787e+07 -86759 6.22119e+07
533364 -618937 1.97047e+08 -649902 2.0204e+08 -682004 2.03855e+08 -345369 1.44194e+08 -341956 1.42813e+08 -354468 1.40574e+08 -84290.1 6.88297e+07 -91898.1 7.49345e+07 -86943 6.23695e+07
534270 -621188 1.97435e+08 -652527 2.02495e+08 -684935 2.04355e+08 -346593 1.44461e+08 -343052 1.43049e+08 -355737 1.40832e+08 -84437.8 6.89708e+07 -92072.2 7.50899e+07 -87126.6 6.25269e+07
535172 -623387 1.97814e+08 -655145 2.02948e+08 -687852 2.04853e+08 -347813 1.44726e+08 -344150 1.43286e+08 -357008 1.41089e+08 -84584.7 6.91113e+07 -92246.2 7.52453e+07 -87309.9 6.26839e+07
536065 -625407 1.98158e+08 -657772 2.03404e+08 -690761 2.05349e+08 -349017 1.44987e+08 -345259 1.43524e+08 -358288 1.41349e+08 -84728.8 6.92496e+07 -92421.4 7.5402e+07 -87492.8 6.28406e+07
536952 -627412 1.985e+08 -660381 2.03856e+08 -693646 2.05841e+08 -350234 1.45251e+08 -346376 1.43765e+08 -359571 1.41609e+08 -84878.2 6.93926e+07 -92590.5 7.55561e+07 -87664.4 6.2983e+07
537833 -629399 1.98839e+08 -662970 2.04306e+08 -696503 2.06328e+08 -351472 1.4552e+08 -347511 1.44009e+08 -360848 1.41868e+08 -85035.1 6.95425e+07 -92760.5 7.57127e+07 -87810.1 6.31079e+07
538711 -631375 1.99176e+08 -665546 2.04753e+08 -699341 2.06813e+08 -352709 1.45788e+08 -348646 1.44253e+08 -362124 1.42127e+08 -85191.5 6.96919e+07 -92930.2 7.5869e+07 -87955.5 6.32324e+07
539586 -633341 1.99512e+08 -668106 2.05199e+08 -702163 2.07294e+08 -353945 1.46056e+08 -349780 1.44497e+08 -363399 1.42385e+08 -85347.5 6.98411e+07 -93099.3 7.60248e+07 -88100.6 6.33568e+07
540459 -635296 1.99846e+08 -670650 2.05642e+08 -704973 2.07773e+08 -355180 1.46323e+08 -350913 1.44741e+08 -364674 1.42644e+08 -85503.3 6.99901e+07 -93268.1 7.61802e+07 -88245.5 6.34809e+07
541329 -637240 2.00179e+08 -673177 2.06083e+08 -707770 2.0825e+08 -356415 1.46591e+08 -352046 1.44984e+08 -365948 1.42902e+08 -85658.9 7.01389e+07 -93436.3 7.63352e+07 -88390.1 6.36047e+07
542187 -639158 2.00507e+08 -675700 2.06524e+08 -710569 2.08727e+08 -357500 1.46824e+08 -353187 1.45229e+08 -367218 1.43159e+08 -85817.2 7.02925e+07 -93599.6 7.64854e+07 -88530.7 6.37253e+07
543041 -641061 2.00832e+08 -678207 2.06963e+08 -713358 2.09202e+08 -358556 1.47052e+08 -354329 1.45474e+08 -368486 1.43416e+08 -85975.8 7.04469e+07 -93761.5 7.66342e+07 -88670.3 6.3845e+07
543892 -642954 2.01156e+08 -680693 2.074e+08 -716132 2.09674e+08 -359611 1.47279e+08 -355470 1.45719e+08 -369754 1.43672e+08 -86134 7.0601e+07 -93922.9 7.67825e+07 -88809.6 6.39645e+07
544740 -644833 2.01479e+08 -683158 2.07833e+08 -718892 2.10143e+08 -360665 1.47506e+08 -356610 1.45963e+08 -371025 1.43929e+08 -86292.1 7.07549e+07 -94083.9 7.69306e+07 -88948.6 6.40838e+07
545586 -646701 2.01799e+08 -685598 2.08264e+08 -721638 2.10611e+08 -361719 1.47732e+08 -357750 1.46207e+08 -372297 1.44186e+08 -86449.9 7.09086e+07 -94244.6 7.70783e+07 -89087.2 6.42028e+07
546429 -648556 2.02118e+08 -688013 2.08691e+08 -724370 2.11077e+08 -362773 1.47958e+08 -358888 1.46451e+08 -373569 1.44443e+08 -86607.3 7.1062e+07 -94404.9 7.72255e+07 -89225.5 6.43215e+07
547269 -650399 2.02435e+08 -690404 2.09115e+08 -727087 2.11542e+08 -363825 1.48184e+08 -360026 1.46694e+08 -374841 1.44699e+08 -86764.5 7.12151e+07 -94564.6 7.73724e+07 -89363.4 6.44399e+07
548099 -652233 2.02751e+08 -692780 2.09537e+08 -729797 2.12005e+08 -364862 1.48407e+08 -361112 1.46926e+08 -376112 1.44955e+08 -86920.1 7.13659e+07 -94721 7.75165e+07 -89497.7 6.45552e+07
548923 -654055 2.03066e+08 -695144 2.09958e+08 -732498 2.12469e+08 -365889 1.48628e+08 -362167 1.47151e+08 -377383 1.45212e+08 -87074.7 7.15153e+07 -94875.2 7.76589e+07 -89629.8 6.46688e+07
549734 -655875 2.03381e+08 -697505 2.10378e+08 -735188 2.12931e+08 -366907 1.48847e+08 -363187 1.47369e+08 -378591 1.45452e+08 -87222.8 7.16588e+07 -95029.4 7.78003e+07 -89756 6.47782e+07
550542 -657671 2.03692e+08 -700010 2.10816e+08 -737855 2.13389e+08 -367925 1.49065e+08 -364203 1.47585e+08 -379795 1.45691e+08 -87370.9 7.18023e+07 -95182.5 7.79407e+07 -89881.8 6.48875e+07
551336 -659430 2.03999e+08 -702555 2.11255e+08 -740489 2.13844e+08 -368932 1.49281e+08 -365200 1.47798e+08 -380981 1.45927e+08 -87518 7.19447e+07 -95331.1 7.80768e+07 -90006.3 6.49957e+07
552111 -661146 2.043e+08 -704973 2.11672e+08 -742996 2.14274e+08 -369915 1.49492e+08 -366175 1.48006e+08 -382121 1.46153e+08 -87662.6 7.20848e+07 -95477 7.82102e+07 -90124.1 6.50976e+07
552883 -662845 2.04599e+08 -707391 2.1209e+08 -745478 2.14702e+08 -370899 1.49702e+08 -367150 1.48213e+08 -383261 1.46379e+08 -87807 7.22247e+07 -95622.5 7.83432e+07 -90241.6 6.51993e+07
553654 -664529 2.04895e+08 -709813 2.12509e+08 -747933 2.15126e+08 -371881 1.49913e+08 -368125 1.48421e+08 -384399 1.46605e+08 -87951.1 7.23643e+07 -95767.7 7.84759e+07 -90358.8 6.53007e+07
554422 -666194 2.05189e+08 -712231 2.12927e+08 -750360 2.15546e+08 -372862 1.50123e+08 -369098 1.48628e+08 -385538 1.46831e+08 -88095 7.25038e+07 -95912.4 7.86081e+07 -90475.7 6.54018e+07
555187 -667840 2.0548e+08 -714647 2.13346e+08 -752758 2.15963e+08 -373843 1.50333e+08 -370071 1.48835e+08 -386674 1.47056e+08 -88238.6 7.2643e+07 -96056.5 7.87398e+07 -90592.4 6.55028e+07
555940 -669481 2.05771e+08 -717077 2.13766e+08 -755122 2.16376e+08 -374816 1.50541e+08 -371041 1.49041e+08 -387709 1.47266e+08 -88377.6 7.27777e+07 -96194 7.88659e+07 -90713.3 6.56051e+07
556691 -671107 2.0606e+08 -719501 2.14186e+08 -757452 2.16785e+08 -375788 1.50749e+08 -372011 1.49246e+08 -388743 1.47475e+08 -88516.5 7.29122e+07 -96330.9 7.89915e+07 -90833.8 6.57072e+07
557438 -672715 2.06346e+08 -721918 2.14605e+08 -759730 2.17188e+08 -376758 1.50956e+08 -372977 1.49451e+08 -389774 1.47684e+08 -88654.9 7.30463e+07 -96467.1 7.91164e+07 -90953.7 6.58088e+07
558180 -674304 2.06629e+08 -724327 2.15023e+08 -761941 2.17581e+08 -377724 1.51162e+08 -373938 1.49655e+08 -390801 1.47891e+08 -88792.8 7.31799e+07 -96602.3 7.92404e+07 -91072.5 6.59095e+07
558919 -675875 2.06909e+08 -726730 2.1544e+08 -764109 2.1797e+08 -378689 1.51368e+08 -374898 1.49858e+08 -391827 1.48099e+08 -88930.4 7.33132e+07 -96736.9 7.93637e+07 -91191 6.60099e+07
559654 -677428 2.07187e+08 -729127 2.15856e+08 -766230 2.18352e+08 -379653 1.51573e+08 -375857 1.50061e+08 -392852 1.48306e+08 -89067.7 7.34464e+07 -96870.8 7.94865e+07 -91309.2 6.611e+07
560386 -678962 2.07461e+08 -731520 2.16272e+08 -768298 2.18728e+08 -380617 1.51779e+08 -376815 1.50264e+08 -393877 1.48513e+08 -89204.7 7.35792e+07 -97003.9 7.96085e+07 -91427 6.62099e+07
561127 -680697 2.07746e+08 -733861 2.16679e+08 -770710 2.19144e+08 -381582 1.51984e+08 -377778 1.50468e+08 -394903 1.4872e+08 -89342.3 7.37128e+07 -97139.4 7.97327e+07 -91545.2 6.63098e+07
561874 -682522 2.08034e+08 -736172 2.17082e+08 -773318 2.19584e+08 -382547 1.5219e+08 -378745 1.50672e+08 -395930 1.48927e+08 -89480.3 7.38469e+07 -97276.1 7.9858e+07 -91663.4 6.64098e+07
562617 -684333 2.0832e+08 -738469 2.17483e+08 -775886 2.20018e+08 -383505 1.52393e+08 -379704 1.50875e+08 -396959 1.49135e+08 -89617.3 7.398e+07 -97411.1 7.99819e+07 -91782.6 6.65108e+07
563356 -686136 2.08605e+08 -740754 2.17883e+08 -778436 2.20449e+08 -384461 1.52597e+08 -380659 1.51076e+08 -397990 1.49342e+08 -89753.9 7.41126e+07 -97545.3 8.01051e+07 -91902 6.6612e+07
564089 -687924 2.08888e+08 -743026 2.1828e+08 -780969 2.20878e+08 -385410 1.52798e+08 -381609 1.51277e+08 -399011 1.49548e+08 -89889.4 7.42444e+07 -97678.4 8.02272e+07 -92019.5 6.67117e+07
564819 -689700 2.09168e+08 -745287 2.18676e+08 -783495 2.21306e+08 -386359 1.53e+08 -382559 1.51477e+08 -400033 1.49753e+08 -90024.9 7.43761e+07 -97811.2 8.0349e+07 -92136.9 6.68112e+07
565547 -691463 2.09447e+08 -747538 2.1907e+08 -786013 2.21733e+08 -387312 1.53202e+08 -383590 1.51686e+08 -401085 1.49967e+08 -90162.3 7.45096e+07 -97944.4 8.04716e+07 -92254.8 6.69103e+07
566268 -693221 2.09726e+08 -749758 2.19461e+08 -788438 2.22142e+08 -388272 1.53406e+08 -384655 1.519e+08 -402142 1.50181e+08 -90299.2 7.46427e+07 -98080.2 8.05967e+07 -92369.4 6.70062e+07
566984 -694971 2.10004e+08 -751955 2.1985e+08 -790805 2.2254e+08 -389233 1.5361e+08 -385729 1.52116e+08 -403197 1.50394e+08 -90435.4 7.47754e+07 -98217.4 8.07229e+07 -92482.1 6.71001e+07
567700 -696708 2.1028e+08 -754141 2.20237e+08 -793166 2.22937e+08 -390197 1.53815e+08 -386802 1.52331e+08 -404254 1.50608e+08 -90571.3 7.49079e+07 -98354.5 8.0849e+07 -92594.7 6.7194e+07
568412 -698431 2.10555e+08 -756313 2.20622e+08 -795518 2.23333e+08 -391214 1.54025e+08 -387907 1.52553e+08 -405315 1.50822e+08 -90708.7 7.50423e+07 -98491.2 8.09745e+07 -92709.1 6.72895e+07
569118 -700114 2.10827e+08 -758368 2.20985e+08 -797879 2.23731e+08 -392272 1.54242e+08 -389024 1.52778e+08 -406387 1.51039e+08 -90848.9 7.51793e+07 -98624 8.1096e+07 -92824.7 6.73865e+07
569819 -701774 2.11097e+08 -760371 2.21339e+08 -800238 2.24128e+08 -393336 1.54459e+08 -390140 1.53002e+08 -407464 1.51256e+08 -90989.9 7.5317e+07 -98755.2 8.12159e+07 -92940.4 6.74835e+07
570520 -703419 2.11365e+08 -762365 2.21692e+08 -802589 2.24525e+08 -394400 1.54677e+08 -391256 1.53226e+08 -408542 1.51474e+08 -91130.8 7.54547e+07 -98886.2 8.13356e+07 -93055.9 6.75804e+07
571218 -705048 2.11631e+08 -764350 2.22044e+08 -804931 2.2492e+08 -395464 1.54894e+08 -392373 1.5345e+08 -409621 1.51692e+08 -91271.6 7.55923e+07 -99016.9 8.1455e+07 -93171.2 6.76772e+07
571916 -706660 2.11896e+08 -766329 2.22395e+08 -807261 2.25313e+08 -396529 1.55112e+08 -393492 1.53675e+08 -410701 1.51909e+08 -91412.4 7.573e+07 -99147.3 8.15742e+07 -93286.5 6.77738e+07
572612 -708254 2.12158e+08 -768306 2.22746e+08 -809588 2.25707e+08 -397593 1.55329e+08 -394609 1.53899e+08 -411781 1.52127e+08 -91553.2 7.58677e+07 -99277.1 8.16927e+07 -93402 6.78708e+07
573305 -709832 2.1242e+08 -770285 2.23098e+08 -811844 2.26092e+08 -398661 1.55547e+08 -395727 1.54123e+08 -412872 1.52347e+08 -91693.3 7.60047e+07 -99405.1 8.18098e+07 -93520 6.79701e+07
573995 -711391 2.12679e+08 -772259 2.23448e+08 -814091 2.26475e+08 -399728 1.55765e+08 -396846 1.54347e+08 -413963 1.52567e+08 -91833.4 7.61417e+07 -99532.7 8.19265e+07 -93637.8 6.80692e+07
574685 -712938 2.12938e+08 -774226 2.23798e+08 -816328 2.26857e+08 -400796 1.55983e+08 -397964 1.54571e+08 -415054 1.52787e+08 -91973.4 7.62787e+07 -99659.9 8.20429e+07 -93755.4 6.81682e+07
575373 -714465 2.13195e+08 -776188 2.24147e+08 -818554 2.27238e+08 -401864 1.56201e+08 -399082 1.54795e+08 -416145 1.53007e+08 -92113.4 7.64157e+07 -99786.8 8.21589e+07 -93872.9 6.8267e+07
576063 -716195 2.13469e+08 -778137 2.24494e+08 -820768 2.27617e+08 -402932 1.56419e+08 -400202 1.55019e+08 -417239 1.53227e+08 -92252.9 7.65523e+07 -99914.4 8.22756e+07 -93990.9 6.83663e+07
576754 -717976 2.13747e+08 -780084 2.24841e+08 -822971 2.27995e+08 -403999 1.56637e+08 -401323 1.55243e+08 -418332 1.53447e+08 -92392.1 7.66888e+07 -100042 8.23925e+07 -94109.1 6.84656e+07
577442 -719751 2.14024e+08 -782031 2.25188e+08 -825163 2.28371e+08 -405065 1.56855e+08 -402444 1.55468e+08 -419418 1.53666e+08 -92530.8 7.68247e+07 -100169 8.25087e+07 -94227.7 6.85652e+07
578130 -721518 2.143e+08 -783971 2.25534e+08 -827417 2.28746e+08 -406130 1.57072e+08 -403565 1.55692e+08 -420499 1.53884e+08 -92669.1 7.69604e+07 -100295 8.26244e+07 -94346.9 6.86651e+07
578817 -723274 2.14575e+08 -785905 2.2588e+08 -829705 2.29121e+08 -407196 1.5729e+08 -404687 1.55916e+08 -421581 1.54102e+08 -92807.4 7.7096e+07 -100421 8.27399e+07 -94466 6.8765e+07
579501 -725018 2.14848e+08 -787827 2.26224e+08 -831976 2.29494e+08 -408271 1.57509e+08 -405815 1.56142e+08 -422682 1.54324e+08 -92942.6 7.72326e+07 -100533 8.28389e+07 -94592.3 6.88718e+07
580182 -726750 2.1512e+08 -789740 2.26566e+08 -834230 2.29864e+08 -409351 1.5773e+08 -406947 1.56368e+08 -423793 1.54548e+08 -93076.2 7.73697e+07 -100638 8.29288e+07 -94722.6 6.89825e+07
580862 -728472 2.15391e+08 -791645 2.26908e+08 -836472 2.30232e+08 -410432 1.5795e+08 -408078 1.56593e+08 -424904 1.54772e+08 -93209.6 7.75067e+07 -100742 8.30184e+07 -94852.7 6.90931e+07
581540 -730185 2.1566e+08 -793543 2.27249e+08 -838701 2.30599e+08 -411512 1.58171e+08 -409210 1.56819e+08 -426016 1.54996e+08 -93342.9 7.76437e+07 -100846 8.31078e+07 -94982.6 6.92035e+07
582218 -731892 2.15929e+08 -795432 2.27588e+08 -840917 2.30964e+08 -412592 1.58392e+08 -410342 1.57045e+08 -427128 1.5522e+08 -93476.2 7.77806e+07 -100949 8.31968e+07 -95112.5 6.93138e+07
582894 -733593 2.16197e+08 -797311 2.27926e+08 -843118 2.31328e+08 -413673 1.58612e+08 -411475 1.57271e+08 -428241 1.55444e+08 -93609.3 7.79175e+07 -101053 8.32856e+07 -95242.3 6.94241e+07
583569 -735287 2.16465e+08 -799181 2.28263e+08 -845305 2.31689e+08 -414753 1.58833e+08 -412607 1.57497e+08 -429353 1.55668e+08 -93742.4 7.80543e+07 -101155 8.3374e+07 -95372 6.95342e+07
584242 -736975 2.16731e+08 -801040 2.28598e+08 -847478 2.3205e+08 -415834 1.59053e+08 -413740 1.57723e+08 -430467 1.55891e+08 -93875.4 7.81911e+07 -101258 8.34622e+07 -95501.6 6.96443e+07
584915 -738656 2.16997e+08 -802889 2.28932e+08 -849635 2.32409e+08 -416914 1.59273e+08 -414872 1.57949e+08 -431580 1.56115e+08 -94008.2 7.83279e+07 -101360 8.35501e+07 -95631.1 6.97542e+07
585586 -740330 2.17262e+08 -804729 2.29265e+08 -851775 2.32766e+08 -417995 1.59494e+08 -416005 1.58174e+08 -432694 1.56339e+08 -94141 7.84646e+07 -101462 8.36377e+07 -95760.5 6.9864e+07
586256 -741997 2.17526e+08 -806559 2.29597e+08 -853898 2.33121e+08 -419076 1.59714e+08 -417138 1.584e+08 -433808 1.56562e+08 -94273.7 7.86013e+07 -101564 8.37249e+07 -95889.7 6.99737e+07
586924 -743656 2.17789e+08 -808380 2.29928e+08 -856003 2.33475e+08 -420156 1.59935e+08 -418272 1.58626e+08 -434922 1.56786e+08 -94406.4 7.87379e+07 -101665 8.38119e+07 -96018.9 7.00833e+07
587592 -745308 2.18051e+08 -810191 2.30257e+08 -858089 2.33826e+08 -421237 1.60155e+08 -419405 1.58852e+08 -436037 1.5701e+08 -94538.9 7.88745e+07 -101766 8.38985e+07 -96147.9 7.01928e+07
588257 -746953 2.18312e+08 -811991 2.30586e+08 -860155 2.34176e+08 -422318 1.60375e+08 -420538 1.59077e+08 -437152 1.57233e+08 -94671.3 7.90111e+07 -101867 8.39847e+07 -96276.8 7.03022e+07
588921 -748590 2.18572e+08 -813781 2.30913e+08 -862199 2.34523e+08 -423399 1.60596e+08 -421671 1.59303e+08 -438267 1.57457e+08 -94803.7 7.91476e+07 -101967 8.40706e+07 -96405.6 7.04114e+07
589584 -750216 2.18831e+08 -815560 2.31239e+08 -864221 2.34868e+08 -424480 1.60816e+08 -422805 1.59529e+08 -439382 1.5768e+08 -94935.8 7.9284e+07 -102067 8.41562e+07 -96534.3 7.05205e+07
590245 -751835 2.19088e+08 -817327 2.31564e+08 -866218 2.35211e+08 -425560 1.61036e+08 -423938 1.59754e+08 -440498 1.57903e+08 -95067.8 7.94202e+07 -102166 8.42414e+07 -96662.8 7.06295e+07
590904 -753445 2.19345e+08 -819082 2.31888e+08 -868189 2.3555e+08 -426641 1.61256e+08 -425072 1.5998e+08 -441614 1.58127e+08 -95199.7 7.95565e+07 -102265 8.43262e+07 -96791.2 7.07383e+07
591561 -755047 2.19601e+08 -820824 2.3221e+08 -870134 2.35888e+08 -427720 1.61476e+08 -426205 1.60205e+08 -442728 1.5835e+08 -95331.4 7.96925e+07 -102364 8.44107e+07 -96919.1 7.08468e+07
592212 -756640 2.19855e+08 -822552 2.3253e+08 -872061 2.36223e+08 -428796 1.61695e+08 -427333 1.60429e+08 -443836 1.58571e+08 -95462.5 7.9828e+07 -102462 8.44945e+07 -97045.8 7.09541e+07
592856 -758225 2.20109e+08 -824280 2.32851e+08 -873861 2.36521e+08 -429870 1.61914e+08 -428455 1.60652e+08 -444936 1.58791e+08 -95592.8 7.99627e+07 -102558 8.45762e+07 -97172.3 7.10611e+07
593494 -759798 2.20361e+08 -825993 2.3317e+08 -875638 2.36815e+08 -430941 1.62132e+08 -429573 1.60875e+08 -446028 1.5901e+08 -95722.6 8.00968e+07 -102652 8.4657e+07 -97297.8 7.11674e+07
594131 -761363 2.20611e+08 -827689 2.33487e+08 -877402 2.37107e+08 -432011 1.6235e+08 -430691 1.61097e+08 -447120 1.59228e+08 -95852.3 8.02308e+07 -102747 8.47375e+07 -97423.3 7.12735e+07
594766 -762918 2.20861e+08 -829363 2.33801e+08 -879154 2.37398e+08 -433083 1.62568e+08 -431809 1.61319e+08 -448213 1.59447e+08 -95982.1 8.0365e+07 -102840 8.48174e+07 -97548.7 7.13795e+07
595399 -764462 2.21109e+08 -831014 2.34113e+08 -880889 2.37687e+08 -434150 1.62784e+08 -432935 1.61543e+08 -449314 1.59667e+08 -96100.2 8.04855e+07 -102938 8.49011e+07 -97675.4 7.14865e+07
596027 -766000 2.21357e+08 -832644 2.34422e+08 -882609 2.37974e+08 -435206 1.62999e+08 -434054 1.61765e+08 -450413 1.59886e+08 -96204.9 8.05907e+07 -103038 8.49884e+07 -97802.8 7.15942e+07
596642 -767537 2.21605e+08 -834256 2.34729e+08 -884321 2.38261e+08 -436240 1.6321e+08 -435114 1.61975e+08 -451484 1.60099e+08 -96305.7 8.06916e+07 -103137 8.5074e+07 -97925.6 7.16983e+07
597256 -769064 2.21852e+08 -835845 2.35033e+08 -886020 2.38547e+08 -437274 1.6342e+08 -436174 1.62186e+08 -452554 1.60311e+08 -96406.3 8.07925e+07 -103236 8.51593e+07 -98048.2 7.18023e+07
597869 -770581 2.22097e+08 -837411 2.35335e+08 -887705 2.38831e+08 -438308 1.63631e+08 -437234 1.62396e+08 -453625 1.60523e+08 -96506.7 8.08933e+07 -103334 8.52443e+07 -98170.7 7.19062e+07
598480 -772087 2.22341e+08 -838950 2.35634e+08 -889377 2.39114e+08 -439341 1.63841e+08 -438294 1.62606e+08 -454697 1.60736e+08 -96607 8.09939e+07 -103432 8.53289e+07 -98293.2 7.20101e+07
599087 -773577 2.22583e+08 -840466 2.3593e+08 -891030 2.39395e+08 -440389 1.64054e+08 -439365 1.62819e+08 -455775 1.60949e+08 -96711.4 8.10981e+07 -103524 8.54108e+07 -98406.2 7.21013e+07
599691 -775058 2.22824e+08 -841969 2.36224e+08 -892654 2.39672e+08 -441446 1.64269e+08 -440441 1.63032e+08 -456853 1.61162e+08 -96818.6 8.12047e+07 -103612 8.5491e+07 -98512.3 7.21835e+07
600290 -776527 2.23063e+08 -843454 2.36517e+08 -894232 2.39941e+08 -442495 1.64482e+08 -441511 1.63245e+08 -457920 1.61373e+08 -96924.8 8.13104e+07 -103699 8.55707e+07 -98616.8 7.22643e+07
600885 -777982 2.23301e+08 -844929 2.36808e+08 -895791 2.40209e+08 -443540 1.64695e+08 -442579 1.63457e+08 -458985 1.61583e+08 -97030.4 8.14157e+07 -103787 8.56499e+07 -98720.8 7.23446e+07
601475 -779429 2.23538e+08 -846323 2.37087e+08 -897335 2.40474e+08 -444581 1.64907e+08 -443645 1.63668e+08 -460050 1.61793e+08 -97135.2 8.15202e+07 -103874 8.5729e+07 -98824.2 7.24244e+07
602058 -780878 2.23774e+08 -847461 2.37325e+08 -898868 2.4074e+08 -445615 1.65117e+08 -444712 1.6388e+08 -461112 1.62003e+08 -97238.1 8.16231e+07 -103961 8.58088e+07 -98926.3 7.2503e+07
602638 -782308 2.24008e+08 -848573 2.37559e+08 -900381 2.41003e+08 -446647 1.65327e+08 -445775 1.64091e+08 -462172 1.62212e+08 -97340.9 8.17259e+07 -104048 8.58877e+07 -99028.2 7.25814e+07
603215 -783716 2.2424e+08 -849654 2.37788e+08 -901873 2.41264e+08 -447677 1.65536e+08 -446833 1.643e+08 -463229 1.6242e+08 -97443.6 8.18287e+07 -104133 8.59652e+07 -99129.8 7.26596e+07
603791 -785110 2.2447e+08 -850724 2.38015e+08 -903343 2.41523e+08 -448707 1.65745e+08 -447890 1.6451e+08 -464285 1.62628e+08 -97546.3 8.19314e+07 -104219 8.60425e+07 -99231.2 7.27377e+07
604365 -786488 2.24698e+08 -851781 2.38241e+08 -904792 2.4178e+08 -449736 1.65955e+08 -448948 1.6472e+08 -465341 1.62836e+08 -97649 8.20341e+07 -104303 8.61195e+07 -99332.5 7.28157e+07
604937 -787849 2.24923e+08 -852825 2.38465e+08 -906218 2.42034e+08 -450765 1.66164e+08 -450005 1.64929e+08 -466398 1.63044e+08 -97751.5 8.21367e+07 -104388 8.61962e+07 -99433.5 7.28934e+07
605508 -789194 2.25147e+08 -853856 2.38689e+08 -907623 2.42286e+08 -451794 1.66373e+08 -451062 1.65138e+08 -467454 1.63252e+08 -97854 8.22393e+07 -104472 8.62725e+07 -99534.5 7.2971e+07
606078 -790528 2.2537e+08 -854874 2.3891e+08 -909002 2.42536e+08 -452823 1.66582e+08 -452118 1.65348e+08 -468511 1.63459e+08 -97956.5 8.23418e+07 -104555 8.63487e+07 -99635.3 7.30485e+07
606646 -791851 2.25592e+08 -855877 2.3913e+08 -910355 2.42783e+08 -453851 1.6679e+08 -453175 1.65557e+08 -469568 1.63667e+08 -98058.8 8.24442e+07 -104639 8.64245e+07 -99735.9 7.31258e+07
607212 -793163 2.25812e+08 -856866 2.39349e+08 -911681 2.43028e+08 -454879 1.66999e+08 -454231 1.65766e+08 -470625 1.63874e+08 -98161 8.25465e+07 -104722 8.65001e+07 -99836.3 7.3203e+07
607777 -794465 2.26032e+08 -857841 2.39565e+08 -912976 2.43269e+08 -455907 1.67208e+08 -455288 1.65975e+08 -471682 1.64082e+08 -98263.1 8.26488e+07 -104805 8.65755e+07 -99936.6 7.32799e+07
608341 -795755 2.26251e+08 -858800 2.3978e+08 -914240 2.43508e+08 -456935 1.67416e+08 -456343 1.66184e+08 -472739 1.64289e+08 -98365 8.27509e+07 -104888 8.66506e+07 -100037 7.33567e+07
608902 -797034 2.26469e+08 -859744 2.39994e+08 -915471 2.43743e+08 -457962 1.67625e+08 -457399 1.66393e+08 -473796 1.64496e+08 -98466.8 8.28529e+07 -104970 8.67254e+07 -100137 7.34333e+07
609458 -798231 2.26673e+08 -860674 2.40206e+08 -916668 2.43974e+08 -458991 1.67833e+08 -458472 1.66605e+08 -474852 1.64703e+08 -98568.7 8.29553e+07 -105055 8.68026e+07 -100236 7.35099e+07
610011 -799388 2.26869e+08 -861588 2.40416e+08 -917826 2.44203e+08 -460017 1.68041e+08 -459548 1.66818e+08 -475909 1.64909e+08 -98670.1 8.30573e+07 -105140 8.68803e+07 -100334 7.35863e+07
610560 -800534 2.27065e+08 -862486 2.40625e+08 -918943 2.44426e+08 -461049 1.68251e+08 -460617 1.67029e+08 -476982 1.65119e+08 -98772.4 8.31603e+07 -105225 8.69581e+07 -100434 7.36628e+07
611107 -801668 2.2726e+08 -863367 2.40831e+08 -920013 2.44646e+08 -462086 1.68461e+08 -461677 1.67238e+08 -478071 1.65332e+08 -98875.5 8.32642e+07 -105310 8.7036e+07 -100534 7.37395e+07
611655 -802792 2.27454e+08 -864226 2.41036e+08 -921238 2.44879e+08 -463120 1.6867e+08 -462759 1.67451e+08 -479165 1.65547e+08 -98979.3 8.33688e+07 -105396 8.71147e+07 -100635 7.38168e+07
612213 -803902 2.27647e+08 -865058 2.41237e+08 -923044 2.45165e+08 -464152 1.68878e+08 -463869 1.6767e+08 -480265 1.65762e+08 -99084.2 8.3475e+07 -105485 8.71962e+07 -100736 7.3894e+07
612771 -804997 2.27838e+08 -866004 2.41448e+08 -924834 2.4545e+08 -465213 1.69087e+08 -464978 1.67889e+08 -481367 1.65978e+08 -99189.6 8.35816e+07 -105574 8.72771e+07 -100838 7.39713e+07
613329 -806077 2.28028e+08 -867035 2.41668e+08 -926610 2.45733e+08 -466275 1.69296e+08 -466086 1.68108e+08 -482469 1.66193e+08 -99295.5 8.36886e+07 -105662 8.73575e+07 -100939 7.40488e+07
613892 -807135 2.28216e+08 -868488 2.41923e+08 -928362 2.46012e+08 -467344 1.69506e+08 -467194 1.68326e+08 -483574 1.66409e+08 -99403.2 8.37972e+07 -105748 8.74365e+07 -101042 7.41272e+07
614457 -808176 2.28403e+08 -870071 2.42189e+08 -930096 2.46289e+08 -468415 1.69717e+08 -468301 1.68544e+08 -484681 1.66625e+08 -99511.5 8.39064e+07 -105834 8.75149e+07 -101145 7.42058e+07
615020 -809205 2.28589e+08 -871649 2.42454e+08 -931817 2.46564e+08 -469487 1.69927e+08 -469409 1.68763e+08 -485788 1.66841e+08 -99619.8 8.40156e+07 -105920 8.75931e+07 -101248 7.42842e+07
615582 -810221 2.28774e+08 -873220 2.42719e+08 -933523 2.46837e+08 -470559 1.70138e+08 -470518 1.68981e+08 -486896 1.67058e+08 -99728.1 8.41249e+07 -106006 8.76711e+07 -101350 7.43625e+07
616142 -811225 2.28957e+08 -874785 2.42983e+08 -935214 2.47109e+08 -471632 1.70348e+08 -471626 1.692e+08 -488004 1.67274e+08 -99836.5 8.42342e+07 -106091 8.77488e+07 -101453 7.44406e+07
616702 -812221 2.2914e+08 -876342 2.43246e+08 -936888 2.47378e+08 -472707 1.7056e+08 -472736 1.69418e+08 -489114 1.6749e+08 -99948.7 8.43454e+07 -106282 8.78121e+07 -101558 7.45212e+07
617260 -813209 2.29323e+08 -877892 2.43508e+08 -938546 2.47646e+08 -473783 1.70771e+08 -473846 1.69637e+08 -490227 1.67707e+08 -100063 8.44575e+07 -106515 8.78696e+07 -101663 7.46026e+07
617817 -814189 2.29504e+08 -879434 2.43769e+08 -940188 2.47911e+08 -474859 1.70982e+08 -474957 1.69856e+08 -491340 1.67924e+08 -100176 8.45695e+07 -106747 8.79269e+07 -101769 7.46838e+07
618373 -815161 2.29685e+08 -880967 2.44029e+08 -941813 2.48174e+08 -475936 1.71193e+08 -476068 1.70075e+08 -492453 1.6814e+08 -100290 8.46817e+07 -106978 8.79841e+07 -101874 7.47649e+07
618924 -816126 2.29865e+08 -882495 2.44288e+08 -943422 2.48436e+08 -477006 1.71403e+08 -477159 1.70289e+08 -493553 1.68354e+08 -100403 8.47921e+07 -107207 8.80407e+07 -101978 7.48449e+07
619469 -817083 2.30045e+08 -884016 2.44547e+08 -945018 2.48695e+08 -478061 1.71611e+08 -478215 1.70497e+08 -494637 1.68564e+08 -100512 8.48998e+07 -107434 8.80968e+07 -102079 7.49231e+07
620012 -818032 2.30224e+08 -885529 2.44805e+08 -946594 2.48953e+08 -479116 1.71818e+08 -479272 1.70705e+08 -495721 1.68773e+08 -100622 8.50076e+07 -107661 8.81528e+07 -102180 7.50011e+07
620554 -818972 2.30402e+08 -887033 2.45061e+08 -948151 2.49208e+08 -480171 1.72026e+08 -480329 1.70913e+08 -496805 1.68983e+08 -100731 8.51154e+07 -107886 8.82085e+07 -102281 7.5079e+07
621095 -819903 2.3058e+08 -888527 2.45317e+08 -949689 2.4946e+08 -481226 1.72233e+08 -481386 1.71121e+08 -497891 1.69193e+08 -100841 8.52231e+07 -108112 8.82641e+07 -102382 7.51569e+07
621634 -820825 2.30756e+08 -890012 2.45571e+08 -951205 2.4971e+08 -482281 1.7244e+08 -482443 1.71329e+08 -498976 1.69403e+08 -100950 8.53309e+07 -108336 8.83195e+07 -102483 7.52348e+07
622173 -821739 2.30932e+08 -891488 2.45824e+08 -952701 2.49957e+08 -483336 1.72647e+08 -483500 1.71537e+08 -500062 1.69613e+08 -101060 8.54386e+07 -108560 8.83748e+07 -102584 7.53127e+07
622710 -822642 2.31107e+08 -892954 2.46076e+08 -954175 2.50202e+08 -484391 1.72855e+08 -484557 1.71745e+08 -501148 1.69823e+08 -101169 8.55464e+07 -108782 8.84298e+07 -102685 7.53906e+07
623246 -823536 2.31282e+08 -894410 2.46327e+08 -955640 2.50446e+08 -485446 1.73062e+08 -485615 1.71952e+08 -502235 1.70033e+08 -101279 8.56542e+07 -109005 8.84847e+07 -102786 7.54684e+07
623781 -824421 2.31455e+08 -895854 2.46576e+08 -957099 2.50689e+08 -486502 1.73269e+08 -486672 1.7216e+08 -503322 1.70243e+08 -101388 8.5762e+07 -109227 8.85396e+07 -102886 7.55461e+07
624316 -825295 2.31628e+08 -897288 2.46824e+08 -958549 2.50931e+08 -487557 1.73476e+08 -487730 1.72368e+08 -504410 1.70453e+08 -101498 8.58699e+07 -109448 8.85943e+07 -102987 7.56238e+07
624847 -826159 2.31799e+08 -898709 2.4707e+08 -959993 2.51173e+08 -488610 1.73682e+08 -488781 1.72574e+08 -505500 1.70664e+08 -101607 8.59775e+07 -109665 8.86476e+07 -103089 7.57029e+07
625369 -827014 2.3197e+08 -900110 2.47313e+08 -961431 2.51414e+08 -489650 1.73886e+08 -489794 1.72773e+08 -506597 1.70876e+08 -101716 8.60838e+07 -109858 8.86954e+07 -103197 7.57883e+07
625889 -827858 2.3214e+08 -901500 2.47555e+08 -962862 2.51655e+08 -490690 1.7409e+08 -490807 1.72972e+08 -507695 1.71089e+08 -101824 8.61901e+07 -110050 8.87427e+07 -103305 7.58739e+07
626408 -828691 2.3231e+08 -902877 2.47796e+08 -964284 2.51895e+08 -491729 1.74293e+08 -491819 1.73171e+08 -508792 1.71301e+08 -101932 8.62963e+07 -110240 8.87897e+07 -103413 7.59598e+07
626925 -829513 2.32478e+08 -904242 2.48035e+08 -965699 2.52134e+08 -492768 1.74496e+08 -492828 1.73369e+08 -509891 1.71514e+08 -102041 8.64025e+07 -110428 8.88363e+07 -103522 7.6046e+07
627441 -830323 2.32645e+08 -905593 2.48272e+08 -967106 2.52373e+08 -493805 1.74699e+08 -493835 1.73567e+08 -510989 1.71726e+08 -102149 8.65086e+07 -110615 8.88823e+07 -103630 7.61323e+07
627956 -831120 2.32811e+08 -906932 2.48508e+08 -968504 2.52611e+08 -494842 1.74902e+08 -494840 1.73764e+08 -512087 1.71939e+08 -102257 8.66145e+07 -110800 8.89279e+07 -103739 7.62191e+07
628467 -831905 2.32976e+08 -908257 2.48742e+08 -969894 2.52848e+08 -495877 1.75104e+08 -495841 1.73961e+08 -513184 1.72151e+08 -102365 8.67203e+07 -110982 8.89729e+07 -103848 7.6306e+07
628975 -832678 2.3314e+08 -909568 2.48974e+08 -971274 2.53084e+08 -496907 1.75306e+08 -496837 1.74156e+08 -514276 1.72362e+08 -102473 8.68256e+07 -111162 8.90173e+07 -103957 7.63924e+07
629482 -833437 2.33303e+08 -910865 2.49205e+08 -972645 2.53319e+08 -497937 1.75507e+08 -497832 1.74351e+08 -515367 1.72573e+08 -102580 8.69308e+07 -111341 8.90614e+07 -104065 7.64788e+07
629981 -834181 2.33465e+08 -912148 2.49434e+08 -974006 2.53553e+08 -498950 1.75705e+08 -498828 1.74547e+08 -516449 1.72783e+08 -102684 8.70336e+07 -111528 8.91077e+07 -104171 7.65631e+07
630471 -834909 2.33625e+08 -913418 2.49661e+08 -975357 2.53787e+08 -499935 1.75898e+08 -499829 1.74743e+08 -517518 1.7299e+08 -102784 8.7132e+07 -111731 8.91579e+07 -104274 7.66439e+07
630958 -835623 2.33784e+08 -914672 2.49886e+08 -976699 2.54019e+08 -500917 1.7609e+08 -500829 1.7494e+08 -518585 1.73196e+08 -102882 8.72301e+07 -111933 8.92079e+07 -104377 7.67244e+07
631444 -836320 2.33941e+08 -915912 2.5011e+08 -978031 2.54251e+08 -501897 1.76282e+08 -501828 1.75136e+08 -519650 1.73402e+08 -102981 8.73278e+07 -112136 8.92582e+07 -104479 7.68046e+07
631930 -837001 2.34097e+08 -917141 2.50333e+08 -979353 2.54481e+08 -502877 1.76473e+08 -502833 1.75333e+08 -520716 1.73608e+08 -103079 8.74255e+07 -112343 8.93091e+07 -104581 7.68841e+07
632413 -837665 2.34252e+08 -918357 2.50554e+08 -980645 2.54707e+08 -503851 1.76664e+08 -503836 1.75529e+08 -521774 1.73813e+08 -103177 8.75226e+07 -112551 8.93606e+07 -104681 7.69622e+07
632894 -838311 2.34405e+08 -919561 2.50775e+08 -981927 2.54931e+08 -504822 1.76853e+08 -504840 1.75726e+08 -522830 1.74017e+08 -103274 8.76192e+07 -112760 8.94123e+07 -104781 7.70399e+07
633374 -838938 2.34556e+08 -920759 2.50995e+08 -983199 2.55155e+08 -505790 1.77042e+08 -505843 1.75923e+08 -523885 1.74221e+08 -103370 8.77156e+07 -112970 8.94642e+07 -104880 7.71172e+07
633852 -839593 2.34708e+08 -921951 2.51214e+08 -984461 2.55378e+08 -506757 1.77231e+08 -506846 1.76119e+08 -524938 1.74425e+08 -103467 8.78117e+07 -113181 8.95163e+07 -104979 7.71943e+07
634333 -840563 2.34878e+08 -923130 2.51431e+08 -985711 2.55599e+08 -507722 1.7742e+08 -507852 1.76316e+08 -525994 1.74629e+08 -103563 8.79075e+07 -113395 8.95692e+07 -105079 7.72716e+07
634811 -841518 2.35046e+08 -924291 2.51646e+08 -986949 2.55819e+08 -508683 1.77608e+08 -508853 1.76512e+08 -527044 1.74832e+08 -103658 8.8003e+07 -113607 8.96218e+07 -105178 7.73486e+07
635286 -842460 2.35213e+08 -925434 2.51857e+08 -988175 2.56038e+08 -509637 1.77794e+08 -509856 1.76709e+08 -528096 1.75035e+08 -103897 8.80901e+07 -113824 8.96753e+07 -105278 7.74258e+07
635759 -843390 2.3538e+08 -926572 2.52068e+08 -989390 2.56256e+08 -510588 1.77979e+08 -510862 1.76906e+08 -529149 1.75239e+08 -104228 8.81717e+07 -114044 8.97297e+07 -105377 7.75032e+07
636234 -844307 2.35545e+08 -927706 2.52279e+08 -990594 2.56473e+08 -511544 1.78166e+08 -511870 1.77103e+08 -530207 1.75444e+08 -104561 8.82541e+07 -114262 8.97837e+07 -105478 7.75811e+07
636708 -845211 2.3571e+08 -928836 2.52489e+08 -991786 2.56688e+08 -512501 1.78353e+08 -512878 1.77301e+08 -531264 1.75648e+08 -104896 8.83367e+07 -114480 8.98376e+07 -105578 7.7659e+07
637182 -846101 2.35874e+08 -929962 2.52699e+08 -992967 2.56903e+08 -513459 1.78539e+08 -513887 1.77498e+08 -532322 1.75853e+08 -105231 8.84194e+07 -114698 8.98916e+07 -105678 7.77365e+07
637653 -846974 2.36035e+08 -931081 2.52909e+08 -994134 2.57116e+08 -514433 1.78729e+08 -514916 1.77699e+08 -533377 1.76058e+08 -105578 8.85051e+07 -114928 8.99482e+07 -105761 7.78082e+07
638123 -847834 2.36196e+08 -932195 2.53117e+08 -995289 2.57328e+08 -515407 1.78919e+08 -515944 1.77901e+08 -534433 1.76264e+08 -105925 8.8591e+07 -115157 9.00047e+07 -105844 7.78798e+07
638593 -848678 2.36356e+08 -933305 2.53326e+08 -996432 2.57538e+08 -516381 1.79109e+08 -516973 1.78102e+08 -535488 1.76469e+08 -106273 8.86769e+07 -115385 9.00612e+07 -105926 7.79512e+07
639062 -849507 2.36515e+08 -934410 2.53534e+08 -997562 2.57748e+08 -517356 1.79299e+08 -518014 1.78303e+08 -536542 1.76674e+08 -106621 8.87628e+07 -115614 9.01176e+07 -106009 7.80226e+07
639529 -850319 2.36672e+08 -935511 2.53742e+08 -998679 2.57956e+08 -518328 1.79489e+08 -519057 1.78503e+08 -537593 1.76878e+08 -106969 8.88487e+07 -115841 9.01736e+07 -106091 7.80936e+07
639995 -851115 2.36828e+08 -936607 2.5395e+08 -999783 2.58163e+08 -519300 1.79679e+08 -520100 1.78704e+08 -538644 1.77083e+08 -107317 8.89345e+07 -116067 9.02296e+07 -106173 7.81644e+07
640460 -851893 2.36983e+08 -937699 2.54157e+08 -1.00087e+06 2.58368e+08 -520273 1.79868e+08 -521144 1.78904e+08 -539695 1.77287e+08 -107665 8.90205e+07 -116294 9.02854e+07 -106255 7.82352e+07
640923 -852653 2.37136e+08 -938785 2.54364e+08 -1.00195e+06 2.58572e+08 -521247 1.80058e+08 -522188 1.79104e+08 -540747 1.77492e+08 -108014 8.91066e+07 -116515 9.034e+07 -106337 7.83064e+07
641384 -853392 2.37288e+08 -939863 2.5457e+08 -1.00301e+06 2.58774e+08 -522239 1.80252e+08 -523247 1.79307e+08 -541828 1.77702e+08 -108365 8.91939e+07 -116667 9.0377e+07 -106427 7.83858e+07
641843 -854112 2.37438e+08 -940937 2.54775e+08 -1.00405e+06 2.58974e+08 -523231 1.80446e+08 -524305 1.7951e+08 -542910 1.77913e+08 -108717 8.92813e+07 -116818 9.04139e+07 -106517 7.84651e+07
642301 -854811 2.37587e+08 -942006 2.5498e+08 -1.00508e+06 2.59173e+08 -524224 1.8064e+08 -525364 1.79713e+08 -543991 1.78123e+08 -109070 8.93687e+07 -116969 9.04507e+07 -106607 7.85442e+07
642759 -855489 2.37735e+08 -943070 2.55185e+08 -1.00609e+06 2.59371e+08 -525217 1.80833e+08 -526424 1.79916e+08 -545072 1.78333e+08 -109423 8.94563e+07 -117120 9.04873e+07 -106697 7.86233e+07
643215 -856144 2.3788e+08 -944130 2.5539e+08 -1.00709e+06 2.59567e+08 -526210 1.81027e+08 -527483 1.80119e+08 -546152 1.78544e+08 -109776 8.9544e+07 -117270 9.05239e+07 -106786 7.87022e+07
643670 -856776 2.38025e+08 -945185 2.55594e+08 -1.00807e+06 2.59761e+08 -527203 1.81221e+08 -528542 1.80322e+08 -547233 1.78754e+08 -110129 8.96318e+07 -117420 9.05603e+07 -106876 7.87809e+07
644125 -857383 2.38167e+08 -946235 2.55798e+08 -1.00904e+06 2.59954e+08 -528196 1.81415e+08 -529602 1.80525e+08 -548313 1.78965e+08 -110484 8.97196e+07 -117569 9.05966e+07 -106965 7.88596e+07
644578 -857963 2.38308e+08 -947281 2.56001e+08 -1.00999e+06 2.60145e+08 -529189 1.81609e+08 -530661 1.80728e+08 -549392 1.79175e+08 -110838 8.98076e+07 -117717 9.06327e+07 -107054 7.89381e+07
645030 -858515 2.38447e+08 -948322 2.56205e+08 -1.01092e+06 2.60334e+08 -530182 1.81803e+08 -531721 1.80931e+08 -550471 1.79385e+08 -111193 8.98955e+07 -117865 9.06687e+07 -107143 7.90164e+07
645480 -859037 2.38583e+08 -949359 2.56408e+08 -1.01183e+06 2.60521e+08 -531175 1.81997e+08 -532780 1.81134e+08 -551550 1.79595e+08 -111547 8.99836e+07 -118012 9.07045e+07 -107232 7.90945e+07
645930 -859527 2.38718e+08 -950391 2.56611e+08 -1.01273e+06 2.60707e+08 -532168 1.82191e+08 -533840 1.81337e+08 -552627 1.79805e+08 -111902 9.00716e+07 -118159 9.07402e+07 -107320 7.91725e+07
646378 -859982 2.3885e+08 -951418 2.56814e+08 -1.0136e+06 2.60891e+08 -533160 1.82385e+08 -534899 1.8154e+08 -553704 1.80015e+08 -112257 9.01597e+07 -118305 9.07757e+07 -107408 7.92504e+07
646825 -860400 2.3898e+08 -952442 2.57017e+08 -1.01446e+06 2.61072e+08 -534152 1.82578e+08 -535957 1.81743e+08 -554780 1.80224e+08 -112612 9.02477e+07 -118450 9.08111e+07 -107496 7.93281e+07
647276 -861182 2.39132e+08 -953448 2.57217e+08 -1.01529e+06 2.61252e+08 -535140 1.82768e+08 -537024 1.81947e+08 -555863 1.80435e+08 -112966 9.03354e+07 -118600 9.08475e+07 -107586 7.9407e+07
647728 -862234 2.39298e+08 -954439 2.57414e+08 -1.0161e+06 2.61429e+08 -536113 1.82941e+08 -538106 1.82155e+08 -556958 1.80649e+08 -113315 9.0422e+07 -118755 9.08853e+07 -107677 7.94876e+07
648180 -863279 2.39465e+08 -955423 2.57611e+08 -1.01689e+06 2.61603e+08 -537085 1.83114e+08 -539189 1.82363e+08 -558053 1.80862e+08 -113665 9.05086e+07 -118910 9.0923e+07 -107768 7.95682e+07
648630 -864318 2.39631e+08 -956401 2.57808e+08 -1.01765e+06 2.61775e+08 -538057 1.83288e+08 -540271 1.8257e+08 -559148 1.81076e+08 -114014 9.05953e+07 -119064 9.09605e+07 -107859 7.96488e+07
649080 -865351 2.39796e+08 -957373 2.58004e+08 -1.01838e+06 2.61945e+08 -539029 1.83461e+08 -541352 1.82778e+08 -560242 1.81289e+08 -114364 9.06819e+07 -119218 9.0998e+07 -107951 7.97294e+07
649525 -866377 2.39961e+08 -958338 2.58199e+08 -1.01909e+06 2.62111e+08 -540004 1.83635e+08 -542423 1.82983e+08 -561326 1.815e+08 -114717 9.07694e+07 -119362 9.10331e+07 -108041 7.98094e+07
649967 -867398 2.40126e+08 -959296 2.58394e+08 -1.01977e+06 2.62275e+08 -540983 1.83809e+08 -543484 1.83187e+08 -562402 1.8171e+08 -115073 9.08575e+07 -119499 9.10664e+07 -108130 7.98889e+07
650404 -868414 2.4029e+08 -960249 2.58588e+08 -1.02042e+06 2.62436e+08 -541952 1.83981e+08 -544523 1.83386e+08 -563461 1.81916e+08 -115422 9.09439e+07 -119635 9.10992e+07 -108219 7.99675e+07
650839 -869424 2.40454e+08 -961194 2.58782e+08 -1.02125e+06 2.62608e+08 -542912 1.84153e+08 -545546 1.83583e+08 -564513 1.82121e+08 -115767 9.10294e+07 -119770 9.1132e+07 -108306 8.00454e+07
651273 -870429 2.40618e+08 -962129 2.58975e+08 -1.02241e+06 2.62802e+08 -543867 1.84323e+08 -546565 1.83778e+08 -565561 1.82324e+08 -116111 9.11147e+07 -119904 9.11646e+07 -108393 8.0123e+07
651707 -871428 2.40782e+08 -963057 2.59166e+08 -1.02356e+06 2.62995e+08 -544821 1.84493e+08 -547584 1.83974e+08 -566608 1.82528e+08 -116456 9.12e+07 -120039 9.11972e+07 -108481 8.02006e+07
652140 -872419 2.40945e+08 -963977 2.59358e+08 -1.02468e+06 2.63186e+08 -545775 1.84662e+08 -548604 1.84169e+08 -567654 1.82732e+08 -116801 9.12853e+07 -120173 9.12298e+07 -108568 8.02782e+07
652573 -873405 2.41108e+08 -964891 2.59549e+08 -1.0258e+06 2.63376e+08 -546729 1.84832e+08 -549623 1.84365e+08 -568700 1.82935e+08 -117146 9.13707e+07 -120307 9.12622e+07 -108655 8.03558e+07
653005 -874387 2.41271e+08 -965796 2.59739e+08 -1.0269e+06 2.63564e+08 -547679 1.85002e+08 -550642 1.84561e+08 -569745 1.83138e+08 -117491 9.1456e+07 -120440 9.12946e+07 -108742 8.04334e+07
653436 -875367 2.41433e+08 -966693 2.59928e+08 -1.02798e+06 2.63752e+08 -548628 1.85171e+08 -551662 1.84756e+08 -570790 1.83342e+08 -117836 9.15414e+07 -120574 9.1327e+07 -108829 8.05111e+07
653861 -876344 2.41596e+08 -967581 2.60116e+08 -1.02905e+06 2.63937e+08 -549565 1.85338e+08 -552675 1.84951e+08 -571824 1.83543e+08 -118175 9.16255e+07 -120709 9.13597e+07 -108915 8.05874e+07
654282 -877319 2.41758e+08 -968460 2.60303e+08 -1.03008e+06 2.64118e+08 -550500 1.85505e+08 -553691 1.85146e+08 -572854 1.83744e+08 -118514 9.17092e+07 -120846 9.13931e+07 -108999 8.06622e+07
654703 -878290 2.4192e+08 -969331 2.6049e+08 -1.03109e+06 2.64296e+08 -551438 1.85672e+08 -554712 1.85342e+08 -573884 1.83944e+08 -118853 9.17932e+07 -120984 9.14266e+07 -109082 8.07353e+07
655120 -879253 2.42081e+08 -970191 2.60675e+08 -1.03208e+06 2.64471e+08 -552405 1.85844e+08 -555758 1.85543e+08 -574931 1.84147e+08 -119218 9.18833e+07 -121104 9.14561e+07 -109149 8.07862e+07
655536 -880212 2.42241e+08 -971042 2.60859e+08 -1.03305e+06 2.64645e+08 -553372 1.86016e+08 -556805 1.85745e+08 -575976 1.8435e+08 -119583 9.19735e+07 -121224 9.14856e+07 -109215 8.08369e+07
655951 -881168 2.42402e+08 -971879 2.61042e+08 -1.034e+06 2.64818e+08 -554340 1.86189e+08 -557852 1.85947e+08 -577023 1.84554e+08 -119949 9.2064e+07 -121343 9.15147e+07 -109280 8.08876e+07
656365 -882119 2.42562e+08 -972688 2.61219e+08 -1.03494e+06 2.64989e+08 -555315 1.86362e+08 -558898 1.86148e+08 -578071 1.84758e+08 -120317 9.21551e+07 -121458 9.15428e+07 -109346 8.0939e+07
656777 -883067 2.42721e+08 -973489 2.61396e+08 -1.03585e+06 2.65159e+08 -556288 1.86536e+08 -559944 1.86349e+08 -579119 1.84962e+08 -120686 9.22462e+07 -121572 9.15708e+07 -109412 8.09905e+07
657188 -884011 2.4288e+08 -974280 2.61571e+08 -1.03675e+06 2.65326e+08 -557276 1.86711e+08 -560976 1.86534e+08 -580177 1.85167e+08 -121060 9.23387e+07 -121686 9.15989e+07 -109479 8.10425e+07
657598 -884951 2.43039e+08 -975063 2.61746e+08 -1.03763e+06 2.65493e+08 -558268 1.86887e+08 -562003 1.86714e+08 -581238 1.85374e+08 -121437 9.24317e+07 -121801 9.1627e+07 -109546 8.10948e+07
658007 -885889 2.43198e+08 -975837 2.6192e+08 -1.03848e+06 2.65657e+08 -559259 1.87063e+08 -563031 1.86893e+08 -582297 1.8558e+08 -121813 9.25247e+07 -121915 9.1655e+07 -109614 8.11471e+07
658416 -886823 2.43357e+08 -976602 2.62093e+08 -1.03932e+06 2.65821e+08 -560250 1.87238e+08 -564055 1.87072e+08 -583356 1.85787e+08 -122190 9.26178e+07 -122029 9.16829e+07 -109681 8.11994e+07
658824 -887754 2.43515e+08 -977358 2.62266e+08 -1.04014e+06 2.65983e+08 -561241 1.87414e+08 -565080 1.87252e+08 -584415 1.85993e+08 -122567 9.2711e+07 -122143 9.17108e+07 -109748 8.12516e+07
659231 -888682 2.43673e+08 -978105 2.62437e+08 -1.04094e+06 2.66143e+08 -562231 1.87589e+08 -566105 1.87431e+08 -585472 1.86199e+08 -122946 9.28043e+07 -122257 9.17386e+07 -109815 8.13039e+07
659637 -889608 2.43831e+08 -978842 2.62608e+08 -1.04171e+06 2.66302e+08 -563220 1.87764e+08 -567130 1.8761e+08 -586529 1.86405e+08 -123325 9.28977e+07 -122370 9.17663e+07 -109882 8.13561e+07
660042 -890530 2.43989e+08 -979569 2.62778e+08 -1.04245e+06 2.66459e+08 -564209 1.87939e+08 -568155 1.87789e+08 -587584 1.86611e+08 -123704 9.29911e+07 -122482 9.1794e+07 -109950 8.14084e+07
660447 -891449 2.44146e+08 -980287 2.62947e+08 -1.04318e+06 2.66615e+08 -565197 1.88114e+08 -569179 1.87968e+08 -588639 1.86817e+08 -124084 9.30845e+07 -122595 9.18215e+07 -110017 8.14606e+07
660850 -892365 2.44304e+08 -980995 2.63115e+08 -1.04387e+06 2.66768e+08 -566184 1.88289e+08 -570204 1.88147e+08 -589693 1.87023e+08 -124463 9.31781e+07 -122707 9.1849e+07 -110084 8.15129e+07
661255 -893278 2.44461e+08 -981692 2.63282e+08 -1.04454e+06 2.6692e+08 -567168 1.88463e+08 -571234 1.88327e+08 -590750 1.87229e+08 -124841 9.32711e+07 -122824 9.18776e+07 -110151 8.15653e+07
661660 -894187 2.44617e+08 -982379 2.63448e+08 -1.04517e+06 2.67069e+08 -568148 1.88637e+08 -572270 1.88508e+08 -591813 1.87437e+08 -125217 9.33637e+07 -122945 9.19075e+07 -110219 8.16178e+07
662064 -895093 2.44774e+08 -983055 2.63613e+08 -1.04577e+06 2.67215e+08 -569126 1.8881e+08 -573306 1.88689e+08 -592873 1.87644e+08 -125593 9.34564e+07 -123067 9.19373e+07 -110287 8.16703e+07
662466 -895995 2.4493e+08 -983720 2.63778e+08 -1.04633e+06 2.6736e+08 -570104 1.88983e+08 -574341 1.8887e+08 -593933 1.87851e+08 -125969 9.35491e+07 -123188 9.19669e+07 -110354 8.17228e+07
662868 -896895 2.45086e+08 -984374 2.63941e+08 -1.04686e+06 2.67501e+08 -571080 1.89155e+08 -575376 1.89051e+08 -594991 1.88058e+08 -126346 9.36418e+07 -123308 9.19965e+07 -110422 8.17753e+07
663269 -897791 2.45242e+08 -985017 2.64103e+08 -1.04734e+06 2.6764e+08 -572054 1.89328e+08 -576406 1.89231e+08 -596088 1.8827e+08 -126721 9.37341e+07 -123428 9.20259e+07 -110490 8.18277e+07
663669 -898686 2.45398e+08 -985648 2.64264e+08 -1.04777e+06 2.67775e+08 -573024 1.89499e+08 -577428 1.89409e+08 -597237 1.88489e+08 -127093 9.38259e+07 -123547 9.20551e+07 -110557 8.18798e+07
664068 -899576 2.45554e+08 -986267 2.64425e+08 -1.04816e+06 2.67907e+08 -573993 1.8967e+08 -578449 1.89588e+08 -598386 1.88707e+08 -127466 9.39175e+07 -123666 9.20842e+07 -110624 8.19319e+07
664465 -900464 2.4571e+08 -986873 2.64584e+08 -1.04849e+06 2.68035e+08 -574960 1.89841e+08 -579470 1.89766e+08 -599535 1.88925e+08 -127838 9.40092e+07 -123784 9.21132e+07 -110691 8.19841e+07
664861 -901349 2.45865e+08 -987467 2.64742e+08 -1.04875e+06 2.68159e+08 -575925 1.90011e+08 -580491 1.89945e+08 -600683 1.89143e+08 -128210 9.41007e+07 -123902 9.21421e+07 -110758 8.20362e+07
665255 -902230 2.4602e+08 -988047 2.64898e+08 -1.04895e+06 2.68277e+08 -576889 1.90182e+08 -581510 1.90123e+08 -601831 1.89362e+08 -128581 9.41922e+07 -124019 9.21709e+07 -110825 8.20883e+07
665647 -903108 2.46175e+08 -988614 2.65054e+08 -1.04907e+06 2.68391e+08 -577851 1.90351e+08 -582529 1.90301e+08 -602978 1.89579e+08 -128953 9.42836e+07 -124135 9.21995e+07 -110892 8.21404e+07
666039 -903983 2.4633e+08 -989166 2.65209e+08 -1.04916e+06 2.68503e+08 -578813 1.90521e+08 -583547 1.90479e+08 -604125 1.89797e+08 -129324 9.43749e+07 -124252 9.22282e+07 -110959 8.21924e+07
666430 -904854 2.46484e+08 -989704 2.65362e+08 -1.04926e+06 2.68614e+08 -579773 1.9069e+08 -584565 1.90657e+08 -605271 1.90015e+08 -129695 9.44663e+07 -124369 9.22568e+07 -111025 8.22444e+07
666820 -905722 2.46638e+08 -990226 2.65514e+08 -1.04935e+06 2.68726e+08 -580733 1.9086e+08 -585584 1.90835e+08 -606418 1.90233e+08 -130067 9.45578e+07 -124486 9.22855e+07 -111092 8.22962e+07
667210 -906586 2.46792e+08 -990732 2.65664e+08 -1.04945e+06 2.68838e+08 -581690 1.91028e+08 -586609 1.91014e+08 -607571 1.90452e+08 -130402 9.46401e+07 -124611 9.23164e+07 -111159 8.23482e+07
667598 -907446 2.46946e+08 -991220 2.65812e+08 -1.04955e+06 2.6895e+08 -582645 1.91196e+08 -587648 1.91195e+08 -608739 1.90674e+08 -130669 9.47055e+07 -124754 9.23514e+07 -111227 8.24006e+07
667985 -908302 2.47099e+08 -991691 2.65959e+08 -1.04964e+06 2.69062e+08 -583598 1.91363e+08 -588686 1.91376e+08 -609907 1.90895e+08 -130932 9.47701e+07 -124897 9.23867e+07 -111295 8.24529e+07
668372 -909155 2.47252e+08 -992145 2.66104e+08 -1.04974e+06 2.69173e+08 -584551 1.9153e+08 -589723 1.91558e+08 -611075 1.91117e+08 -131196 9.48347e+07 -125040 9.24221e+07 -111363 8.25051e+07
668759 -910004 2.47405e+08 -992580 2.66248e+08 -1.04984e+06 2.69285e+08 -585502 1.91697e+08 -590760 1.91739e+08 -612243 1.91339e+08 -131459 9.48992e+07 -125184 9.24575e+07 -111430 8.25572e+07
669143 -910850 2.47558e+08 -992996 2.6639e+08 -1.04993e+06 2.69397e+08 -586451 1.91864e+08 -591797 1.9192e+08 -613394 1.91558e+08 -131721 9.49633e+07 -125327 9.24927e+07 -111498 8.26087e+07
669527 -911692 2.4771e+08 -993392 2.6653e+08 -1.05003e+06 2.6951e+08 -587399 1.9203e+08 -592832 1.92101e+08 -614539 1.91777e+08 -131982 9.50273e+07 -125470 9.2528e+07 -111565 8.266e+07
669909 -912531 2.47863e+08 -993765 2.66668e+08 -1.05013e+06 2.69622e+08 -588345 1.92196e+08 -593868 1.92282e+08 -615684 1.91995e+08 -132243 9.50911e+07 -125614 9.25634e+07 -111632 8.27112e+07
670292 -913366 2.48015e+08 -994116 2.66805e+08 -1.05022e+06 2.69734e+08 -589290 1.92361e+08 -594903 1.92462e+08 -616829 1.92213e+08 -132503 9.51549e+07 -125757 9.25988e+07 -111699 8.27622e+07
670673 -914197 2.48167e+08 -994442 2.66939e+08 -1.05032e+06 2.69847e+08 -590234 1.92526e+08 -595938 1.92643e+08 -617974 1.92431e+08 -132764 9.52187e+07 -125901 9.26342e+07 -111766 8.28131e+07
671054 -915025 2.48318e+08 -994740 2.67071e+08 -1.05042e+06 2.6996e+08 -591176 1.92691e+08 -596972 1.92824e+08 -619119 1.9265e+08 -133023 9.52823e+07 -126045 9.26697e+07 -111833 8.28639e+07
671434 -915849 2.4847e+08 -995010 2.67201e+08 -1.05052e+06 2.70072e+08 -592117 1.92856e+08 -598006 1.93004e+08 -620263 1.92868e+08 -133283 9.53459e+07 -126190 9.27053e+07 -111899 8.29145e+07
671813 -916669 2.48621e+08 -995247 2.67328e+08 -1.05062e+06 2.70185e+08 -593055 1.9302e+08 -599040 1.93184e+08 -621407 1.93086e+08 -133542 9.54093e+07 -126334 9.2741e+07 -111965 8.29648e+07
672190 -917486 2.48772e+08 -995449 2.67452e+08 -1.05072e+06 2.70298e+08 -593990 1.93183e+08 -600070 1.93364e+08 -622544 1.93303e+08 -133800 9.54725e+07 -126480 9.27768e+07 -112031 8.30141e+07
672565 -918299 2.48922e+08 -995611 2.67572e+08 -1.05081e+06 2.70412e+08 -594923 1.93346e+08 -601100 1.93544e+08 -623681 1.9352e+08 -134058 9.55355e+07 -126625 9.28126e+07 -112096 8.30632e+07
672939 -919108 2.49073e+08 -995727 2.67689e+08 -1.05091e+06 2.70525e+08 -595854 1.93508e+08 -602129 1.93723e+08 -624817 1.93737e+08 -134314 9.55985e+07 -126771 9.28486e+07 -112161 8.31122e+07
673326 -919912 2.49223e+08 -995824 2.67803e+08 -1.05204e+06 2.7071e+08 -596789 1.93671e+08 -603176 1.93906e+08 -625958 1.93955e+08 -134576 9.56624e+07 -126927 9.28871e+07 -112224 8.31589e+07
673713 -920711 2.49372e+08 -995920 2.67918e+08 -1.05317e+06 2.70895e+08 -597728 1.93835e+08 -604233 1.9409e+08 -627091 1.94163e+08 -134839 9.5727e+07 -127084 9.29257e+07 -112288 8.32059e+07
674098 -921503 2.49521e+08 -996015 2.68032e+08 -1.05431e+06 2.7108e+08 -598672 1.93999e+08 -605304 1.94277e+08 -628213 1.94358e+08 -135107 9.57924e+07 -127242 9.29646e+07 -112353 8.32534e+07
674483 -922292 2.4967e+08 -996110 2.68146e+08 -1.05544e+06 2.71265e+08 -599614 1.94164e+08 -606376 1.94463e+08 -629334 1.94552e+08 -135374 9.58579e+07 -127400 9.30036e+07 -112417 8.33009e+07
674867 -923076 2.49818e+08 -996204 2.6826e+08 -1.05656e+06 2.7145e+08 -600554 1.94327e+08 -607446 1.94649e+08 -630456 1.94746e+08 -135641 9.59233e+07 -127559 9.30426e+07 -112482 8.33484e+07
675251 -923856 2.49966e+08 -996299 2.68374e+08 -1.05769e+06 2.71634e+08 -601493 1.9449e+08 -608517 1.94835e+08 -631577 1.94941e+08 -135908 9.59886e+07 -127717 9.30817e+07 -112546 8.33959e+07
675635 -924632 2.50114e+08 -996392 2.68488e+08 -1.05881e+06 2.71818e+08 -602430 1.94653e+08 -609586 1.95021e+08 -632698 1.95135e+08 -136175 9.6054e+07 -127876 9.31208e+07 -112611 8.34433e+07
676018 -925403 2.50262e+08 -996486 2.68602e+08 -1.05992e+06 2.72001e+08 -603366 1.94815e+08 -610655 1.95207e+08 -633819 1.95329e+08 -136442 9.61193e+07 -128035 9.31599e+07 -112676 8.34907e+07
676400 -926170 2.50409e+08 -996581 2.68716e+08 -1.06102e+06 2.72182e+08 -604297 1.94977e+08 -611722 1.95393e+08 -634936 1.95523e+08 -136708 9.61844e+07 -128195 9.31992e+07 -112740 8.35377e+07
676782 -926932 2.50556e+08 -996675 2.68829e+08 -1.06212e+06 2.72363e+08 -605227 1.95138e+08 -612788 1.95578e+08 -636053 1.95716e+08 -136974 9.62494e+07 -128355 9.32386e+07 -112804 8.35846e+07
677164 -927690 2.50702e+08 -996770 2.68943e+08 -1.06321e+06 2.72543e+08 -606156 1.95299e+08 -613854 1.95763e+08 -637169 1.9591e+08 -137240 9.63144e+07 -128516 9.32781e+07 -112868 8.36315e+07
677545 -928443 2.50849e+08 -996864 2.69057e+08 -1.06429e+06 2.72723e+08 -607082 1.9546e+08 -614918 1.95948e+08 -638285 1.96103e+08 -137505 9.63794e+07 -128676 9.33175e+07 -112932 8.36783e+07
677925 -929192 2.50995e+08 -996956 2.6917e+08 -1.06538e+06 2.72903e+08 -608007 1.9562e+08 -615981 1.96133e+08 -639400 1.96296e+08 -137771 9.64444e+07 -128837 9.33569e+07 -112996 8.37251e+07
678305 -929935 2.5114e+08 -997046 2.69282e+08 -1.06645e+06 2.73082e+08 -608929 1.95779e+08 -617040 1.96317e+08 -640512 1.96489e+08 -138036 9.65092e+07 -128996 9.3396e+07 -113060 8.3772e+07
678689 -930672 2.51285e+08 -997504 2.69423e+08 -1.06752e+06 2.7326e+08 -609855 1.95939e+08 -618099 1.96501e+08 -641628 1.96682e+08 -138305 9.65749e+07 -129152 9.34343e+07 -113125 8.38198e+07
679078 -931402 2.5143e+08 -998094 2.69575e+08 -1.06858e+06 2.73437e+08 -610789 1.96101e+08 -619168 1.96687e+08 -642748 1.96876e+08 -138576 9.66414e+07 -129311 9.34733e+07 -113190 8.38668e+07
679475 -932126 2.51573e+08 -998675 2.69727e+08 -1.06964e+06 2.73613e+08 -611734 1.96264e+08 -620259 1.96876e+08 -643876 1.97071e+08 -138852 9.67088e+07 -129479 9.35146e+07 -113253 8.39117e+07
679871 -932845 2.51717e+08 -999245 2.69877e+08 -1.0707e+06 2.7379e+08 -612678 1.96428e+08 -621349 1.97065e+08 -645004 1.97266e+08 -139128 9.67762e+07 -129648 9.3556e+07 -113316 8.39565e+07
680266 -933559 2.5186e+08 -999804 2.70026e+08 -1.07175e+06 2.73966e+08 -613620 1.96591e+08 -622438 1.97255e+08 -646132 1.97461e+08 -139403 9.68436e+07 -129817 9.35974e+07 -113379 8.40012e+07
680661 -934269 2.52003e+08 -1.00035e+06 2.70175e+08 -1.0728e+06 2.74142e+08 -614561 1.96754e+08 -623526 1.97444e+08 -647259 1.97656e+08 -139679 9.69109e+07 -129987 9.3639e+07 -113442 8.40458e+07
681056 -934974 2.52146e+08 -1.00089e+06 2.70322e+08 -1.07384e+06 2.74317e+08 -615500 1.96917e+08 -624613 1.97632e+08 -648385 1.97851e+08 -139954 9.69781e+07 -130156 9.36806e+07 -113504 8.40903e+07
681450 -935674 2.52288e+08 -1.00141e+06 2.70467e+08 -1.07488e+06 2.74492e+08 -616437 1.97079e+08 -625698 1.97821e+08 -649511 1.98046e+08 -140229 9.70453e+07 -130327 9.37223e+07 -113567 8.41346e+07
681843 -936370 2.5243e+08 -1.00192e+06 2.70612e+08 -1.07592e+06 2.74667e+08 -617373 1.97241e+08 -626783 1.98009e+08 -650636 1.98241e+08 -140503 9.71124e+07 -130497 9.37642e+07 -113630 8.41788e+07
682235 -937060 2.52571e+08 -1.00242e+06 2.70755e+08 -1.07695e+06 2.74841e+08 -618308 1.97403e+08 -627866 1.98197e+08 -651761 1.98435e+08 -140778 9.71795e+07 -130668 9.38061e+07 -113692 8.42229e+07
682627 -937745 2.52713e+08 -1.00291e+06 2.70897e+08 -1.07797e+06 2.75015e+08 -619240 1.97565e+08 -628948 1.98385e+08 -652884 1.9863e+08 -141052 9.72465e+07 -130840 9.38481e+07 -113754 8.42667e+07
683018 -938426 2.52854e+08 -1.00337e+06 2.71037e+08 -1.079e+06 2.75189e+08 -620171 1.97727e+08 -630028 1.98573e+08 -654007 1.98824e+08 -141326 9.73135e+07 -131011 9.38902e+07 -113816 8.43104e+07
683408 -939101 2.52994e+08 -1.00383e+06 2.71176e+08 -1.08002e+06 2.75363e+08 -621100 1.97888e+08 -631107 1.9876e+08 -655129 1.99018e+08 -141600 9.73804e+07 -131184 9.39325e+07 -113878 8.4354e+07
683798 -939771 2.53134e+08 -1.00426e+06 2.71313e+08 -1.08103e+06 2.75536e+08 -622026 1.98049e+08 -632186 1.98948e+08 -656250 1.99212e+08 -141873 9.74471e+07 -131356 9.39748e+07 -113940 8.43975e+07
684187 -940436 2.53274e+08 -1.00468e+06 2.71448e+08 -1.08204e+06 2.75708e+08 -622950 1.9821e+08 -633263 1.99135e+08 -657370 1.99406e+08 -142146 9.75138e+07 -131529 9.40171e+07 -114002 8.44408e+07
684574 -941095 2.53414e+08 -1.00508e+06 2.71582e+08 -1.08305e+06 2.75881e+08 -623872 1.9837e+08 -634340 1.99322e+08 -658489 1.99599e+08 -142418 9.75803e+07 -131703 9.40596e+07 -114064 8.44841e+07
684962 -941750 2.53553e+08 -1.00546e+06 2.71714e+08 -1.08406e+06 2.76053e+08 -624791 1.9853e+08 -635416 1.99508e+08 -659606 1.99792e+08 -142690 9.76467e+07 -131876 9.41022e+07 -114126 8.45273e+07
685358 -942398 2.53692e+08 -1.00582e+06 2.71843e+08 -1.08505e+06 2.76225e+08 -625733 1.98693e+08 -636501 1.99697e+08 -660745 1.99989e+08 -142972 9.77155e+07 -132039 9.41419e+07 -114191 8.45741e+07
685754 -943041 2.5383e+08 -1.00616e+06 2.71971e+08 -1.08605e+06 2.76396e+08 -626672 1.98857e+08 -637584 1.99885e+08 -661882 2.00186e+08 -143253 9.77842e+07 -132201 9.41816e+07 -114256 8.46209e+07
686150 -943678 2.53968e+08 -1.00647e+06 2.72096e+08 -1.08704e+06 2.76567e+08 -627610 1.9902e+08 -638666 2.00072e+08 -663020 2.00382e+08 -143535 9.78528e+07 -132363 9.42213e+07 -114322 8.46679e+07
686544 -944309 2.54106e+08 -1.00676e+06 2.72218e+08 -1.08803e+06 2.76738e+08 -628545 1.99183e+08 -639748 2.0026e+08 -664156 2.00579e+08 -143815 9.79212e+07 -132526 9.42611e+07 -114387 8.47148e+07
686938 -944934 2.54243e+08 -1.00702e+06 2.72338e+08 -1.08901e+06 2.76908e+08 -629478 1.99346e+08 -640830 2.00448e+08 -665292 2.00775e+08 -144095 9.79896e+07 -132689 9.4301e+07 -114452 8.47617e+07
687332 -945554 2.5438e+08 -1.00725e+06 2.72455e+08 -1.08999e+06 2.77078e+08 -630410 1.99508e+08 -641910 2.00635e+08 -666426 2.00971e+08 -144376 9.80579e+07 -132852 9.43411e+07 -114518 8.48084e+07
687724 -946169 2.54516e+08 -1.00744e+06 2.72568e+08 -1.09097e+06 2.77248e+08 -631339 1.9967e+08 -642989 2.00822e+08 -667559 2.01167e+08 -144655 9.81262e+07 -133016 9.43812e+07 -114583 8.48551e+07
688116 -946777 2.54653e+08 -1.00761e+06 2.72679e+08 -1.09194e+06 2.77418e+08 -632267 1.99832e+08 -644068 2.01009e+08 -668691 2.01362e+08 -144935 9.81944e+07 -133181 9.44215e+07 -114648 8.49017e+07
688507 -947379 2.54788e+08 -1.00777e+06 2.72789e+08 -1.09291e+06 2.77587e+08 -633192 1.99993e+08 -645144 2.01195e+08 -669821 2.01558e+08 -145215 9.82627e+07 -133345 9.44616e+07 -114713 8.49482e+07
688898 -947975 2.54924e+08 -1.00793e+06 2.72899e+08 -1.09387e+06 2.77756e+08 -634117 2.00155e+08 -646219 2.01382e+08 -670950 2.01753e+08 -145495 9.83309e+07 -133508 9.45016e+07 -114778 8.49949e+07
689288 -948565 2.55059e+08 -1.00809e+06 2.73009e+08 -1.09483e+06 2.77924e+08 -635038 2.00315e+08 -647293 2.01568e+08 -672077 2.01948e+08 -145775 9.83993e+07 -133672 9.45416e+07 -114843 8.50415e+07
689677 -949148 2.55193e+08 -1.00825e+06 2.73119e+08 -1.09579e+06 2.78092e+08 -635947 2.00474e+08 -648364 2.01753e+08 -673201 2.02142e+08 -146056 9.84678e+07 -133834 9.45814e+07 -114908 8.50879e+07
690065 -949725 2.55327e+08 -1.00841e+06 2.73229e+08 -1.09674e+06 2.7826e+08 -636853 2.00632e+08 -649434 2.01938e+08 -674325 2.02336e+08 -146338 9.85363e+07 -133997 9.46211e+07 -114973 8.51344e+07
690454 -950296 2.5546e+08 -1.00858e+06 2.73339e+08 -1.09769e+06 2.78428e+08 -637758 2.0079e+08 -650503 2.02123e+08 -675447 2.0253e+08 -146619 9.86049e+07 -134159 9.46608e+07 -115038 8.51809e+07
690841 -950860 2.55594e+08 -1.00874e+06 2.73449e+08 -1.09863e+06 2.78596e+08 -638662 2.00947e+08 -651571 2.02308e+08 -676567 2.02723e+08 -146900 9.86735e+07 -134321 9.47005e+07 -115103 8.52274e+07
691228 -951417 2.55726e+08 -1.0089e+06 2.7356e+08 -1.09957e+06 2.78763e+08 -639562 2.01105e+08 -652636 2.02493e+08 -677686 2.02916e+08 -147181 9.8742e+07 -134484 9.47404e+07 -115167 8.52739e+07
691615 -951968 2.55858e+08 -1.00906e+06 2.7367e+08 -1.10051e+06 2.7893e+08 -640461 2.01262e+08 -653701 2.02677e+08 -678804 2.03109e+08 -147462 9.88105e+07 -134647 9.47802e+07 -115232 8.53203e+07
692000 -952512 2.5599e+08 -1.00922e+06 2.7378e+08 -1.10144e+06 2.79096e+08 -641358 2.01418e+08 -654764 2.02861e+08 -679920 2.03302e+08 -147744 9.8879e+07 -134810 9.482e+07 -115297 8.53668e+07
692386 -953049 2.56122e+08 -1.00938e+06 2.7389e+08 -1.10237e+06 2.79263e+08 -642253 2.01575e+08 -655826 2.03044e+08 -681035 2.03495e+08 -148025 9.89476e+07 -134973 9.48599e+07 -115362 8.54134e+07
692771 -953580 2.56253e+08 -1.00954e+06 2.74e+08 -1.10329e+06 2.79429e+08 -643146 2.01731e+08 -656886 2.03228e+08 -682148 2.03687e+08 -148306 9.90161e+07 -135136 9.48997e+07 -115427 8.546e+07
693156 -954103 2.56383e+08 -1.0097e+06 2.7411e+08 -1.10421e+06 2.79594e+08 -644037 2.01887e+08 -657945 2.03411e+08 -683260 2.03879e+08 -148588 9.90847e+07 -135299 9.49395e+07 -115492 8.55066e+07
693540 -954619 2.56513e+08 -1.00986e+06 2.7422e+08 -1.10513e+06 2.79759e+08 -644927 2.02043e+08 -659003 2.03594e+08 -684371 2.04071e+08 -148870 9.91533e+07 -135462 9.49794e+07 -115557 8.55532e+07
