4871.37
9717.05
14460.5
19086.9
23633.2
28162
32688.1
37189.9
41691.8
46169.3
50625.6
55077.5
59498.3
63891.5
68260.8
72600.7
76925.4
81244.1
85559.1
89871.8
94182.9
98494.4
102806
107116
111422
115723
120017
124309
128600
132888
137174
141456
145734
150006
154274
158537
162797
167053
171307
175558
179806
184051
188293
192532
196768
201001
205230
209457
213680
217900
222117
226330
230540
234747
238950
243149
247345
251537
255725
259909
264022
268092
272158
276083
279789
283487
287177
290832
294410
297979
301539
305088
308609
312066
315352
318503
321606
324709
327758
330765
333709
336626
339535
342441
345339
348217
351041
353856
356587
359164
361695
364228
366754
369272
371784
374288
376752
379169
381565
383953
386311
388640
390943
393237
395533
397802
400059
402310
404555
406781
409002
411218
413429
415635
417833
420006
422158
424296
426362
428384
430396
432374
434312
436222
438088
439924
441724
443500
445272
447039
448798
450552
452299
454039
455773
457500
459193
460810
462409
463995
465577
467147
468664
470145
471607
473061
474507
475945
477360
478744
480096
481409
482714
484012
485303
486576
487841
489099
490351
491590
492793
493944
495070
496196
497317
498434
499546
500653
501756
502850
503930
505000
506067
507130
508188
509242
510291
511337
512379
513417
514451
515474
516489
517487
518461
519428
520391
521346
522287
523226
524161
525095
526025
526952
527876
528797
529716
530632
531545
532456
533364
534270
535172
536065
536952
537833
538711
539586
540459
541329
542187
543041
543892
544740
545586
546429
547269
548099
548923
549734
550542
551336
552111
552883
553654
554422
555187
555940
556691
557438
558180
558919
559654
560386
561127
561874
562617
563356
564089
564819
565547
566268
566984
567700
568412
569118
569819
570520
571218
571916
572612
573305
573995
574685
575373
576063
576754
577442
578130
578817
579501
580182
580862
581540
582218
582894
583569
584242
584915
585586
586256
586924
587592
588257
588921
589584
590245
590904
591561
592212
592856
593494
594131
594766
595399
596027
596642
597256
597869
598480
599087
599691
600290
600885
601475
602058
602638
603215
603791
604365
604937
605508
606078
606646
607212
607777
608341
608902
609458
610011
610560
611107
611655
612213
612771
613329
613892
614457
615020
615582
616142
616702
617260
617817
618373
618924
619469
620012
620554
621095
621634
622173
622710
623246
623781
624316
624847
625369
625889
626408
626925
627441
627956
628467
628975
629482
629981
630471
630958
631444
631930
632413
632894
633374
633852
634333
634811
635286
635759
636234
636708
637182
637653
638123
638593
639062
639529
639995
640460
640923
641384
641843
642301
642759
643215
643670
644125
644578
645030
645480
645930
646378
646825
647276
647728
648180
648630
649080
649525
649967
650404
650839
651273
651707
652140
652573
653005
653436
653861
654282
654703
655120
655536
655951
656365
656777
657188
657598
658007
658416
658824
659231
659637
660042
660447
660850
661255
661660
662064
662466
662868
663269
663669
664068
664465
664861
665255
665647
666039
666430
666820
667210
667598
667985
668372
668759
669143
669527
669909
670292
670673
671054
671434
671813
672190
672565
672939
673326
673713
674098
674483
674867
675251
675635
676018
676400
676782
677164
677545
677925
678305
678689
679078
679475
679871
680266
680661
681056
681450
681843
682235
682627
683018
683408
683798
684187
684574
684962
685358
685754
686150
686544
686938
687332
687724
688116
688507
688898
689288
689677
690065
690454
690841
691228
691615
692000
692386
692771
693156
693540
