4871.37 -0.1618 -6.93179e-06 0 7.08664e-05 0 0.000115071 -1.06874 -4.62131e-05 -1.89054 -8.33132e-05 -1.77959 -8.44541e-05
9717.05 -0.362607 -1.55663e-05 0 5.28458e-05 0 0.000103908 -1.36195 -5.90716e-05 -2.12017 -9.3667e-05 -1.90301 -9.04534e-05
14460.5 -0.56702 -2.43922e-05 0 3.55047e-05 0 9.31742e-05 -1.66414 -7.24079e-05 -2.34779 -0.000103984 -2.02229 -9.62697e-05
19086.9 -0.788364 -3.39909e-05 0 1.92858e-05 0 8.29328e-05 -1.96797 -8.59044e-05 -2.57257 -0.000114223 -2.13627 -0.000101845
23633.2 -1.0756 -4.6513e-05 0 5.62565e-06 0 7.31981e-05 -2.27249 -9.95216e-05 -2.79214 -0.000124277 -2.24844 -0.000107348
28162 -1.38615 -6.01365e-05 -0.0623936 -2.69697e-06 0 6.37503e-05 -2.57788 -0.00011327 -3.00648 -0.000134141 -2.3609 -0.000112882
32688.1 -1.70038 -7.40131e-05 -0.220459 -9.54489e-06 0 5.43971e-05 -2.88137 -0.000127026 -3.21762 -0.000143906 -2.47348 -0.000118439
37189.9 -2.00426 -8.75226e-05 -0.368761 -1.59902e-05 0 4.41167e-05 -3.18573 -0.000140917 -3.42733 -0.000153652 -2.58385 -0.000123903
41691.8 -2.30124 -0.000100812 -0.542024 -2.35455e-05 0 3.28043e-05 -3.48951 -0.000154878 -3.63611 -0.000163405 -2.69257 -0.000129301
46169.3 -2.59212 -0.000113913 -0.754232 -3.28367e-05 0 2.20691e-05 -3.79276 -0.000168914 -3.84605 -0.000173261 -2.80002 -0.000134652
50625.6 -2.88351 -0.000127123 -0.969579 -4.23079e-05 0 1.25805e-05 -4.09706 -0.000183101 -4.05997 -0.000183356 -2.90542 -0.000139916
55077.5 -3.17391 -0.000140375 -1.18254 -5.17174e-05 0 4.22974e-06 -4.39901 -0.000197281 -4.27472 -0.000193543 -3.01061 -0.000145185
59498.3 -3.46301 -0.000153656 -1.39395 -6.11006e-05 -0.0201212 -9.34439e-07 -4.69764 -0.000211408 -4.48723 -0.000203678 -3.11767 -0.000150564
63891.5 -3.75068 -0.000166961 -1.60268 -7.04078e-05 -0.0980801 -4.55913e-06 -4.99326 -0.000225495 -4.6966 -0.000213716 -3.22497 -0.000155971
68260.8 -4.0331 -0.000180111 -1.81064 -7.97226e-05 -0.175176 -8.15035e-06 -5.28619 -0.000239558 -4.90407 -0.000223716 -3.33204 -0.000161382
72600.7 -4.31194 -0.000193181 -2.01892 -8.90952e-05 -0.272736 -1.27044e-05 -5.57615 -0.000253582 -5.10951 -0.00023367 -3.43768 -0.000166738
76925.4 -4.58869 -0.000206242 -2.22715 -9.85093e-05 -0.383517 -1.78885e-05 -5.86401 -0.000267608 -5.31358 -0.000243611 -3.54282 -0.000172084
81244.1 -4.86404 -0.000219324 -2.43483 -0.000107943 -0.494853 -2.31127e-05 -6.15031 -0.000281664 -5.51668 -0.000253558 -3.64772 -0.000177433
85559.1 -5.13815 -0.000232438 -2.63995 -0.000117303 -0.604954 -2.82928e-05 -6.43519 -0.000295757 -5.71893 -0.000263516 -3.75232 -0.000182784
89871.8 -5.41105 -0.000245584 -2.84417 -0.000126667 -0.714476 -3.34597e-05 -6.7187 -0.000309891 -5.92044 -0.000273491 -3.85666 -0.000188138
94182.9 -5.68277 -0.000258765 -3.0478 -0.000136048 -0.822442 -3.85668e-05 -7.00089 -0.000324068 -6.12122 -0.000283485 -3.9606 -0.000193487
98494.4 -5.95345 -0.000271988 -3.25093 -0.00014545 -0.929621 -4.36502e-05 -7.28186 -0.000338296 -6.32137 -0.000293502 -4.06391 -0.00019882
102806 -6.22309 -0.000285254 -3.45352 -0.000154873 -1.03612 -4.8715e-05 -7.5616 -0.000352573 -6.52089 -0.000303543 -4.16661 -0.000204138
107116 -6.4915 -0.000298555 -3.65541 -0.000164309 -1.14233 -5.37792e-05 -7.83993 -0.000366894 -6.71925 -0.000313581 -4.26907 -0.00020946
111422 -6.75862 -0.000311889 -3.85656 -0.000173755 -1.24839 -5.88501e-05 -8.11679 -0.000381256 -6.91654 -0.000323621 -4.37139 -0.00021479
115723 -7.02428 -0.000325248 -4.05679 -0.000183205 -1.35472 -6.39473e-05 -8.39202 -0.00039565 -7.11289 -0.00033367 -4.47396 -0.00022015
120017 -7.28845 -0.00033863 -4.25607 -0.000192656 -1.46085 -6.90488e-05 -8.66557 -0.000410076 -7.30826 -0.000343725 -4.57692 -0.000225547
124309 -7.55134 -0.000352047 -4.45459 -0.000202118 -1.56653 -7.41424e-05 -8.93768 -0.000424546 -7.50281 -0.000353795 -4.68 -0.000230967
128600 -7.81306 -0.000365506 -4.65246 -0.000211595 -1.6718 -7.92302e-05 -9.20843 -0.000439067 -7.6966 -0.000363884 -4.78303 -0.000236403
132888 -8.0735 -0.000379002 -4.84959 -0.000221085 -1.77682 -8.43197e-05 -9.47772 -0.000453634 -7.88959 -0.00037399 -4.88585 -0.000241844
137174 -8.33265 -0.000392534 -5.04599 -0.000230587 -1.88163 -8.94126e-05 -9.74549 -0.000468246 -8.08179 -0.000384113 -4.98843 -0.000247289
141456 -8.59046 -0.000406103 -5.24164 -0.000240101 -1.98625 -9.45105e-05 -10.0117 -0.000482902 -8.27317 -0.000394252 -5.09074 -0.000252738
145734 -8.84686 -0.000419703 -5.43646 -0.000249623 -2.09083 -9.96207e-05 -10.2763 -0.000497598 -8.46369 -0.000404406 -5.19276 -0.000258189
150006 -9.10177 -0.000433332 -5.63043 -0.000259152 -2.19551 -0.000104749 -10.5392 -0.00051233 -8.6533 -0.000414572 -5.29447 -0.000263641
154274 -9.35521 -0.000446992 -5.82354 -0.000268687 -2.30022 -0.000109894 -10.8004 -0.000527101 -8.84203 -0.000424751 -5.39589 -0.000269094
158537 -9.60724 -0.000460686 -6.01584 -0.000278233 -2.40484 -0.000115049 -11.0599 -0.000541915 -9.0299 -0.000434945 -5.49703 -0.000274551
162797 -9.8579 -0.000474418 -6.20738 -0.00028779 -2.50927 -0.000120209 -11.3178 -0.000556776 -9.21693 -0.000445156 -5.5979 -0.000280011
167053 -10.1072 -0.00048819 -6.39814 -0.000297359 -2.61349 -0.000125373 -11.5741 -0.000571685 -9.40311 -0.000455384 -5.69851 -0.000285474
171307 -10.3551 -0.000502001 -6.58815 -0.00030694 -2.71746 -0.000130539 -11.8289 -0.000586643 -9.58847 -0.00046563 -5.79884 -0.00029094
175558 -10.6017 -0.000515853 -6.77739 -0.000316534 -2.8212 -0.000135708 -12.082 -0.000601652 -9.77298 -0.000475892 -5.89891 -0.00029641
179806 -10.8469 -0.000529746 -6.96586 -0.00032614 -2.92468 -0.00014088 -12.3335 -0.000616712 -9.95666 -0.000486173 -5.99871 -0.000301883
184051 -11.0907 -0.000543682 -7.15357 -0.000335759 -3.0279 -0.000146053 -12.5834 -0.000631824 -10.1395 -0.000496471 -6.09823 -0.00030736
188293 -11.3331 -0.000557659 -7.3405 -0.00034539 -3.13087 -0.000151228 -12.8316 -0.000646988 -10.3215 -0.000506787 -6.19748 -0.000312839
192532 -11.5741 -0.00057168 -7.52665 -0.000355034 -3.23358 -0.000156405 -13.0782 -0.000662206 -10.5026 -0.00051712 -6.29646 -0.000318322
196768 -11.8136 -0.000585744 -7.71202 -0.00036469 -3.33603 -0.000161584 -13.3231 -0.000677478 -10.6828 -0.000527472 -6.39516 -0.000323807
201001 -12.0518 -0.000599852 -7.8966 -0.000374358 -3.43822 -0.000166765 -13.5663 -0.000692804 -10.8622 -0.000537841 -6.49358 -0.000329296
205230 -12.2885 -0.000614005 -8.08039 -0.000384039 -3.54015 -0.000171948 -13.8078 -0.000708186 -11.0407 -0.000548228 -6.59172 -0.000334788
209457 -12.5238 -0.000628204 -8.26339 -0.000393732 -3.64182 -0.000177132 -14.0475 -0.000723625 -11.2183 -0.000558634 -6.68958 -0.000340283
213680 -12.7576 -0.000642448 -8.44558 -0.000403438 -3.74321 -0.000182318 -14.2856 -0.000739121 -11.3951 -0.000569057 -6.78716 -0.00034578
217900 -12.9899 -0.000656739 -8.62698 -0.000413157 -3.84434 -0.000187505 -14.5218 -0.000754674 -11.5709 -0.000579498 -6.88446 -0.000351281
222117 -13.2208 -0.000671077 -8.80756 -0.000422887 -3.9452 -0.000192694 -14.7563 -0.000770287 -11.7459 -0.000589958 -6.98147 -0.000356784
226330 -13.4501 -0.000685464 -8.98733 -0.00043263 -4.04579 -0.000197884 -14.989 -0.00078596 -11.92 -0.000600435 -7.07819 -0.00036229
230540 -13.678 -0.000699898 -9.16627 -0.000442385 -4.14611 -0.000203075 -15.22 -0.000801694 -12.0931 -0.000610931 -7.17463 -0.000367799
234747 -13.9043 -0.000714383 -9.34439 -0.000452152 -4.24615 -0.000208268 -15.449 -0.000817489 -12.2653 -0.000621444 -7.27078 -0.00037331
238950 -14.1291 -0.000728917 -9.52169 -0.000461931 -4.34591 -0.000213461 -15.6763 -0.000833347 -12.4366 -0.000631976 -7.36664 -0.000378824
243149 -14.3524 -0.000743503 -9.69814 -0.000471722 -4.4454 -0.000218656 -15.9017 -0.000849268 -12.607 -0.000642525 -7.4622 -0.000384341
247345 -14.5741 -0.00075814 -9.87375 -0.000481524 -4.54461 -0.000223852 -16.1252 -0.000865255 -12.7765 -0.000653093 -7.55747 -0.00038986
251537 -14.7943 -0.000772831 -10.0485 -0.000491339 -4.64354 -0.000229048 -16.3468 -0.000881307 -12.945 -0.000663678 -7.65245 -0.000395381
255725 -15.0129 -0.000787574 -10.2224 -0.000501165 -4.74218 -0.000234246 -16.5664 -0.000897427 -13.1125 -0.000674282 -7.74712 -0.000400904
259909 -15.2299 -0.000802372 -10.3955 -0.000511002 -4.84054 -0.000239444 -16.7842 -0.000913615 -13.2791 -0.000684903 -7.8415 -0.00040643
264022 -15.4473 -0.000817371 -10.5707 -0.000521022 -4.93546 -0.000244475 -17.0014 -0.000929981 -13.4462 -0.000695636 -7.93312 -0.000411814
268092 -15.6644 -0.000832513 -10.7467 -0.000531156 -5.02824 -0.000249407 -17.2175 -0.000946482 -13.6132 -0.000706442 -8.02301 -0.000417114
272158 -15.8798 -0.000847713 -10.9218 -0.000541303 -5.12074 -0.000254339 -17.4315 -0.000963057 -13.7791 -0.000717268 -8.11261 -0.000422415
276083 -16.0989 -0.000863365 -11.0747 -0.000550213 -5.21297 -0.000259271 -17.654 -0.000980546 -13.937 -0.000727641 -8.19875 -0.000427529
279789 -16.3177 -0.00087919 -11.1849 -0.000556671 -5.30461 -0.000264185 -17.8874 -0.000999176 -14.083 -0.000737312 -8.27893 -0.000432304
283487 -16.5349 -0.000895103 -11.2943 -0.000563105 -5.39594 -0.000269097 -18.1184 -0.00101792 -14.228 -0.000746979 -8.35881 -0.000437077
287177 -16.7506 -0.000911105 -11.4028 -0.000569514 -5.48693 -0.000274005 -18.347 -0.00103679 -14.3719 -0.000756641 -8.43834 -0.000441844
290832 -16.965 -0.000927224 -11.5107 -0.000575912 -5.57668 -0.000278861 -18.5719 -0.00105568 -14.5115 -0.000766077 -8.51711 -0.000446579
294410 -17.1787 -0.000943507 -11.6185 -0.000582332 -5.66381 -0.000283588 -18.7911 -0.00107441 -14.6417 -0.000774945 -8.59446 -0.000451245
297979 -17.3908 -0.000959892 -11.7254 -0.000588728 -5.75059 -0.000288309 -19.008 -0.00109328 -14.7709 -0.000783801 -8.67147 -0.000455904
301539 -17.6013 -0.000976381 -11.8314 -0.000595093 -5.83702 -0.000293025 -19.2224 -0.00111227 -14.899 -0.00079264 -8.74813 -0.000460557
305088 -17.8102 -0.00099298 -11.9363 -0.000601423 -5.92308 -0.000297734 -19.4345 -0.00113141 -15.026 -0.00080146 -8.82442 -0.000465201
308609 -18.0461 -0.00101202 -12.0428 -0.000607877 -6.00764 -0.000302374 -19.6454 -0.00115082 -15.1507 -0.000810183 -8.90005 -0.00046982
312066 -18.3617 -0.00103802 -12.1559 -0.000614756 -6.08852 -0.000306824 -19.8578 -0.00117076 -15.271 -0.000818653 -8.97448 -0.00047438
315352 -18.6888 -0.00106563 -12.258 -0.000620998 -6.16844 -0.000311234 -20.0779 -0.00119187 -15.3807 -0.000826427 -9.04634 -0.000478795
318503 -19.0141 -0.00109382 -12.3566 -0.000627044 -6.25024 -0.000315759 -20.2961 -0.00121327 -15.4829 -0.000833708 -9.11907 -0.000483278
321606 -19.3347 -0.00112236 -12.4541 -0.000633052 -6.33054 -0.000320214 -20.5041 -0.00123415 -15.5645 -0.000839555 -9.19333 -0.000487869
324709 -19.648 -0.00115106 -12.5514 -0.000639071 -6.41064 -0.00032467 -20.7083 -0.00125512 -15.6459 -0.000845411 -9.26741 -0.000492463
327758 -19.9536 -0.00117989 -12.6448 -0.000644875 -6.48923 -0.000329053 -20.9653 -0.00128226 -15.7315 -0.000851597 -9.3394 -0.000496942
330765 -20.2568 -0.00120938 -12.7349 -0.000650494 -6.56663 -0.000333382 -21.2576 -0.00131423 -15.8199 -0.000858022 -9.4097 -0.000501329
333709 -20.5513 -0.00123896 -12.8182 -0.000655708 -6.6201 -0.00033638 -21.5362 -0.0013459 -15.909 -0.000864534 -9.4815 -0.000505823
336626 -20.8391 -0.00126883 -12.899 -0.000660785 -6.6681 -0.000339075 -21.8033 -0.00137751 -15.997 -0.000870996 -9.55328 -0.00051033
339535 -21.1193 -0.00129896 -12.9793 -0.000665842 -6.71584 -0.00034176 -22.0614 -0.00140937 -16.0835 -0.000877377 -9.62485 -0.000514838
342441 -21.3913 -0.00132927 -13.0594 -0.000670909 -6.76339 -0.000344439 -22.3101 -0.00144146 -16.1697 -0.000883774 -9.6962 -0.000519346
345339 -21.6555 -0.00135985 -13.1388 -0.00067595 -6.81068 -0.000347108 -22.5499 -0.00147387 -16.2552 -0.000890151 -9.76721 -0.000523847
348217 -21.9109 -0.00139062 -13.2179 -0.000680989 -6.85808 -0.000349788 -22.7799 -0.00150653 -16.3398 -0.000896493 -9.8367 -0.000528265
351041 -22.1547 -0.00142123 -13.298 -0.000686109 -6.90683 -0.000352548 -22.9976 -0.00153912 -16.4229 -0.000902756 -9.90035 -0.000532324
353856 -22.3904 -0.00145214 -13.3774 -0.000691203 -6.95544 -0.000355306 -23.2059 -0.00157206 -16.5053 -0.000908995 -9.9637 -0.000536376
356587 -22.6475 -0.00148752 -13.4614 -0.000696614 -7.00056 -0.000357869 -23.41 -0.00160631 -16.5824 -0.000914866 -10.0255 -0.000540338
359164 -22.9136 -0.00152633 -13.5386 -0.000701605 -7.04319 -0.000360295 -23.6134 -0.00164285 -16.6491 -0.000919967 -10.084 -0.000544099
361695 -23.1689 -0.00156606 -13.6126 -0.000706407 -7.08504 -0.00036268 -23.8067 -0.0016803 -16.7123 -0.000924827 -10.1412 -0.000547793
364228 -23.4085 -0.00160606 -13.6868 -0.000711236 -7.12677 -0.000365063 -23.9861 -0.00171807 -16.7757 -0.000929717 -10.1984 -0.00055149
366754 -23.6327 -0.00164647 -13.7606 -0.000716056 -7.16828 -0.000367436 -24.1516 -0.00175627 -16.8387 -0.000934595 -10.2553 -0.000555179
369272 -23.8411 -0.00168729 -13.834 -0.000720866 -7.20956 -0.000369799 -24.3028 -0.00179493 -16.9013 -0.000939461 -10.312 -0.000558862
371784 -24.0331 -0.00172855 -13.907 -0.000725667 -7.2506 -0.000372152 -24.4392 -0.00183407 -16.9634 -0.000944315 -10.3684 -0.000562537
374288 -24.2082 -0.00177026 -13.9796 -0.000730458 -7.29141 -0.000374495 -24.5602 -0.0018737 -17.0252 -0.000949155 -10.4245 -0.000566204
376752 -24.3679 -0.00181301 -14.0496 -0.000735091 -7.3314 -0.000376795 -24.6724 -0.00191686 -17.0901 -0.000954274 -10.4791 -0.00056978
379169 -24.511 -0.0018569 -14.1167 -0.000739549 -7.37058 -0.000379051 -24.7719 -0.00196416 -17.1585 -0.000959685 -10.5304 -0.000573148
381565 -24.6339 -0.00190115 -14.1839 -0.000744028 -7.41003 -0.000381327 -24.8477 -0.0020121 -17.224 -0.000964891 -10.5708 -0.000575811
383953 -24.7366 -0.00194597 -14.2506 -0.000748493 -7.44922 -0.00038359 -24.8989 -0.00206078 -17.2891 -0.000970089 -10.611 -0.00057846
386311 -24.8176 -0.00199107 -14.3193 -0.000753101 -7.4843 -0.00038562 -24.9243 -0.0021099 -17.3566 -0.000975505 -10.6483 -0.000580924
388640 -24.8765 -0.00203638 -14.3909 -0.000757924 -7.51533 -0.000387416 -24.9754 -0.00215866 -17.4261 -0.000981109 -10.6813 -0.00058311
390943 -24.9131 -0.002082 -14.4651 -0.000762935 -7.54343 -0.000389045 -25.0644 -0.00220696 -17.4966 -0.00098682 -10.7104 -0.000585039
393237 -24.9269 -0.00212825 -14.5389 -0.000767939 -7.57126 -0.00039066 -25.1541 -0.00225567 -17.5666 -0.000992514 -10.7392 -0.000586951
395533 -25.0033 -0.00217377 -14.6124 -0.000772944 -7.59905 -0.000392275 -25.2442 -0.00230457 -17.6366 -0.000998248 -10.7679 -0.000588856
397802 -25.0877 -0.00221958 -14.6864 -0.000778005 -7.62569 -0.000393824 -25.3346 -0.00235365 -17.7069 -0.00100404 -10.7955 -0.000590691
400059 -25.171 -0.00226484 -14.7602 -0.000783065 -7.65182 -0.000395345 -25.4237 -0.00240209 -17.7772 -0.00100985 -10.8226 -0.000592501
402310 -25.2542 -0.00231001 -14.8337 -0.000788125 -7.67769 -0.000396852 -25.5136 -0.00245087 -17.847 -0.00101565 -10.849 -0.000594259
404555 -25.3378 -0.00235544 -14.9069 -0.000793184 -7.7033 -0.000398346 -25.6041 -0.00250001 -17.9163 -0.00102145 -10.8747 -0.000595977
406781 -25.4216 -0.00240092 -14.9819 -0.00079839 -7.72652 -0.000399701 -25.6954 -0.00254961 -17.9806 -0.00102685 -10.9123 -0.000598497
409002 -25.5058 -0.00244663 -15.0568 -0.000803611 -7.74938 -0.000401037 -25.7863 -0.00259895 -18.0441 -0.00103221 -10.9505 -0.000601059
411218 -25.5904 -0.00249258 -15.1315 -0.000808838 -7.77199 -0.000402358 -25.8767 -0.00264803 -18.1071 -0.00103756 -10.9886 -0.000603614
413429 -25.6756 -0.00253882 -15.2059 -0.000814066 -7.79431 -0.000403665 -25.9673 -0.00269723 -18.1698 -0.0010429 -11.0264 -0.000606158
415635 -25.7612 -0.00258534 -15.2801 -0.000819294 -7.81635 -0.000404956 -26.0582 -0.00274657 -18.232 -0.00104824 -11.0639 -0.000608691
417833 -25.8475 -0.00263216 -15.3534 -0.000824483 -7.83945 -0.00040631 -26.1492 -0.00279601 -18.2941 -0.00105358 -11.1011 -0.000611202
420006 -25.9336 -0.00267892 -15.4241 -0.00082951 -7.87445 -0.000408364 -26.2403 -0.00284545 -18.3571 -0.00105904 -11.1365 -0.000613595
422158 -26.016 -0.00272369 -15.5047 -0.000835264 -7.90707 -0.000410281 -26.3324 -0.00289546 -18.4181 -0.00106435 -11.1716 -0.00061598
424296 -26.0977 -0.00276805 -15.5847 -0.000841006 -7.93924 -0.000412174 -26.4251 -0.00294583 -18.4781 -0.0010696 -11.2065 -0.000618348
426362 -26.1761 -0.00281063 -15.661 -0.000846501 -7.97041 -0.00041401 -26.5215 -0.00299817 -18.5321 -0.00107435 -11.2406 -0.000620672
428384 -26.2568 -0.00285444 -15.7324 -0.000851665 -8.00114 -0.000415822 -26.6205 -0.0030519 -18.5789 -0.00107847 -11.2746 -0.000622989
430396 -26.3378 -0.0028984 -15.803 -0.000856791 -8.0316 -0.000417621 -26.7199 -0.00310591 -18.6246 -0.00108253 -11.3084 -0.000625294
432374 -26.4186 -0.00294227 -15.8748 -0.000862026 -8.05771 -0.000419165 -26.8179 -0.00315908 -18.6769 -0.00108719 -11.3386 -0.000627363
434312 -26.4996 -0.00298626 -15.9474 -0.000867349 -8.08039 -0.000420506 -26.9132 -0.00321085 -18.7388 -0.00109272 -11.3634 -0.00062906
436222 -26.5804 -0.00303013 -16.0226 -0.000872882 -8.10051 -0.000421698 -27.0084 -0.00326253 -18.8018 -0.00109838 -11.3851 -0.000630544
438088 -26.6614 -0.00307412 -16.1004 -0.000878629 -8.11836 -0.000422755 -27.1039 -0.00331438 -18.8662 -0.00110421 -11.405 -0.00063191
439924 -26.7432 -0.00311852 -16.1766 -0.000884286 -8.13571 -0.000423785 -27.1994 -0.00336625 -18.929 -0.00110993 -11.4242 -0.00063323
441724 -26.8258 -0.00316342 -16.2509 -0.000889829 -8.15235 -0.000424772 -27.2956 -0.00341847 -18.9898 -0.00111549 -11.4424 -0.000634484
443500 -26.9092 -0.0032087 -16.3237 -0.000895284 -8.16846 -0.000425729 -27.3924 -0.00347106 -19.0488 -0.00112092 -11.4598 -0.000635686
445272 -26.9928 -0.0032541 -16.3956 -0.000900696 -8.18492 -0.000426706 -27.4894 -0.00352376 -19.107 -0.0011263 -11.4776 -0.000636909
447039 -27.0766 -0.00329957 -16.4671 -0.000906099 -8.20127 -0.000427679 -27.5866 -0.00357649 -19.1647 -0.00113168 -11.4952 -0.00063812
448798 -27.1605 -0.00334513 -16.5381 -0.000911492 -8.21735 -0.000428635 -27.6837 -0.00362923 -19.2226 -0.00113708 -11.5124 -0.000639312
450552 -27.2445 -0.00339077 -16.6088 -0.000916882 -8.23314 -0.000429575 -27.7809 -0.00368201 -19.2801 -0.0011425 -11.5294 -0.000640486
452299 -27.3287 -0.00343649 -16.6791 -0.00092227 -8.24863 -0.000430498 -27.8782 -0.00373484 -19.3373 -0.00114791 -11.5461 -0.000641643
454039 -27.4131 -0.00348228 -16.749 -0.000927654 -8.26382 -0.000431403 -27.9756 -0.00378772 -19.3941 -0.00115331 -11.5626 -0.000642781
455773 -27.4975 -0.00352814 -16.8186 -0.000933034 -8.27869 -0.00043229 -28.0731 -0.00384066 -19.4506 -0.00115872 -11.5787 -0.0006439
457500 -27.5821 -0.00357408 -16.8878 -0.000938411 -8.29324 -0.000433158 -28.1707 -0.00389365 -19.5067 -0.00116412 -11.5946 -0.000645
459193 -27.6685 -0.00362098 -16.9515 -0.00094338 -8.30847 -0.000434067 -28.2704 -0.00394779 -19.5595 -0.00116922 -11.6103 -0.000646089
460810 -27.7588 -0.00367 -17.007 -0.00094773 -8.32343 -0.000434961 -28.3682 -0.00400093 -19.607 -0.00117384 -11.6254 -0.000647143
462409 -27.8499 -0.0037195 -17.0608 -0.000951956 -8.33817 -0.000435842 -28.4666 -0.00405434 -19.6525 -0.00117829 -11.6404 -0.000648182
463995 -27.9409 -0.00376891 -17.114 -0.000956157 -8.35277 -0.000436716 -28.5647 -0.00410763 -19.6983 -0.00118278 -11.6549 -0.000649195
465577 -28.0315 -0.00381807 -17.1676 -0.000960408 -8.36721 -0.00043758 -28.6623 -0.00416062 -19.7449 -0.00118739 -11.6693 -0.000650196
467147 -28.1219 -0.00386717 -17.2218 -0.00096471 -8.38109 -0.000438411 -28.7596 -0.00421345 -19.7914 -0.00119199 -11.6832 -0.000651163
468664 -28.2104 -0.00391526 -17.2834 -0.000969631 -8.39185 -0.000439055 -28.8555 -0.00426551 -19.8301 -0.00119585 -11.6965 -0.000652088
470145 -28.2963 -0.00396185 -17.3528 -0.000975198 -8.40027 -0.00043956 -28.9598 -0.00432215 -19.8663 -0.00119947 -11.7094 -0.000652991
471607 -28.3819 -0.00400837 -17.4209 -0.000980682 -8.40837 -0.000440046 -29.0749 -0.00438464 -19.9019 -0.00120305 -11.7218 -0.000653857
473061 -28.4677 -0.00405493 -17.4884 -0.000986148 -8.41628 -0.00044052 -29.1903 -0.00444733 -19.9367 -0.00120656 -11.7341 -0.000654714
474507 -28.5535 -0.00410156 -17.5553 -0.000991593 -8.42399 -0.000440982 -29.3062 -0.00451023 -19.971 -0.00121003 -11.7462 -0.000655561
475945 -28.6395 -0.00414824 -17.6216 -0.000997015 -8.43151 -0.000441434 -29.4224 -0.00457336 -20.0047 -0.00121345 -11.7581 -0.000656397
477360 -28.7252 -0.00419478 -17.6848 -0.00100221 -8.4486 -0.00044246 -29.5383 -0.00463628 -20.0391 -0.00121696 -11.7699 -0.00065722
478744 -28.8098 -0.00424071 -17.7835 -0.00101037 -8.46861 -0.000443662 -29.6525 -0.0046983 -20.0736 -0.0012205 -11.7911 -0.000658704
480096 -28.8934 -0.00428612 -17.9049 -0.00102049 -8.48475 -0.000444632 -29.7653 -0.00475952 -20.1112 -0.00122436 -11.8097 -0.000660011
481409 -28.9755 -0.00433066 -18.0335 -0.00103131 -8.497 -0.000445369 -29.8766 -0.00481999 -20.1757 -0.00123103 -11.8232 -0.000660961
482714 -29.0573 -0.00437511 -18.1618 -0.00104222 -8.50885 -0.000446082 -29.9882 -0.00488055 -20.245 -0.00123826 -11.8366 -0.0006619
484012 -29.1391 -0.00441953 -18.2891 -0.00105315 -8.52049 -0.000446783 -30.0999 -0.00494122 -20.3134 -0.00124546 -11.8498 -0.000662831
485303 -29.2209 -0.00446392 -18.4155 -0.00106412 -8.5319 -0.000447471 -30.2118 -0.005002 -20.381 -0.00125263 -11.8629 -0.000663753
486576 -29.3037 -0.0045089 -18.5374 -0.00107481 -8.54332 -0.000448159 -30.3206 -0.00506108 -20.463 -0.0012614 -11.8757 -0.000664648
487841 -29.387 -0.00455411 -18.6567 -0.00108539 -8.55491 -0.000448858 -30.428 -0.00511941 -20.5484 -0.00127064 -11.8885 -0.000665555
489099 -29.4702 -0.00459932 -18.775 -0.00109597 -8.56644 -0.000449553 -30.5354 -0.00517771 -20.6325 -0.00127984 -11.9014 -0.000666465
490351 -29.5535 -0.00464453 -18.892 -0.00110656 -8.57788 -0.000450244 -30.6427 -0.00523598 -20.7154 -0.001289 -11.9144 -0.000667378
491590 -29.6372 -0.00468999 -19.0058 -0.00111696 -8.58944 -0.000450942 -30.7506 -0.00529457 -20.7958 -0.001298 -11.9273 -0.000668294
492793 -29.7231 -0.00473663 -19.1096 -0.00112654 -8.60153 -0.000451672 -30.8612 -0.00535463 -20.8692 -0.00130629 -11.9413 -0.000669283
493944 -29.8123 -0.00478504 -19.2029 -0.00113525 -8.6134 -0.00045239 -30.9759 -0.0054169 -20.9281 -0.00131301 -11.9545 -0.000670214
495070 -29.9022 -0.00483387 -19.2934 -0.00114376 -8.62502 -0.000453092 -31.0916 -0.00547973 -20.9846 -0.00131951 -11.9669 -0.000671093
496196 -29.9917 -0.00488248 -19.385 -0.00115244 -8.63651 -0.000453787 -31.207 -0.00554236 -21.0414 -0.0013261 -11.9793 -0.000671968
497317 -30.0811 -0.00493104 -19.4761 -0.00116116 -8.64805 -0.000454486 -31.3223 -0.00560496 -21.0977 -0.00133268 -11.9918 -0.000672853
498434 -30.1705 -0.00497954 -19.5652 -0.00116977 -8.65967 -0.000455189 -31.4375 -0.00566751 -21.1534 -0.00133925 -12.0044 -0.000673749
499546 -30.2597 -0.00502799 -19.6539 -0.00117843 -8.67187 -0.000455929 -31.5525 -0.00573 -21.2085 -0.00134582 -12.0171 -0.000674652
500653 -30.3488 -0.0050764 -19.7422 -0.00118712 -8.68406 -0.000456667 -31.6676 -0.00579247 -21.263 -0.00135236 -12.0298 -0.000675549
501756 -30.4379 -0.00512477 -19.8301 -0.00119585 -8.6962 -0.000457404 -31.7826 -0.00585492 -21.3169 -0.00135888 -12.0423 -0.000676441
502850 -30.5268 -0.00517303 -19.9185 -0.00120472 -8.70795 -0.000458117 -31.8974 -0.00591724 -21.3707 -0.00136545 -12.0546 -0.000677312
503930 -30.6154 -0.00522114 -20.0041 -0.0012134 -8.71947 -0.000458816 -32.0118 -0.00597937 -21.4246 -0.00137209 -12.0664 -0.000678156
505000 -30.7035 -0.00526896 -20.0782 -0.00122097 -8.73141 -0.000459541 -32.1259 -0.00604135 -21.4785 -0.0013788 -12.0779 -0.000678972
506067 -30.7916 -0.0053168 -20.1512 -0.00122849 -8.74347 -0.000460274 -32.2401 -0.00610336 -21.5319 -0.0013855 -12.0893 -0.000679785
507130 -30.8796 -0.00536458 -20.2236 -0.00123603 -8.75542 -0.000461 -32.3542 -0.00616529 -21.585 -0.00139221 -12.1004 -0.000680577
508188 -30.9675 -0.00541232 -20.2954 -0.00124355 -8.76738 -0.000461727 -32.4682 -0.0062272 -21.6372 -0.00139888 -12.1114 -0.000681363
509242 -31.0553 -0.00546003 -20.3663 -0.00125107 -8.77934 -0.000462455 -32.5821 -0.00628907 -21.6888 -0.00140554 -12.1224 -0.000682147
510291 -31.1432 -0.00550774 -20.4365 -0.00125856 -8.79103 -0.000463167 -32.696 -0.00635089 -21.7401 -0.00141224 -12.1333 -0.000682927
511337 -31.231 -0.00555544 -20.5061 -0.00126605 -8.80221 -0.000463848 -32.8098 -0.0064127 -21.7905 -0.00141887 -12.1443 -0.000683708
512379 -31.3188 -0.0056031 -20.5749 -0.00127352 -8.8133 -0.000464523 -32.9236 -0.00647448 -21.8401 -0.00142545 -12.1551 -0.000684486
513417 -31.4065 -0.00565073 -20.643 -0.00128099 -8.8243 -0.000465194 -33.0373 -0.00653624 -21.8887 -0.00143197 -12.166 -0.000685261
514451 -31.4942 -0.00569833 -20.7105 -0.00128846 -8.83522 -0.00046586 -33.151 -0.00659797 -21.9364 -0.00143842 -12.1767 -0.000686034
515474 -31.5818 -0.00574587 -20.7774 -0.00129593 -8.846 -0.000466518 -33.2644 -0.00665956 -21.9824 -0.0014447 -12.1871 -0.000686779
516489 -31.6689 -0.00579319 -20.8438 -0.00130341 -8.85688 -0.000467182 -33.3774 -0.00672089 -22.0283 -0.00145104 -12.1973 -0.000687506
517487 -31.7542 -0.00583953 -20.9126 -0.00131123 -8.86756 -0.000467834 -33.488 -0.00678097 -22.0753 -0.00145759 -12.2071 -0.000688209
518461 -31.8401 -0.00588616 -20.9789 -0.00131885 -8.87849 -0.000468502 -33.5994 -0.00684143 -22.1202 -0.00146392 -12.2174 -0.00068895
519428 -31.9261 -0.00593284 -21.0441 -0.00132641 -8.88933 -0.000469165 -33.7109 -0.00690199 -22.1644 -0.00147019 -12.2276 -0.000689682
520391 -32.0121 -0.00597952 -21.1083 -0.00133394 -8.90015 -0.000469826 -33.8224 -0.00696256 -22.2078 -0.00147642 -12.2377 -0.000690405
521346 -32.0975 -0.0060259 -21.1761 -0.00134195 -8.9105 -0.00047046 -33.9345 -0.00702339 -22.2499 -0.00148253 -12.2477 -0.000691126
522287 -32.1818 -0.00607171 -21.2517 -0.00135099 -8.91992 -0.000471036 -34.0476 -0.00708482 -22.2898 -0.00148837 -12.2578 -0.000691851
523226 -32.2661 -0.00611747 -21.3263 -0.00136002 -8.92932 -0.000471612 -34.1607 -0.0071462 -22.3294 -0.00149421 -12.2678 -0.000692571
524161 -32.3503 -0.0061632 -21.3998 -0.00136902 -8.93874 -0.000472188 -34.2736 -0.00720752 -22.3686 -0.00150005 -12.2777 -0.000693285
525095 -32.4345 -0.0062089 -21.4718 -0.00137795 -8.94818 -0.000472767 -34.3863 -0.00726875 -22.4075 -0.00150591 -12.2875 -0.000693993
526025 -32.5186 -0.00625455 -21.5427 -0.00138686 -8.95761 -0.000473345 -34.499 -0.00732992 -22.446 -0.00151177 -12.2973 -0.000694695
526952 -32.6025 -0.00630015 -21.6126 -0.00139574 -8.96704 -0.000473924 -34.6115 -0.00739103 -22.4842 -0.00151762 -12.3069 -0.000695391
527876 -32.6865 -0.00634573 -21.6813 -0.00140457 -8.97651 -0.000474504 -34.724 -0.00745212 -22.5219 -0.00152347 -12.3165 -0.000696083
528797 -32.7704 -0.00639128 -21.7486 -0.00141335 -8.98601 -0.000475088 -34.8365 -0.00751319 -22.5591 -0.00152931 -12.326 -0.000696772
529716 -32.8542 -0.00643681 -21.8148 -0.00142208 -8.99568 -0.000475681 -34.9489 -0.00757422 -22.5959 -0.00153512 -12.3355 -0.000697456
530632 -32.938 -0.00648232 -21.8797 -0.00143076 -9.00538 -0.000476277 -35.0613 -0.00763524 -22.632 -0.0015409 -12.3449 -0.000698137
531545 -33.0218 -0.00652779 -21.9435 -0.00143939 -9.0149 -0.000476862 -35.1736 -0.00769622 -22.6676 -0.00154664 -12.3543 -0.000698814
532456 -33.1055 -0.00657325 -22.0065 -0.00144803 -9.02407 -0.000477425 -35.2858 -0.00775717 -22.7025 -0.00155234 -12.3636 -0.000699491
533364 -33.1891 -0.00661866 -22.0687 -0.00145667 -9.03317 -0.000477985 -35.398 -0.00781811 -22.7366 -0.00155796 -12.3729 -0.000700166
534270 -33.2727 -0.00666403 -22.1301 -0.00146531 -9.04221 -0.000478541 -35.5102 -0.00787901 -22.7699 -0.0015635 -12.3822 -0.000700838
535172 -33.3561 -0.00670933 -22.1966 -0.0014748 -9.0512 -0.000479094 -35.6221 -0.00793975 -22.8029 -0.00156905 -12.3914 -0.000701504
536065 -33.4392 -0.00675447 -22.2859 -0.0014878 -9.06017 -0.000479646 -35.7329 -0.00799994 -22.8365 -0.00157475 -12.4003 -0.000702151
536952 -33.5221 -0.00679946 -22.3736 -0.00150081 -9.07001 -0.000480253 -35.8434 -0.00805993 -22.8693 -0.00158039 -12.4096 -0.000702827
537833 -33.6032 -0.00684351 -22.4594 -0.00151382 -9.08124 -0.000480945 -35.9533 -0.00811962 -22.9015 -0.00158597 -12.4185 -0.000703468
538711 -33.6831 -0.00688689 -22.5435 -0.00152686 -9.09237 -0.000481631 -36.0632 -0.00817926 -22.9329 -0.00159148 -12.4273 -0.000704107
539586 -33.7629 -0.00693022 -22.6259 -0.00153992 -9.10344 -0.000482313 -36.1729 -0.00823886 -22.9638 -0.00159696 -12.436 -0.000704743
540459 -33.8427 -0.00697353 -22.7065 -0.001553 -9.11445 -0.000482993 -36.2826 -0.00829844 -22.9943 -0.00160242 -12.4447 -0.000705375
541329 -33.9223 -0.0070168 -22.7854 -0.00156609 -9.12539 -0.000483668 -36.3923 -0.00835798 -23.0244 -0.00160788 -12.4534 -0.000706005
542187 -34.0015 -0.00705979 -22.8606 -0.00157889 -9.14354 -0.000484789 -36.5011 -0.00841704 -23.0555 -0.00161358 -12.461 -0.000706562
543041 -34.0805 -0.00710268 -22.9338 -0.00159165 -9.16303 -0.000485994 -36.6096 -0.00847597 -23.0865 -0.00161932 -12.4684 -0.000707102
543892 -34.1594 -0.00714554 -23.0053 -0.00160442 -9.18244 -0.000487195 -36.7181 -0.00853487 -23.117 -0.00162505 -12.4758 -0.000707638
544740 -34.2383 -0.00718837 -23.075 -0.00161719 -9.20179 -0.000488393 -36.8265 -0.00859374 -23.1472 -0.00163077 -12.4829 -0.000708157
545586 -34.3171 -0.00723117 -23.143 -0.00162998 -9.22108 -0.000489588 -36.9348 -0.00865258 -23.1769 -0.00163648 -12.4898 -0.000708663
546429 -34.3959 -0.00727393 -23.2092 -0.00164277 -9.24029 -0.00049078 -37.0431 -0.00871138 -23.2062 -0.00164217 -12.4967 -0.000709162
547269 -34.4746 -0.00731665 -23.2737 -0.00165556 -9.25943 -0.000491968 -37.1514 -0.00877015 -23.2351 -0.00164785 -12.5034 -0.000709656
548099 -34.5527 -0.0073591 -23.3373 -0.00166857 -9.27739 -0.000493084 -37.2589 -0.00882853 -23.2644 -0.00165371 -12.5094 -0.000710088
548923 -34.6307 -0.00740142 -23.3996 -0.00168167 -9.29469 -0.000494159 -37.366 -0.00888672 -23.2938 -0.00165964 -12.5148 -0.000710486
549734 -34.7079 -0.00744335 -23.4616 -0.00169514 -9.31074 -0.000495157 -37.4722 -0.00894435 -23.3241 -0.00166583 -12.5178 -0.000710707
550542 -34.7851 -0.0074853 -23.5212 -0.00170851 -9.32678 -0.000496156 -37.5784 -0.00900202 -23.3536 -0.00167195 -12.5208 -0.000710921
551336 -34.8633 -0.00752772 -23.577 -0.00172143 -9.34277 -0.000497152 -37.6858 -0.00906035 -23.3812 -0.00167775 -12.5237 -0.000711132
552111 -34.9432 -0.00757115 -23.6274 -0.00173351 -9.35865 -0.000498142 -37.7957 -0.00912004 -23.4046 -0.00168275 -12.5264 -0.000711329
552883 -35.0232 -0.00761455 -23.6761 -0.00174556 -9.37449 -0.00049913 -37.9056 -0.00917971 -23.4275 -0.00168768 -12.529 -0.000711522
553654 -35.1031 -0.00765794 -23.7231 -0.00175756 -9.39028 -0.000500116 -38.0155 -0.00923937 -23.4498 -0.00169254 -12.5316 -0.000711713
554422 -35.1829 -0.00770129 -23.7683 -0.00176952 -9.40602 -0.000501099 -38.1253 -0.00929898 -23.4716 -0.00169734 -12.5341 -0.000711898
555187 -35.2627 -0.00774459 -23.8118 -0.00178143 -9.42169 -0.000502078 -38.235 -0.00935854 -23.4928 -0.00170208 -12.5367 -0.000712086
555940 -35.3417 -0.0077875 -23.8548 -0.00179368 -9.43623 -0.000502988 -38.3437 -0.0094176 -23.5131 -0.00170665 -12.546 -0.000712769
556691 -35.4206 -0.00783037 -23.8962 -0.00180591 -9.45073 -0.000503895 -38.4524 -0.00947661 -23.5327 -0.00171115 -12.5553 -0.000713448
557438 -35.4997 -0.00787329 -23.9356 -0.00181804 -9.46516 -0.000504799 -38.5608 -0.0095355 -23.5528 -0.00171578 -12.5645 -0.000714117
558180 -35.579 -0.00791634 -23.9728 -0.00182999 -9.47954 -0.0005057 -38.6689 -0.00959419 -23.5742 -0.00172077 -12.5734 -0.000714771
558919 -35.6582 -0.00795935 -24.0084 -0.0018419 -9.49386 -0.000506598 -38.7769 -0.0096528 -23.5948 -0.00172565 -12.5822 -0.00071542
559654 -35.7373 -0.00800231 -24.0422 -0.00185376 -9.50812 -0.000507493 -38.8847 -0.00971134 -23.6146 -0.00173041 -12.591 -0.000716065
560386 -35.8163 -0.0080452 -24.0744 -0.00186557 -9.5223 -0.000508383 -38.9923 -0.00976978 -23.6336 -0.00173502 -12.5998 -0.000716705
561127 -35.8956 -0.00808828 -24.1064 -0.00187792 -9.53665 -0.000509285 -39.1005 -0.00982854 -23.6534 -0.00173988 -12.6086 -0.000717356
561874 -35.9751 -0.00813145 -24.1374 -0.00189052 -9.5511 -0.000510193 -39.2091 -0.00988748 -23.6737 -0.00174494 -12.6175 -0.000718011
562617 -36.055 -0.00817485 -24.1661 -0.00190292 -9.56544 -0.000511095 -39.3174 -0.00994628 -23.6961 -0.00175061 -12.6264 -0.000718665
563356 -36.1351 -0.00821833 -24.1928 -0.00191518 -9.57973 -0.000511994 -39.4163 -0.0100054 -23.719 -0.0017565 -12.6353 -0.000719314
564089 -36.2155 -0.00826198 -24.2176 -0.00192729 -9.59389 -0.000512886 -39.4163 -0.0100689 -23.7415 -0.00176238 -12.6439 -0.000719948
564819 -36.2958 -0.0083056 -24.2408 -0.00193937 -9.60802 -0.000513777 -39.4163 -0.0101325 -23.7636 -0.00176827 -12.6524 -0.000720578
565547 -36.376 -0.00834912 -24.2624 -0.00195147 -9.62241 -0.000514684 -39.4163 -0.0101959 -23.7855 -0.00177418 -12.6617 -0.000721259
566268 -36.4553 -0.00839217 -24.2829 -0.00196395 -9.63656 -0.000515577 -39.4163 -0.0102587 -23.8071 -0.00178012 -12.6705 -0.000721913
566984 -36.534 -0.00843493 -24.3021 -0.00197666 -9.65053 -0.000516459 -39.4163 -0.0103211 -23.8283 -0.00178609 -12.6791 -0.000722543
567700 -36.6127 -0.00847767 -24.3196 -0.00198941 -9.66433 -0.000517331 -39.4163 -0.0103832 -23.8492 -0.00179206 -12.6876 -0.000723171
568412 -36.6913 -0.00852034 -24.3353 -0.00200217 -9.67911 -0.000518265 -39.4163 -0.0104446 -23.8698 -0.00179805 -12.6963 -0.000723814
569118 -36.7689 -0.00856246 -24.3494 -0.00201517 -9.69447 -0.000519237 -39.4163 -0.0105053 -23.8908 -0.00180429 -12.7048 -0.000724443
569819 -36.846 -0.00860435 -24.3618 -0.00202828 -9.70984 -0.000520209 -39.4163 -0.0105657 -23.9117 -0.00181063 -12.7132 -0.000725063
570520 -36.9231 -0.00864621 -24.3723 -0.00204141 -9.72518 -0.000521182 -39.4163 -0.010626 -23.9322 -0.00181697 -12.7216 -0.000725681
571218 -37.0001 -0.00868804 -24.3809 -0.00205455 -9.7405 -0.000522152 -39.4163 -0.0106862 -23.9523 -0.00182332 -12.7299 -0.000726297
571916 -37.0771 -0.00872984 -24.3876 -0.0020677 -9.75584 -0.000523125 -39.4163 -0.0107464 -23.9719 -0.00182967 -12.7382 -0.00072691
572612 -37.1541 -0.00877166 -24.3925 -0.00208081 -9.77119 -0.000524099 -39.4163 -0.0108066 -23.9915 -0.00183619 -12.7465 -0.000727527
573305 -37.2306 -0.00881318 -24.3954 -0.00209415 -9.78627 -0.000525058 -39.4163 -0.0108666 -24.0207 -0.00184615 -12.7552 -0.000728169
573995 -37.307 -0.00885467 -24.3964 -0.00210749 -9.80134 -0.000526015 -39.4163 -0.0109266 -24.0488 -0.00185612 -12.7638 -0.000728808
574685 -37.3834 -0.00889614 -24.4167 -0.0021203 -9.81638 -0.000526972 -39.4163 -0.0109866 -24.0758 -0.0018661 -12.7724 -0.000729446
575373 -37.4597 -0.00893759 -24.4372 -0.00213303 -9.83141 -0.000527928 -39.4163 -0.0110465 -24.1018 -0.0018761 -12.781 -0.000730082
576063 -37.5362 -0.00897913 -24.4594 -0.00214681 -9.8463 -0.000528877 -39.4163 -0.0111064 -24.1266 -0.00188607 -12.7897 -0.000730728
576754 -37.6128 -0.00902072 -24.4821 -0.00216088 -9.86114 -0.000529823 -39.4163 -0.0111663 -24.1503 -0.00189602 -12.7984 -0.000731377
577442 -37.6893 -0.00906227 -24.5048 -0.00217497 -9.87586 -0.000530761 -39.4163 -0.0112262 -24.1727 -0.00190589 -12.8078 -0.000732075
578130 -37.7658 -0.00910379 -24.5275 -0.00218908 -9.89049 -0.000531695 -39.4163 -0.011286 -24.1944 -0.00191592 -12.8176 -0.000732803
578817 -37.8422 -0.00914529 -24.5503 -0.00220317 -9.90511 -0.000532628 -39.4163 -0.0113458 -24.2152 -0.00192608 -12.8274 -0.000733531
579501 -37.9183 -0.00918659 -24.5729 -0.00221723 -9.92032 -0.0005336 -39.4163 -0.0114055 -24.2349 -0.00193619 -12.838 -0.000734319
580182 -37.9939 -0.00922766 -24.5955 -0.00223126 -9.93583 -0.000534592 -39.4163 -0.011465 -24.2533 -0.00194629 -12.849 -0.00073514
580862 -38.0695 -0.00926869 -24.6181 -0.00224529 -9.95131 -0.000535582 -39.4163 -0.0115244 -24.2706 -0.00195637 -12.86 -0.00073596
581540 -38.145 -0.00930969 -24.6407 -0.00225931 -9.96677 -0.000536572 -39.4163 -0.0115838 -24.2868 -0.00196645 -12.871 -0.000736779
582218 -38.2205 -0.00935067 -24.6633 -0.00227334 -9.9822 -0.000537561 -39.4163 -0.0116432 -24.3019 -0.00197651 -12.8819 -0.000737598
582894 -38.2959 -0.00939163 -24.6859 -0.00228738 -9.99761 -0.000538549 -39.4163 -0.0117025 -24.3158 -0.00198656 -12.8929 -0.000738417
583569 -38.3713 -0.00943256 -24.7086 -0.00230143 -10.013 -0.000539537 -39.4163 -0.0117618 -24.3286 -0.00199659 -12.9038 -0.000739235
584242 -38.4466 -0.00947346 -24.7312 -0.00231549 -10.0284 -0.000540524 -39.4163 -0.011821 -24.3403 -0.00200659 -12.9148 -0.000740052
584915 -38.5219 -0.00951433 -24.7539 -0.00232955 -10.0437 -0.000541509 -39.4163 -0.0118802 -24.3508 -0.00201657 -12.9257 -0.000740869
585586 -38.5971 -0.00955518 -24.7766 -0.00234363 -10.059 -0.000542494 -39.4163 -0.0119394 -24.3602 -0.00202651 -12.9366 -0.000741686
586256 -38.6723 -0.009596 -24.7993 -0.00235771 -10.0743 -0.000543479 -39.4163 -0.0119985 -24.3685 -0.00203642 -12.9475 -0.000742502
586924 -38.7474 -0.00963679 -24.822 -0.00237179 -10.0896 -0.000544462 -39.4163 -0.0120575 -24.3757 -0.00204628 -12.9584 -0.000743318
587592 -38.8225 -0.00967755 -24.8447 -0.00238589 -10.1049 -0.000545445 -39.4163 -0.0121165 -24.3818 -0.0020561 -12.9692 -0.000744133
588257 -38.8975 -0.00971829 -24.8674 -0.00239998 -10.1201 -0.000546427 -39.4163 -0.0121754 -24.3868 -0.00206585 -12.9801 -0.000744947
588921 -38.9724 -0.00975899 -24.8901 -0.00241408 -10.1353 -0.000547408 -39.4163 -0.0122343 -24.3908 -0.00207554 -12.9909 -0.000745761
589584 -39.0473 -0.00979966 -24.9125 -0.00242798 -10.1504 -0.000548387 -39.4163 -0.0122931 -24.3936 -0.00208516 -13.0017 -0.000746574
590245 -39.1222 -0.0098403 -24.9348 -0.00244183 -10.1656 -0.000549364 -39.4163 -0.0123519 -24.3955 -0.00209469 -13.0125 -0.000747386
590904 -39.197 -0.00988091 -24.9572 -0.00245569 -10.1807 -0.000550341 -39.4163 -0.0124106 -24.3964 -0.00210413 -13.0233 -0.000748198
591561 -39.2717 -0.00992151 -24.9794 -0.00246952 -10.1957 -0.000551315 -39.4163 -0.0124696 -24.4053 -0.00211321 -13.034 -0.000749006
592212 -39.3467 -0.00996224 -25.0015 -0.00248323 -10.2107 -0.000552285 -39.4163 -0.012532 -24.4196 -0.00212207 -13.0446 -0.000749804
592856 -39.4163 -0.010003 -25.0237 -0.00249701 -10.2255 -0.000553242 -39.4163 -0.0125942 -24.4333 -0.00213062 -13.0554 -0.000750623
593494 -39.4163 -0.0100455 -25.0459 -0.00251077 -10.2401 -0.000554191 -39.4163 -0.0126564 -24.4469 -0.00213906 -13.0664 -0.000751448
594131 -39.4163 -0.0100879 -25.0681 -0.00252452 -10.2547 -0.00055514 -39.4163 -0.0127186 -24.4605 -0.00214748 -13.0773 -0.000752273
594766 -39.4163 -0.0101303 -25.0903 -0.00253829 -10.2694 -0.000556089 -39.4163 -0.0127807 -24.4741 -0.00215591 -13.0882 -0.000753096
595399 -39.4163 -0.0101726 -25.1124 -0.00255203 -10.2836 -0.000557012 -39.4163 -0.0128427 -24.4876 -0.00216433 -13.0993 -0.000753943
596027 -39.4163 -0.0102146 -25.1348 -0.00256591 -10.2969 -0.000557878 -39.4163 -0.0129044 -24.5014 -0.00217284 -13.1105 -0.000754785
596642 -39.4163 -0.0102562 -25.1579 -0.00258025 -10.3086 -0.000558641 -39.4163 -0.0129653 -24.5158 -0.0021818 -13.1202 -0.000755522
597256 -39.4163 -0.0102977 -25.181 -0.00259457 -10.3203 -0.000559403 -39.4163 -0.0130263 -24.5302 -0.00219075 -13.1299 -0.000756258
597869 -39.4163 -0.0103393 -25.204 -0.00260888 -10.332 -0.000560163 -39.4163 -0.0130871 -24.5446 -0.00219968 -13.1396 -0.000756993
598480 -39.4163 -0.0103808 -25.227 -0.00262317 -10.3436 -0.000560921 -39.4163 -0.0131479 -24.559 -0.0022086 -13.1493 -0.000757728
599087 -39.4163 -0.0104221 -25.25 -0.00263743 -10.356 -0.000561731 -39.4163 -0.0132085 -24.5733 -0.00221749 -13.1594 -0.000758497
599691 -39.4163 -0.0104634 -25.2723 -0.00265128 -10.369 -0.000562578 -39.4163 -0.0132691 -24.5875 -0.00222626 -13.1698 -0.000759291
600290 -39.4163 -0.010505 -25.294 -0.00266472 -10.3819 -0.000563418 -39.4163 -0.0133301 -24.601 -0.00223469 -13.1802 -0.000760078
600885 -39.4163 -0.0105467 -25.3154 -0.00267801 -10.3947 -0.000564253 -39.4163 -0.0133912 -24.6145 -0.00224302 -13.1905 -0.00076086
601475 -39.4163 -0.0105885 -25.3367 -0.00269121 -10.4073 -0.000565079 -39.4163 -0.0134524 -24.6278 -0.00225129 -13.2005 -0.000761628
602058 -39.4163 -0.0106301 -25.358 -0.00270447 -10.4195 -0.000565879 -39.4163 -0.0135134 -24.6412 -0.0022596 -13.2104 -0.000762381
602638 -39.4163 -0.0106719 -25.3791 -0.00271752 -10.4318 -0.00056668 -39.4163 -0.0135746 -24.6543 -0.00226777 -13.2203 -0.000763132
603215 -39.4163 -0.0107138 -25.3997 -0.0027303 -10.4441 -0.000567484 -39.4163 -0.013636 -24.6672 -0.00227577 -13.2301 -0.000763881
603791 -39.4163 -0.0107557 -25.4201 -0.00274299 -10.4563 -0.000568287 -39.4163 -0.0136973 -24.6801 -0.00228373 -13.2399 -0.000764629
604365 -39.4163 -0.0107975 -25.4404 -0.00275558 -10.4686 -0.000569089 -39.4163 -0.0137586 -24.6928 -0.00229163 -13.2497 -0.000765375
604937 -39.4163 -0.0108393 -25.4605 -0.00276807 -10.4808 -0.00056989 -39.4163 -0.0138198 -24.7054 -0.00229947 -13.2594 -0.00076612
605508 -39.4163 -0.0108811 -25.4805 -0.00278043 -10.493 -0.00057069 -39.4163 -0.0138811 -24.718 -0.00230725 -13.2691 -0.000766863
606078 -39.4163 -0.0109229 -25.5003 -0.00279274 -10.5051 -0.000571489 -39.4163 -0.0139422 -24.7304 -0.00231496 -13.2788 -0.000767606
606646 -39.4163 -0.0109646 -25.5201 -0.00280503 -10.5173 -0.000572287 -39.4163 -0.0140034 -24.7427 -0.00232259 -13.2885 -0.000768347
607212 -39.4163 -0.0110063 -25.5398 -0.00281728 -10.5294 -0.000573082 -39.4163 -0.0140644 -24.7549 -0.00233014 -13.2981 -0.000769086
607777 -39.4163 -0.011048 -25.5595 -0.00282949 -10.5415 -0.000573876 -39.4163 -0.0141255 -24.7669 -0.00233761 -13.3078 -0.000769824
608341 -39.4163 -0.0110896 -25.5791 -0.00284167 -10.5535 -0.000574667 -39.4163 -0.0141864 -24.7788 -0.00234499 -13.3173 -0.00077056
608902 -39.4163 -0.0111312 -25.5987 -0.00285382 -10.5655 -0.000575457 -39.4163 -0.0142473 -24.7905 -0.00235226 -13.3269 -0.000771293
609458 -39.4163 -0.0111726 -25.6201 -0.00286711 -10.5777 -0.00057626 -39.4163 -0.0143076 -24.8024 -0.00235967 -13.3339 -0.000771828
610011 -39.4163 -0.0112139 -25.6424 -0.0028809 -10.5898 -0.000577059 -39.4163 -0.0143677 -24.8143 -0.00236705 -13.3404 -0.000772335
610560 -39.4163 -0.0112551 -25.6645 -0.00289467 -10.6021 -0.000577875 -39.4163 -0.0144276 -24.826 -0.00237431 -13.3473 -0.000772865
611107 -39.4163 -0.0112962 -25.6867 -0.00290841 -10.6148 -0.000578707 -39.4163 -0.0144874 -24.8375 -0.00238141 -13.3546 -0.000773421
611655 -39.4163 -0.0113373 -25.7086 -0.00292204 -10.6272 -0.000579532 -39.4163 -0.0145472 -24.8492 -0.00238871 -13.362 -0.00077399
612213 -39.4163 -0.0113785 -25.7303 -0.00293545 -10.6399 -0.000580368 -39.4163 -0.0146073 -24.8626 -0.00239702 -13.3696 -0.000774579
612771 -39.4163 -0.0114196 -25.7517 -0.00294876 -10.6526 -0.000581209 -39.4163 -0.0146674 -24.8759 -0.00240529 -13.3773 -0.000775168
613329 -39.4163 -0.0114607 -25.773 -0.00296197 -10.6654 -0.000582057 -39.4163 -0.0147274 -24.8892 -0.0024135 -13.3849 -0.000775756
613892 -39.4163 -0.0115019 -25.7939 -0.00297497 -10.6786 -0.00058293 -39.4163 -0.0147875 -24.9022 -0.0024216 -13.3926 -0.000776354
614457 -39.4163 -0.011543 -25.8147 -0.00298786 -10.6919 -0.000583811 -39.4163 -0.0148476 -24.9152 -0.00242963 -13.4004 -0.000776953
615020 -39.4163 -0.0115841 -25.8354 -0.00300069 -10.7052 -0.000584693 -39.4163 -0.0149077 -24.9281 -0.00243763 -13.4081 -0.000777548
615582 -39.4163 -0.0116252 -25.8559 -0.00301345 -10.7185 -0.000585575 -39.4163 -0.0149677 -24.9409 -0.0024456 -13.4158 -0.000778141
616142 -39.4163 -0.0116663 -25.8764 -0.00302615 -10.7318 -0.000586457 -39.4163 -0.0150277 -24.9537 -0.00245353 -13.4234 -0.000778733
616702 -39.4163 -0.0117073 -25.8969 -0.00303883 -10.7453 -0.000587351 -39.4163 -0.0150876 -24.9664 -0.00246142 -13.4312 -0.000779332
617260 -39.4163 -0.0117483 -25.9172 -0.00305149 -10.7588 -0.000588249 -39.4163 -0.0151475 -24.979 -0.00246926 -13.439 -0.000779934
617817 -39.4163 -0.0117893 -25.9376 -0.0030641 -10.7723 -0.000589148 -39.4163 -0.0152073 -24.9916 -0.00247706 -13.4468 -0.000780536
618373 -39.4163 -0.0118302 -25.9578 -0.00307669 -10.7858 -0.000590047 -39.4163 -0.0152671 -25.0041 -0.00248482 -13.4545 -0.000781138
618924 -39.4163 -0.011871 -25.9784 -0.00308945 -10.7987 -0.000590908 -39.4163 -0.0153266 -25.0168 -0.00249272 -13.4617 -0.000781693
619469 -39.4163 -0.0119114 -25.9995 -0.00310252 -10.8107 -0.000591704 -39.4163 -0.0153857 -25.03 -0.00250087 -13.4681 -0.000782188
620012 -39.4163 -0.0119518 -26.0205 -0.00311556 -10.8226 -0.000592501 -39.4163 -0.0154447 -25.043 -0.00250896 -13.4744 -0.000782682
620554 -39.4163 -0.0119923 -26.0414 -0.00312855 -10.8346 -0.000593297 -39.4163 -0.0155037 -25.056 -0.002517 -13.4808 -0.000783175
621095 -39.4163 -0.0120326 -26.0623 -0.00314151 -10.8465 -0.000594092 -39.4163 -0.0155627 -25.0688 -0.00252499 -13.4871 -0.000783667
621634 -39.4163 -0.012073 -26.0831 -0.00315442 -10.8584 -0.000594886 -39.4163 -0.0156216 -25.0816 -0.00253292 -13.4935 -0.000784158
622173 -39.4163 -0.0121133 -26.1039 -0.0031673 -10.8702 -0.00059568 -39.4163 -0.0156804 -25.0943 -0.00254079 -13.4998 -0.000784647
622710 -39.4163 -0.0121536 -26.1245 -0.00318012 -10.8821 -0.000596473 -39.4163 -0.0157393 -25.1069 -0.00254861 -13.5061 -0.000785136
623246 -39.4163 -0.0121939 -26.1451 -0.00319289 -10.8939 -0.000597266 -39.4163 -0.0157981 -25.1192 -0.00255625 -13.5123 -0.000785623
623781 -39.4163 -0.0122342 -26.1656 -0.0032056 -10.9058 -0.000598059 -39.4163 -0.0158568 -25.1314 -0.00256381 -13.5186 -0.00078611
624316 -39.4163 -0.0122745 -26.186 -0.00321826 -10.9176 -0.000598852 -39.4163 -0.0159156 -25.1436 -0.00257137 -13.5248 -0.000786595
624847 -39.4163 -0.0123148 -26.2061 -0.00323077 -10.9294 -0.000599642 -39.4163 -0.0159745 -25.1556 -0.00257887 -13.5311 -0.000787087
625369 -39.4163 -0.0123556 -26.2256 -0.00324286 -10.941 -0.000600419 -39.4163 -0.016034 -25.1673 -0.00258607 -13.5378 -0.000787607
625889 -39.4163 -0.0123963 -26.245 -0.00325487 -10.9526 -0.000601193 -39.4163 -0.0160935 -25.1788 -0.00259325 -13.5445 -0.000788127
626408 -39.4163 -0.0124371 -26.2642 -0.00326679 -10.9641 -0.000601967 -39.4163 -0.0161531 -25.1904 -0.00260042 -13.5512 -0.000788646
626925 -39.4163 -0.0124779 -26.2833 -0.00327862 -10.9756 -0.00060274 -39.4163 -0.0162126 -25.2019 -0.00260756 -13.5578 -0.000789165
627441 -39.4163 -0.0125187 -26.3022 -0.00329036 -10.9871 -0.000603512 -39.4163 -0.0162729 -25.2134 -0.00261468 -13.5644 -0.000789682
627956 -39.4163 -0.0125595 -26.3209 -0.00330199 -10.9985 -0.000604282 -39.4163 -0.0163332 -25.2248 -0.00262178 -13.5711 -0.000790199
628467 -39.4163 -0.0126003 -26.3394 -0.00331349 -11.0099 -0.00060505 -39.4163 -0.0163944 -25.2362 -0.00262884 -13.5776 -0.000790713
628975 -39.4163 -0.0126413 -26.3576 -0.00332478 -11.0213 -0.000605814 -39.4163 -0.0164583 -25.2475 -0.00263585 -13.5841 -0.00079122
629482 -39.4163 -0.0126823 -26.3756 -0.00333596 -11.0326 -0.000606577 -39.4163 -0.0165223 -25.2587 -0.00264282 -13.5906 -0.000791724
629981 -39.4163 -0.0127235 -26.3931 -0.00334679 -11.0435 -0.000607309 -39.4163 -0.0165867 -25.2697 -0.00264961 -13.5969 -0.000792219
630471 -39.4163 -0.0127651 -26.4097 -0.0033571 -11.0536 -0.000607991 -39.4163 -0.0166517 -25.2801 -0.00265611 -13.6031 -0.000792701
630958 -39.4163 -0.0128068 -26.4261 -0.00336725 -11.0636 -0.000608667 -39.4163 -0.0167169 -25.2905 -0.00266254 -13.6092 -0.000793179
631444 -39.4163 -0.0128485 -26.4422 -0.00337726 -11.0735 -0.000609339 -39.4163 -0.0167821 -25.3008 -0.00266895 -13.6152 -0.000793653
631930 -39.4163 -0.0128901 -26.4582 -0.00338721 -11.0835 -0.000610011 -39.4163 -0.0168472 -25.3112 -0.00267539 -13.6212 -0.000794123
632413 -39.4163 -0.0129319 -26.4737 -0.00339682 -11.0934 -0.000610678 -39.4163 -0.0169126 -25.3212 -0.00268161 -13.6272 -0.000794587
632894 -39.4163 -0.0129738 -26.4889 -0.00340627 -11.1031 -0.000611339 -39.4163 -0.0169781 -25.3312 -0.00268779 -13.633 -0.000795047
633374 -39.4163 -0.0130156 -26.5039 -0.00341555 -11.1129 -0.000611998 -39.4163 -0.0170437 -25.3411 -0.00269393 -13.6388 -0.000795502
633852 -39.4163 -0.0130575 -26.5189 -0.00342488 -11.1225 -0.000612653 -39.4163 -0.0171094 -25.3509 -0.00270002 -13.6446 -0.000795955
634333 -39.4163 -0.0130996 -26.5363 -0.00343566 -11.1321 -0.000613302 -39.4163 -0.0171751 -25.3606 -0.00270605 -13.6505 -0.000796417
634811 -39.4163 -0.0131418 -26.5533 -0.0034462 -11.1417 -0.000613949 -39.4163 -0.0172412 -25.3701 -0.00271192 -13.6563 -0.000796876
635286 -39.4163 -0.0131841 -26.5699 -0.0034565 -11.151 -0.000614583 -39.4163 -0.0173074 -25.3793 -0.00271766 -13.6623 -0.000797346
635759 -39.4163 -0.0132265 -26.5863 -0.00346668 -11.1602 -0.000615206 -39.4163 -0.0173737 -25.3885 -0.00272335 -13.6684 -0.000797823
636234 -39.4163 -0.0132687 -26.6028 -0.00347693 -11.1695 -0.000615838 -39.4163 -0.0174398 -25.3978 -0.00272912 -13.6745 -0.0007983
636708 -39.4163 -0.0133109 -26.6192 -0.0034871 -11.1789 -0.000616472 -39.4163 -0.0175058 -25.4071 -0.00273489 -13.6805 -0.000798774
637182 -39.4163 -0.013353 -26.6355 -0.00349721 -11.1883 -0.000617109 -39.4163 -0.0175719 -25.4163 -0.00274064 -13.6865 -0.000799245
637653 -39.4163 -0.013395 -26.6517 -0.00350725 -11.1985 -0.000617803 -39.4163 -0.0176377 -25.4257 -0.00274643 -13.6921 -0.000799683
638123 -39.4163 -0.0134369 -26.6677 -0.00351721 -11.2087 -0.000618498 -39.4163 -0.0177036 -25.435 -0.00275221 -13.6976 -0.000800119
638593 -39.4163 -0.0134789 -26.6836 -0.00352709 -11.2189 -0.000619193 -39.4163 -0.0177694 -25.4443 -0.00275797 -13.7031 -0.000800552
639062 -39.4163 -0.0135208 -26.6994 -0.00353689 -11.2292 -0.000619889 -39.4163 -0.0178353 -25.4535 -0.00276372 -13.7085 -0.000800979
639529 -39.4163 -0.013564 -26.715 -0.00354658 -11.2394 -0.000620584 -39.4163 -0.0179012 -25.4627 -0.0027694 -13.7139 -0.000801401
639995 -39.4163 -0.0136072 -26.7305 -0.00355618 -11.2496 -0.00062128 -39.4163 -0.0179672 -25.4718 -0.00277506 -13.7192 -0.000801819
640460 -39.4163 -0.0136504 -26.7458 -0.00356569 -11.2598 -0.000621976 -39.4163 -0.0180332 -25.4809 -0.0027807 -13.7244 -0.000802233
640923 -39.4163 -0.0136936 -26.761 -0.0035751 -11.2701 -0.000622679 -39.4163 -0.0180992 -25.49 -0.00278633 -13.7297 -0.000802649
641384 -39.4163 -0.0137365 -26.776 -0.00358439 -11.2814 -0.00062345 -39.4163 -0.0181648 -25.499 -0.00279191 -13.736 -0.000803146
641843 -39.4163 -0.0137794 -26.7908 -0.00359357 -11.2927 -0.000624224 -39.4163 -0.0182305 -25.5079 -0.00279749 -13.7422 -0.000803639
642301 -39.4163 -0.0138223 -26.8054 -0.00360265 -11.3041 -0.000624998 -39.4163 -0.0182961 -25.5169 -0.00280304 -13.7484 -0.000804128
642759 -39.4163 -0.0138651 -26.8198 -0.00361161 -11.3154 -0.000625774 -39.4163 -0.0183617 -25.5258 -0.00280858 -13.7546 -0.000804613
643215 -39.4163 -0.0139079 -26.8341 -0.00362046 -11.3268 -0.000626551 -39.4163 -0.0184274 -25.5347 -0.0028141 -13.7606 -0.000805094
643670 -39.4163 -0.0139507 -26.8481 -0.00362918 -11.3381 -0.000627329 -39.4163 -0.018493 -25.5436 -0.00281961 -13.7667 -0.000805569
644125 -39.4163 -0.0139935 -26.862 -0.00363776 -11.3495 -0.000628109 -39.4163 -0.0185587 -25.5524 -0.00282509 -13.7726 -0.00080604
644578 -39.4163 -0.0140362 -26.8756 -0.00364621 -11.3609 -0.000628889 -39.4163 -0.0186243 -25.5612 -0.00283056 -13.7785 -0.000806509
645030 -39.4163 -0.0140789 -26.889 -0.00365451 -11.3723 -0.000629669 -39.4163 -0.0186899 -25.57 -0.00283601 -13.7844 -0.000806975
645480 -39.4163 -0.0141215 -26.9021 -0.00366266 -11.3837 -0.00063045 -39.4163 -0.0187555 -25.5788 -0.00284144 -13.7903 -0.000807438
645930 -39.4163 -0.0141641 -26.9149 -0.00367063 -11.3951 -0.00063123 -39.4163 -0.0188212 -25.5875 -0.00284685 -13.7961 -0.000807898
646378 -39.4163 -0.0142067 -26.9275 -0.00367842 -11.4064 -0.00063201 -39.4163 -0.0188868 -25.5962 -0.00285224 -13.8018 -0.000808355
646825 -39.4163 -0.0142493 -26.9397 -0.00368602 -11.4178 -0.00063279 -39.4163 -0.0189524 -25.6048 -0.00285761 -13.8075 -0.000808807
647276 -39.4163 -0.0142919 -26.955 -0.00369548 -11.4282 -0.000633511 -39.4163 -0.019018 -25.6134 -0.00286292 -13.8135 -0.000809282
647728 -39.4163 -0.0143346 -26.9724 -0.00370629 -11.4361 -0.000634049 -39.4163 -0.0190835 -25.6219 -0.00286821 -13.8199 -0.000809791
648180 -39.4163 -0.0143773 -26.9898 -0.00371708 -11.4439 -0.000634586 -39.4163 -0.0191489 -25.6304 -0.00287346 -13.8263 -0.000810298
648630 -39.4163 -0.0144199 -27.0072 -0.00372786 -11.4516 -0.000635121 -39.4163 -0.0192143 -25.6388 -0.00287869 -13.8327 -0.000810802
649080 -39.4163 -0.0144625 -27.0245 -0.00373862 -11.4594 -0.000635655 -39.4163 -0.0192798 -25.6472 -0.00288388 -13.839 -0.000811305
649525 -39.4163 -0.0145204 -27.0418 -0.00374936 -11.4673 -0.000636201 -39.4163 -0.0193455 -25.6552 -0.00288889 -13.8451 -0.000811792
649967 -39.4163 -0.0145908 -27.0591 -0.00376006 -11.4754 -0.000636755 -39.4163 -0.0194116 -25.6631 -0.00289375 -13.851 -0.000812265
650404 -39.4163 -0.0146608 -27.0767 -0.003771 -11.4828 -0.000637265 -39.4163 -0.0194774 -25.6712 -0.00289878 -13.8563 -0.000812686
650839 -39.4163 -0.0147311 -27.0941 -0.00378184 -11.4899 -0.000637756 -39.4163 -0.0195434 -25.6797 -0.00290407 -13.8614 -0.00081309
651273 -39.4163 -0.0148018 -27.111 -0.00379227 -11.497 -0.00063825 -39.4163 -0.01961 -25.6887 -0.00290964 -13.8665 -0.000813496
651707 -39.4163 -0.0148725 -27.1277 -0.00380263 -11.5042 -0.000638743 -39.4163 -0.0196766 -25.6976 -0.00291519 -13.8716 -0.0008139
652140 -39.4163 -0.0149432 -27.1443 -0.00381297 -11.5113 -0.000639235 -39.4163 -0.0197433 -25.7065 -0.00292072 -13.8766 -0.000814302
652573 -39.4163 -0.0150139 -27.1609 -0.00382328 -11.5184 -0.000639725 -39.4163 -0.0198099 -25.7154 -0.00292622 -13.8816 -0.000814702
653005 -39.4163 -0.0150845 -27.1775 -0.00383358 -11.5254 -0.000640212 -39.4163 -0.0198766 -25.7242 -0.0029317 -13.8866 -0.0008151
653436 -39.4163 -0.0151551 -27.1941 -0.00384388 -11.5324 -0.000640696 -39.4163 -0.0199432 -25.733 -0.00293715 -13.8916 -0.000815496
653861 -39.4163 -0.0152263 -27.2103 -0.0038539 -11.5392 -0.000641165 -39.4163 -0.0200104 -25.7414 -0.00294234 -13.8964 -0.000815882
654282 -39.4163 -0.0152973 -27.2266 -0.00386401 -11.5459 -0.000641624 -39.4163 -0.0200775 -25.7498 -0.00294756 -13.9011 -0.000816252
654703 -39.4163 -0.0153681 -27.2429 -0.00387418 -11.5525 -0.000642085 -39.4163 -0.0201444 -25.7582 -0.0029528 -13.9057 -0.00081662
655120 -39.4163 -0.0154383 -27.2594 -0.00388436 -11.5606 -0.000642643 -39.4163 -0.0202109 -25.7666 -0.00295803 -13.9111 -0.000817056
655536 -39.4163 -0.0155085 -27.2758 -0.00389454 -11.5687 -0.000643202 -39.4163 -0.0202774 -25.775 -0.00296323 -13.9165 -0.000817488
655951 -39.4163 -0.0155786 -27.2922 -0.00390476 -11.5767 -0.000643762 -39.4163 -0.0203438 -25.7834 -0.00296843 -13.9219 -0.000817916
656365 -39.4163 -0.0156483 -27.309 -0.00391515 -11.5848 -0.000644318 -39.4163 -0.0204099 -25.792 -0.00297376 -13.9271 -0.000818336
656777 -39.4163 -0.0157179 -27.3257 -0.00392553 -11.5928 -0.000644874 -39.4163 -0.020476 -25.8005 -0.00297905 -13.9324 -0.000818754
657188 -39.4163 -0.0157874 -27.3425 -0.00393593 -11.6012 -0.000645462 -39.4163 -0.020542 -25.809 -0.00298432 -13.9379 -0.000819195
657598 -39.4163 -0.0158567 -27.3592 -0.00394634 -11.6099 -0.00064606 -39.4163 -0.020608 -25.8174 -0.00298956 -13.9435 -0.000819642
658007 -39.4163 -0.0159261 -27.376 -0.00395674 -11.6184 -0.000646657 -39.4163 -0.020674 -25.8258 -0.00299475 -13.949 -0.000820087
658416 -39.4163 -0.0159954 -27.3927 -0.00396713 -11.627 -0.000647252 -39.4163 -0.02074 -25.8341 -0.0029999 -13.9545 -0.000820529
658824 -39.4163 -0.0160646 -27.4095 -0.00397752 -11.6356 -0.000647847 -39.4163 -0.0208061 -25.8423 -0.003005 -13.96 -0.00082097
659231 -39.4163 -0.0161339 -27.4262 -0.00398791 -11.6441 -0.00064844 -39.4163 -0.0208721 -25.8505 -0.00301006 -13.9655 -0.000821407
659637 -39.4163 -0.0162031 -27.4429 -0.00399828 -11.6526 -0.000649031 -39.4163 -0.0209381 -25.8585 -0.00301506 -13.9709 -0.000821842
660042 -39.4163 -0.0162722 -27.4596 -0.00400865 -11.6611 -0.000649621 -39.4163 -0.0210042 -25.8665 -0.00302001 -13.9763 -0.000822274
660447 -39.4163 -0.0163414 -27.4764 -0.00401902 -11.6695 -0.000650209 -39.4163 -0.0210702 -25.8744 -0.0030249 -13.9816 -0.000822703
660850 -39.4163 -0.0164105 -27.493 -0.00402938 -11.6779 -0.000650795 -39.4163 -0.0211363 -25.8822 -0.00302972 -13.9869 -0.000823129
661255 -39.4163 -0.0164705 -27.5098 -0.00403975 -11.6862 -0.000651372 -39.4163 -0.0212022 -25.89 -0.00303456 -13.9923 -0.00082356
661660 -39.4163 -0.016521 -27.5265 -0.00405012 -11.6943 -0.000651937 -39.4163 -0.0212678 -25.8978 -0.0030394 -13.9977 -0.000823995
662064 -39.4163 -0.0165715 -27.5432 -0.00406049 -11.7024 -0.0006525 -39.4163 -0.0213335 -25.9054 -0.00304416 -14.0031 -0.000824427
662466 -39.4163 -0.0166219 -27.5599 -0.00407086 -11.7104 -0.000653061 -39.4163 -0.0213992 -25.913 -0.00304884 -14.0084 -0.000824856
662868 -39.4163 -0.0166723 -27.5766 -0.00408122 -11.7184 -0.00065362 -39.4163 -0.0214649 -25.9204 -0.00305343 -14.0137 -0.00082528
663269 -39.4163 -0.0167227 -27.5933 -0.00409158 -11.7263 -0.000654169 -39.4163 -0.0215306 -25.9276 -0.0030579 -14.0189 -0.000825702
663669 -39.4163 -0.0167731 -27.6099 -0.00410192 -11.734 -0.000654705 -39.4163 -0.0215964 -25.9346 -0.00306224 -14.0241 -0.000826124
664068 -39.4163 -0.0168235 -27.6266 -0.00411227 -11.7416 -0.000655237 -39.4163 -0.0216621 -25.9414 -0.00306646 -14.0293 -0.000826542
664465 -39.4163 -0.0168738 -27.6433 -0.00412261 -11.7491 -0.000655765 -39.4163 -0.0217279 -25.9479 -0.00307053 -14.0345 -0.000826957
664861 -39.4163 -0.0169242 -27.66 -0.00413296 -11.7566 -0.000656287 -39.4163 -0.0217937 -25.9542 -0.00307445 -14.0396 -0.000827368
665255 -39.4163 -0.0169745 -27.6766 -0.00414331 -11.764 -0.000656804 -39.4163 -0.0218594 -25.9603 -0.00307819 -14.0446 -0.000827774
665647 -39.4163 -0.0170247 -27.6933 -0.00415367 -11.7713 -0.000657316 -39.4163 -0.0219252 -25.966 -0.00308173 -14.0496 -0.000828176
666039 -39.4163 -0.017075 -27.71 -0.00416402 -11.7785 -0.000657824 -39.4163 -0.0219909 -25.9716 -0.00308522 -14.0545 -0.000828575
666430 -39.4163 -0.0171252 -27.7267 -0.00417435 -11.7857 -0.000658331 -39.4163 -0.0220567 -25.9772 -0.00308872 -14.0594 -0.00082897
666820 -39.4163 -0.0171754 -27.7433 -0.00418468 -11.7929 -0.000658835 -39.4163 -0.0221226 -25.9829 -0.00309222 -14.0643 -0.000829361
667210 -39.4163 -0.0172255 -27.7599 -0.00419498 -11.8 -0.000659329 -39.4163 -0.0221884 -25.9885 -0.00309574 -14.0693 -0.000829769
667598 -39.4163 -0.0172755 -27.7764 -0.00420524 -11.8068 -0.000659805 -39.4163 -0.0222541 -25.9942 -0.00309925 -14.0748 -0.000830211
667985 -39.4163 -0.0173255 -27.793 -0.0042155 -11.8135 -0.000660278 -39.4163 -0.0223198 -25.9999 -0.00310278 -14.0802 -0.000830651
668372 -39.4163 -0.0173754 -27.8095 -0.00422574 -11.8202 -0.00066075 -39.4163 -0.0223856 -26.0056 -0.00310631 -14.0856 -0.000831087
668759 -39.4163 -0.0174254 -27.8259 -0.00423596 -11.8269 -0.000661219 -39.4163 -0.0224515 -26.0113 -0.00310985 -14.091 -0.000831519
669143 -39.4163 -0.0174752 -27.8425 -0.00424627 -11.8334 -0.000661672 -39.4163 -0.0225172 -26.017 -0.00311341 -14.0973 -0.00083203
669527 -39.4163 -0.017525 -27.8592 -0.0042566 -11.8397 -0.000662119 -39.4163 -0.022583 -26.0228 -0.00311699 -14.1039 -0.000832569
669909 -39.4163 -0.0175747 -27.8758 -0.00426692 -11.846 -0.000662562 -39.4163 -0.0226489 -26.0286 -0.00312057 -14.1106 -0.000833107
670292 -39.4163 -0.0176245 -27.8924 -0.00427723 -11.8523 -0.000663002 -39.4163 -0.0227147 -26.0343 -0.00312416 -14.1172 -0.000833644
670673 -39.4163 -0.0176742 -27.909 -0.00428752 -11.8585 -0.000663438 -39.4163 -0.0227807 -26.0401 -0.00312775 -14.1238 -0.000834181
671054 -39.4163 -0.0177239 -27.9256 -0.0042978 -11.8646 -0.000663871 -39.4163 -0.0228467 -26.046 -0.00313136 -14.1304 -0.000834718
671434 -39.4163 -0.0177735 -27.9421 -0.00430807 -11.8707 -0.000664299 -39.4163 -0.0229128 -26.0518 -0.00313498 -14.137 -0.000835253
671813 -39.4163 -0.0178232 -27.9586 -0.00431831 -11.8767 -0.000664724 -39.4163 -0.02298 -26.0576 -0.00313859 -14.1436 -0.000835787
672190 -39.4163 -0.017873 -27.975 -0.00432844 -11.8827 -0.000665142 -39.4163 -0.0230512 -26.0634 -0.0031422 -14.15 -0.000836312
672565 -39.4163 -0.0179228 -27.9913 -0.00433857 -11.8885 -0.000665556 -39.4163 -0.0231226 -26.0692 -0.00314581 -14.1565 -0.000836837
672939 -39.4163 -0.0179726 -28.0076 -0.00434869 -11.8943 -0.000665964 -39.4163 -0.0231942 -26.0751 -0.00314944 -14.1629 -0.00083736
673326 -39.4163 -0.0180224 -28.0236 -0.00435861 -11.9006 -0.000666404 -39.4163 -0.0232665 -26.0828 -0.00315425 -14.1696 -0.000837901
673713 -39.4163 -0.0180722 -28.0396 -0.00436853 -11.907 -0.000666856 -39.4163 -0.023339 -26.0907 -0.0031591 -14.1762 -0.000838437
674098 -39.4163 -0.0181219 -28.0555 -0.00437845 -11.9136 -0.000667326 -39.4163 -0.0234115 -26.0985 -0.00316399 -14.1826 -0.000838966
674483 -39.4163 -0.0181715 -28.0715 -0.00438834 -11.9203 -0.000667793 -39.4163 -0.0234842 -26.1064 -0.00316889 -14.1891 -0.000839494
674867 -39.4163 -0.0182211 -28.0874 -0.00439822 -11.9269 -0.000668262 -39.4163 -0.0235572 -26.1143 -0.00317379 -14.1956 -0.000840023
675251 -39.4163 -0.0182707 -28.1033 -0.00440807 -11.9335 -0.000668727 -39.4163 -0.0236304 -26.1222 -0.00317869 -14.2021 -0.000840551
675635 -39.4163 -0.0183203 -28.1191 -0.0044179 -11.94 -0.000669189 -39.4163 -0.0237038 -26.1301 -0.0031836 -14.2086 -0.00084108
676018 -39.4163 -0.0183699 -28.1349 -0.0044277 -11.9465 -0.000669648 -39.4163 -0.0237776 -26.138 -0.00318851 -14.215 -0.000841608
676400 -39.4163 -0.0184196 -28.1505 -0.00443739 -11.9529 -0.000670104 -39.4163 -0.0238518 -26.1458 -0.00319333 -14.2215 -0.000842136
676782 -39.4163 -0.0184693 -28.166 -0.00444702 -11.9593 -0.000670556 -39.4163 -0.0239263 -26.1535 -0.00319812 -14.228 -0.000842664
677164 -39.4163 -0.018519 -28.1815 -0.00445663 -11.9657 -0.000671005 -39.4163 -0.0240012 -26.1613 -0.00320292 -14.2344 -0.000843192
677545 -39.4163 -0.0185687 -28.197 -0.00446622 -11.972 -0.000671451 -39.4163 -0.0240764 -26.169 -0.00320772 -14.2409 -0.000843721
677925 -39.4163 -0.0186184 -28.2123 -0.00447572 -11.9782 -0.000671894 -39.4163 -0.0241521 -26.1767 -0.00321247 -14.2473 -0.000844249
678305 -39.4163 -0.0186682 -28.2275 -0.00448514 -11.9845 -0.000672336 -39.4163 -0.0242283 -26.1842 -0.00321718 -14.2538 -0.000844778
678689 -39.4163 -0.0187181 -28.2425 -0.00449445 -11.991 -0.000672797 -39.4163 -0.024305 -26.1917 -0.00322182 -14.2604 -0.000845319
679078 -39.4163 -0.0187677 -28.2577 -0.00450389 -11.9977 -0.000673272 -39.4163 -0.0243817 -26.1994 -0.0032266 -14.2671 -0.000845865
679475 -39.4163 -0.0188166 -28.2735 -0.00451369 -12.0045 -0.000673759 -39.4163 -0.0244579 -26.2077 -0.00323171 -14.2737 -0.000846413
679871 -39.4163 -0.0188655 -28.2892 -0.00452347 -12.0114 -0.000674245 -39.4163 -0.0245346 -26.2159 -0.00323682 -14.2804 -0.00084696
680266 -39.4163 -0.0189144 -28.3049 -0.00453322 -12.0182 -0.000674729 -39.4163 -0.0246118 -26.2241 -0.00324193 -14.287 -0.000847506
680661 -39.4163 -0.0189633 -28.3206 -0.00454295 -12.025 -0.000675212 -39.4163 -0.0246895 -26.2324 -0.00324705 -14.2937 -0.000848052
681056 -39.4163 -0.0190122 -28.3363 -0.00455266 -12.0318 -0.000675693 -39.4163 -0.0247679 -26.2406 -0.00325218 -14.3003 -0.000848597
681450 -39.4163 -0.019061 -28.3519 -0.00456234 -12.0385 -0.000676172 -39.4163 -0.0248469 -26.2489 -0.0032573 -14.3069 -0.000849141
681843 -39.4163 -0.0191098 -28.3674 -0.00457199 -12.0453 -0.00067665 -39.4163 -0.0249265 -26.2572 -0.00326243 -14.3136 -0.000849685
682235 -39.4163 -0.0191587 -28.3829 -0.00458162 -12.0519 -0.000677126 -39.4163 -0.025007 -26.2654 -0.00326757 -14.3202 -0.000850228
682627 -39.4163 -0.0192075 -28.3984 -0.00459123 -12.0586 -0.000677601 -39.4163 -0.0250883 -26.2737 -0.0032727 -14.3267 -0.00085077
683018 -39.4163 -0.0192563 -28.4138 -0.0046008 -12.0653 -0.000678073 -39.4163 -0.0251705 -26.282 -0.00327785 -14.3333 -0.00085131
683408 -39.4163 -0.019305 -28.4292 -0.00461034 -12.0719 -0.000678544 -39.4163 -0.0252531 -26.2903 -0.00328299 -14.3398 -0.00085185
683798 -39.4163 -0.0193538 -28.4446 -0.00461986 -12.0784 -0.000679012 -39.4163 -0.025336 -26.2986 -0.00328814 -14.3464 -0.000852389
684187 -39.4163 -0.0194026 -28.4598 -0.00462934 -12.085 -0.000679476 -39.4163 -0.0254192 -26.3069 -0.00329329 -14.3529 -0.000852926
684574 -39.4163 -0.0194513 -28.4751 -0.00463878 -12.0914 -0.000679937 -39.4163 -0.0255028 -26.3152 -0.00329844 -14.3594 -0.000853462
684962 -39.4163 -0.0195001 -28.4902 -0.00464819 -12.0978 -0.000680395 -39.4163 -0.0255868 -26.3235 -0.00330359 -14.3658 -0.000853995
685358 -39.4163 -0.019548 -28.5062 -0.00465814 -12.1047 -0.000680885 -39.4163 -0.0256697 -26.3325 -0.00330921 -14.3725 -0.000854547
685754 -39.4163 -0.019597 -28.5223 -0.00466808 -12.1115 -0.00068137 -39.4163 -0.0257522 -26.3415 -0.00331479 -14.3792 -0.000855098
686150 -39.4163 -0.0196469 -28.5383 -0.00467801 -12.1183 -0.000681853 -39.4163 -0.0258334 -26.3504 -0.00332026 -14.3858 -0.000855647
686544 -39.4163 -0.0196968 -28.5542 -0.00468792 -12.125 -0.000682333 -39.4163 -0.0259146 -26.3592 -0.00332573 -14.3924 -0.000856195
686938 -39.4163 -0.0197466 -28.5702 -0.00469782 -12.1317 -0.000682809 -39.4163 -0.0259957 -26.368 -0.00333121 -14.399 -0.000856741
687332 -39.4163 -0.0197964 -28.5861 -0.00470768 -12.1383 -0.000683282 -39.4163 -0.0260768 -26.3768 -0.00333669 -14.4056 -0.000857285
687724 -39.4163 -0.0198462 -28.6019 -0.00471753 -12.1449 -0.000683752 -39.4163 -0.0261579 -26.3857 -0.00334217 -14.4121 -0.000857826
688116 -39.4163 -0.019896 -28.6178 -0.00472735 -12.1514 -0.000684218 -39.4163 -0.026239 -26.3945 -0.00334766 -14.4186 -0.000858364
688507 -39.4163 -0.0199468 -28.6336 -0.00473715 -12.1579 -0.000684684 -39.4163 -0.02632 -26.4033 -0.00335314 -14.4251 -0.000858901
688898 -39.4163 -0.0199983 -28.6493 -0.00474691 -12.1644 -0.000685148 -39.4163 -0.0264011 -26.4122 -0.00335862 -14.4315 -0.000859435
689288 -39.4163 -0.0200498 -28.665 -0.00475664 -12.1709 -0.000685615 -39.4163 -0.0264821 -26.421 -0.0033641 -14.4379 -0.000859967
689677 -39.4163 -0.0201013 -28.6806 -0.00476633 -12.1782 -0.000686136 -39.4163 -0.026563 -26.4299 -0.00336963 -14.4442 -0.000860488
690065 -39.4163 -0.0201528 -28.6962 -0.00477599 -12.1854 -0.000686656 -39.4163 -0.0266438 -26.4388 -0.00337517 -14.4504 -0.000861007
690454 -39.4163 -0.0202044 -28.7117 -0.00478562 -12.1926 -0.000687173 -39.4163 -0.0267247 -26.4478 -0.0033807 -14.4567 -0.000861525
690841 -39.4163 -0.020256 -28.7271 -0.0047952 -12.1998 -0.000687689 -39.4163 -0.0268055 -26.4567 -0.00338623 -14.4629 -0.000862041
691228 -39.4163 -0.0203076 -28.7425 -0.00480473 -12.207 -0.000688202 -39.4163 -0.0268863 -26.4655 -0.00339174 -14.469 -0.000862554
691615 -39.4163 -0.0203592 -28.7578 -0.00481423 -12.2141 -0.000688713 -39.4163 -0.0269672 -26.4744 -0.00339725 -14.4752 -0.000863066
692000 -39.4163 -0.0204109 -28.773 -0.00482369 -12.2212 -0.000689222 -39.4163 -0.027048 -26.4833 -0.00340275 -14.4813 -0.000863577
692386 -39.4163 -0.0204626 -28.7882 -0.00483312 -12.2283 -0.000689728 -39.4163 -0.0271288 -26.4921 -0.00340825 -14.4874 -0.000864086
692771 -39.4163 -0.0205143 -28.8034 -0.00484252 -12.2353 -0.000690233 -39.4163 -0.0272095 -26.501 -0.00341374 -14.4935 -0.000864593
693156 -39.4163 -0.0205661 -28.8184 -0.00485188 -12.2423 -0.000690736 -39.4163 -0.0272902 -26.5098 -0.00341922 -14.4996 -0.000865099
693540 -39.4163 -0.0206178 -28.8335 -0.0048612 -12.2492 -0.000691237 -39.4163 -0.0273709 -26.5187 -0.00342471 -14.5056 -0.000865603
