4871.37 -0.727433 -3.19878e-05 -0.569635 -2.50066e-05 -0.596094 -2.78755e-05 -0.545958 -2.39612e-05 -0.449439 -1.97049e-05 -0.0672427 -3.12454e-06
9717.05 -0.870617 -3.83431e-05 -0.767935 -3.37835e-05 -0.810145 -3.79844e-05 -0.690993 -3.03736e-05 -0.628538 -2.76098e-05 -0.193687 -9.01359e-06
14460.5 -1.01843 -4.49244e-05 -1.03739 -4.57703e-05 -1.02148 -4.8018e-05 -0.833504 -3.66939e-05 -0.844016 -3.71608e-05 -0.31739 -1.47923e-05
19086.9 -1.19969 -5.30245e-05 -1.33891 -5.92676e-05 -1.22764 -5.78569e-05 -0.976014 -4.30337e-05 -1.1202 -4.94683e-05 -0.476333 -2.22427e-05
23633.2 -1.4151 -6.26927e-05 -1.64293 -7.29685e-05 -1.43181 -6.76513e-05 -1.14423 -5.05429e-05 -1.41371 -6.263e-05 -0.676293 -3.16568e-05
28162 -1.65464 -7.3498e-05 -1.94316 -8.65913e-05 -1.63462 -7.74316e-05 -1.34933 -5.97355e-05 -1.7074 -7.58861e-05 -0.882813 -4.14285e-05
32688.1 -1.90719 -8.4954e-05 -2.24005 -0.000100154 -1.83727 -8.72555e-05 -1.5804 -7.01431e-05 -1.99913 -8.91412e-05 -1.08859 -5.12153e-05
37189.9 -2.1632 -9.66346e-05 -2.53714 -0.00011382 -2.03776 -9.70257e-05 -1.82567 -8.12491e-05 -2.29084 -0.000102483 -1.29079 -6.0881e-05
41691.8 -2.42425 -0.000108616 -2.83441 -0.000127589 -2.23678 -0.000106776 -2.08015 -9.28377e-05 -2.58374 -0.000115971 -1.49028 -7.0466e-05
46169.3 -2.68037 -0.000120442 -3.12973 -0.000141365 -2.43459 -0.000116518 -2.33576 -0.000104546 -2.87719 -0.000129578 -1.68741 -7.99857e-05
50625.6 -2.92361 -0.00013174 -3.42485 -0.000155229 -2.63167 -0.000126275 -2.59287 -0.000116394 -3.17246 -0.000143366 -1.88303 -8.94809e-05
55077.5 -3.16418 -0.000142978 -3.71706 -0.000169056 -2.82767 -0.000136032 -2.84911 -0.000128272 -3.46861 -0.000157294 -2.07655 -9.89219e-05
59498.3 -3.40514 -0.0001543 -4.00201 -0.000182637 -3.02072 -0.000145692 -3.09657 -0.000139813 -3.76426 -0.000171299 -2.26813 -0.000108316
63891.5 -3.64561 -0.000165666 -4.28431 -0.000196187 -3.21183 -0.000155308 -3.33743 -0.000151112 -4.05727 -0.000185282 -2.45899 -0.000117723
68260.8 -3.88417 -0.000177009 -4.56439 -0.000209728 -3.40127 -0.00016489 -3.57568 -0.000162354 -4.34542 -0.000199133 -2.6504 -0.000127205
72600.7 -4.11893 -0.000188237 -4.84237 -0.000223264 -3.59083 -0.00017453 -3.8118 -0.000173561 -4.62619 -0.000212729 -2.84202 -0.000136748
76925.4 -4.35116 -0.00019941 -5.11842 -0.000236805 -3.78029 -0.000184218 -4.04656 -0.000184769 -4.9028 -0.00022622 -3.03363 -0.000146341
81244.1 -4.5824 -0.000210602 -5.39299 -0.000250373 -3.96922 -0.000193932 -4.27929 -0.000195945 -5.17745 -0.000239713 -3.2248 -0.000155962
85559.1 -4.81275 -0.000221817 -5.66625 -0.000263976 -4.15764 -0.000203673 -4.51019 -0.0002071 -5.45059 -0.000253232 -3.41483 -0.000165578
89871.8 -5.04227 -0.00023306 -5.93705 -0.000277558 -4.34558 -0.000213444 -4.74025 -0.00021828 -5.7225 -0.000266789 -3.6039 -0.000175197
94182.9 -5.27097 -0.000244331 -6.2062 -0.000291158 -4.5334 -0.000223264 -4.96954 -0.00022949 -5.99321 -0.000280387 -3.79251 -0.000184844
98494.4 -5.49898 -0.000255637 -6.4742 -0.000304805 -4.72189 -0.000233175 -5.19814 -0.000240734 -6.26151 -0.000293966 -3.98088 -0.000194533
102806 -5.72633 -0.00026698 -6.74101 -0.000318495 -4.91107 -0.000243181 -5.42604 -0.000252012 -6.52866 -0.00030759 -4.16897 -0.00020426
107116 -5.95283 -0.000278352 -7.00657 -0.000332227 -5.09957 -0.000253209 -5.65307 -0.000263317 -6.79456 -0.000321256 -4.35647 -0.000214012
111422 -6.1784 -0.000289749 -7.27085 -0.000346002 -5.28695 -0.000263237 -5.87922 -0.000274648 -7.05914 -0.000334959 -4.54332 -0.000223784
115723 -6.40287 -0.000301162 -7.53386 -0.000359819 -5.47164 -0.000273179 -6.10433 -0.000285999 -7.32213 -0.000348687 -4.72935 -0.000233568
120017 -6.62618 -0.00031259 -7.7956 -0.00037368 -5.65304 -0.000283002 -6.32838 -0.000297367 -7.58346 -0.000362437 -4.91468 -0.000243373
124309 -6.84855 -0.000324043 -8.05626 -0.000387597 -5.83223 -0.000292763 -6.55155 -0.000308763 -7.84337 -0.000376222 -5.10007 -0.000253236
128600 -7.07009 -0.000335528 -8.31591 -0.000401574 -6.00982 -0.000302494 -6.77395 -0.000320192 -8.10198 -0.00039005 -5.28586 -0.000263178
132888 -7.29073 -0.000347042 -8.57426 -0.000415598 -6.18655 -0.000312234 -6.99546 -0.000331651 -8.35928 -0.00040392 -5.47109 -0.00027315
137174 -7.51045 -0.000358584 -8.83125 -0.000429666 -6.36251 -0.000321991 -7.21607 -0.000343138 -8.61525 -0.000417833 -5.65561 -0.000283142
141456 -7.72923 -0.000370155 -9.08683 -0.000443776 -6.53788 -0.000331773 -7.43574 -0.000354651 -8.86988 -0.000431791 -5.83918 -0.000293143
145734 -7.94701 -0.00038175 -9.3408 -0.000457918 -6.71291 -0.000341595 -7.6544 -0.000366188 -9.12314 -0.00044579 -6.02114 -0.000303116
150006 -8.16374 -0.000393369 -9.59303 -0.000472087 -6.88775 -0.000351467 -7.87196 -0.000377745 -9.37498 -0.000459832 -6.20097 -0.000313032
154274 -8.37943 -0.000405011 -9.84356 -0.000486285 -7.0624 -0.00036139 -8.08844 -0.000389323 -9.62542 -0.000473916 -6.37879 -0.000322897
158537 -8.59412 -0.000416681 -10.0925 -0.000500519 -7.23661 -0.000371349 -8.30392 -0.000400926 -9.87447 -0.000488045 -6.55523 -0.000332744
162797 -8.8074 -0.000428355 -10.34 -0.000514797 -7.4102 -0.000381337 -8.51844 -0.000412558 -10.1221 -0.000502221 -6.73067 -0.000342596
167053 -9.01905 -0.000440022 -10.586 -0.00052912 -7.58314 -0.00039135 -8.73201 -0.000424219 -10.3684 -0.000516442 -6.90524 -0.000352458
171307 -9.22976 -0.00045172 -10.8306 -0.000543492 -7.75536 -0.000401386 -8.94463 -0.00043591 -10.6132 -0.000530712 -7.07906 -0.00036234
175558 -9.43953 -0.00046345 -11.0737 -0.000557911 -7.92689 -0.000411447 -9.1563 -0.000447632 -10.8566 -0.00054503 -7.25207 -0.000372236
179806 -9.64835 -0.000475211 -11.3153 -0.000572379 -8.09768 -0.00042153 -9.36701 -0.000459385 -11.0986 -0.000559396 -7.42436 -0.000382154
184051 -9.85621 -0.000487005 -11.5554 -0.000586897 -8.26773 -0.000431636 -9.57675 -0.000471169 -11.3391 -0.000573811 -7.59593 -0.000392093
188293 -10.0631 -0.000498832 -11.7941 -0.000601467 -8.43702 -0.000441764 -9.78543 -0.00048298 -11.5781 -0.000588277 -7.76678 -0.000402054
192532 -10.2691 -0.000510692 -12.0312 -0.000616087 -8.60557 -0.000451916 -9.99232 -0.000494775 -11.8157 -0.000602792 -7.93688 -0.000412035
196768 -10.474 -0.000522584 -12.2669 -0.000630758 -8.77336 -0.000462091 -10.1982 -0.000506603 -12.0518 -0.000617359 -8.10621 -0.000422036
201001 -10.678 -0.000534511 -12.5009 -0.000645482 -8.94039 -0.00047229 -10.4032 -0.000518464 -12.2863 -0.000631977 -8.2748 -0.000432058
205230 -10.881 -0.000546472 -12.7334 -0.000660259 -9.10665 -0.000482512 -10.6072 -0.000530359 -12.5194 -0.000646647 -8.44265 -0.000442102
209457 -11.083 -0.000558467 -12.9644 -0.000675089 -9.27213 -0.000492757 -10.8102 -0.000542287 -12.7508 -0.00066137 -8.60975 -0.000452169
213680 -11.284 -0.000570496 -13.1938 -0.000689975 -9.43682 -0.000503025 -11.0122 -0.00055425 -12.9808 -0.000676147 -8.7761 -0.000462258
217900 -11.4839 -0.000582561 -13.4215 -0.000704915 -9.60073 -0.000513317 -11.2132 -0.000566247 -13.2091 -0.000690978 -8.94168 -0.000472369
222117 -11.6829 -0.000594661 -13.6477 -0.00071991 -9.76383 -0.000523633 -11.4132 -0.000578279 -13.4359 -0.000705863 -9.1065 -0.000482502
226330 -11.8808 -0.000606797 -13.8722 -0.000734963 -9.92613 -0.000533972 -11.6121 -0.000590346 -13.6611 -0.000720804 -9.27055 -0.000492658
230540 -12.0777 -0.000618969 -14.095 -0.000750072 -10.0876 -0.000544334 -11.8101 -0.000602449 -13.8846 -0.000735801 -9.43382 -0.000502837
234747 -12.2736 -0.000631178 -14.3162 -0.000765239 -10.2483 -0.000554721 -12.007 -0.000614587 -14.1065 -0.000750855 -9.59631 -0.000513039
238950 -12.4683 -0.000643423 -14.5357 -0.000780465 -10.4081 -0.000565132 -12.2029 -0.000626762 -14.3268 -0.000765966 -9.75801 -0.000523263
243149 -12.6621 -0.000655707 -14.7535 -0.000795749 -10.5672 -0.000575568 -12.3978 -0.000638974 -14.5453 -0.000781135 -9.91892 -0.00053351
247345 -12.8547 -0.000668028 -14.9695 -0.000811094 -10.7253 -0.000586028 -12.5916 -0.000651223 -14.7622 -0.000796363 -10.079 -0.000543781
251537 -13.0463 -0.000680387 -15.1838 -0.0008265 -10.8827 -0.000596512 -12.7843 -0.00066351 -14.9773 -0.000811651 -10.2383 -0.000554074
255725 -13.2368 -0.000692785 -15.3964 -0.000841967 -11.0392 -0.000607021 -12.9759 -0.000675834 -15.1907 -0.000827 -10.3968 -0.000564391
259909 -13.4262 -0.000705222 -15.6071 -0.000857496 -11.1948 -0.000617554 -13.1665 -0.000688198 -15.4024 -0.000842409 -10.5545 -0.000574731
264022 -13.5984 -0.000716632 -15.8134 -0.000872894 -11.3478 -0.000627987 -13.3502 -0.000700218 -15.6123 -0.000857882 -10.7092 -0.000584957
268092 -13.7604 -0.000727445 -16.0164 -0.000888238 -11.4988 -0.00063837 -13.5294 -0.000712049 -15.8204 -0.000873419 -10.8619 -0.000595125
272158 -13.9214 -0.000738285 -16.2177 -0.000903644 -11.6489 -0.000648777 -13.7076 -0.000723914 -16.0267 -0.000889019 -11.0139 -0.000605315
276083 -14.0719 -0.000748493 -16.4148 -0.000918935 -11.7934 -0.000658868 -13.8955 -0.000736538 -16.2265 -0.000904324 -11.1596 -0.000615166
279789 -14.2283 -0.000759187 -16.6044 -0.00093383 -11.9305 -0.00066852 -14.075 -0.000748703 -16.423 -0.000919576 -11.2967 -0.000624493
283487 -14.3839 -0.000769918 -16.7921 -0.000948777 -12.0668 -0.000678183 -14.2533 -0.00076091 -16.6176 -0.00093488 -11.4329 -0.000633828
287177 -14.5388 -0.00078068 -16.9781 -0.000963772 -12.2022 -0.000687855 -14.4307 -0.000773157 -16.8104 -0.000950238 -11.5682 -0.000643171
290832 -14.6934 -0.000791511 -17.1629 -0.000978879 -12.3357 -0.000697468 -14.6007 -0.000785005 -17.0001 -0.000965563 -11.7019 -0.00065247
294410 -14.8485 -0.000802475 -17.3476 -0.000994194 -12.4659 -0.000706916 -14.7539 -0.000795777 -17.1852 -0.00098072 -11.833 -0.000661648
297979 -15.0027 -0.000813469 -17.5304 -0.00100956 -12.5952 -0.00071637 -14.9063 -0.000806582 -17.3684 -0.000995928 -11.9632 -0.00067083
301539 -15.1561 -0.000824496 -17.7112 -0.00102498 -12.7236 -0.000725829 -15.0578 -0.000817418 -17.5496 -0.00101118 -12.0925 -0.000680015
305088 -15.3086 -0.000835554 -17.89 -0.00104044 -12.851 -0.000735291 -15.2085 -0.000828286 -17.7288 -0.00102649 -12.2209 -0.000689202
308609 -15.4616 -0.000846755 -18.0658 -0.00105588 -12.9769 -0.000744709 -15.3603 -0.000839328 -17.9053 -0.00104177 -12.3479 -0.000698354
312066 -15.618 -0.000858308 -18.2369 -0.00107113 -13.1 -0.00075399 -15.5168 -0.000850817 -18.0773 -0.0010569 -12.4726 -0.000707403
315352 -15.7696 -0.000869608 -18.3988 -0.00108578 -13.2171 -0.00076289 -15.6783 -0.000862792 -18.2403 -0.00107144 -12.5912 -0.000716075
318503 -15.925 -0.000881305 -18.5454 -0.00109923 -13.3306 -0.00077158 -15.832 -0.000874289 -18.3962 -0.00108554 -12.7072 -0.000724619
321606 -16.08 -0.00089308 -18.6908 -0.00111276 -13.4422 -0.00078018 -15.9881 -0.000886083 -18.5513 -0.00109977 -12.8212 -0.000733067
324709 -16.2337 -0.000904881 -18.8349 -0.00112635 -13.5531 -0.000788801 -16.1432 -0.000897921 -18.7048 -0.00111407 -12.9346 -0.000741536
327758 -16.3911 -0.000917086 -18.9755 -0.0011398 -13.6617 -0.000797296 -16.3014 -0.000910115 -18.8548 -0.00112824 -13.0459 -0.000749902
330765 -16.5509 -0.00092961 -19.1133 -0.00115316 -13.7682 -0.000805692 -16.4616 -0.000922591 -19.0016 -0.00114231 -13.1553 -0.000758187
333709 -16.7063 -0.000941921 -19.2464 -0.00116627 -13.8744 -0.000814129 -16.6172 -0.000934842 -19.147 -0.00115647 -13.2662 -0.00076664
336626 -16.8602 -0.000954242 -19.3773 -0.00117934 -13.9798 -0.000822556 -16.7714 -0.000947117 -19.2906 -0.00117066 -13.3765 -0.000775112
339535 -17.0131 -0.00096662 -19.5068 -0.00119245 -14.0844 -0.000830986 -16.9248 -0.000959459 -19.4326 -0.00118491 -13.4861 -0.000783586
342441 -17.1646 -0.000979024 -19.6348 -0.00120561 -14.1884 -0.000839435 -17.0771 -0.000971846 -19.573 -0.00119923 -13.5951 -0.000792079
345339 -17.315 -0.000991477 -19.7613 -0.00121881 -14.2917 -0.000847884 -17.2284 -0.000984286 -19.7116 -0.0012136 -13.7034 -0.000800573
348217 -17.4636 -0.00100392 -19.8864 -0.00123207 -14.3945 -0.000856369 -17.3782 -0.00099675 -19.8463 -0.0012278 -13.8107 -0.000809058
351041 -17.6075 -0.00101611 -20.0107 -0.00124545 -14.4986 -0.00086502 -17.5253 -0.00100912 -19.9701 -0.00124106 -13.9166 -0.000817496
353856 -17.7505 -0.00102835 -20.1334 -0.00125886 -14.6019 -0.000873669 -17.6713 -0.00102156 -20.0924 -0.00125436 -14.0218 -0.000825932
356587 -17.8955 -0.00104093 -20.2518 -0.00127203 -14.7016 -0.000882094 -17.8233 -0.00103465 -20.2104 -0.0012674 -14.1238 -0.000834184
359164 -18.0423 -0.00105381 -20.3651 -0.00128482 -14.796 -0.000890121 -17.9795 -0.00104828 -20.3227 -0.00128001 -14.22 -0.000842012
361695 -18.1913 -0.00106704 -20.4756 -0.0012975 -14.8885 -0.000898057 -18.1326 -0.00106181 -20.4331 -0.0012926 -14.3141 -0.000849729
364228 -18.3389 -0.00108033 -20.5849 -0.00131025 -14.9807 -0.000906021 -18.2844 -0.00107541 -20.5422 -0.00130525 -14.4079 -0.000857472
366754 -18.4852 -0.00109369 -20.6927 -0.00132303 -15.0722 -0.000913989 -18.4348 -0.00108907 -20.65 -0.00131794 -14.501 -0.000865218
369272 -18.6303 -0.00110711 -20.7991 -0.00133586 -15.1631 -0.000921961 -18.584 -0.0011028 -20.7563 -0.00133067 -14.5935 -0.000872968
371784 -18.7742 -0.0011206 -20.904 -0.00134872 -15.2533 -0.000929936 -18.7318 -0.0011166 -20.8611 -0.00134343 -14.6854 -0.00088072
374288 -18.9168 -0.00113416 -21.0073 -0.00136163 -15.3428 -0.000937914 -18.8783 -0.00113048 -20.9644 -0.00135624 -14.7767 -0.000888473
376752 -19.0613 -0.0011481 -21.108 -0.00137443 -15.4305 -0.000945786 -19.0263 -0.0011447 -21.0652 -0.00136895 -14.8663 -0.000896143
379169 -19.208 -0.00116247 -21.206 -0.0013871 -15.5162 -0.000953545 -19.1758 -0.0011593 -21.1634 -0.00138156 -14.9542 -0.000903722
381565 -19.3523 -0.00117683 -21.3025 -0.00139981 -15.602 -0.000961369 -19.3226 -0.00117386 -21.2613 -0.00139436 -15.0421 -0.000911356
383953 -19.4953 -0.00119128 -21.3974 -0.00141255 -15.6871 -0.000969191 -19.468 -0.0011885 -21.3577 -0.0014072 -15.1293 -0.000918987
386311 -19.637 -0.00120584 -21.5243 -0.00142998 -15.7717 -0.00097703 -19.6096 -0.001203 -21.455 -0.00142041 -15.2137 -0.000926425
388640 -19.7757 -0.00122033 -21.6663 -0.00145004 -15.8546 -0.00098478 -19.7485 -0.00121747 -21.5739 -0.00143692 -15.2966 -0.000933787
390943 -19.9107 -0.00123466 -21.8079 -0.00147071 -15.9355 -0.000992397 -19.886 -0.00123203 -21.7187 -0.0014576 -15.3791 -0.000941163
393237 -20.044 -0.00124907 -21.9458 -0.00149151 -16.0157 -0.00100001 -20.0221 -0.00124668 -21.8596 -0.00147842 -15.4609 -0.000948529
395533 -20.1754 -0.0012635 -22.0801 -0.00151253 -16.0956 -0.00100765 -20.1561 -0.00126137 -21.9971 -0.00149945 -15.5424 -0.000955924
397802 -20.3031 -0.00127779 -22.2104 -0.00153366 -16.1743 -0.00101525 -20.2853 -0.00127579 -22.1303 -0.00152057 -15.6228 -0.000963277
400059 -20.429 -0.00129213 -22.3364 -0.00155491 -16.2523 -0.00102283 -20.4133 -0.00129032 -22.2595 -0.00154184 -15.7025 -0.000970619
402310 -20.5532 -0.00130653 -22.4584 -0.00157632 -16.3297 -0.00103042 -20.5394 -0.00130492 -22.3849 -0.00156331 -15.7818 -0.000977971
404555 -20.6757 -0.001321 -22.5763 -0.00159792 -16.4066 -0.00103802 -20.6638 -0.00131958 -22.5063 -0.00158499 -15.8605 -0.000985329
406781 -20.795 -0.00133536 -22.6925 -0.00162019 -16.4814 -0.00104548 -20.7848 -0.00133412 -22.6248 -0.0016071 -15.9376 -0.000992598
409002 -20.9123 -0.00134976 -22.8043 -0.00164269 -16.5557 -0.00105294 -20.9038 -0.0013487 -22.7391 -0.00162944 -16.0142 -0.00099987
411218 -21.0277 -0.0013642 -22.9116 -0.00166541 -16.6294 -0.00106041 -21.0209 -0.00136334 -22.849 -0.001652 -16.0904 -0.00100715
413429 -21.1413 -0.00137871 -23.0142 -0.00168835 -16.7025 -0.00106789 -21.1362 -0.00137805 -22.9542 -0.00167478 -16.1659 -0.00101444
415635 -21.2531 -0.00139328 -23.1119 -0.00171152 -16.7751 -0.00107537 -21.2496 -0.00139282 -23.0547 -0.00169779 -16.241 -0.00102173
417833 -21.3628 -0.00140788 -23.2048 -0.00173496 -16.8471 -0.00108285 -21.3609 -0.00140763 -23.1505 -0.00172108 -16.3153 -0.00102901
420006 -21.4693 -0.00142237 -23.2931 -0.00175882 -16.9171 -0.00109019 -21.4695 -0.00142239 -23.2429 -0.00174504 -16.3878 -0.00103616
422158 -21.5749 -0.00143705 -23.375 -0.00178262 -16.986 -0.00109748 -21.5779 -0.00143747 -23.3289 -0.001769 -16.4595 -0.00104329
424296 -21.6847 -0.00145269 -23.4513 -0.00180664 -17.0542 -0.00110475 -21.685 -0.00145273 -23.409 -0.00179309 -16.5304 -0.0010504
426362 -21.8455 -0.0014763 -23.5212 -0.00183067 -17.1193 -0.00111176 -21.796 -0.00146893 -23.4804 -0.0018164 -16.5987 -0.0010573
428384 -22.008 -0.00150115 -23.5834 -0.00185413 -17.183 -0.00111867 -21.9602 -0.00149373 -23.5466 -0.00183996 -16.665 -0.00106404
430396 -22.1656 -0.00152631 -23.64 -0.00187778 -17.2462 -0.00112557 -22.1236 -0.00151948 -23.6073 -0.00186379 -16.7306 -0.00107077
432374 -22.3188 -0.00155189 -23.7004 -0.0019065 -17.3086 -0.00113246 -22.2788 -0.0015451 -23.6636 -0.00188849 -16.7934 -0.00107726
434312 -22.4662 -0.00157773 -23.7547 -0.00193702 -17.3689 -0.00113916 -22.4289 -0.00157107 -23.7202 -0.00191697 -16.855 -0.00108368
436222 -22.6038 -0.00160311 -23.7999 -0.00196848 -17.4277 -0.00114575 -22.572 -0.00159713 -23.7726 -0.00194862 -16.916 -0.00109007
438088 -22.7309 -0.00162779 -23.8347 -0.0020005 -17.4851 -0.00115224 -22.7024 -0.00162215 -23.8145 -0.00198066 -16.9757 -0.00109638
439924 -22.8516 -0.00165256 -23.8585 -0.00203294 -17.5413 -0.00115865 -22.8286 -0.00164772 -23.8453 -0.00201302 -17.034 -0.00110259
441724 -22.9676 -0.00167777 -23.8708 -0.00206575 -17.5964 -0.00116497 -22.9491 -0.00167364 -23.8647 -0.00204572 -17.0909 -0.0011087
443500 -23.0789 -0.00170353 -23.8933 -0.00209843 -17.6505 -0.00117124 -23.0631 -0.00169977 -23.8724 -0.00207887 -17.1469 -0.00111475
445272 -23.1841 -0.00172959 -23.9379 -0.00213078 -17.7043 -0.00117752 -23.1708 -0.0017262 -23.9113 -0.00211148 -17.2026 -0.0011208
447039 -23.2828 -0.00175594 -23.9829 -0.00216342 -17.7576 -0.00118379 -23.2718 -0.0017529 -23.9564 -0.00214426 -17.2578 -0.00112685
448798 -23.3749 -0.00178259 -24.0283 -0.00219636 -17.8104 -0.00119006 -23.366 -0.00177991 -24.002 -0.00217733 -17.3125 -0.00113289
450552 -23.4601 -0.00180955 -24.0742 -0.00222963 -17.8628 -0.00119632 -23.453 -0.00180722 -24.0481 -0.00221073 -17.3667 -0.00113892
452299 -23.5381 -0.00183681 -24.1205 -0.00226325 -17.9147 -0.00120258 -23.5327 -0.00183484 -24.0946 -0.00224448 -17.4205 -0.00114495
454039 -23.6087 -0.00186439 -24.1673 -0.00229722 -17.966 -0.00120883 -23.6049 -0.00186278 -24.1416 -0.00227858 -17.4739 -0.00115097
455773 -23.6717 -0.00189231 -24.2147 -0.00233156 -18.0169 -0.00121507 -23.6691 -0.00189107 -24.1892 -0.00231305 -17.5267 -0.00115698
457500 -23.7267 -0.00192057 -24.2626 -0.00236629 -18.0673 -0.00122131 -23.7252 -0.0019197 -24.2372 -0.00234791 -17.5791 -0.00116298
459193 -23.7826 -0.00195556 -24.3109 -0.00240136 -18.1163 -0.00122742 -23.7742 -0.00194965 -24.2844 -0.00238209 -17.63 -0.00116886
460810 -23.8299 -0.00199531 -24.3576 -0.00243523 -18.1628 -0.00123327 -23.8228 -0.00198828 -24.3308 -0.00241576 -17.6782 -0.00117447
462409 -23.8604 -0.00203641 -24.4044 -0.00246914 -18.2086 -0.00123908 -23.8566 -0.00202962 -24.3776 -0.00244971 -17.7256 -0.00118002
463995 -23.8725 -0.00207935 -24.4504 -0.00250255 -18.2539 -0.00124487 -23.8718 -0.00207153 -24.4249 -0.00248402 -17.7724 -0.00118555
465577 -23.9261 -0.00212227 -24.4964 -0.00253584 -18.299 -0.00125069 -23.9129 -0.00211266 -24.472 -0.0025182 -17.8189 -0.00119107
467147 -23.9854 -0.00216526 -24.5428 -0.00256951 -18.3437 -0.00125649 -23.9695 -0.00215374 -24.5193 -0.0025525 -17.865 -0.00119659
468664 -24.0443 -0.00220794 -24.5902 -0.00260389 -18.387 -0.00126217 -24.0269 -0.00219536 -24.5663 -0.0025866 -17.9099 -0.001202
470145 -24.1034 -0.00225081 -24.6367 -0.0026376 -18.4292 -0.00126774 -24.0862 -0.00223838 -24.6128 -0.00262033 -17.9538 -0.00120733
471607 -24.1626 -0.00229376 -24.6832 -0.00267135 -18.4708 -0.00127329 -24.1464 -0.00228199 -24.6596 -0.00265424 -17.997 -0.00121262
473061 -24.2226 -0.00233726 -24.7299 -0.00270526 -18.5119 -0.00127882 -24.2073 -0.00232617 -24.7065 -0.00268829 -18.0398 -0.00121789
474507 -24.2833 -0.00238135 -24.7769 -0.0027393 -18.5527 -0.00128433 -24.269 -0.00237095 -24.7537 -0.00272249 -18.0821 -0.00122315
475945 -24.345 -0.00242604 -24.824 -0.00277349 -18.5929 -0.00128983 -24.3316 -0.00241637 -24.801 -0.00275683 -18.124 -0.00122838
477360 -24.4064 -0.00247063 -24.8722 -0.00280845 -18.6318 -0.00129518 -24.3942 -0.00246175 -24.8498 -0.00279219 -18.1646 -0.00123349
478744 -24.4642 -0.00251249 -24.9239 -0.00284596 -18.6688 -0.00130032 -24.4533 -0.00250458 -24.9012 -0.0028295 -18.2033 -0.00123841
480096 -24.5209 -0.00255366 -24.9825 -0.00288844 -18.7053 -0.00130543 -24.5104 -0.00254601 -24.9552 -0.00286863 -18.2399 -0.00124307
481409 -24.5754 -0.00259315 -25.0447 -0.00293353 -18.7397 -0.00131028 -24.5662 -0.00258647 -25.0176 -0.00291393 -18.276 -0.00124771
482714 -24.6298 -0.00263263 -25.1076 -0.00297914 -18.7737 -0.0013151 -24.6219 -0.0026269 -25.0809 -0.00295983 -18.3117 -0.00125233
484012 -24.6844 -0.00267222 -25.171 -0.00302512 -18.8073 -0.00131991 -24.6778 -0.00266745 -25.1447 -0.0030061 -18.3471 -0.00125694
485303 -24.7391 -0.00271192 -25.2349 -0.00307148 -18.8405 -0.0013247 -24.7339 -0.0027081 -25.2091 -0.00305276 -18.3822 -0.00126154
486576 -24.7956 -0.00275285 -25.2974 -0.00311683 -18.8729 -0.00132941 -24.791 -0.00274953 -25.2722 -0.00309854 -18.4167 -0.00126609
487841 -24.8528 -0.00279435 -25.3591 -0.00316161 -18.9049 -0.0013341 -24.8487 -0.00279137 -25.3342 -0.00314354 -18.4509 -0.00127063
489099 -24.9103 -0.00283604 -25.421 -0.00320648 -18.9366 -0.00133878 -24.9067 -0.00283343 -25.3964 -0.00318865 -18.4848 -0.00127516
490351 -24.968 -0.00287789 -25.483 -0.00325147 -18.968 -0.00134344 -24.9649 -0.00287565 -25.4588 -0.00323386 -18.5183 -0.00127967
491590 -25.0282 -0.00292161 -25.545 -0.00329642 -18.9988 -0.00134806 -25.0239 -0.00291846 -25.5207 -0.00327876 -18.5512 -0.00128414
492793 -25.0983 -0.0029724 -25.6062 -0.00334081 -19.0284 -0.00135253 -25.0865 -0.00296387 -25.5805 -0.00332212 -18.5828 -0.00128844
493944 -25.173 -0.00302659 -25.6644 -0.00338297 -19.0569 -0.00135686 -25.1616 -0.00301834 -25.6388 -0.0033644 -18.6127 -0.00129254
495070 -25.2486 -0.00308141 -25.7219 -0.0034247 -19.0846 -0.00136111 -25.2377 -0.00307356 -25.6965 -0.00340628 -18.6419 -0.00129658
496196 -25.3227 -0.00313518 -25.7797 -0.00346666 -19.1122 -0.00136537 -25.3125 -0.00312781 -25.7546 -0.00344839 -18.671 -0.00130063
497317 -25.3969 -0.00318899 -25.8378 -0.00350874 -19.1397 -0.00136963 -25.3874 -0.00318208 -25.8126 -0.00349046 -18.6999 -0.00130467
498434 -25.4711 -0.00324281 -25.8959 -0.00355093 -19.167 -0.0013739 -25.4622 -0.00323637 -25.8705 -0.00353248 -18.7285 -0.0013087
499546 -25.5453 -0.00329666 -25.9538 -0.00359292 -19.1939 -0.00137816 -25.537 -0.00329064 -25.9286 -0.0035746 -18.7571 -0.00131274
500653 -25.6197 -0.00335056 -26.0119 -0.00363503 -19.2207 -0.00138241 -25.6119 -0.00334494 -25.9868 -0.00361682 -18.7854 -0.00131678
501756 -25.6941 -0.00340453 -26.07 -0.0036772 -19.2472 -0.00138666 -25.6868 -0.00339926 -26.0452 -0.00365916 -18.8135 -0.00132081
502850 -25.7675 -0.00345775 -26.1275 -0.0037189 -19.2734 -0.00139088 -25.7613 -0.00345331 -26.1039 -0.0037018 -18.8413 -0.00132481
503930 -25.8392 -0.00350978 -26.1853 -0.00376077 -19.2992 -0.00139508 -25.8353 -0.00350695 -26.1633 -0.00374483 -18.8686 -0.00132879
505000 -25.9104 -0.00356139 -26.2435 -0.00380302 -19.3247 -0.00139926 -25.9091 -0.0035605 -26.2232 -0.00378832 -18.8956 -0.00133273
506067 -25.9815 -0.00361302 -26.3018 -0.0038453 -19.3501 -0.00140344 -25.9838 -0.00361466 -26.2834 -0.00383199 -18.9223 -0.00133667
507130 -26.0526 -0.00366454 -26.3604 -0.0038878 -19.3751 -0.0014076 -26.0584 -0.00366878 -26.343 -0.00387519 -18.9489 -0.0013406
508188 -26.1235 -0.00371599 -26.4192 -0.00393046 -19.4 -0.00141176 -26.133 -0.00372288 -26.4028 -0.00391856 -18.9752 -0.00134452
509242 -26.1944 -0.00376739 -26.4782 -0.00397327 -19.4245 -0.00141591 -26.2076 -0.00377699 -26.4628 -0.0039621 -19.0013 -0.00134844
510291 -26.2654 -0.00381886 -26.5374 -0.00401616 -19.4489 -0.00142006 -26.2824 -0.00383122 -26.523 -0.00400573 -19.0272 -0.00135235
511337 -26.3363 -0.00387034 -26.5967 -0.00405916 -19.473 -0.0014242 -26.3573 -0.00388556 -26.5833 -0.00404948 -19.0529 -0.00135626
512379 -26.4073 -0.00392179 -26.6562 -0.00410231 -19.497 -0.00142834 -26.4323 -0.00393996 -26.6439 -0.00409339 -19.0784 -0.00136016
513417 -26.4782 -0.00397326 -26.7159 -0.00414561 -19.5207 -0.00143247 -26.5074 -0.00399443 -26.7046 -0.00413745 -19.1038 -0.00136406
514451 -26.5492 -0.00402476 -26.7758 -0.00418906 -19.5442 -0.0014366 -26.5826 -0.00404897 -26.7656 -0.00418168 -19.1288 -0.00136795
515474 -26.6195 -0.00407574 -26.836 -0.00423272 -19.5673 -0.0014407 -26.656 -0.00410222 -26.8261 -0.00422557 -19.1536 -0.00137181
516489 -26.6907 -0.00412734 -26.8958 -0.0042761 -19.5903 -0.00144479 -26.728 -0.00415443 -26.8866 -0.00426944 -19.1781 -0.00137566
517487 -26.7612 -0.00417846 -26.9571 -0.00432055 -19.6194 -0.00145004 -26.8005 -0.00420702 -26.948 -0.00431395 -19.2025 -0.00137952
518461 -26.8312 -0.00422925 -27.0177 -0.00436452 -19.6552 -0.00145656 -26.8734 -0.0042599 -27.0085 -0.00435787 -19.2267 -0.00138337
519428 -26.9011 -0.00427998 -27.0783 -0.00440845 -19.6904 -0.00146307 -26.9464 -0.00431281 -27.069 -0.00440174 -19.2506 -0.0013872
520391 -26.971 -0.00433066 -27.1388 -0.00445239 -19.7252 -0.00146958 -27.0184 -0.00436503 -27.1296 -0.00444565 -19.2743 -0.00139103
521346 -27.0412 -0.00438154 -27.199 -0.00449603 -19.7594 -0.00147606 -27.0909 -0.00441763 -27.1897 -0.00448929 -19.2978 -0.00139484
522287 -27.1121 -0.00443299 -27.2582 -0.00453893 -19.7926 -0.00148246 -27.1647 -0.00447114 -27.249 -0.00453228 -19.321 -0.00139864
523226 -27.1828 -0.00448429 -27.3174 -0.00458192 -19.8255 -0.00148886 -27.2383 -0.00452451 -27.3084 -0.00457534 -19.344 -0.00140243
524161 -27.2533 -0.0045354 -27.3768 -0.004625 -19.8579 -0.00149528 -27.3116 -0.00457771 -27.3679 -0.00461851 -19.3669 -0.00140622
525095 -27.3235 -0.0045863 -27.4364 -0.00466823 -19.89 -0.0015017 -27.3847 -0.00463069 -27.4276 -0.00466181 -19.3895 -0.00141002
526025 -27.3934 -0.004637 -27.4962 -0.00471154 -19.9216 -0.00150813 -27.4575 -0.0046835 -27.4874 -0.0047052 -19.4121 -0.00141381
526952 -27.463 -0.0046875 -27.556 -0.00475496 -19.9527 -0.00151456 -27.53 -0.00473612 -27.5474 -0.00474869 -19.4344 -0.00141759
527876 -27.5325 -0.00473789 -27.6159 -0.00479842 -19.9835 -0.001521 -27.6022 -0.00478848 -27.6074 -0.00479226 -19.4566 -0.00142138
528797 -27.6018 -0.00478818 -27.6759 -0.00484193 -20.0138 -0.00152745 -27.6741 -0.0048406 -27.6676 -0.00483592 -19.4786 -0.00142516
529716 -27.6708 -0.00483821 -27.736 -0.00488553 -20.0437 -0.0015339 -27.7458 -0.0048926 -27.728 -0.00487966 -19.5005 -0.00142894
530632 -27.7394 -0.00488794 -27.7962 -0.00492919 -20.0731 -0.00154036 -27.8174 -0.00494452 -27.7883 -0.00492345 -19.5221 -0.00143273
531545 -27.8077 -0.00493747 -27.8565 -0.00497293 -20.1022 -0.00154682 -27.8888 -0.00499632 -27.8488 -0.00496732 -19.5437 -0.00143651
532456 -27.8758 -0.00498689 -27.9169 -0.00501671 -20.1308 -0.00155331 -27.9601 -0.00504801 -27.9093 -0.00501122 -19.565 -0.00144029
533364 -27.9437 -0.00503613 -27.9774 -0.00506059 -20.159 -0.0015598 -28.0311 -0.00509952 -27.97 -0.00505521 -19.5863 -0.00144407
534270 -28.0114 -0.00508522 -28.038 -0.00510456 -20.1868 -0.00156631 -28.1019 -0.00515087 -28.0308 -0.00509929 -19.6074 -0.00144786
535172 -28.0785 -0.00513388 -28.099 -0.00514874 -20.2142 -0.00157281 -28.1722 -0.00520186 -28.0919 -0.0051436 -19.6283 -0.00145165
536065 -28.1438 -0.00518127 -28.1607 -0.00519352 -20.2409 -0.00157928 -28.2412 -0.00525191 -28.1539 -0.00518862 -19.6491 -0.00145545
536952 -28.2087 -0.00522836 -28.2222 -0.00523816 -20.2676 -0.00158586 -28.3098 -0.00530164 -28.216 -0.00523366 -19.6769 -0.00146056
537833 -28.2732 -0.00527513 -28.2834 -0.00528251 -20.2948 -0.0015927 -28.3777 -0.00535095 -28.2779 -0.00527852 -19.71 -0.00146672
538711 -28.3375 -0.00532176 -28.3447 -0.00532695 -20.3216 -0.00159954 -28.4455 -0.00540006 -28.3398 -0.00532344 -19.7427 -0.00147288
539586 -28.4016 -0.00536825 -28.406 -0.00537147 -20.3478 -0.00160639 -28.5129 -0.00544898 -28.4019 -0.00536844 -19.775 -0.00147905
540459 -28.4655 -0.0054146 -28.4675 -0.00541607 -20.3736 -0.00161325 -28.5802 -0.00549774 -28.464 -0.00541351 -19.8069 -0.00148523
541329 -28.5292 -0.0054608 -28.5291 -0.00546075 -20.399 -0.00162013 -28.6471 -0.00554632 -28.5263 -0.00545866 -19.8385 -0.00149142
542187 -28.5916 -0.00550602 -28.5918 -0.00550619 -20.4232 -0.00162684 -28.7128 -0.00559393 -28.5899 -0.00550481 -19.869 -0.00149748
543041 -28.6535 -0.00555092 -28.6548 -0.00555185 -20.4468 -0.00163353 -28.7779 -0.00564118 -28.6539 -0.00555121 -19.8989 -0.00150351
543892 -28.7151 -0.00559564 -28.7178 -0.0055976 -20.4699 -0.00164022 -28.8428 -0.00568822 -28.718 -0.0055977 -19.9285 -0.00150955
544740 -28.7766 -0.0056402 -28.781 -0.00564341 -20.4926 -0.00164693 -28.9073 -0.00573505 -28.7821 -0.00564425 -19.9577 -0.00151559
545586 -28.8378 -0.00568458 -28.8443 -0.0056893 -20.5149 -0.00165365 -28.9717 -0.0057817 -28.8464 -0.00569087 -19.9866 -0.00152165
546429 -28.8987 -0.00572876 -28.9076 -0.00573527 -20.5367 -0.00166038 -29.0357 -0.00582813 -28.9108 -0.00573757 -20.0151 -0.00152772
547269 -28.9593 -0.00577274 -28.9711 -0.00578133 -20.558 -0.00166713 -29.0994 -0.00587434 -28.9753 -0.00578436 -20.0432 -0.00153379
548099 -29.0192 -0.00581618 -29.0346 -0.00582736 -20.5788 -0.00167387 -29.1621 -0.00591982 -29.0409 -0.00583189 -20.0702 -0.00153971
548923 -29.0787 -0.00585931 -29.098 -0.00587336 -20.5991 -0.00168061 -29.224 -0.0059647 -29.107 -0.00587986 -20.0965 -0.00154556
549734 -29.1366 -0.00590134 -29.163 -0.00592045 -20.6185 -0.00168719 -29.2847 -0.00600871 -29.173 -0.00592773 -20.1224 -0.0015514
550542 -29.1954 -0.00594396 -29.228 -0.0059676 -20.6373 -0.00169377 -29.3452 -0.0060526 -29.2389 -0.00597553 -20.1479 -0.00155723
551336 -29.2558 -0.00598779 -29.2924 -0.00601432 -20.6555 -0.00170027 -29.4066 -0.00609712 -29.3039 -0.00602269 -20.1726 -0.00156297
552111 -29.3189 -0.00603354 -29.3552 -0.00605985 -20.6729 -0.00170667 -29.4707 -0.00614367 -29.3674 -0.00606873 -20.1963 -0.00156855
552883 -29.3817 -0.00607909 -29.418 -0.00610544 -20.6899 -0.00171309 -29.5347 -0.00619005 -29.431 -0.00611482 -20.2197 -0.00157414
553654 -29.4441 -0.00612438 -29.481 -0.00615109 -20.7065 -0.00171951 -29.5985 -0.0062363 -29.4945 -0.00616094 -20.2427 -0.00157973
554422 -29.5063 -0.00616949 -29.544 -0.00619682 -20.7227 -0.00172595 -29.6619 -0.00628234 -29.5582 -0.00620712 -20.2655 -0.00158533
555187 -29.5683 -0.00621441 -29.6072 -0.00624265 -20.7384 -0.00173239 -29.7251 -0.00632814 -29.622 -0.0062534 -20.2878 -0.00159093
555940 -29.6287 -0.00625827 -29.672 -0.00628961 -20.7532 -0.00173864 -29.7865 -0.0063727 -29.6871 -0.00630057 -20.3094 -0.00159639
556691 -29.689 -0.006302 -29.7368 -0.00633666 -20.7676 -0.00174489 -29.8476 -0.006417 -29.7522 -0.00634781 -20.3305 -0.00160186
557438 -29.7494 -0.00634579 -29.8016 -0.00638367 -20.7815 -0.00175114 -29.9085 -0.00646117 -29.8172 -0.00639497 -20.3514 -0.00160732
558180 -29.8102 -0.00638985 -29.8662 -0.00643049 -20.795 -0.00175739 -29.9694 -0.00650534 -29.8819 -0.00644191 -20.3718 -0.00161276
558919 -29.8707 -0.00643374 -29.9309 -0.00647742 -20.8081 -0.00176363 -30.0299 -0.0065492 -29.9468 -0.00648894 -20.3919 -0.0016182
559654 -29.931 -0.00647747 -29.9958 -0.00652446 -20.8208 -0.00176989 -30.0899 -0.00659271 -30.0117 -0.00653605 -20.4117 -0.00162364
560386 -29.991 -0.00652102 -30.0608 -0.00657163 -20.833 -0.00177615 -30.1493 -0.00663582 -30.0768 -0.00658326 -20.4311 -0.00162907
561127 -30.0517 -0.00656507 -30.1254 -0.00661848 -20.845 -0.00178249 -30.2111 -0.00668067 -30.1417 -0.00663033 -20.4505 -0.00163458
561874 -30.1128 -0.00660933 -30.1898 -0.00666517 -20.8566 -0.0017889 -30.2743 -0.00672647 -30.2066 -0.00667735 -20.4697 -0.00164014
562617 -30.1744 -0.00665402 -30.2537 -0.00671157 -20.8677 -0.00179527 -30.3379 -0.00677258 -30.271 -0.00672408 -20.4885 -0.0016457
563356 -30.2361 -0.00669879 -30.3176 -0.0067579 -20.8784 -0.00180164 -30.4015 -0.00681872 -30.3353 -0.00677075 -20.507 -0.00165126
564089 -30.2982 -0.00674383 -30.3812 -0.00680405 -20.8886 -0.00180799 -30.4654 -0.00686511 -30.3994 -0.00681722 -20.5251 -0.00165678
564819 -30.3601 -0.00678874 -30.445 -0.00685025 -20.8984 -0.00181436 -30.5292 -0.00691137 -30.4636 -0.00686375 -20.5428 -0.00166232
565547 -30.4217 -0.00683337 -30.5088 -0.00689657 -20.9078 -0.00182084 -30.5924 -0.00695719 -30.527 -0.00690978 -20.5602 -0.00166784
566268 -30.4815 -0.00687672 -30.5738 -0.00694372 -20.9169 -0.00182739 -30.6574 -0.00700435 -30.5909 -0.00695612 -20.5773 -0.00167337
566984 -30.5401 -0.00691929 -30.6395 -0.00699137 -20.9256 -0.00183398 -30.7235 -0.00705229 -30.6552 -0.00700273 -20.5941 -0.00167892
567700 -30.5986 -0.00696172 -30.7053 -0.00703908 -20.9338 -0.00184058 -30.7894 -0.00710009 -30.7195 -0.00704939 -20.6106 -0.00168448
568412 -30.6568 -0.00700393 -30.7705 -0.00708638 -20.9416 -0.0018472 -30.855 -0.00714765 -30.7839 -0.00709611 -20.6269 -0.00169012
569118 -30.7171 -0.00704762 -30.836 -0.0071339 -20.9489 -0.00185381 -30.9188 -0.00719394 -30.8495 -0.00714367 -20.6429 -0.00169575
569819 -30.7779 -0.00709172 -30.9019 -0.00718165 -20.9557 -0.00186045 -30.9818 -0.00723965 -30.9155 -0.00719156 -20.6585 -0.00170137
570520 -30.8382 -0.00713546 -30.9678 -0.00722945 -20.962 -0.00186711 -31.0446 -0.0072852 -30.9813 -0.00723929 -20.6738 -0.001707
571218 -30.8983 -0.00717903 -31.0338 -0.00727732 -20.9679 -0.00187379 -31.1073 -0.00733062 -31.0472 -0.00728706 -20.6888 -0.00171265
571916 -30.9582 -0.00722247 -31.0996 -0.00732505 -20.9733 -0.0018805 -31.1698 -0.00737594 -31.1131 -0.00733487 -20.7035 -0.00171831
572612 -31.018 -0.00726588 -31.1653 -0.00737267 -20.9782 -0.00188723 -31.2317 -0.0074209 -31.179 -0.00738268 -20.7178 -0.00172399
573305 -31.0769 -0.00730861 -31.2317 -0.00742084 -20.9826 -0.00189394 -31.2923 -0.00746479 -31.2457 -0.00743103 -20.7319 -0.00172968
573995 -31.1357 -0.00735121 -31.2981 -0.00746905 -20.9865 -0.00190067 -31.3526 -0.00750855 -31.3124 -0.00747942 -20.7456 -0.00173539
574685 -31.1943 -0.00739372 -31.3646 -0.00751725 -20.99 -0.00190742 -31.4128 -0.00755222 -31.3792 -0.00752781 -20.759 -0.00174112
575373 -31.2527 -0.00743608 -31.4311 -0.00756548 -20.9929 -0.0019142 -31.4728 -0.00759575 -31.4459 -0.00757624 -20.772 -0.00174685
576063 -31.3112 -0.00747851 -31.4975 -0.00761361 -20.9954 -0.00192102 -31.5328 -0.00763921 -31.5126 -0.00762458 -20.7848 -0.00175263
576754 -31.3694 -0.00752077 -31.5638 -0.00766172 -20.9973 -0.00192787 -31.5926 -0.00768262 -31.5792 -0.00767287 -20.7973 -0.00175844
577442 -31.4273 -0.0075627 -31.6303 -0.00770995 -20.9987 -0.00193472 -31.6522 -0.00772585 -31.6458 -0.00772124 -20.8094 -0.00176426
578130 -31.4848 -0.00760445 -31.6969 -0.00775825 -20.9996 -0.00194158 -31.7117 -0.00776896 -31.7126 -0.00776968 -20.8212 -0.00177009
578817 -31.5422 -0.00764606 -31.7635 -0.00780656 -21 -0.00194847 -31.771 -0.00781199 -31.7794 -0.00781813 -20.8326 -0.00177594
579501 -31.5992 -0.00768738 -31.83 -0.00785482 -21 -0.0019568 -31.83 -0.00785478 -31.8459 -0.00786635 -20.8439 -0.00178191
580182 -31.6558 -0.00772847 -31.8965 -0.00790305 -21 -0.00196594 -31.8887 -0.00789737 -31.9122 -0.00791445 -20.8549 -0.00178796
580862 -31.7122 -0.00776939 -31.9631 -0.00795132 -21 -0.0019751 -31.9472 -0.00793981 -31.9786 -0.00796257 -20.8656 -0.00179402
581540 -31.7685 -0.00781017 -32.0297 -0.00799961 -21 -0.00198428 -32.0055 -0.0079821 -32.045 -0.00801072 -20.8759 -0.00180011
582218 -31.8245 -0.00785084 -32.0963 -0.00804792 -21 -0.00199349 -32.0636 -0.00802423 -32.1114 -0.00805888 -20.8858 -0.00180621
582894 -31.8804 -0.00789139 -32.1629 -0.00809625 -21 -0.00200272 -32.1215 -0.00806622 -32.1778 -0.00810707 -20.8953 -0.00181233
583569 -31.9362 -0.00793181 -32.2296 -0.00814461 -21 -0.00201198 -32.1792 -0.00810806 -32.2443 -0.00815528 -20.9044 -0.00181847
584242 -31.9918 -0.00797212 -32.2963 -0.008193 -21 -0.00202126 -32.2367 -0.00814975 -32.3108 -0.0082035 -20.9131 -0.00182462
584915 -32.0472 -0.0080123 -32.363 -0.00824141 -21 -0.00203057 -32.2939 -0.00819129 -32.3773 -0.00825175 -20.9215 -0.0018308
585586 -32.1024 -0.00805237 -32.4298 -0.00828984 -21 -0.00203991 -32.351 -0.00823267 -32.4439 -0.00830002 -20.9294 -0.001837
586256 -32.1575 -0.00809233 -32.4966 -0.0083383 -21 -0.00204928 -32.4078 -0.00827389 -32.5104 -0.00834831 -20.937 -0.00184321
586924 -32.2125 -0.00813218 -32.5635 -0.00838679 -21 -0.00205867 -32.4644 -0.00831493 -32.577 -0.00839661 -20.9441 -0.00184944
587592 -32.2672 -0.00817192 -32.6304 -0.0084353 -21 -0.00206808 -32.5208 -0.0083558 -32.6437 -0.00844494 -20.9509 -0.00185569
588257 -32.3219 -0.00821153 -32.6973 -0.00848385 -21 -0.00207753 -32.5769 -0.00839648 -32.7103 -0.0084933 -20.9572 -0.00186196
588921 -32.3763 -0.00825102 -32.7643 -0.00853242 -21 -0.002087 -32.6327 -0.00843696 -32.777 -0.00854167 -20.9631 -0.00186825
589584 -32.4305 -0.00829036 -32.8313 -0.00858104 -21 -0.00209649 -32.6882 -0.00847721 -32.8438 -0.00859008 -20.9685 -0.00187456
590245 -32.4846 -0.00832957 -32.8984 -0.00862969 -21 -0.00210601 -32.7434 -0.00851725 -32.9106 -0.00863851 -20.9736 -0.00188089
590904 -32.5385 -0.00836864 -32.9655 -0.00867838 -21 -0.00211555 -32.7982 -0.00855704 -32.9774 -0.00868697 -20.9782 -0.00188723
591561 -32.5922 -0.00840762 -33.0326 -0.00872706 -21 -0.00212512 -32.8529 -0.00859666 -33.0442 -0.00873541 -20.9824 -0.00189359
592212 -32.6462 -0.00844676 -33.0995 -0.00877556 -21 -0.00213468 -32.9076 -0.00863637 -33.1107 -0.00878367 -20.9861 -0.00189993
592856 -32.6998 -0.00848567 -33.1667 -0.00882428 -21 -0.00214417 -32.9595 -0.008674 -33.1773 -0.00883198 -20.9894 -0.00190624
593494 -32.7535 -0.00852462 -33.2338 -0.00887293 -21 -0.00215365 -33.0111 -0.00871146 -33.2438 -0.00888018 -20.9922 -0.00191252
594131 -32.807 -0.00856341 -33.3009 -0.0089216 -21 -0.00216315 -33.0625 -0.00874874 -33.3103 -0.00892841 -20.9946 -0.00191882
594766 -32.8604 -0.00860211 -33.3681 -0.00897033 -21 -0.00217269 -33.1137 -0.00878584 -33.3769 -0.0089767 -20.9966 -0.00192514
595399 -32.9134 -0.00864059 -33.4352 -0.009019 -21 -0.00218228 -33.1645 -0.00882272 -33.4433 -0.00902492 -20.9981 -0.00193159
596027 -32.9658 -0.00867858 -33.4908 -0.00906837 -21 -0.00219184 -33.2147 -0.00885906 -33.4908 -0.00907412 -20.9992 -0.00193814
596642 -33.0168 -0.00871554 -33.4908 -0.00912102 -21 -0.00220124 -33.2633 -0.00889437 -33.4908 -0.00912629 -20.9998 -0.00194457
597256 -33.0675 -0.00875231 -33.4908 -0.00917369 -21 -0.00221067 -33.3117 -0.00892946 -33.4908 -0.00917848 -21 -0.00195101
597869 -33.1179 -0.00878887 -33.4908 -0.00922638 -21 -0.00222012 -33.3598 -0.00896432 -33.4908 -0.0092307 -21 -0.00195747
598480 -33.168 -0.00882522 -33.4908 -0.00927911 -21 -0.0022296 -33.4075 -0.00899895 -33.4908 -0.00928294 -21 -0.00196393
599087 -33.2177 -0.00886124 -33.4908 -0.00933159 -21 -0.00223928 -33.4548 -0.00903326 -33.4908 -0.00933512 -21 -0.00197166
599691 -33.2672 -0.00889719 -33.4908 -0.00938379 -21 -0.0022491 -33.4908 -0.00906815 -33.4908 -0.00938715 -21 -0.00198022
600290 -33.3174 -0.0089336 -33.4908 -0.00943556 -21 -0.0022589 -33.4908 -0.00910558 -33.4908 -0.00943884 -21 -0.00198873
600885 -33.3676 -0.00896999 -33.4908 -0.00948722 -21 -0.00226869 -33.4908 -0.00914301 -33.4908 -0.00949042 -21 -0.00199724
601475 -33.4169 -0.00900577 -33.4908 -0.00953882 -21 -0.00227849 -33.4908 -0.00918029 -33.4908 -0.00954198 -21 -0.00200576
602058 -33.4633 -0.00903937 -33.4908 -0.00959043 -21 -0.00228826 -33.4908 -0.00921699 -33.4908 -0.0095937 -21 -0.00201427
602638 -33.4908 -0.00907414 -33.4908 -0.00964194 -21 -0.00229804 -33.4908 -0.00925374 -33.4908 -0.00964527 -21 -0.00202277
603215 -33.4908 -0.00911072 -33.4908 -0.00969329 -21 -0.00230781 -33.4908 -0.00929062 -33.4908 -0.00969659 -21 -0.00203125
603791 -33.4908 -0.00914713 -33.4908 -0.00974467 -21 -0.00231761 -33.4908 -0.00932732 -33.4908 -0.00974794 -21 -0.00203975
604365 -33.4908 -0.00918336 -33.4908 -0.00979607 -21 -0.00232741 -33.4908 -0.00936381 -33.4908 -0.00979932 -21 -0.00204827
604937 -33.4908 -0.00921942 -33.4908 -0.0098475 -21 -0.00233723 -33.4908 -0.0094001 -33.4908 -0.00985072 -21 -0.0020568
605508 -33.4908 -0.00925534 -33.4908 -0.00989892 -21 -0.00234705 -33.4908 -0.00943606 -33.4908 -0.00990213 -21 -0.00206535
606078 -33.4908 -0.0092911 -33.4908 -0.00995035 -21 -0.00235689 -33.4908 -0.00947179 -33.4908 -0.00995355 -21 -0.00207393
606646 -33.4908 -0.00932668 -33.4908 -0.0100018 -21 -0.00236673 -33.4908 -0.00950729 -33.4908 -0.010005 -21 -0.00208252
607212 -33.4908 -0.00936208 -33.4908 -0.0100533 -21 -0.00237658 -33.4908 -0.00954254 -33.4908 -0.0100565 -21 -0.00209113
607777 -33.4908 -0.00939731 -33.4908 -0.0101048 -21 -0.00238645 -33.4908 -0.00957754 -33.4908 -0.010108 -21 -0.00209977
608341 -33.4908 -0.00943234 -33.4908 -0.0101563 -21 -0.00239632 -33.4908 -0.00961228 -33.4908 -0.0101595 -21 -0.00210842
608902 -33.4908 -0.00946718 -33.4908 -0.0102079 -21 -0.0024062 -33.4908 -0.00964673 -33.4908 -0.010211 -21 -0.00211709
609458 -33.4908 -0.00950102 -33.4908 -0.0102598 -21 -0.00241621 -33.4908 -0.00968018 -33.4908 -0.0102629 -21 -0.0021259
610011 -33.4908 -0.00953436 -33.4908 -0.010312 -21 -0.00242623 -33.4908 -0.00971305 -33.4908 -0.010315 -21 -0.00213477
610560 -33.4908 -0.00956739 -33.4908 -0.010364 -21 -0.00243633 -33.4908 -0.00974555 -33.4908 -0.0103668 -21 -0.00214367
611107 -33.4908 -0.00960006 -33.4908 -0.010416 -21 -0.00244651 -33.4908 -0.0097777 -33.4908 -0.0104184 -21 -0.00215262
611655 -33.4908 -0.00963249 -33.4908 -0.0104676 -21 -0.00245679 -33.4908 -0.00981057 -33.4908 -0.0104698 -21 -0.00216172
612213 -33.4908 -0.00966492 -33.4908 -0.0105186 -21 -0.00246728 -33.4908 -0.00984658 -33.4908 -0.0105211 -21 -0.00217106
612771 -33.4908 -0.00969789 -33.4908 -0.0105696 -21 -0.00247781 -33.4908 -0.00988254 -33.4908 -0.0105724 -21 -0.00218044
613329 -33.4908 -0.00973124 -33.4908 -0.0106206 -21 -0.00248838 -33.4908 -0.00991843 -33.4908 -0.0106236 -21 -0.00218985
613892 -33.4908 -0.00976657 -33.4908 -0.0106716 -21 -0.00249904 -33.4908 -0.00995462 -33.4908 -0.0106747 -21 -0.00219933
614457 -33.4908 -0.00980244 -33.4908 -0.0107225 -21 -0.00250975 -33.4908 -0.0099908 -33.4908 -0.0107256 -21 -0.00220886
615020 -33.4908 -0.00983818 -33.4908 -0.0107734 -21 -0.00252048 -33.4908 -0.0100268 -33.4908 -0.0107766 -21 -0.00221842
615582 -33.4908 -0.00987377 -33.4908 -0.0108244 -21 -0.00253124 -33.4908 -0.0100627 -33.4908 -0.0108276 -21 -0.00222802
616142 -33.4908 -0.00990923 -33.4908 -0.0108753 -21 -0.00254203 -33.4908 -0.0100984 -33.4908 -0.0108785 -21 -0.00223766
616702 -33.4908 -0.00994454 -33.4908 -0.0109263 -21 -0.00255251 -33.4908 -0.0101339 -33.4908 -0.0109295 -21 -0.00224729
617260 -33.4908 -0.00997973 -33.4908 -0.0109772 -21 -0.0025629 -33.4908 -0.0101693 -33.4908 -0.0109804 -21 -0.00225695
617817 -33.4908 -0.0100148 -33.4908 -0.0110281 -21 -0.0025733 -33.4908 -0.0102045 -33.4908 -0.0110313 -21 -0.00226665
618373 -33.4908 -0.0100498 -33.4908 -0.011079 -21 -0.00258374 -33.4908 -0.0102395 -33.4908 -0.0110822 -21 -0.00227638
618924 -33.4908 -0.0100843 -33.4908 -0.011131 -21 -0.00259409 -33.4908 -0.010274 -33.4908 -0.0111346 -21 -0.00228609
619469 -33.4908 -0.0101181 -33.4908 -0.0111851 -21 -0.00260434 -33.4908 -0.0103078 -33.4908 -0.0111886 -21 -0.00229569
620012 -33.4908 -0.0101519 -33.4908 -0.0112392 -21 -0.00261461 -33.4908 -0.0103414 -33.4908 -0.0112427 -21 -0.00230533
620554 -33.4908 -0.0101855 -33.4908 -0.0112933 -21 -0.00262491 -33.4908 -0.0103748 -33.4908 -0.0112968 -21 -0.00231499
621095 -33.4908 -0.010219 -33.4908 -0.0113474 -21 -0.00263523 -33.4908 -0.010408 -33.4908 -0.0113509 -21 -0.00232467
621634 -33.4908 -0.0102524 -33.4908 -0.0114015 -21 -0.00264557 -33.4908 -0.0104409 -33.4908 -0.0114049 -21 -0.00233437
622173 -33.4908 -0.0102856 -33.4908 -0.0114556 -21 -0.00265593 -33.4908 -0.0104737 -33.4908 -0.011459 -21 -0.00234408
622710 -33.4908 -0.0103188 -33.4908 -0.0115097 -21 -0.00266632 -33.4908 -0.0105062 -33.4908 -0.0115131 -21 -0.00235382
623246 -33.4908 -0.0103518 -33.4908 -0.0115638 -21 -0.00267673 -33.4908 -0.0105386 -33.4908 -0.0115671 -21 -0.00236357
623781 -33.4908 -0.0103847 -33.4908 -0.0116179 -21 -0.00268718 -33.4908 -0.010571 -33.4908 -0.0116211 -21 -0.00237335
624316 -33.4908 -0.0104175 -33.4908 -0.0116719 -21 -0.00269765 -33.4908 -0.0106032 -33.4908 -0.0116751 -21 -0.00238315
624847 -33.4908 -0.0104504 -33.4908 -0.0117258 -21 -0.00270809 -33.4908 -0.0106355 -33.4908 -0.011729 -21 -0.00239294
625369 -33.4908 -0.0104838 -33.4908 -0.0117791 -21 -0.00271823 -33.4908 -0.0106682 -33.4908 -0.0117824 -21 -0.00240258
625889 -33.4908 -0.0105172 -33.4908 -0.0118324 -21 -0.00272839 -33.4908 -0.0107009 -33.4908 -0.0118358 -21 -0.00241223
626408 -33.4908 -0.0105506 -33.4908 -0.0118856 -21 -0.00273856 -33.4908 -0.0107335 -33.4908 -0.0118891 -21 -0.0024219
626925 -33.4908 -0.0105838 -33.4908 -0.0119388 -21 -0.00274874 -33.4908 -0.010766 -33.4908 -0.0119424 -21 -0.00243158
627441 -33.4908 -0.0106169 -33.4908 -0.011992 -21 -0.00275892 -33.4908 -0.0107985 -33.4908 -0.0119957 -21 -0.00244127
627956 -33.4908 -0.01065 -33.4908 -0.012045 -21 -0.00276911 -33.4908 -0.0108309 -33.4908 -0.0120489 -21 -0.00245096
628467 -33.4908 -0.0106831 -33.4908 -0.012098 -21 -0.00277929 -33.4908 -0.0108633 -33.4908 -0.012102 -21 -0.00246065
628975 -33.4908 -0.0107163 -33.4908 -0.0121509 -21 -0.00278945 -33.4908 -0.0108958 -33.4908 -0.012155 -21 -0.00247029
629482 -33.4908 -0.0107494 -33.4908 -0.0122036 -21 -0.00279961 -33.4908 -0.0109282 -33.4908 -0.0122079 -21 -0.00247995
629981 -33.4908 -0.0107827 -33.4908 -0.0122561 -21 -0.0028097 -33.4908 -0.010961 -33.4908 -0.0122605 -21 -0.00248961
630471 -33.4908 -0.0108165 -33.4908 -0.012308 -21 -0.00281964 -33.4908 -0.0109945 -33.4908 -0.0123126 -21 -0.0024993
630958 -33.4908 -0.0108502 -33.4908 -0.0123599 -21 -0.00282957 -33.4908 -0.0110279 -33.4908 -0.0123647 -21 -0.00250898
631444 -33.4908 -0.0108838 -33.4908 -0.0124117 -21 -0.00283952 -33.4908 -0.0110613 -33.4908 -0.0124167 -21 -0.00251869
631930 -33.4908 -0.0109172 -33.4908 -0.0124636 -21 -0.00284952 -33.4908 -0.0110947 -33.4908 -0.0124688 -21 -0.00252845
632413 -33.4908 -0.0109509 -33.4908 -0.0125152 -21 -0.00285949 -33.4908 -0.0111303 -33.4908 -0.0125206 -21 -0.00253819
632894 -33.4908 -0.0109846 -33.4908 -0.0125667 -21 -0.00286945 -33.4908 -0.0111659 -33.4908 -0.0125723 -21 -0.00254795
633374 -33.4908 -0.0110182 -33.4908 -0.0126182 -21 -0.00287942 -33.4908 -0.0112014 -33.4908 -0.0126241 -21 -0.00255772
633852 -33.4908 -0.0110518 -33.4908 -0.0126696 -21 -0.00288938 -33.4908 -0.011237 -33.4908 -0.0126757 -21 -0.00256752
634333 -33.4908 -0.0110858 -33.4908 -0.0127209 -21 -0.00289938 -33.4908 -0.0112726 -33.4908 -0.0127272 -21 -0.0025774
634811 -33.4908 -0.0111211 -33.4908 -0.0127719 -21 -0.00290934 -33.4908 -0.0113085 -33.4908 -0.0127784 -21 -0.00258727
635286 -33.4908 -0.0111575 -33.4908 -0.0128227 -21 -0.00291931 -33.4908 -0.0113446 -33.4908 -0.0128293 -21 -0.00259722
635759 -33.4908 -0.0111939 -33.4908 -0.0128733 -21 -0.00292931 -33.4908 -0.0113806 -33.4908 -0.01288 -21 -0.00260725
636234 -33.4908 -0.0112301 -33.4908 -0.0129241 -21 -0.00293938 -33.4908 -0.0114163 -33.4908 -0.0129309 -21 -0.00261734
636708 -33.4908 -0.0112662 -33.4908 -0.0129749 -21 -0.00294947 -33.4908 -0.0114519 -33.4908 -0.0129819 -21 -0.00262746
637182 -33.4908 -0.0113021 -33.4908 -0.0130256 -21 -0.00295959 -33.4908 -0.0114874 -33.4908 -0.0130328 -21 -0.0026376
637653 -33.4908 -0.0113379 -33.4908 -0.0130761 -21 -0.00297011 -33.4908 -0.0115226 -33.4908 -0.0130833 -21 -0.00264787
638123 -33.4908 -0.0113735 -33.4908 -0.0131265 -21 -0.00298064 -33.4908 -0.0115577 -33.4908 -0.0131338 -21 -0.00265816
638593 -33.4908 -0.0114091 -33.4908 -0.0131769 -21 -0.0029912 -33.4908 -0.0115926 -33.4908 -0.0131843 -21 -0.00266847
639062 -33.4908 -0.0114446 -33.4908 -0.0132274 -21 -0.00300177 -33.4908 -0.0116275 -33.4908 -0.0132349 -21 -0.00267882
639529 -33.4908 -0.0114801 -33.4908 -0.0132777 -21 -0.00301233 -33.4908 -0.0116625 -33.4908 -0.0132853 -21 -0.00268915
639995 -33.4908 -0.0115155 -33.4908 -0.013328 -21 -0.0030229 -33.4908 -0.0116973 -33.4908 -0.0133357 -21 -0.00269951
640460 -33.4908 -0.0115509 -33.4908 -0.0133783 -21 -0.00303349 -33.4908 -0.011732 -33.4908 -0.0133861 -21 -0.0027099
640923 -33.4908 -0.0115861 -33.4908 -0.0134286 -21 -0.00304424 -33.4908 -0.0117666 -33.4908 -0.0134365 -21 -0.00272034
641384 -33.4908 -0.0116209 -33.4908 -0.0134787 -21 -0.00305716 -33.4908 -0.0118009 -33.4908 -0.0134864 -21 -0.00273117
641843 -33.4908 -0.0116557 -33.4908 -0.0135287 -21 -0.0030701 -33.4908 -0.0118351 -33.4908 -0.0135362 -21 -0.00274203
642301 -33.4908 -0.0116903 -33.4908 -0.0135788 -21 -0.00308306 -33.4908 -0.0118691 -33.4908 -0.013586 -21 -0.00275292
642759 -33.4908 -0.0117248 -33.4908 -0.0136288 -21 -0.00309605 -33.4908 -0.011903 -33.4908 -0.0136359 -21 -0.00276384
643215 -33.4908 -0.0117592 -33.4908 -0.0136789 -21 -0.00310906 -33.4908 -0.0119368 -33.4908 -0.0136857 -21 -0.00277479
643670 -33.4908 -0.0117934 -33.4908 -0.0137289 -21 -0.0031221 -33.4908 -0.0119704 -33.4908 -0.0137355 -21 -0.00278577
644125 -33.4908 -0.0118275 -33.4908 -0.0137789 -21 -0.00313516 -33.4908 -0.0120039 -33.4908 -0.0137853 -21 -0.00279679
644578 -33.4908 -0.0118615 -33.4908 -0.0138289 -21 -0.00314823 -33.4908 -0.0120373 -33.4908 -0.0138351 -21 -0.00280782
645030 -33.4908 -0.0118953 -33.4908 -0.013879 -21 -0.00316133 -33.4908 -0.0120705 -33.4908 -0.0138849 -21 -0.00281889
645480 -33.4908 -0.0119289 -33.4908 -0.013929 -21 -0.00317444 -33.4908 -0.0121035 -33.4908 -0.0139347 -21 -0.00282998
645930 -33.4908 -0.0119624 -33.4908 -0.013979 -21 -0.00318756 -33.4908 -0.0121364 -33.4908 -0.0139845 -21 -0.00284109
646378 -33.4908 -0.0119957 -33.4908 -0.0140291 -21 -0.0032007 -33.4908 -0.0121692 -33.4908 -0.0140344 -21 -0.00285221
646825 -33.4908 -0.0120288 -33.4908 -0.0140791 -21 -0.00321384 -33.4908 -0.0122017 -33.4908 -0.0140842 -21 -0.00286334
647276 -33.4908 -0.0120623 -33.4908 -0.014129 -21 -0.00322711 -33.4908 -0.0122341 -33.4908 -0.0141339 -21 -0.00287463
647728 -33.4908 -0.012096 -33.4908 -0.0141787 -21 -0.00324062 -33.4908 -0.0122662 -33.4908 -0.0141833 -21 -0.0028862
648180 -33.4908 -0.0121296 -33.4908 -0.0142283 -21 -0.00325414 -33.4908 -0.0122981 -33.4908 -0.0142327 -21 -0.00289778
648630 -33.4908 -0.0121631 -33.4908 -0.014278 -21 -0.00326768 -33.4908 -0.0123298 -33.4908 -0.0142822 -21 -0.00290938
649080 -33.4908 -0.0121965 -33.4908 -0.0143276 -21 -0.00328124 -33.4908 -0.0123613 -33.4908 -0.0143316 -21 -0.00292099
649525 -33.4908 -0.0122303 -33.4908 -0.0143772 -21 -0.0032948 -33.4908 -0.0123931 -33.4908 -0.0143808 -21 -0.00293246
649967 -33.4908 -0.0122643 -33.4908 -0.0144266 -21 -0.00330836 -33.4908 -0.0124249 -33.4908 -0.0144299 -21 -0.00294382
650404 -33.4908 -0.0122977 -33.4908 -0.0144772 -21 -0.00332175 -33.4908 -0.0124561 -33.4908 -0.0144808 -21 -0.00295508
650839 -33.4908 -0.0123313 -33.4908 -0.0145285 -21 -0.00333509 -33.4908 -0.0124881 -33.4908 -0.0145318 -21 -0.00296627
651273 -33.4908 -0.0123655 -33.4908 -0.0145793 -21 -0.00334842 -33.4908 -0.0125219 -33.4908 -0.0145825 -21 -0.00297745
651707 -33.4908 -0.0123995 -33.4908 -0.0146301 -21 -0.00336177 -33.4908 -0.0125556 -33.4908 -0.0146331 -21 -0.00298865
652140 -33.4908 -0.0124334 -33.4908 -0.0146809 -21 -0.00337515 -33.4908 -0.0125891 -33.4908 -0.0146838 -21 -0.00299986
652573 -33.4908 -0.0124672 -33.4908 -0.0147317 -21 -0.00338855 -33.4908 -0.0126225 -33.4908 -0.0147344 -21 -0.00301109
653005 -33.4908 -0.012501 -33.4908 -0.0147824 -21 -0.00340197 -33.4908 -0.0126558 -33.4908 -0.0147851 -21 -0.00302234
653436 -33.4908 -0.0125347 -33.4908 -0.0148332 -21 -0.00341542 -33.4908 -0.012689 -33.4908 -0.0148357 -21 -0.00303361
653861 -33.4908 -0.0125687 -33.4908 -0.0148836 -21 -0.00342873 -33.4908 -0.0127226 -33.4908 -0.0148859 -21 -0.00304479
654282 -33.4908 -0.0126024 -33.4908 -0.0149343 -21 -0.00344207 -33.4908 -0.0127571 -33.4908 -0.0149363 -21 -0.00305598
654703 -33.4908 -0.0126358 -33.4908 -0.014985 -21 -0.00345548 -33.4908 -0.0127916 -33.4908 -0.0149866 -21 -0.00306732
655120 -33.4908 -0.0126689 -33.4908 -0.0150351 -21 -0.00346948 -33.4908 -0.0128258 -33.4908 -0.0150367 -21 -0.00308079
655536 -33.4908 -0.0127018 -33.4908 -0.0150851 -21 -0.00348353 -33.4908 -0.0128599 -33.4908 -0.0150868 -21 -0.00309428
655951 -33.4908 -0.0127349 -33.4908 -0.0151352 -21 -0.00349763 -33.4908 -0.0128937 -33.4908 -0.0151369 -21 -0.0031078
656365 -33.4908 -0.0127687 -33.4908 -0.0151855 -21 -0.00351177 -33.4908 -0.0129269 -33.4908 -0.0151874 -21 -0.00312131
656777 -33.4908 -0.0128025 -33.4908 -0.0152357 -21 -0.00352594 -33.4908 -0.01296 -33.4908 -0.0152378 -21 -0.00313485
657188 -33.4908 -0.012836 -33.4908 -0.0152855 -21 -0.00354022 -33.4908 -0.0129929 -33.4908 -0.015288 -21 -0.00314859
657598 -33.4908 -0.0128694 -33.4908 -0.0153352 -21 -0.00355455 -33.4908 -0.0130256 -33.4908 -0.0153382 -21 -0.00316241
658007 -33.4908 -0.0129028 -33.4908 -0.0153848 -21 -0.00356892 -33.4908 -0.0130581 -33.4908 -0.0153883 -21 -0.00317625
658416 -33.4908 -0.012936 -33.4908 -0.0154344 -21 -0.00358332 -33.4908 -0.0130906 -33.4908 -0.0154384 -21 -0.00319013
658824 -33.4908 -0.0129691 -33.4908 -0.015484 -21 -0.00359774 -33.4908 -0.0131229 -33.4908 -0.0154885 -21 -0.00320404
659231 -33.4908 -0.0130022 -33.4908 -0.0155336 -21 -0.0036122 -33.4908 -0.013155 -33.4908 -0.0155386 -21 -0.00321797
659637 -33.4908 -0.0130352 -33.4908 -0.0155832 -21 -0.00362669 -33.4908 -0.013187 -33.4908 -0.0155887 -21 -0.00323193
660042 -33.4908 -0.0130681 -33.4908 -0.0156327 -21 -0.00364121 -33.4908 -0.0132188 -33.4908 -0.0156387 -21 -0.00324592
660447 -33.4908 -0.0131008 -33.4908 -0.0156822 -21 -0.00365577 -33.4908 -0.0132504 -33.4908 -0.0156888 -21 -0.00325993
660850 -33.4908 -0.0131335 -33.4908 -0.0157318 -21 -0.00367035 -33.4908 -0.0132819 -33.4908 -0.0157387 -21 -0.00327397
661255 -33.4908 -0.0131659 -33.4908 -0.0157813 -21 -0.00368498 -33.4908 -0.0133129 -33.4908 -0.0157888 -21 -0.00328814
661660 -33.4908 -0.0131979 -33.4908 -0.015831 -21 -0.00369965 -33.4908 -0.0133435 -33.4908 -0.015839 -21 -0.00330246
662064 -33.4908 -0.0132298 -33.4908 -0.0158806 -21 -0.00371435 -33.4908 -0.0133739 -33.4908 -0.0158891 -21 -0.0033168
662466 -33.4908 -0.0132616 -33.4908 -0.0159302 -21 -0.00372908 -33.4908 -0.013404 -33.4908 -0.0159392 -21 -0.00333116
662868 -33.4908 -0.0132933 -33.4908 -0.0159798 -21 -0.00374385 -33.4908 -0.0134339 -33.4908 -0.0159892 -21 -0.00334556
663269 -33.4908 -0.0133249 -33.4908 -0.0160295 -21 -0.00375858 -33.4908 -0.0134636 -33.4908 -0.0160394 -21 -0.00335995
663669 -33.4908 -0.0133565 -33.4908 -0.0160791 -21 -0.00377325 -33.4908 -0.0134931 -33.4908 -0.0160898 -21 -0.00337434
664068 -33.4908 -0.0133879 -33.4908 -0.0161288 -21 -0.00378793 -33.4908 -0.0135222 -33.4908 -0.0161402 -21 -0.00338875
664465 -33.4908 -0.0134192 -33.4908 -0.0161785 -21 -0.0038026 -33.4908 -0.013551 -33.4908 -0.0161905 -21 -0.00340318
664861 -33.4908 -0.0134504 -33.4908 -0.0162282 -21 -0.00381728 -33.4908 -0.0135794 -33.4908 -0.0162409 -21 -0.00341761
665255 -33.4908 -0.0134814 -33.4908 -0.0162779 -21 -0.00383195 -33.4908 -0.0136073 -33.4908 -0.0162913 -21 -0.00343206
665647 -33.4908 -0.0135124 -33.4908 -0.0163276 -21 -0.00384661 -33.4908 -0.0136349 -33.4908 -0.0163417 -21 -0.00344651
666039 -33.4908 -0.0135432 -33.4908 -0.0163773 -21 -0.00386128 -33.4908 -0.0136622 -33.4908 -0.0163921 -21 -0.00346099
666430 -33.4908 -0.0135738 -33.4908 -0.0164271 -21 -0.00387597 -33.4908 -0.0136895 -33.4908 -0.0164425 -21 -0.0034755
666820 -33.4908 -0.0136044 -33.4908 -0.0164767 -21 -0.00389068 -33.4908 -0.0137168 -33.4908 -0.0164928 -21 -0.00349005
667210 -33.4908 -0.0136348 -33.4908 -0.0165263 -21 -0.00390545 -33.4908 -0.013744 -33.4908 -0.016543 -21 -0.00350481
667598 -33.4908 -0.0136651 -33.4908 -0.0165755 -21 -0.00392029 -33.4908 -0.013771 -33.4908 -0.0165929 -21 -0.00351997
667985 -33.4908 -0.0136952 -33.4908 -0.0166247 -21 -0.00393517 -33.4908 -0.0137979 -33.4908 -0.0166428 -21 -0.00353518
668372 -33.4908 -0.0137252 -33.4908 -0.0166739 -21 -0.00395006 -33.4908 -0.0138248 -33.4908 -0.0166927 -21 -0.00355043
668759 -33.4908 -0.0137551 -33.4908 -0.016723 -21 -0.00396498 -33.4908 -0.0138516 -33.4908 -0.0167426 -21 -0.00356572
669143 -33.4908 -0.0137846 -33.4908 -0.0167724 -21 -0.00397983 -33.4908 -0.0138782 -33.4908 -0.0167926 -21 -0.00358095
669527 -33.4908 -0.0138139 -33.4908 -0.0168218 -21 -0.00399468 -33.4908 -0.0139046 -33.4908 -0.0168427 -21 -0.00359617
669909 -33.4908 -0.0138431 -33.4908 -0.0168712 -21 -0.00400955 -33.4908 -0.013931 -33.4908 -0.0168928 -21 -0.00361143
670292 -33.4908 -0.0138721 -33.4908 -0.0169206 -21 -0.00402443 -33.4908 -0.0139573 -33.4908 -0.0169429 -21 -0.00362672
670673 -33.4908 -0.013901 -33.4908 -0.01697 -21 -0.00403932 -33.4908 -0.0139835 -33.4908 -0.016993 -21 -0.00364204
671054 -33.4908 -0.0139296 -33.4908 -0.0170193 -21 -0.00405423 -33.4908 -0.0140097 -33.4908 -0.017043 -21 -0.0036574
671434 -33.4908 -0.0139581 -33.4908 -0.0170686 -21 -0.00406915 -33.4908 -0.0140357 -33.4908 -0.0170931 -21 -0.00367278
671813 -33.4908 -0.0139864 -33.4908 -0.0171179 -21 -0.00408407 -33.4908 -0.0140617 -33.4908 -0.0171431 -21 -0.00368819
672190 -33.4908 -0.0140146 -33.4908 -0.017167 -21 -0.00409898 -33.4908 -0.0140877 -33.4908 -0.017193 -21 -0.00370356
672565 -33.4908 -0.0140426 -33.4908 -0.0172162 -21 -0.00411389 -33.4908 -0.0141136 -33.4908 -0.0172428 -21 -0.00371895
672939 -33.4908 -0.0140703 -33.4908 -0.0172653 -21 -0.0041288 -33.4908 -0.0141394 -33.4908 -0.0172927 -21 -0.00373438
673326 -33.4908 -0.0140982 -33.4908 -0.0173138 -21 -0.00414409 -33.4908 -0.0141704 -33.4908 -0.0173423 -21 -0.00375013
673713 -33.4908 -0.0141259 -33.4908 -0.0173623 -21 -0.00415954 -33.4908 -0.0142013 -33.4908 -0.0173916 -21 -0.00376599
674098 -33.4908 -0.0141536 -33.4908 -0.0174106 -21 -0.00417521 -33.4908 -0.0142321 -33.4908 -0.0174405 -21 -0.00378196
674483 -33.4908 -0.0141812 -33.4908 -0.0174589 -21 -0.00419091 -33.4908 -0.0142628 -33.4908 -0.0174893 -21 -0.00379795
674867 -33.4908 -0.0142088 -33.4908 -0.0175071 -21 -0.00420662 -33.4908 -0.0142935 -33.4908 -0.0175382 -21 -0.00381396
675251 -33.4908 -0.0142363 -33.4908 -0.0175553 -21 -0.00422236 -33.4908 -0.0143242 -33.4908 -0.017587 -21 -0.00383
675635 -33.4908 -0.0142639 -33.4908 -0.0176035 -21 -0.00423812 -33.4908 -0.0143549 -33.4908 -0.0176357 -21 -0.00384606
676018 -33.4908 -0.0142914 -33.4908 -0.0176517 -21 -0.00425391 -33.4908 -0.0143855 -33.4908 -0.0176844 -21 -0.00386214
676400 -33.4908 -0.0143191 -33.4908 -0.0176997 -21 -0.00426971 -33.4908 -0.0144174 -33.4908 -0.017733 -21 -0.00387822
676782 -33.4908 -0.0143469 -33.4908 -0.0177476 -21 -0.00428552 -33.4908 -0.0144496 -33.4908 -0.0177815 -21 -0.00389432
677164 -33.4908 -0.0143746 -33.4908 -0.0177954 -21 -0.00430137 -33.4908 -0.0144818 -33.4908 -0.01783 -21 -0.00391044
677545 -33.4908 -0.0144024 -33.4908 -0.0178433 -21 -0.00431724 -33.4908 -0.0145139 -33.4908 -0.0178785 -21 -0.00392658
677925 -33.4908 -0.0144309 -33.4908 -0.017891 -21 -0.00433312 -33.4908 -0.0145461 -33.4908 -0.0179268 -21 -0.00394273
678305 -33.4908 -0.0144601 -33.4908 -0.0179386 -21 -0.00434901 -33.4908 -0.0145785 -33.4908 -0.017975 -21 -0.00395888
678689 -33.4908 -0.0144915 -33.4908 -0.0179861 -21 -0.00436502 -33.4908 -0.0146112 -33.4908 -0.0180229 -21 -0.0039751
679078 -33.4908 -0.0145233 -33.4908 -0.0180338 -21 -0.00438127 -33.4908 -0.0146438 -33.4908 -0.018071 -21 -0.0039915
679475 -33.4908 -0.0145542 -33.4908 -0.018082 -21 -0.00439789 -33.4908 -0.0146757 -33.4908 -0.0181195 -21 -0.0040082
679871 -33.4908 -0.0145849 -33.4908 -0.0181301 -21 -0.00441454 -33.4908 -0.0147076 -33.4908 -0.018168 -21 -0.00402492
680266 -33.4908 -0.0146156 -33.4908 -0.0181781 -21 -0.00443121 -33.4908 -0.0147395 -33.4908 -0.0182164 -21 -0.00404166
680661 -33.4908 -0.0146462 -33.4908 -0.0182262 -21 -0.00444791 -33.4908 -0.0147714 -33.4908 -0.0182648 -21 -0.00405843
681056 -33.4908 -0.0146766 -33.4908 -0.0182741 -21 -0.00446463 -33.4908 -0.0148032 -33.4908 -0.0183132 -21 -0.00407522
681450 -33.4908 -0.014707 -33.4908 -0.0183221 -21 -0.00448138 -33.4908 -0.014835 -33.4908 -0.0183615 -21 -0.00409204
681843 -33.4908 -0.0147372 -33.4908 -0.0183699 -21 -0.00449816 -33.4908 -0.0148667 -33.4908 -0.0184098 -21 -0.00410888
682235 -33.4908 -0.0147674 -33.4908 -0.0184178 -21 -0.00451497 -33.4908 -0.0148985 -33.4908 -0.018458 -21 -0.00412574
682627 -33.4908 -0.0147974 -33.4908 -0.0184656 -21 -0.00453181 -33.4908 -0.0149302 -33.4908 -0.0185062 -21 -0.00414262
683018 -33.4908 -0.0148273 -33.4908 -0.0185133 -21 -0.00454867 -33.4908 -0.0149619 -33.4908 -0.0185543 -21 -0.00415953
683408 -33.4908 -0.0148571 -33.4908 -0.018561 -21 -0.00456556 -33.4908 -0.0149936 -33.4908 -0.0186024 -21 -0.00417646
683798 -33.4908 -0.0148867 -33.4908 -0.0186086 -21 -0.00458247 -33.4908 -0.0150253 -33.4908 -0.0186505 -21 -0.00419341
684187 -33.4908 -0.0149162 -33.4908 -0.0186562 -21 -0.00459939 -33.4908 -0.015057 -33.4908 -0.0186985 -21 -0.00421038
684574 -33.4908 -0.0149456 -33.4908 -0.0187038 -21 -0.00461633 -33.4908 -0.0150887 -33.4908 -0.0187465 -21 -0.00422737
684962 -33.4908 -0.0149749 -33.4908 -0.0187512 -21 -0.00463329 -33.4908 -0.0151203 -33.4908 -0.0187944 -21 -0.00424437
685358 -33.4908 -0.0150032 -33.4908 -0.0187993 -21 -0.00465063 -33.4908 -0.0151507 -33.4908 -0.018843 -21 -0.00426164
685754 -33.4908 -0.0150313 -33.4908 -0.0188473 -21 -0.00466798 -33.4908 -0.0151811 -33.4908 -0.0188915 -21 -0.00427891
686150 -33.4908 -0.0150592 -33.4908 -0.0188952 -21 -0.00468537 -33.4908 -0.0152115 -33.4908 -0.01894 -21 -0.00429622
686544 -33.4908 -0.0150869 -33.4908 -0.0189432 -21 -0.00470277 -33.4908 -0.0152419 -33.4908 -0.0189885 -21 -0.00431356
686938 -33.4908 -0.0151143 -33.4908 -0.0189911 -21 -0.00472019 -33.4908 -0.0152722 -33.4908 -0.019037 -21 -0.00433091
687332 -33.4908 -0.0151415 -33.4908 -0.019039 -21 -0.00473763 -33.4908 -0.0153025 -33.4908 -0.0190854 -21 -0.0043483
687724 -33.4908 -0.0151685 -33.4908 -0.0190868 -21 -0.00475509 -33.4908 -0.0153328 -33.4908 -0.0191339 -21 -0.0043657
688116 -33.4908 -0.0151952 -33.4908 -0.0191346 -21 -0.00477257 -33.4908 -0.015363 -33.4908 -0.0191823 -21 -0.00438312
688507 -33.4908 -0.0152218 -33.4908 -0.0191824 -21 -0.00479008 -33.4908 -0.0153933 -33.4908 -0.0192307 -21 -0.00440056
688898 -33.4908 -0.0152485 -33.4908 -0.0192302 -21 -0.00480761 -33.4908 -0.0154235 -33.4908 -0.0192791 -21 -0.00441802
689288 -33.4908 -0.0152751 -33.4908 -0.0192779 -21 -0.00482516 -33.4908 -0.0154537 -33.4908 -0.0193274 -21 -0.00443549
689677 -33.4908 -0.0153016 -33.4908 -0.0193258 -21 -0.00484267 -33.4908 -0.0154837 -33.4908 -0.0193759 -21 -0.00445292
690065 -33.4908 -0.0153281 -33.4908 -0.0193736 -21 -0.00486021 -33.4908 -0.0155137 -33.4908 -0.0194244 -21 -0.00447038
690454 -33.4908 -0.0153546 -33.4908 -0.0194214 -21 -0.00487778 -33.4908 -0.0155436 -33.4908 -0.0194728 -21 -0.00448786
690841 -33.4908 -0.015381 -33.4908 -0.0194692 -21 -0.00489538 -33.4908 -0.0155735 -33.4908 -0.0195212 -21 -0.00450536
691228 -33.4908 -0.0154075 -33.4908 -0.0195169 -21 -0.00491299 -33.4908 -0.0156035 -33.4908 -0.0195695 -21 -0.00452289
691615 -33.4908 -0.0154339 -33.4908 -0.0195646 -21 -0.00493063 -33.4908 -0.0156333 -33.4908 -0.0196178 -21 -0.00454044
692000 -33.4908 -0.0154603 -33.4908 -0.0196122 -21 -0.0049483 -33.4908 -0.0156632 -33.4908 -0.019666 -21 -0.00455803
692386 -33.4908 -0.0154867 -33.4908 -0.0196598 -21 -0.00496601 -33.4908 -0.015693 -33.4908 -0.0197142 -21 -0.00457564
692771 -33.4908 -0.015513 -33.4908 -0.0197073 -21 -0.00498374 -33.4908 -0.0157227 -33.4908 -0.0197624 -21 -0.00459328
693156 -33.4908 -0.0155393 -33.4908 -0.0197548 -21 -0.00500151 -33.4908 -0.0157524 -33.4908 -0.0198105 -21 -0.00461096
693540 -33.4908 -0.0155656 -33.4908 -0.0198023 -21 -0.00501931 -33.4908 -0.0157821 -33.4908 -0.0198586 -21 -0.00462866
