1710.29 -2359.91 -1179.72 -3042.03
1022.8 -4122.52 -2947.79 -3669.54
318.666 -5826.64 -4659.15 -4293.4
-392.798 -7463.22 -6313.61 -4917.29
-1064 -9071.89 -7952.61 -5544.75
-1728.57 -10681.9 -9574.04 -6177.49
-2404.61 -12291.4 -11180.7 -6811.41
-3052.45 -13901.2 -12786.6 -7449.71
-3677.88 -15523.6 -14401.3 -8089
-4299.2 -17128.2 -16011.1 -8730.79
-4925.75 -18694.6 -17622 -9383.24
-5552.37 -20255.9 -19233.1 -10036.2
-6178.46 -21821.4 -20818 -10680.5
-6803.99 -23386.9 -22382.6 -11318
-7426.05 -24945.1 -23937.8 -11951.9
-8043.32 -26491.6 -25484 -12581.8
-8658.26 -28031.9 -27025.5 -13209.8
-9272.72 -29570.2 -28564.2 -13837
-9887.19 -31107.2 -30101 -14463.7
-10501.7 -32643.2 -31636.8 -15090.1
-11116.3 -34178.4 -33171.9 -15716.4
-11731.3 -35713.5 -34707 -16342.6
-12346.8 -37248.6 -36242 -16969
-12962.5 -38782.8 -37775.7 -17595
-13578.2 -40315.7 -39308.1 -18220.6
-14193.5 -41846.1 -40838.2 -18845.4
-14808.4 -43373.9 -42365.7 -19469.4
-15423.5 -44900.5 -43892 -20093
-16038.9 -46426.4 -45417.8 -20716.6
-16654.5 -47951.2 -46942.4 -21339.9
-17270.2 -49474.8 -48465.8 -21962.8
-17885.9 -50997 -49987.8 -22585.3
-18501.5 -52517.4 -51507.8 -23207.2
-19116.8 -54035.7 -53025.5 -23828.4
-19731.8 -55551.9 -54540.9 -24448.8
-20346.8 -57066.5 -56054.6 -25068.8
-20961.9 -58579.5 -57566.8 -25688.4
-21577.1 -60091.1 -59077.5 -26307.6
-22192.4 -61601.4 -60586.8 -26926.5
-22807.8 -63110.3 -62094.8 -27545.1
-23423.4 -64617.9 -63601.3 -28163.4
-24039.1 -66124.1 -65106.4 -28781.3
-24655 -67628.9 -66610.1 -29399
-25271 -69132.4 -68112.2 -30016.4
-25887.2 -70634.4 -69612.8 -30633.4
-26503.6 -72134.9 -71112 -31250.2
-27120.2 -73634 -72609.5 -31866.7
-27736.9 -75131.5 -74105.6 -32482.9
-28353.8 -76627.5 -75600 -33098.9
-28970.9 -78121.9 -77092.8 -33714.6
-29588.2 -79614.8 -78584 -34330
-30205.7 -81105.9 -80073.5 -34945.1
-30823.5 -82595.5 -81561.3 -35560
-31441.4 -84083.3 -83047.4 -36174.7
-32059.6 -85569.3 -84531.6 -36789.1
-32678 -87053.6 -86014 -37403.3
-33296.7 -88536.1 -87494.6 -38017.3
-33915.6 -90016.7 -88973.3 -38631
-34534.8 -91495.4 -90450 -39244.6
-35154.3 -92972.2 -91924.7 -39857.9
-35782.7 -94385.7 -93377.8 -40476.2
-36416.6 -95761.3 -94817.2 -41097.3
-37050.7 -97134.8 -96254.4 -41718.3
-37689.4 -98289.1 -97728.7 -42375.7
-38301.5 -99444.2 -98966.4 -43076.7
-38914.6 -100595 -100199 -43778.5
-39529 -101741 -101427 -44481.2
-40145.5 -102884 -102626 -45176.7
-40765.9 -104029 -103762 -45852.6
-41387.9 -105169 -104893 -46529.8
-42011.5 -106302 -106017 -47208.1
-42636.9 -107429 -107134 -47887.9
-43222.2 -108557 -108255 -48574.4
-43687.4 -109702 -109399 -49278.1
-44184.9 -110648 -110494 -50024.9
-44690.8 -111600 -111437 -50774.1
-45199.8 -112548 -112383 -51475.8
-45707.2 -113495 -113331 -52176
-46224 -114456 -114292 -52786.3
-46750.5 -115426 -115259 -53328.7
-47278.4 -116370 -116200 -53860.3
-47808.3 -117301 -117130 -54386.2
-48338.1 -118231 -118057 -54909.3
-48866.2 -119160 -118985 -55429.8
-49394.3 -120085 -119909 -55949.6
-49920.6 -121002 -120827 -56467.1
-50437.8 -121897 -121730 -56976.4
-50955.1 -122787 -122629 -57485.2
-51358.6 -123659 -123559 -58010.8
-51747.4 -124426 -124421 -58569.5
-52141.8 -125205 -125213 -59134.8
-52532.9 -125989 -126010 -59695.9
-52922.3 -126771 -126805 -60254.9
-53309.8 -127552 -127599 -60811.7
-53695.5 -128331 -128391 -61366.1
-54079.1 -129109 -129182 -61918
-54467.7 -129901 -129985 -62398.8
-54861.7 -130708 -130800 -62798.8
-55251.2 -131509 -131609 -63196
-55638.5 -132309 -132416 -63589.1
-56018.7 -133107 -133211 -63973.8
-56390.8 -133896 -133999 -64353.8
-56755.8 -134672 -134784 -64731.8
-57117.9 -135442 -135569 -65108
-57483.2 -136215 -136355 -65480.4
-57850.4 -136979 -137124 -65849.7
-58215.4 -137741 -137892 -66210.1
-58578.2 -138503 -138660 -66568.3
-58939.7 -139264 -139427 -66924.2
-59296.5 -140017 -140186 -67282
-59651.4 -140767 -140942 -67641
-60004.4 -141516 -141696 -68000.8
-60355.8 -142264 -142450 -68359.3
-60705.6 -143011 -143202 -68716.6
-61054 -143755 -143952 -69072.1
-61393.9 -144491 -144697 -69424.5
-61697.4 -145231 -145450 -69779.6
-61990.9 -145963 -146207 -70135.5
-62227.5 -146628 -146999 -70507.2
-62474.1 -147316 -147708 -70885.9
-62721.4 -148003 -148408 -71263.7
-62966.3 -148692 -149098 -71618.3
-63210.7 -149379 -149788 -71934.1
-63453.8 -150050 -150472 -72245.5
-63699 -150702 -151130 -72556.2
-63946.7 -151313 -151793 -72870.8
-64197.8 -151908 -152429 -73188.8
-64451.1 -152507 -153034 -73508.1
-64704.7 -153104 -153636 -73827
-64958 -153700 -154236 -74144.9
-65211.4 -154293 -154834 -74460.4
-65464.5 -154884 -155429 -74774.9
-65717.3 -155472 -156021 -75088.5
-65969.9 -156057 -156611 -75401.3
-66222.2 -156640 -157197 -75713.2
-66474.3 -157220 -157781 -76024.2
-66732.3 -157740 -158378 -76343.1
-67006.6 -158265 -158924 -76614.5
-67283.8 -158790 -159451 -76884.3
-67558.6 -159317 -159968 -77152.4
-67829.7 -159850 -160480 -77417.6
-68099.2 -160378 -160990 -77680.1
-68344.8 -160896 -161497 -77926.8
-68553.5 -161409 -162010 -78171.9
-68762.4 -161915 -162520 -78408.9
-68971.1 -162418 -163027 -78644.9
-69179.8 -162918 -163530 -78880
-69388.3 -163414 -164029 -79114.4
-69597.7 -163899 -164518 -79345.4
-69807.6 -164371 -164994 -79572
-70015.8 -164833 -165456 -79791
-70217.5 -165278 -165906 -80007.8
-70418.1 -165719 -166352 -80224.3
-70618 -166159 -166796 -80439.2
-70817.2 -166596 -167237 -80652.4
-71019.7 -167040 -167683 -80833
-71223.1 -167486 -168129 -81002.9
-71425.9 -167929 -168573 -81171.2
-71628.2 -168370 -169014 -81338.2
-71831.2 -168797 -169457 -81505
-72039.9 -169172 -169905 -81676.4
-72259.1 -169552 -170277 -81856.1
-72479.6 -169915 -170639 -82037.1
-72697.2 -170280 -171003 -82216.6
-72913.9 -170643 -171365 -82395
-73129.6 -171005 -171727 -82572.4
-73344.3 -171366 -172086 -82748.7
-73558 -171726 -172445 -82924
-73770.7 -172085 -172802 -83098.3
-73982 -172440 -173157 -83271.1
-74191.6 -172789 -173508 -83442.2
-74396.5 -173134 -173857 -83611.7
-74600.9 -173479 -174207 -83780.6
-74804.7 -173822 -174555 -83948.2
-75007.8 -174163 -174902 -84115.4
-75210.3 -174503 -175247 -84281.5
-75412.4 -174842 -175592 -84445.5
-75613.8 -175180 -175935 -84608.9
-75814.7 -175516 -176277 -84771.5
-76014.9 -175851 -176618 -84933.2
-76214.6 -176185 -176958 -85094.2
-76413.3 -176516 -177292 -85253.1
-76610.1 -176847 -177622 -85410.3
-76800.3 -177173 -177953 -85561.3
-76992.1 -177489 -178266 -85713.4
-77183.7 -177799 -178580 -85865.3
-77374.8 -178109 -178891 -86016.7
-77554.9 -178419 -179203 -86168.7
-77713 -178732 -179520 -86322.4
-77870.6 -179044 -179836 -86475.4
-78028.1 -179355 -180151 -86627.6
-78186.3 -179665 -180464 -86779
-78344 -179974 -180777 -86929.6
-78501.4 -180282 -181088 -87079.4
-78658.5 -180590 -181399 -87228.6
-78815.3 -180896 -181708 -87377.3
-78971.8 -181202 -182017 -87525.2
-79128.1 -181506 -182325 -87672.5
-79284 -181809 -182632 -87819.1
-79439.6 -182112 -182939 -87964.9
-79594.9 -182414 -183245 -88110.7
-79749.9 -182715 -183550 -88256.1
-79905.5 -183013 -183853 -88400.3
-80064.8 -183306 -184152 -88541.8
-80223.3 -183598 -184449 -88682.1
-80380.5 -183888 -184744 -88821
-80537.1 -184177 -185038 -88959
-80693.5 -184465 -185331 -89096.4
-80849.6 -184752 -185623 -89233.3
-81005.4 -185039 -185915 -89369.7
-81160.5 -185321 -186202 -89503.7
-81315.1 -185602 -186487 -89636.7
-81469.5 -185881 -186772 -89769.2
-81623.6 -186160 -187055 -89901.1
-81777.5 -186439 -187338 -90032.5
-81931 -186716 -187619 -90163.3
-82084.1 -186992 -187899 -90293.5
-82235.8 -187265 -188176 -90421.6
-82386.7 -187538 -188451 -90548.4
-82535.4 -187805 -188721 -90672.4
-82684.1 -188074 -188988 -90796
-82834.5 -188332 -189249 -90921.5
-82989.1 -188577 -189493 -91051.2
-83143.5 -188822 -189738 -91180.1
-83297.6 -189066 -189982 -91308.5
-83451.3 -189309 -190225 -91436.2
-83604.5 -189552 -190467 -91563.1
-83755.6 -189791 -190705 -91688.8
-83906.2 -190029 -190942 -91813.6
-84056.9 -190267 -191179 -91934.5
-84208 -190507 -191417 -92048.5
-84358.6 -190746 -191653 -92161.5
-84508.6 -190984 -191888 -92273.4
-84658.1 -191221 -192122 -92384.2
-84809.5 -191460 -192361 -92496.7
-84961.8 -191700 -192602 -92610.1
-85115.1 -191941 -192844 -92715.8
-85269.1 -192183 -193086 -92817.7
-85423.6 -192426 -193330 -92909.3
-85577.9 -192668 -193572 -93000.5
-85731.5 -192910 -193815 -93091.2
-85883 -193146 -194059 -93179.5
-86033.1 -193380 -194305 -93266.1
-86183 -193613 -194551 -93352.7
-86332.5 -193846 -194795 -93439.2
-86479.1 -194080 -195035 -93523.6
-86624.4 -194316 -195272 -93607
-86769.5 -194551 -195509 -93690
-86914.4 -194785 -195746 -93772.8
-87059 -195019 -195982 -93855.3
-87203.5 -195253 -196217 -93938
-87346.6 -195485 -196449 -94023.9
-87489.3 -195716 -196681 -94109.6
-87631.6 -195947 -196912 -94195.1
-87773.5 -196177 -197142 -94280.3
-87917.6 -196408 -197373 -94365.4
-88062.4 -196638 -197603 -94450.3
-88207 -196867 -197833 -94535.4
-88351.3 -197096 -198062 -94620.7
-88495.5 -197324 -198292 -94706.2
-88639.1 -197551 -198520 -94791.1
-88782.5 -197777 -198747 -94875.6
-88925.7 -198003 -198973 -94959.8
-89068.8 -198228 -199200 -95043.8
-89211.7 -198453 -199425 -95127.6
-89354.5 -198678 -199651 -95211
-89497.2 -198902 -199876 -95294.2
-89639.8 -199126 -200100 -95377.1
-89782.2 -199349 -200324 -95459.7
-89924.5 -199572 -200548 -95542
-90066.6 -199795 -200771 -95624.1
-90208.6 -200017 -200993 -95705.7
-90350.4 -200239 -201215 -95787.1
-90492.1 -200461 -201436 -95868
-90633.6 -200682 -201657 -95948.6
-90775 -200903 -201877 -96028.8
-90916.2 -201123 -202097 -96108.6
-91057.2 -201343 -202316 -96187.9
-91198.2 -201563 -202534 -96265.7
-91339.7 -201783 -202753 -96336.6
-91480.3 -202003 -202967 -96406.4
-91615.8 -202222 -203180 -96476.2
-91751 -202442 -203393 -96545.8
-91885.9 -202661 -203605 -96615
-92020.4 -202879 -203816 -96684
-92153.9 -203095 -204025 -96752.5
-92285.2 -203307 -204230 -96819.3
-92416.3 -203519 -204435 -96885.8
-92547.1 -203730 -204639 -96952.2
-92677.8 -203941 -204842 -97018.3
-92807.9 -204150 -205045 -97084
-92937.7 -204360 -205244 -97149.5
-93068.6 -204571 -205434 -97215.7
-93199.7 -204779 -205624 -97281.9
-93330.8 -204984 -205813 -97348
-93461.6 -205182 -206000 -97413.8
-93592.6 -205378 -206188 -97479.7
-93724 -205569 -206376 -97545.8
-93855.2 -205760 -206564 -97611.7
-93986 -205950 -206752 -97677.3
-94116.4 -206140 -206939 -97742.6
-94246.7 -206329 -207125 -97807.7
-94376.7 -206518 -207310 -97872.4
-94506.6 -206707 -207496 -97936.9
-94636.3 -206895 -207680 -98001.1
-94765.8 -207083 -207864 -98064.9
-94895.2 -207270 -208047 -98128.4
-95024.3 -207456 -208230 -98191.4
-95155.2 -207640 -208410 -98253.2
-95287 -207822 -208588 -98314.1
-95418.3 -208003 -208765 -98374.5
-95549.3 -208183 -208940 -98434.3
-95680.1 -208363 -209118 -98494.5
-95811 -208543 -209302 -98557.1
-95941.8 -208723 -209486 -98619.5
-96072.4 -208905 -209670 -98681.8
-96202.9 -209091 -209855 -98744.1
-96333.3 -209278 -210039 -98806.2
-96463.4 -209464 -210224 -98868.2
-96593.3 -209651 -210408 -98929.9
-96723 -209837 -210591 -98991.4
-96852.5 -210022 -210774 -99052.6
-96981.8 -210207 -210957 -99113.7
-97111 -210392 -211139 -99174.5
-97240 -210577 -211321 -99235.1
-97368.2 -210760 -211501 -99294.8
-97494.8 -210941 -211679 -99353.5
-97621.2 -211122 -211856 -99412
-97747.5 -211303 -212033 -99470.2
-97873.7 -211483 -212210 -99528.2
-97999.6 -211663 -212386 -99586
-98125.4 -211842 -212561 -99643.4
-98251 -212022 -212736 -99700.7
-98376.5 -212201 -212911 -99757.7
-98501.8 -212379 -213086 -99814.5
-98626.9 -212558 -213260 -99871.2
-98752.3 -212736 -213430 -99928.2
-98879.2 -212918 -213586 -99986.3
-99006.1 -213099 -213740 -100044
-99132.8 -213280 -213893 -100102
-99259.5 -213461 -214045 -100160
-99386.1 -213641 -214196 -100218
-99512.6 -213822 -214345 -100276
-99639.2 -214002 -214493 -100333
-99766.1 -214184 -214640 -100385
-99893 -214365 -214785 -100438
-100021 -214539 -214930 -100492
-100149 -214701 -215075 -100546
-100278 -214862 -215217 -100601
-100407 -215022 -215360 -100655
-100535 -215180 -215506 -100709
-100664 -215338 -215647 -100764
-100793 -215494 -215789 -100819
-100922 -215649 -215930 -100874
-101051 -215802 -216072 -100928
-101183 -215954 -216213 -100983
-101316 -216101 -216356 -101038
-101449 -216244 -216499 -101093
-101582 -216386 -216642 -101149
-101714 -216531 -216784 -101204
-101846 -216677 -216926 -101258
-101978 -216822 -217068 -101313
-102110 -216967 -217209 -101367
-102241 -217112 -217349 -101422
-102372 -217256 -217490 -101476
-102502 -217400 -217630 -101530
-102630 -217545 -217771 -101584
-102757 -217689 -217911 -101638
-102884 -217833 -218051 -101691
-103011 -217977 -218191 -101745
-103137 -218119 -218329 -101798
-103262 -218262 -218468 -101851
-103387 -218404 -218606 -101904
-103512 -218546 -218744 -101957
-103637 -218688 -218882 -102009
-103761 -218829 -219019 -102061
-103885 -218970 -219156 -102114
-104008 -219111 -219293 -102166
-104131 -219251 -219430 -102218
-104254 -219391 -219566 -102269
-104376 -219531 -219702 -102321
-104498 -219671 -219837 -102372
-104619 -219810 -219973 -102424
-104744 -219949 -220107 -102475
-104872 -220089 -220242 -102525
-105000 -220229 -220375 -102576
-105127 -220368 -220509 -102626
-105254 -220508 -220641 -102676
-105375 -220648 -220775 -102727
-105491 -220789 -220909 -102778
-105606 -220928 -221042 -102828
-105721 -221068 -221171 -102879
-105837 -221210 -221296 -102931
-105952 -221351 -221420 -102984
-106068 -221492 -221544 -103036
-106184 -221633 -221668 -103088
-106299 -221774 -221792 -103140
-106415 -221914 -221915 -103191
-106532 -222045 -222040 -103244
-106648 -222173 -222166 -103296
-106764 -222300 -222293 -103347
-106879 -222425 -222418 -103398
-106994 -222551 -222542 -103449
-107108 -222676 -222667 -103500
-107222 -222803 -222790 -103550
-107336 -222930 -222912 -103599
-107450 -223055 -223034 -103649
-107564 -223181 -223156 -103698
-107677 -223306 -223277 -103747
-107790 -223432 -223399 -103795
-107904 -223557 -223520 -103844
-108017 -223681 -223640 -103892
-108130 -223806 -223761 -103940
-108243 -223930 -223880 -103988
-108356 -224054 -224000 -104036
-108469 -224178 -224119 -104083
-108585 -224302 -224238 -104130
-108704 -224424 -224355 -104177
-108823 -224546 -224472 -104223
-108942 -224668 -224588 -104269
-109061 -224789 -224704 -104314
-109179 -224911 -224819 -104359
-109298 -225032 -224934 -104404
-109417 -225153 -225049 -104449
-109535 -225274 -225163 -104493
-109654 -225395 -225276 -104537
-109772 -225515 -225388 -104580
-109890 -225635 -225499 -104623
-110009 -225755 -225610 -104666
-110127 -225874 -225721 -104708
-110245 -225993 -225832 -104751
-110363 -226112 -225942 -104793
-110480 -226231 -226052 -104835
-110597 -226349 -226162 -104877
-110714 -226467 -226272 -104919
-110832 -226585 -226382 -104961
-110948 -226701 -226491 -105002
-111065 -226818 -226600 -105044
-111182 -226934 -226708 -105085
-111298 -227050 -226817 -105127
-111414 -227166 -226925 -105168
-111531 -227281 -227033 -105209
-111647 -227395 -227141 -105251
-111763 -227510 -227249 -105291
-111880 -227624 -227357 -105328
-111997 -227738 -227465 -105365
-112113 -227852 -227573 -105401
-112230 -227966 -227690 -105440
-112347 -228079 -227808 -105479
-112463 -228192 -227925 -105518
-112579 -228305 -228041 -105556
-112696 -228418 -228158 -105595
-112812 -228531 -228275 -105633
-112928 -228644 -228391 -105671
-113044 -228757 -228508 -105709
-113160 -228871 -228622 -105747
-113277 -228984 -228736 -105785
-113393 -229098 -228850 -105823
-113510 -229211 -228964 -105860
-113626 -229323 -229078 -105898
-113743 -229434 -229192 -105935
-113860 -229549 -229307 -105972
-113976 -229665 -229429 -106009
-114090 -229778 -229563 -106044
-114204 -229890 -229698 -106079
-114318 -230003 -229832 -106114
-114431 -230116 -229966 -106149
-114545 -230228 -230100 -106183
-114659 -230340 -230234 -106217
-114773 -230452 -230368 -106250
-114886 -230563 -230502 -106283
-115000 -230675 -230636 -106316
-115113 -230786 -230770 -106349
-115227 -230897 -230904 -106381
-115340 -231008 -231038 -106412
-115453 -231119 -231171 -106443
-115567 -231229 -231305 -106474
-115680 -231339 -231439 -106504
-115791 -231468 -231568 -106531
-115900 -231597 -231697 -106560
-116008 -231725 -231826 -106590
-116116 -231853 -231955 -106620
-116224 -231980 -232084 -106650
-116332 -232108 -232213 -106680
-116439 -232234 -232342 -106709
-116547 -232360 -232470 -106739
-116654 -232486 -232598 -106769
-116760 -232612 -232727 -106799
-116867 -232738 -232855 -106828
-116973 -232864 -232982 -106858
-117079 -232990 -233110 -106887
-117185 -233115 -233237 -106916
-117291 -233240 -233364 -106946
-117397 -233365 -233491 -106975
-117503 -233489 -233618 -107004
-117609 -233613 -233745 -107034
-117715 -233737 -233871 -107063
-117820 -233861 -233998 -107092
-117926 -233985 -234124 -107121
-118031 -234109 -234250 -107150
