4871.37 0.72
9717.05 1.44
14460.5 2.16
19086.9 2.88
23633.2 3.6
28162 4.32
32688.1 5.04
37189.9 5.76
41691.8 6.48
46169.3 7.2
50625.6 7.92
55077.5 8.64
59498.3 9.36
63891.5 10.08
68260.8 10.8
72600.7 11.52
76925.4 12.24
81244.1 12.96
85559.1 13.68
89871.8 14.4
94182.9 15.12
98494.4 15.84
102806 16.56
107116 17.28
111422 18
115723 18.72
120017 19.44
124309 20.16
128600 20.88
132888 21.6
137174 22.32
141456 23.04
145734 23.76
150006 24.48
154274 25.2
158537 25.92
162797 26.64
167053 27.36
171307 28.08
175558 28.8
179806 29.52
184051 30.24
188293 30.96
192532 31.68
196768 32.4
201001 33.12
205230 33.84
209457 34.56
213680 35.28
217900 36
222117 36.72
226330 37.44
230540 38.16
234747 38.88
238950 39.6
243149 40.32
247345 41.04
251537 41.76
255725 42.48
259909 43.2
264022 43.92
268092 44.64
272158 45.36
276083 46.08
279789 46.8
283487 47.52
287177 48.24
290832 48.96
294410 49.68
297979 50.4
301539 51.12
305088 51.84
308609 52.56
312066 53.28
315352 54
318503 54.72
321606 55.44
324709 56.16
327758 56.88
330765 57.6
333709 58.32
336626 59.04
339535 59.76
342441 60.48
345339 61.2
348217 61.92
351041 62.64
353856 63.36
356587 64.08
359164 64.8
361695 65.52
364228 66.24
366754 66.96
369272 67.68
371784 68.4
374288 69.12
376752 69.84
379169 70.56
381565 71.28
383953 72
386311 72.72
388640 73.44
390943 74.16
393237 74.88
395533 75.6
397802 76.32
400059 77.04
402310 77.76
404555 78.48
406781 79.2
409002 79.92
411218 80.64
413429 81.36
415635 82.08
417833 82.8
420006 83.52
422158 84.24
424296 84.96
426362 85.68
428384 86.4
430396 87.12
432374 87.84
434312 88.56
436222 89.28
438088 90
439924 90.72
441724 91.44
443500 92.16
445272 92.88
447039 93.6
448798 94.32
450552 95.04
452299 95.76
454039 96.48
455773 97.2
457500 97.92
459193 98.64
460810 99.36
462409 100.08
463995 100.8
465577 101.52
467147 102.24
468664 102.96
470145 103.68
471607 104.4
473061 105.12
474507 105.84
475945 106.56
477360 107.28
478744 108
480096 108.72
481409 109.44
482714 110.16
484012 110.88
485303 111.6
486576 112.32
487841 113.04
489099 113.76
490351 114.48
491590 115.2
492793 115.92
493944 116.64
495070 117.36
496196 118.08
497317 118.8
498434 119.52
499546 120.24
500653 120.96
501756 121.68
502850 122.4
503930 123.12
505000 123.84
506067 124.56
507130 125.28
508188 126
509242 126.72
510291 127.44
511337 128.16
512379 128.88
513417 129.6
514451 130.32
515474 131.04
516489 131.76
517487 132.48
518461 133.2
519428 133.92
520391 134.64
521346 135.36
522287 136.08
523226 136.8
524161 137.52
525095 138.24
526025 138.96
526952 139.68
527876 140.4
528797 141.12
529716 141.84
530632 142.56
531545 143.28
532456 144
533364 144.72
534270 145.44
535172 146.16
536065 146.88
536952 147.6
537833 148.32
538711 149.04
539586 149.76
540459 150.48
541329 151.2
542187 151.92
543041 152.64
543892 153.36
544740 154.08
545586 154.8
546429 155.52
547269 156.24
548099 156.96
548923 157.68
549734 158.4
550542 159.12
551336 159.84
552111 160.56
552883 161.28
553654 162
554422 162.72
555187 163.44
555940 164.16
556691 164.88
557438 165.6
558180 166.32
558919 167.04
559654 167.76
560386 168.48
561127 169.2
561874 169.92
562617 170.64
563356 171.36
564089 172.08
564819 172.8
565547 173.52
566268 174.24
566984 174.96
567700 175.68
568412 176.4
569118 177.12
569819 177.84
570520 178.56
571218 179.28
571916 180
572612 180.72
573305 181.44
573995 182.16
574685 182.88
575373 183.6
576063 184.32
576754 185.04
577442 185.76
578130 186.48
578817 187.2
579501 187.92
580182 188.64
580862 189.36
581540 190.08
582218 190.8
582894 191.52
583569 192.24
584242 192.96
584915 193.68
585586 194.4
586256 195.12
586924 195.84
587592 196.56
588257 197.28
588921 198
589584 198.72
590245 199.44
590904 200.16
591561 200.88
592212 201.6
592856 202.32
593494 203.04
594131 203.76
594766 204.48
595399 205.2
596027 205.92
596642 206.64
597256 207.36
597869 208.08
598480 208.8
599087 209.52
599691 210.24
600290 210.96
600885 211.68
601475 212.4
602058 213.12
602638 213.84
603215 214.56
603791 215.28
604365 216
604937 216.72
605508 217.44
606078 218.16
606646 218.88
607212 219.6
607777 220.32
608341 221.04
608902 221.76
609458 222.48
610011 223.2
610560 223.92
611107 224.64
611655 225.36
612213 226.08
612771 226.8
613329 227.52
613892 228.24
614457 228.96
615020 229.68
615582 230.4
616142 231.12
616702 231.84
617260 232.56
617817 233.28
618373 234
618924 234.72
619469 235.44
620012 236.16
620554 236.88
621095 237.6
621634 238.32
622173 239.04
622710 239.76
623246 240.48
623781 241.2
624316 241.92
624847 242.64
625369 243.36
625889 244.08
626408 244.8
626925 245.52
627441 246.24
627956 246.96
628467 247.68
628975 248.4
629482 249.12
629981 249.84
630471 250.56
630958 251.28
631444 252
631930 252.72
632413 253.44
632894 254.16
633374 254.88
633852 255.6
634333 256.32
634811 257.04
635286 257.76
635759 258.48
636234 259.2
636708 259.92
637182 260.64
637653 261.36
638123 262.08
638593 262.8
639062 263.52
639529 264.24
639995 264.96
640460 265.68
640923 266.4
641384 267.12
641843 267.84
642301 268.56
642759 269.28
643215 270
643670 270.72
644125 271.44
644578 272.16
645030 272.88
645480 273.6
645930 274.32
646378 275.04
646825 275.76
647276 276.48
647728 277.2
648180 277.92
648630 278.64
649080 279.36
649525 280.08
649967 280.8
650404 281.52
650839 282.24
651273 282.96
651707 283.68
652140 284.4
652573 285.12
653005 285.84
653436 286.56
653861 287.28
654282 288
654703 288.72
655120 289.44
655536 290.16
655951 290.88
656365 291.6
656777 292.32
657188 293.04
657598 293.76
658007 294.48
658416 295.2
658824 295.92
659231 296.64
659637 297.36
660042 298.08
660447 298.8
660850 299.52
661255 300.24
661660 300.96
662064 301.68
662466 302.4
662868 303.12
663269 303.84
663669 304.56
664068 305.28
664465 306
664861 306.72
665255 307.44
665647 308.16
666039 308.88
666430 309.6
666820 310.32
667210 311.04
667598 311.76
667985 312.48
668372 313.2
668759 313.92
669143 314.64
669527 315.36
669909 316.08
670292 316.8
670673 317.52
671054 318.24
671434 318.96
671813 319.68
672190 320.4
672565 321.12
672939 321.84
673326 322.56
673713 323.28
674098 324
674483 324.72
674867 325.44
675251 326.16
675635 326.88
676018 327.6
676400 328.32
676782 329.04
677164 329.76
677545 330.48
677925 331.2
678305 331.92
678689 332.64
679078 333.36
679475 334.08
679871 334.8
680266 335.52
680661 336.24
681056 336.96
681450 337.68
681843 338.4
682235 339.12
682627 339.84
683018 340.56
683408 341.28
683798 342
684187 342.72
684574 343.44
684962 344.16
685358 344.88
685754 345.6
686150 346.32
686544 347.04
686938 347.76
687332 348.48
687724 349.2
688116 349.92
688507 350.64
688898 351.36
689288 352.08
689677 352.8
690065 353.52
690454 354.24
690841 354.96
691228 355.68
691615 356.4
692000 357.12
692386 357.84
692771 358.56
693156 359.28
693540 360
