4871.37 -0.577401 -2.49772e-05 -1.43123 -6.30917e-05 -1.53138 -7.26807e-05 0 1.5913e-05 0 0.000108483 0 0.000137594
9717.05 -0.354329 -1.54359e-05 -1.20126 -5.31578e-05 -1.40656 -6.68853e-05 0 3.47566e-05 0 0.000127622 0 0.000148987
14460.5 -0.127305 -5.72565e-06 -0.975049 -4.33859e-05 -1.28644 -6.13086e-05 0 5.63809e-05 0 0.000147008 0 0.000160017
19086.9 0 5.58745e-06 -0.751141 -3.37137e-05 -1.1717 -5.5981e-05 0 7.92405e-05 0 0.000166352 0 0.000170579
23633.2 0 2.57938e-05 -0.533775 -2.4324e-05 -1.06242 -5.09072e-05 0 0.000103144 0 0.000185328 0 0.000181005
28162 0 5.18875e-05 -0.352325 -1.64859e-05 -0.956217 -4.59764e-05 0 0.000127423 0 0.000203909 0 0.000191486
32688.1 0 8.05006e-05 -0.182358 -9.14373e-06 -0.849228 -4.1009e-05 0 0.000152356 0 0.000222272 0 0.000202007
37189.9 0 0.000109583 -0.0217277 -2.20491e-06 -0.731564 -3.55459e-05 0 0.000177519 0 0.000240584 0 0.000212341
41691.8 0 0.000138293 0 7.83494e-06 -0.602476 -2.95524e-05 0 0.000202779 0 0.000258888 0 0.000222613
46169.3 0 0.00016744 0 2.41375e-05 -0.475762 -2.36692e-05 0 0.000228126 0 0.000277377 0 0.000232789
50625.6 0 0.000196739 0 4.29449e-05 -0.358617 -1.82303e-05 0 0.000253867 0 0.000296323 0 0.000242788
55077.5 0 0.000226094 0 6.25572e-05 -0.243563 -1.28884e-05 0 0.000279873 0 0.000315415 0 0.00025279
59498.3 0 0.000255486 0 8.24853e-05 -0.147882 -8.44596e-06 0 0.000305731 0 0.000334344 0 0.000263003
63891.5 0 0.000284875 0 0.000102723 -0.0661541 -4.65137e-06 0 0.000331492 0 0.00035305 0 0.000273263
68260.8 0 0.000314341 0 0.000123064 0 -8.43756e-07 0 0.000357175 0 0.000371666 0 0.000283521
72600.7 0 0.000343671 0 0.000143486 0 5.544e-06 0 0.000382767 0 0.000390198 0 0.000293659
76925.4 0 0.000372921 0 0.00016396 0 1.47006e-05 0 0.000408329 0 0.000408691 0 0.000303768
81244.1 0 0.000402167 0 0.000184447 0 2.47878e-05 0 0.000433901 0 0.000427172 0 0.000313876
85559.1 0 0.000431426 0 0.000205078 0 3.52122e-05 0 0.000459496 0 0.000445653 0 0.000323978
89871.8 0 0.000460701 0 0.000225733 0 4.56799e-05 0 0.000485116 0 0.00046414 0 0.000334076
94182.9 0 0.000489999 0 0.000246397 0 5.6276e-05 0 0.00051077 0 0.000482638 0 0.000344159
98494.4 0 0.00051933 0 0.000267076 0 6.68403e-05 0 0.000536468 0 0.000501158 0 0.000354204
102806 0 0.000548697 0 0.000287768 0 7.73569e-05 0 0.000562212 0 0.000519699 0 0.000364212
107116 0 0.000578085 0 0.000308461 0 8.78651e-05 0 0.000587985 0 0.000538271 0 0.000374219
111422 0 0.000607489 0 0.000329152 0 9.83803e-05 0 0.000613779 0 0.000556864 0 0.000384234
115723 0 0.000636898 0 0.00034983 0 0.000108946 0 0.000639578 0 0.00057544 0 0.000394294
120017 0 0.000666309 0 0.000370491 0 0.000119611 0 0.000665377 0 0.000593993 0 0.000404413
124309 0 0.000695742 0 0.000391151 0 0.000130308 0 0.000691198 0 0.000612538 0 0.000414562
128600 0 0.000725209 0 0.000411818 0 0.000140986 0 0.000717053 0 0.000631082 0 0.000424724
132888 0 0.000754698 0 0.000432485 0 0.000151661 0 0.000742936 0 0.000649628 0 0.000434887
137174 0 0.000784208 0 0.000453151 0 0.000162334 0 0.000768848 0 0.000668178 0 0.000445051
141456 0 0.000813739 0 0.000473816 0 0.00017301 0 0.000794787 0 0.000686732 0 0.000455213
145734 0 0.00084328 0 0.000494472 0 0.000183704 0 0.000820749 0 0.000705289 0 0.000465374
150006 0 0.000872827 0 0.000515117 0 0.000194427 0 0.000846729 0 0.000723848 0 0.000475539
154274 0 0.000902382 0 0.000535752 0 0.000205176 0 0.00087273 0 0.000742411 0 0.000485705
158537 0 0.000931952 0 0.000556381 0 0.000215936 0 0.000898756 0 0.000760977 0 0.000495872
162797 0 0.000961543 0 0.000577006 0 0.000226699 0 0.000924813 0 0.000779546 0 0.000506038
167053 0 0.000991158 0 0.00059763 0 0.000237462 0 0.000950901 0 0.000798118 0 0.000516203
171307 0 0.0010208 0 0.000618252 0 0.000248222 0 0.000977021 0 0.000816694 0 0.000526366
175558 0 0.00105046 0 0.000638873 0 0.00025898 0 0.00100317 0 0.000835273 0 0.000536527
179806 0 0.00108015 0 0.000659492 0 0.000269734 0 0.00102936 0 0.000853855 0 0.000546685
184051 0 0.00110986 0 0.00068011 0 0.000280484 0 0.00105558 0 0.00087244 0 0.000556841
188293 0 0.0011396 0 0.000700726 0 0.00029123 0 0.00108184 0 0.000891028 0 0.000566994
192532 0 0.00116937 0 0.00072134 0 0.000301971 0 0.00110813 0 0.000909619 0 0.000577144
196768 0 0.00119917 0 0.000741952 0 0.000312709 0 0.00113445 0 0.000928211 0 0.000587292
201001 0 0.00122899 0 0.000762562 0 0.000323442 0 0.00116081 0 0.000946807 0 0.000597437
205230 0 0.00125885 0 0.000783169 0 0.000334171 0 0.00118721 0 0.000965405 0 0.000607578
209457 0 0.00128873 0 0.000803774 0 0.000344894 0 0.00121365 0 0.000984005 0 0.000617716
213680 0 0.00131864 0 0.000824376 0 0.000355613 0 0.00124013 0 0.00100261 0 0.000627851
217900 0 0.00134858 0 0.000844975 0 0.000366326 0 0.00126664 0 0.00102121 0 0.000637982
222117 0 0.00137855 0 0.000865571 0 0.000377034 0 0.0012932 0 0.00103982 0 0.00064811
226330 0 0.00140855 0 0.000886163 0 0.000387737 0 0.00131979 0 0.00105843 0 0.000658234
230540 0 0.00143859 0 0.000906751 0 0.000398434 0 0.00134643 0 0.00107704 0 0.000668354
234747 0 0.00146866 0 0.000927335 0 0.000409126 0 0.00137311 0 0.00109565 0 0.00067847
238950 0 0.00149876 0 0.000947915 0 0.000419811 0 0.00139983 0 0.00111426 0 0.000688582
243149 0 0.00152889 0 0.00096849 0 0.00043049 0 0.0014266 0 0.00113287 0 0.00069869
247345 0 0.00155906 0 0.00098906 0 0.000441163 0 0.00145341 0 0.00115148 0 0.000708793
251537 0 0.00158926 0 0.00100962 0 0.00045183 0 0.00148026 0 0.00117009 0 0.000718892
255725 0 0.00161951 0 0.00103018 0 0.00046249 0 0.00150716 0 0.00118871 0 0.000728986
259909 0 0.00164978 0 0.00105073 0 0.000473143 0 0.00153411 0 0.00120732 0 0.000739075
264022 0 0.0016804 0 0.0010716 0 0.000483454 0 0.0015613 0 0.00122612 0 0.000748891
268092 0 0.00171122 0 0.00109264 0 0.000493559 0 0.00158865 0 0.00124502 0 0.000758544
272158 0 0.00174209 0 0.00111368 0 0.000503657 0 0.00161606 0 0.00126393 0 0.000768191
276083 0 0.00177362 0 0.00113227 0 0.000513737 0 0.00164504 0 0.001282 0 0.000777487
279789 0 0.00180519 0 0.00114604 0 0.000523757 0 0.00167604 0 0.00129879 0 0.00078616
283487 0 0.00183685 0 0.00115974 0 0.000533765 0 0.00170715 0 0.00131554 0 0.000794819
287177 0 0.00186859 0 0.00117339 0 0.000543759 0 0.00173837 0 0.00133226 0 0.000803463
290832 0 0.00190047 0 0.00118699 0 0.000553638 0 0.00176958 0 0.00134853 0 0.000812044
294410 0 0.00193256 0 0.00120061 0 0.000563253 0 0.00180059 0 0.00136374 0 0.000820489
297979 0 0.00196475 0 0.00121418 0 0.000572849 0 0.00183173 0 0.00137891 0 0.000828917
301539 0 0.00199705 0 0.00122767 0 0.000582427 0 0.001863 0 0.00139403 0 0.000837326
305088 0 0.00202946 0 0.00124108 0 0.000591984 0 0.00189441 0 0.00140908 0 0.000845715
308609 0 0.00207389 0 0.0012547 0 0.000601397 0 0.00192619 0 0.00142395 0 0.000854051
312066 0 0.00215308 0 0.0012691 0 0.000610426 0 0.00195878 0 0.00143834 0 0.000862275
315352 0 0.00223658 0 0.00128225 0 0.000619357 0 0.00199332 0 0.00145147 0 0.000870236
318503 0 0.00232147 0 0.00129502 0 0.000628501 0 0.00202824 0 0.00146369 0 0.000878322
321606 0 0.00240704 0 0.0013077 0 0.000637498 0 0.0020622 0 0.00147328 0 0.000886609
324709 0 0.00249271 0 0.00132039 0 0.00064649 0 0.00209619 0 0.00148287 0 0.000894895
327758 0 0.00258175 0 0.00133264 0 0.00065533 0 0.00215674 0 0.00149307 0 0.000902962
330765 0 0.00267233 0 0.00134451 0 0.000664054 0 0.00223749 0 0.0015037 0 0.000910855
333709 0 0.00276251 0 0.00135549 0 0.000670191 0 0.0023186 0 0.00151446 0 0.000918937
336626 0 0.00285309 0 0.00136617 0 0.000675739 0 0.00240144 0 0.00152512 0 0.000927036
339535 0 0.00294399 0 0.0013768 0 0.000681263 0 0.00248451 0 0.00153562 0 0.00093513
342441 0 0.00303499 0 0.00138744 0 0.000686773 0 0.00256775 0 0.00154614 0 0.000943221
345339 0 0.00312634 0 0.00139803 0 0.000692261 0 0.0026514 0 0.00155661 0 0.00095129
348217 0 0.00321779 0 0.0014086 0 0.000697767 0 0.0027353 0 0.00156703 0 0.000959201
351041 0 0.00330836 0 0.00141933 0 0.000703436 0 0.00281876 0 0.00157743 0 0.000966439
353856 0 0.00339932 0 0.00143 0 0.000709095 0 0.00290268 0 0.00158777 0 0.000973658
356587 0 0.00352872 0 0.00144124 0 0.000714367 0 0.00298959 0 0.00159746 0 0.000980715
359164 0 0.00367709 0 0.00145163 0 0.000719356 0 0.00308201 0 0.0016058 0 0.00098741
361695 0 0.00382794 0 0.00146164 0 0.000724259 0 0.00317621 0 0.0016137 0 0.000993981
364228 0 0.0039789 0 0.00147169 0 0.000729156 0 0.00327056 0 0.00162166 0 0.00100055
366754 0 0.00413039 0 0.00148172 0 0.000734032 0 0.00336538 0 0.00162958 0 0.00100711
369272 0 0.00428244 0 0.00149173 0 0.000738887 0 0.00346068 0 0.00163748 0 0.00101365
371784 0 0.00443507 0 0.0015017 0 0.000743721 0 0.00355647 0 0.00164535 0 0.00102017
374288 0 0.00458828 0 0.00151165 0 0.000748533 0 0.00365279 0 0.00165319 0 0.00102667
376752 0 0.00474405 0 0.00152128 0 0.000753256 0 0.00377178 0 0.00166153 0 0.00103301
379169 0 0.0049026 0 0.00153057 0 0.000757887 0 0.00391649 0 0.0016704 0 0.00103895
381565 0 0.00506124 0 0.00153989 0 0.000762556 0 0.00406203 0 0.00167892 0 0.0010436
383953 0 0.00522063 0 0.00154917 0 0.000767199 0 0.00420854 0 0.00168742 0 0.00104821
386311 0 0.00537967 0 0.00155869 0 0.000771389 0 0.00435508 0 0.00169631 0 0.00105249
388640 0 0.00553812 0 0.00156859 0 0.000775126 0 0.00450045 0 0.00170555 0 0.00105626
390943 0 0.00569632 0 0.00157883 0 0.000778532 0 0.00464472 0 0.00171498 0 0.00105956
393237 0 0.00585533 0 0.00158905 0 0.000781911 0 0.00478951 0 0.00172438 0 0.00106283
395533 0 0.00601308 0 0.00159926 0 0.000785288 0 0.00493416 0 0.00173384 0 0.00106608
397802 0 0.00617128 0 0.00160957 0 0.000788535 0 0.00508036 0 0.00174339 0 0.00106921
400059 0 0.00633156 0 0.00161985 0 0.000791727 0 0.0052305 0 0.00175297 0 0.00107229
402310 0 0.00649255 0 0.00163014 0 0.00079489 0 0.0053809 0 0.00176253 0 0.00107527
404555 0 0.00665368 0 0.0016404 0 0.000798027 0 0.00553155 0 0.00177207 0 0.00107818
406781 0 0.00681419 0 0.00165093 0 0.000800893 0 0.00568286 0 0.00178091 0 0.00108256
409002 0 0.00697469 0 0.00166148 0 0.00080372 0 0.00583384 0 0.00178969 0 0.00108702
411218 0 0.00713524 0 0.00167203 0 0.000806519 0 0.00598447 0 0.00179843 0 0.00109146
413429 0 0.0072959 0 0.00168257 0 0.000809289 0 0.00613512 0 0.00180716 0 0.00109589
415635 0 0.00745668 0 0.0016931 0 0.000812027 0 0.00628581 0 0.00181587 0 0.00110029
417833 0 0.00761758 0 0.00170355 0 0.000814884 0 0.00643643 0 0.00182458 0 0.00110465
420006 0 0.0077773 0 0.00171366 0 0.000819078 0 0.00658666 0 0.00183348 0 0.00110879
422158 0 0.00793174 0 0.00172509 0 0.000823005 0 0.00673829 0 0.00184214 0 0.00111292
424296 0 0.0080907 0 0.00173649 0 0.000826883 0 0.00689064 0 0.00185068 0 0.00111702
426362 0 0.00828029 0 0.00174739 0 0.000830642 0 0.00704872 0 0.00185834 0 0.00112104
428384 0 0.00847471 0 0.00175766 0 0.00083435 0 0.00721081 0 0.00186493 0 0.00112506
430396 0 0.00866955 0 0.00176784 0 0.000838029 0 0.00737331 0 0.00187139 0 0.00112905
432374 0 0.00886359 0 0.00177819 0 0.000841218 0 0.00753275 0 0.00187891 0 0.00113262
434312 0 0.00905778 0 0.00178867 0 0.000844012 0 0.00768756 0 0.00188799 0 0.00113552
436222 0 0.00925112 0 0.00179952 0 0.000846511 0 0.00784167 0 0.0018973 0 0.00113802
438088 0 0.00944441 0 0.00181075 0 0.00084875 0 0.00799581 0 0.00190688 0 0.00114032
439924 0 0.00963912 0 0.00182179 0 0.000850933 0 0.00815095 0 0.00191628 0 0.00114253
441724 0 0.00983564 0 0.00183261 0 0.000853031 0 0.00830753 0 0.0019254 0 0.00114462
443500 0 0.0100334 0 0.00184325 0 0.000855068 0 0.00846516 0 0.0019343 0 0.00114662
445272 0 0.0102314 0 0.0018538 0 0.000857145 0 0.00862295 0 0.0019431 0 0.00114866
447039 0 0.0104295 0 0.00186432 0 0.000859211 0 0.00878074 0 0.00195189 0 0.00115068
448798 0 0.0106276 0 0.00187481 0 0.000861245 0 0.00893836 0 0.00196072 0 0.00115266
450552 0 0.0108257 0 0.00188528 0 0.000863246 0 0.00909598 0 0.00196955 0 0.00115462
452299 0 0.0110239 0 0.00189574 0 0.000865214 0 0.0092536 0 0.00197838 0 0.00115654
454039 0 0.011222 0 0.00190618 0 0.000867148 0 0.00941124 0 0.00198718 0 0.00115842
455773 0 0.0114202 0 0.00191661 0 0.000869045 0 0.0095689 0 0.00199598 0 0.00116028
457500 0 0.0116184 0 0.00192701 0 0.000870905 0 0.00972657 0 0.00200476 0 0.00116209
459193 0 0.01182 0 0.00193666 0 0.000872841 0 0.0098876 0 0.00201304 0 0.00116389
460810 0 0.01203 0 0.00194514 0 0.000874739 0 0.0100797 0 0.00202049 0 0.00116564
462409 0 0.0122415 0 0.00195339 0 0.00087661 0 0.0102743 0 0.00202766 0 0.00116736
463995 0 0.0124522 0 0.00196159 0 0.000878466 0 0.0104683 0 0.00203489 0 0.00116904
465577 0 0.0126616 0 0.00196988 0 0.000880305 0 0.0106611 0 0.00204231 0 0.00117069
467147 0 0.0128704 0 0.00197825 0 0.000882079 0 0.0108533 0 0.00204972 0 0.00117228
468664 0 0.0130745 0 0.00198773 0 0.000883493 0 0.0110427 0 0.00205585 0 0.00117379
470145 0 0.0132735 0 0.00199835 0 0.000884633 0 0.0112324 0 0.00206159 0 0.00117528
471607 0 0.0134725 0 0.00200881 0 0.000885735 0 0.0114188 0 0.00206724 0 0.00117669
473061 0 0.0136716 0 0.00201922 0 0.000886815 0 0.0116053 0 0.00207278 0 0.00117809
474507 0 0.0138709 0 0.00202958 0 0.000887872 0 0.0117918 0 0.00207826 0 0.00117948
475945 0 0.0140703 0 0.00203989 0 0.000888906 0 0.0119785 0 0.00208365 0 0.00118084
477360 0 0.014269 0 0.00204976 0 0.000891031 0 0.012164 0 0.00208919 0 0.00118218
478744 0 0.0144648 0 0.00207204 0 0.000893485 0 0.0123463 0 0.00209479 0 0.00118473
480096 0 0.0146582 0 0.00210211 0 0.000895497 0 0.0125255 0 0.00210096 0 0.00118697
481409 0 0.014848 0 0.00213414 0 0.000897052 0 0.0127022 0 0.00211807 0 0.00118856
482714 0 0.0150373 0 0.00216635 0 0.00089856 0 0.0128786 0 0.00213746 0 0.00119013
484012 0 0.0152264 0 0.0021986 0 0.000900043 0 0.0130547 0 0.00215676 0 0.00119168
485303 0 0.0154153 0 0.0022309 0 0.000901501 0 0.0132306 0 0.00217594 0 0.00119322
486576 0 0.0156065 0 0.00226232 0 0.000902956 0 0.0134032 0 0.00219954 0 0.00119471
487841 0 0.0157986 0 0.00229337 0 0.000904432 0 0.013575 0 0.0022244 0 0.00119623
489099 0 0.0159907 0 0.00232439 0 0.0009059 0 0.0137467 0 0.00224911 0 0.00119775
490351 0 0.0161827 0 0.00235539 0 0.000907357 0 0.0139183 0 0.0022737 0 0.00119927
491590 0 0.0163756 0 0.0023858 0 0.000908828 0 0.0140908 0 0.00229779 0 0.0012008
492793 0 0.0165732 0 0.00241382 0 0.000910359 0 0.0142679 0 0.00231992 0 0.00120246
493944 0 0.0167779 0 0.00243926 0 0.000911859 0 0.0144522 0 0.00233777 0 0.00120403
495070 0 0.0169843 0 0.00246412 0 0.000913327 0 0.0146382 0 0.00235502 0 0.00120551
496196 0 0.0171896 0 0.00248944 0 0.00091478 0 0.0148234 0 0.00237248 0 0.00120698
497317 0 0.0173947 0 0.00251484 0 0.00091624 0 0.0150085 0 0.0023899 0 0.00120847
498434 0 0.0175995 0 0.00254082 0 0.000917709 0 0.0151934 0 0.00240727 0 0.00120998
499546 0 0.017804 0 0.00256686 0 0.000919246 0 0.0153779 0 0.00242459 0 0.0012115
500653 0 0.0180082 0 0.00259297 0 0.000920781 0 0.0155623 0 0.00244185 0 0.00121301
501756 0 0.0182122 0 0.00261916 0 0.000922311 0 0.0157466 0 0.00245903 0 0.00121451
502850 0 0.0184158 0 0.00264572 0 0.000923796 0 0.0159304 0 0.00247632 0 0.00121597
503930 0 0.0186185 0 0.00267168 0 0.000925252 0 0.0161136 0 0.00249381 0 0.00121739
505000 0 0.01882 0 0.00269439 0 0.000926758 0 0.0162961 0 0.00251144 0 0.00121875
506067 0 0.0190214 0 0.00271693 0 0.000928278 0 0.0164786 0 0.00252904 0 0.00122011
507130 0 0.0192225 0 0.00273947 0 0.000929784 0 0.0166608 0 0.00254667 0 0.00122143
508188 0 0.0194234 0 0.00276197 0 0.000931292 0 0.0168429 0 0.00256416 0 0.00122275
509242 0 0.0196241 0 0.00278439 0 0.000932801 0 0.0170247 0 0.0025816 0 0.00122406
510291 0 0.0198247 0 0.00280672 0 0.000934278 0 0.0172063 0 0.00259912 0 0.00122536
511337 0 0.0200252 0 0.00282903 0 0.000935696 0 0.0173877 0 0.00261644 0 0.00122666
512379 0 0.0202255 0 0.00285126 0 0.000937104 0 0.0175691 0 0.00263361 0 0.00122796
513417 0 0.0204256 0 0.00287345 0 0.000938501 0 0.0177502 0 0.00265061 0 0.00122925
514451 0 0.0206256 0 0.0028956 0 0.000939889 0 0.0179312 0 0.00266741 0 0.00123054
515474 0 0.0208252 0 0.00291774 0 0.000941261 0 0.0181118 0 0.00268373 0 0.00123178
516489 0 0.0210238 0 0.00293987 0 0.000942646 0 0.0182917 0 0.00270016 0 0.00123299
517487 0 0.0212183 0 0.00296298 0 0.000944004 0 0.0184676 0 0.00271716 0 0.00123415
518461 0 0.0214139 0 0.00298544 0 0.000945383 0 0.0186447 0 0.00273353 0 0.00123537
519428 0 0.0216097 0 0.0030077 0 0.000946752 0 0.0188219 0 0.00274975 0 0.00123659
520391 0 0.0218054 0 0.00302984 0 0.000948118 0 0.0189991 0 0.00276584 0 0.00123778
521346 0 0.0219997 0 0.00305333 0 0.000949428 0 0.0191771 0 0.00278158 0 0.00123897
522287 0 0.0221915 0 0.00307969 0 0.000950627 0 0.0193568 0 0.00279659 0 0.00124017
523226 0 0.022383 0 0.003106 0 0.000951825 0 0.0195362 0 0.00281159 0 0.00124137
524161 0 0.0225743 0 0.00313217 0 0.000953024 0 0.0197154 0 0.00282659 0 0.00124255
525095 0 0.0227655 0 0.00315809 0 0.000954226 0 0.0198941 0 0.00284162 0 0.00124372
526025 0 0.0229564 0 0.00318392 0 0.000955428 0 0.0200726 0 0.00285663 0 0.00124488
526952 0 0.023147 0 0.00320963 0 0.000956629 0 0.0202508 0 0.00287162 0 0.00124602
527876 0 0.0233375 0 0.00323518 0 0.000957835 0 0.0204288 0 0.00288658 0 0.00124717
528797 0 0.0235278 0 0.00326054 0 0.000959045 0 0.0206067 0 0.00290148 0 0.0012483
529716 0 0.023718 0 0.00328572 0 0.000960274 0 0.0207843 0 0.00291631 0 0.00124943
530632 0 0.023908 0 0.00331071 0 0.000961508 0 0.0209618 0 0.00293102 0 0.00125055
531545 0 0.0240978 0 0.00333554 0 0.00096272 0 0.0211391 0 0.00294564 0 0.00125166
532456 0 0.0242875 0 0.00336033 0 0.000963891 0 0.0213162 0 0.00296013 0 0.00125278
533364 0 0.0244769 0 0.00338511 0 0.000965055 0 0.0214932 0 0.00297438 0 0.00125389
534270 0 0.0246661 0 0.00340986 0 0.000966212 0 0.0216699 0 0.00298844 0 0.001255
535172 0 0.024855 0 0.00343933 0 0.000967362 0 0.021846 0 0.00300248 0 0.00125609
536065 0 0.025043 0 0.00348811 0 0.000968508 0 0.0220204 0 0.00301692 0 0.00125715
536952 0 0.0252304 0 0.00353689 0 0.000969761 0 0.0221942 0 0.00303118 0 0.00125827
537833 0 0.0254179 0 0.00358561 0 0.00097118 0 0.0223671 0 0.00304532 0 0.00125934
538711 0 0.0256059 0 0.00363432 0 0.000972588 0 0.0225397 0 0.00305924 0 0.00126041
539586 0 0.0257938 0 0.003683 0 0.000973989 0 0.0227122 0 0.00307307 0 0.00126147
540459 0 0.0259814 0 0.00373166 0 0.000975383 0 0.0228845 0 0.00308686 0 0.00126253
541329 0 0.0261689 0 0.00378028 0 0.000976771 0 0.0230565 0 0.00310061 0 0.00126358
542187 0 0.0263549 0 0.00382766 0 0.000978998 0 0.023227 0 0.00311499 0 0.0012645
543041 0 0.0265405 0 0.00387478 0 0.000981383 0 0.0233971 0 0.00312946 0 0.00126539
543892 0 0.0267258 0 0.00392186 0 0.00098376 0 0.0235669 0 0.00314389 0 0.00126628
544740 0 0.026911 0 0.00396885 0 0.000986132 0 0.0237365 0 0.00315827 0 0.00126713
545586 0 0.027096 0 0.00401577 0 0.000988498 0 0.0239059 0 0.00317261 0 0.00126796
546429 0 0.0272808 0 0.00406262 0 0.000990856 0 0.0240751 0 0.00318691 0 0.00126878
547269 0 0.0274653 0 0.00410939 0 0.000993206 0 0.0242441 0 0.00320115 0 0.00126959
548099 0 0.0276487 0 0.0041568 0 0.00099542 0 0.0244118 0 0.00321583 0 0.00127029
548923 0 0.0278313 0 0.00420445 0 0.000997557 0 0.0245789 0 0.00323071 0 0.00127093
549734 0 0.0280122 0 0.00425325 0 0.000999543 0 0.0247443 0 0.00324625 0 0.00127125
550542 0 0.0281932 0 0.00430161 0 0.00100153 0 0.0249097 0 0.00326161 0 0.00127156
551336 0 0.028376 0 0.00434827 0 0.00100351 0 0.025077 0 0.00327611 0 0.00127187
552111 0 0.0285629 0 0.00439183 0 0.00100548 0 0.0252485 0 0.00328854 0 0.00127215
552883 0 0.0287497 0 0.00443518 0 0.00100744 0 0.0254198 0 0.00330082 0 0.00127243
553654 0 0.0289363 0 0.00447828 0 0.0010094 0 0.025591 0 0.00331289 0 0.0012727
554422 0 0.0291227 0 0.00452115 0 0.00101135 0 0.0257619 0 0.0033248 0 0.00127296
555187 0 0.0293088 0 0.00456379 0 0.0010133 0 0.0259325 0 0.00333653 0 0.00127323
555940 0 0.0294932 0 0.00460749 0 0.00101511 0 0.0261017 0 0.00334786 0 0.00127439
556691 0 0.0296774 0 0.00465102 0 0.00101691 0 0.0262707 0 0.00335897 0 0.00127555
557438 0 0.0298617 0 0.0046941 0 0.00101871 0 0.0264392 0 0.00337044 0 0.00127668
558180 0 0.0300465 0 0.00473648 0 0.00102051 0 0.0266071 0 0.00338282 0 0.00127779
558919 0 0.0302311 0 0.00477863 0 0.00102229 0 0.0267747 0 0.0033949 0 0.00127889
559654 0 0.0304154 0 0.00482053 0 0.00102407 0 0.0269419 0 0.00340665 0 0.00127999
560386 0 0.0305993 0 0.00486215 0 0.00102584 0 0.0271088 0 0.00341801 0 0.00128107
561127 0 0.0307841 0 0.00490555 0 0.00102764 0 0.0272762 0 0.00343 0 0.00128217
561874 0 0.0309692 0 0.00494974 0 0.00102944 0 0.027444 0 0.00344249 0 0.00128328
562617 0 0.0311552 0 0.00499311 0 0.00103124 0 0.0276112 0 0.00345653 0 0.00128439
563356 0 0.0313414 0 0.00503591 0 0.00103302 0 0.0277782 0 0.00347111 0 0.00128549
564089 0 0.0315283 0 0.00507809 0 0.00103479 0 0.0279463 0 0.00348566 0 0.00128657
564819 0 0.0317151 0 0.0051201 0 0.00103656 0 0.0281141 0 0.0035002 0 0.00128763
565547 0 0.0319013 0 0.00516206 0 0.00103837 0 0.0282815 0 0.00351476 0 0.00128879
566268 0 0.0320855 0 0.00520525 0 0.00104014 0 0.0284468 0 0.00352941 0 0.0012899
566984 0 0.0322685 0 0.00524913 0 0.00104189 0 0.028611 0 0.00354411 0 0.00129097
567700 0 0.0324514 0 0.005293 0 0.00104363 0 0.0287752 0 0.0035588 0 0.00129203
568412 0 0.0326338 0 0.0053368 0 0.00104548 0 0.0289394 0 0.0035735 0 0.00129312
569118 0 0.0328138 0 0.0053813 0 0.0010474 0 0.0291013 0 0.00358882 0 0.00129418
569819 0 0.0329928 0 0.00542607 0 0.00104933 0 0.0292624 0 0.00360437 0 0.00129523
570520 0 0.0331716 0 0.0054708 0 0.00105125 0 0.0294233 0 0.00361992 0 0.00129628
571218 0 0.0333503 0 0.00551547 0 0.00105317 0 0.0295841 0 0.00363546 0 0.00129731
571916 0 0.0335287 0 0.00556004 0 0.00105509 0 0.0297447 0 0.00365098 0 0.00129835
572612 0 0.0337072 0 0.00560437 0 0.00105702 0 0.0299054 0 0.00366726 0 0.00129939
573305 0 0.0338844 0 0.00564937 0 0.00105892 0 0.0300657 0 0.00369845 0 0.00130048
573995 0 0.0340614 0 0.00569423 0 0.00106081 0 0.0302258 0 0.00372965 0 0.00130156
574685 0 0.0342382 0 0.00573786 0 0.00106271 0 0.0303859 0 0.0037608 0 0.00130263
575373 0 0.0344149 0 0.00578118 0 0.0010646 0 0.0305458 0 0.00379195 0 0.00130371
576063 0 0.034592 0 0.00582797 0 0.00106647 0 0.0307058 0 0.00382297 0 0.0013048
576754 0 0.0347692 0 0.00587563 0 0.00106834 0 0.0308658 0 0.00385387 0 0.0013059
577442 0 0.0349463 0 0.00592332 0 0.0010702 0 0.0310257 0 0.00388447 0 0.00130708
578130 0 0.0351231 0 0.00597099 0 0.00107205 0 0.0311855 0 0.00391553 0 0.00130832
578817 0 0.0352998 0 0.00601856 0 0.00107389 0 0.0313452 0 0.0039469 0 0.00130956
579501 0 0.035476 0 0.00606593 0 0.00107581 0 0.0315044 0 0.00397808 0 0.0013109
580182 0 0.0356518 0 0.00611314 0 0.00107775 0 0.0316632 0 0.00400912 0 0.0013123
580862 0 0.0358275 0 0.00616026 0 0.0010797 0 0.0318219 0 0.00404009 0 0.0013137
581540 0 0.0360031 0 0.0062073 0 0.00108164 0 0.0319805 0 0.00407096 0 0.00131509
582218 0 0.0361786 0 0.00625432 0 0.00108358 0 0.0321389 0 0.00410174 0 0.00131649
582894 0 0.036354 0 0.00630131 0 0.00108552 0 0.0322973 0 0.00413241 0 0.00131788
583569 0 0.0365292 0 0.00634826 0 0.00108745 0 0.0324555 0 0.00416296 0 0.00131928
584242 0 0.0367043 0 0.00639518 0 0.00108939 0 0.0326137 0 0.00419339 0 0.00132067
584915 0 0.0368794 0 0.00644207 0 0.00109132 0 0.0327717 0 0.00422367 0 0.00132206
585586 0 0.0370543 0 0.00648891 0 0.00109325 0 0.0329296 0 0.0042538 0 0.00132345
586256 0 0.037229 0 0.0065357 0 0.00109518 0 0.0330874 0 0.00428375 0 0.00132484
586924 0 0.0374037 0 0.00658245 0 0.00109711 0 0.0332451 0 0.00431352 0 0.00132622
587592 0 0.0375782 0 0.00662915 0 0.00109904 0 0.0334026 0 0.00434307 0 0.00132761
588257 0 0.0377526 0 0.0066758 0 0.00110096 0 0.03356 0 0.00437239 0 0.001329
588921 0 0.0379269 0 0.0067224 0 0.00110288 0 0.0337173 0 0.00440145 0 0.00133038
589584 0 0.038101 0 0.00676953 0 0.0011048 0 0.0338744 0 0.00443025 0 0.00133176
590245 0 0.0382749 0 0.00681672 0 0.00110671 0 0.0340314 0 0.00445874 0 0.00133314
590904 0 0.0384488 0 0.00686384 0 0.00110862 0 0.0341882 0 0.00448688 0 0.00133452
591561 0 0.0386226 0 0.00691081 0 0.00111053 0 0.0343449 0 0.0045141 0 0.0013359
592212 0 0.0387969 0 0.00695729 0 0.00111243 0 0.034502 0 0.00454079 0 0.00133725
592856 0 0.0389709 0 0.00700393 0 0.0011143 0 0.0346587 0 0.00456649 0 0.00133865
593494 0 0.0391459 0 0.00705043 0 0.00111616 0 0.0348157 0 0.00459181 0 0.00134005
594131 0 0.0393207 0 0.00709682 0 0.00111802 0 0.0349726 0 0.00461707 0 0.00134146
594766 0 0.0394953 0 0.00714318 0 0.00111988 0 0.0351292 0 0.00464235 0 0.00134286
595399 0 0.0396694 0 0.00718938 0 0.00112168 0 0.0352855 0 0.00466777 0 0.0013443
596027 0 0.0398425 0 0.00723589 0 0.00112337 0 0.035441 0 0.0046948 0 0.00134573
596642 0 0.0400137 0 0.00728383 0 0.00112486 0 0.0355947 0 0.00472329 0 0.00134698
597256 0 0.0401848 0 0.00733163 0 0.00112635 0 0.0357483 0 0.00475171 0 0.00134822
597869 0 0.0403557 0 0.00737929 0 0.00112784 0 0.0359018 0 0.00478005 0 0.00134947
598480 0 0.0405265 0 0.00742681 0 0.00112932 0 0.0360552 0 0.0048083 0 0.00135071
599087 0 0.0406967 0 0.00747416 0 0.0011309 0 0.0362081 0 0.00483647 0 0.00135202
599691 0 0.0408668 0 0.00752062 0 0.00113256 0 0.0363609 0 0.00486424 0 0.00135338
600290 0 0.0410382 0 0.00756583 0 0.0011342 0 0.036515 0 0.00489086 0 0.00135472
600885 0 0.0412099 0 0.00761052 0 0.00113583 0 0.0366693 0 0.00491714 0 0.00135606
601475 0 0.0413816 0 0.00765487 0 0.00113744 0 0.0368237 0 0.00494321 0 0.00135737
602058 0 0.0415531 0 0.00769937 0 0.001139 0 0.036978 0 0.00496937 0 0.00135865
602638 0 0.041725 0 0.00774317 0 0.00114056 0 0.0371325 0 0.00499509 0 0.00135994
603215 0 0.0418974 0 0.00778605 0 0.00114213 0 0.0372877 0 0.00502023 0 0.00136121
603791 0 0.0420696 0 0.00782861 0 0.0011437 0 0.0374427 0 0.00504518 0 0.00136249
604365 0 0.0422417 0 0.00787081 0 0.00114526 0 0.0375976 0 0.00506996 0 0.00136376
604937 0 0.0424137 0 0.00791264 0 0.00114683 0 0.0377524 0 0.00509452 0 0.00136503
605508 0 0.0425856 0 0.00795403 0 0.00114839 0 0.0379072 0 0.00511885 0 0.0013663
606078 0 0.0427574 0 0.00799525 0 0.00114995 0 0.0380619 0 0.00514293 0 0.00136757
606646 0 0.0429291 0 0.00803634 0 0.0011515 0 0.0382164 0 0.00516675 0 0.00136883
607212 0 0.0431006 0 0.00807729 0 0.00115305 0 0.0383709 0 0.00519031 0 0.00137009
607777 0 0.043272 0 0.00811811 0 0.0011546 0 0.0385252 0 0.00521356 0 0.00137135
608341 0 0.0434434 0 0.00815879 0 0.00115614 0 0.0386794 0 0.0052365 0 0.0013726
608902 0 0.0436145 0 0.00819932 0 0.00115768 0 0.0388335 0 0.0052591 0 0.00137385
609458 0 0.0437847 0 0.00825298 0 0.00115925 0 0.0389861 0 0.00528212 0 0.00137474
610011 0 0.0439544 0 0.00831225 0 0.0011608 0 0.0391381 0 0.00530505 0 0.00137559
610560 0 0.0441238 0 0.00837142 0 0.00116239 0 0.0392897 0 0.00532754 0 0.00137647
611107 0 0.0442929 0 0.00843043 0 0.00116401 0 0.0394411 0 0.00534951 0 0.0013774
611655 0 0.0444618 0 0.00848893 0 0.00116561 0 0.0395923 0 0.00537209 0 0.00137836
612213 0 0.0446309 0 0.00854647 0 0.00116724 0 0.039744 0 0.00539789 0 0.00137934
612771 0 0.0448 0 0.00860355 0 0.00116888 0 0.0398957 0 0.00542349 0 0.00138033
613329 0 0.044969 0 0.0086602 0 0.00117052 0 0.0400474 0 0.00544891 0 0.00138132
613892 0 0.0451381 0 0.00871598 0 0.00117222 0 0.0401992 0 0.00547392 0 0.00138232
614457 0 0.0453072 0 0.00877127 0 0.00117393 0 0.040351 0 0.00549872 0 0.00138333
615020 0 0.0454761 0 0.00882626 0 0.00117564 0 0.0405027 0 0.0055234 0 0.00138433
615582 0 0.0456449 0 0.00888095 0 0.00117736 0 0.0406543 0 0.00554794 0 0.00138532
616142 0 0.0458137 0 0.00893537 0 0.00117907 0 0.0408058 0 0.00557234 0 0.00138631
616702 0 0.0459822 0 0.00898971 0 0.00118081 0 0.0409572 0 0.00559657 0 0.00138732
617260 0 0.0461507 0 0.00904391 0 0.00118256 0 0.0411084 0 0.00562064 0 0.00138832
617817 0 0.046319 0 0.00909795 0 0.00118431 0 0.0412596 0 0.00564455 0 0.00138933
618373 0 0.0464873 0 0.00915181 0 0.00118605 0 0.0414107 0 0.0056683 0 0.00139034
618924 0 0.0466547 0 0.00920639 0 0.00118773 0 0.041561 0 0.00569251 0 0.00139126
619469 0 0.046821 0 0.00926223 0 0.00118929 0 0.0417103 0 0.00571746 0 0.00139208
620012 0 0.0469871 0 0.00931788 0 0.00119084 0 0.0418595 0 0.00574223 0 0.0013929
620554 0 0.0471531 0 0.00937334 0 0.0011924 0 0.0420086 0 0.00576681 0 0.00139372
621095 0 0.0473191 0 0.00942862 0 0.00119395 0 0.0421577 0 0.00579119 0 0.00139453
621634 0 0.0474849 0 0.00948369 0 0.0011955 0 0.0423066 0 0.00581538 0 0.00139534
622173 0 0.0476506 0 0.00953857 0 0.00119705 0 0.0424554 0 0.00583935 0 0.00139615
622710 0 0.0478162 0 0.00959324 0 0.0011986 0 0.0426041 0 0.00586312 0 0.00139696
623246 0 0.0479818 0 0.00964763 0 0.00120014 0 0.0427528 0 0.00588653 0 0.00139776
623781 0 0.0481472 0 0.00970176 0 0.00120169 0 0.0429014 0 0.00590979 0 0.00139857
624316 0 0.0483126 0 0.00975563 0 0.00120324 0 0.04305 0 0.00593302 0 0.00139937
624847 0 0.0484783 0 0.00980889 0 0.00120478 0 0.0431989 0 0.00595604 0 0.00140018
625369 0 0.0486457 0 0.00986035 0 0.0012063 0 0.0433494 0 0.00597811 0 0.00140104
625889 0 0.0488131 0 0.00991145 0 0.00120781 0 0.0434999 0 0.00600012 0 0.0014019
626408 0 0.0489806 0 0.00996217 0 0.00120932 0 0.0436505 0 0.00602206 0 0.00140276
626925 0 0.049148 0 0.0100125 0 0.00121083 0 0.0438011 0 0.00604392 0 0.00140361
627441 0 0.0493155 0 0.0100624 0 0.00121234 0 0.0439512 0 0.0060657 0 0.00140447
627956 0 0.049483 0 0.0101119 0 0.00121384 0 0.0441013 0 0.0060874 0 0.00140532
628467 0 0.0496507 0 0.0101607 0 0.00121534 0 0.0442513 0 0.00610897 0 0.00140617
628975 0 0.0498189 0 0.0102088 0 0.00121683 0 0.0444011 0 0.00613038 0 0.001407
629482 0 0.0499871 0 0.0102563 0 0.00121832 0 0.044551 0 0.00615167 0 0.00140783
629981 0 0.0501563 0 0.0103023 0 0.00121975 0 0.0447018 0 0.00617238 0 0.00140865
630471 0 0.050327 0 0.0103461 0 0.00122108 0 0.0448541 0 0.00619217 0 0.00140944
630958 0 0.0504979 0 0.0103892 0 0.0012224 0 0.0450066 0 0.00621177 0 0.00141023
631444 0 0.0506688 0 0.0104318 0 0.00122371 0 0.0451592 0 0.00623128 0 0.00141101
631930 0 0.0508394 0 0.010474 0 0.00122503 0 0.0453115 0 0.00625087 0 0.00141178
632413 0 0.0510109 0 0.0105149 0 0.00122633 0 0.0454646 0 0.00626976 0 0.00141254
632894 0 0.0511823 0 0.010555 0 0.00122762 0 0.0456178 0 0.00628854 0 0.0014133
633374 0 0.0513539 0 0.0105945 0 0.0012289 0 0.045771 0 0.00630718 0 0.00141405
633852 0 0.0515256 0 0.0106341 0 0.00123018 0 0.0459244 0 0.00632568 0 0.00141479
634333 0 0.051698 0 0.0106797 0 0.00123145 0 0.0460779 0 0.00634395 0 0.00141555
634811 0 0.0518711 0 0.0107243 0 0.00123271 0 0.0462319 0 0.00636176 0 0.0014163
635286 0 0.0520446 0 0.0107679 0 0.00123395 0 0.0463864 0 0.00637913 0 0.00141708
635759 0 0.0522181 0 0.0108109 0 0.00123516 0 0.046541 0 0.00639632 0 0.00141786
636234 0 0.052391 0 0.0108542 0 0.00123639 0 0.0466949 0 0.00641378 0 0.00141865
636708 0 0.0525638 0 0.0108972 0 0.00123763 0 0.0468487 0 0.0064312 0 0.00141943
637182 0 0.0527364 0 0.0109399 0 0.00123886 0 0.0470024 0 0.00644859 0 0.0014202
637653 0 0.0529085 0 0.0109823 0 0.00124021 0 0.0471556 0 0.00646613 0 0.00142093
638123 0 0.0530805 0 0.0110244 0 0.00124156 0 0.0473088 0 0.00648362 0 0.00142166
638593 0 0.0532523 0 0.0110661 0 0.00124291 0 0.0474618 0 0.00650106 0 0.00142237
639062 0 0.0534241 0 0.0111075 0 0.00124426 0 0.0476148 0 0.00651846 0 0.00142308
639529 0 0.0535963 0 0.0111484 0 0.0012456 0 0.047768 0 0.00653562 0 0.00142378
639995 0 0.0537684 0 0.011189 0 0.00124695 0 0.0479212 0 0.00655272 0 0.00142448
640460 0 0.0539404 0 0.0112291 0 0.0012483 0 0.0480742 0 0.00656977 0 0.00142516
640923 0 0.0541123 0 0.0112689 0 0.00124966 0 0.0482271 0 0.00658677 0 0.00142585
641384 0 0.0542831 0 0.011308 0 0.00125114 0 0.0483791 0 0.0066036 0 0.00142668
641843 0 0.0544538 0 0.0113468 0 0.00125262 0 0.048531 0 0.00662038 0 0.00142751
642301 0 0.0546244 0 0.0113851 0 0.00125411 0 0.0486828 0 0.00663711 0 0.00142832
642759 0 0.0547948 0 0.0114229 0 0.00125559 0 0.0488344 0 0.00665378 0 0.00142913
643215 0 0.0549652 0 0.0114602 0 0.00125708 0 0.048986 0 0.0066704 0 0.00142993
643670 0 0.0551353 0 0.011497 0 0.00125857 0 0.0491374 0 0.00668696 0 0.00143072
644125 0 0.0553054 0 0.0115332 0 0.00126007 0 0.0492888 0 0.00670346 0 0.0014315
644578 0 0.0554753 0 0.0115689 0 0.00126156 0 0.04944 0 0.00671989 0 0.00143228
645030 0 0.0556451 0 0.0116039 0 0.00126305 0 0.0495911 0 0.00673627 0 0.00143305
645480 0 0.0558147 0 0.0116383 0 0.00126455 0 0.0497422 0 0.00675257 0 0.00143382
645930 0 0.0559842 0 0.011672 0 0.00126604 0 0.0498931 0 0.00676881 0 0.00143459
646378 0 0.0561535 0 0.0117049 0 0.00126753 0 0.050044 0 0.00678498 0 0.00143534
646825 0 0.0563227 0 0.011737 0 0.00126903 0 0.0501947 0 0.00680107 0 0.00143609
647276 0 0.0564924 0 0.0117767 0 0.00127041 0 0.0503452 0 0.006817 0 0.00143688
647728 0 0.0566622 0 0.0118219 0 0.00127145 0 0.0504952 0 0.00683282 0 0.00143773
648180 0 0.0568318 0 0.011867 0 0.0012725 0 0.0506451 0 0.00684854 0 0.00143858
648630 0 0.0570014 0 0.011912 0 0.00127354 0 0.0507949 0 0.00686416 0 0.00143942
649080 0 0.0571708 0 0.0119569 0 0.00127458 0 0.0509446 0 0.00687967 0 0.00144025
649525 0 0.0573292 0 0.0120017 0 0.00127564 0 0.0510951 0 0.00689463 0 0.00144106
649967 0 0.0574786 0 0.0120464 0 0.00127671 0 0.0512461 0 0.00690911 0 0.00144185
650404 0 0.0576272 0 0.012092 0 0.00127771 0 0.0513963 0 0.00692415 0 0.00144254
650839 0 0.0577762 0 0.0121372 0 0.00127867 0 0.051547 0 0.00693995 0 0.00144321
651273 0 0.057926 0 0.012181 0 0.00127963 0 0.0516987 0 0.00695666 0 0.00144388
651707 0 0.0580759 0 0.0122246 0 0.0012806 0 0.0518504 0 0.0069733 0 0.00144454
652140 0 0.0582256 0 0.0122681 0 0.00128156 0 0.052002 0 0.00698985 0 0.0014452
652573 0 0.0583753 0 0.0123115 0 0.00128251 0 0.0521534 0 0.00700632 0 0.00144586
653005 0 0.0585249 0 0.0123549 0 0.00128346 0 0.0523048 0 0.0070227 0 0.00144651
653436 0 0.0586744 0 0.0123982 0 0.00128441 0 0.0524561 0 0.00703899 0 0.00144716
653861 0 0.058825 0 0.0124404 0 0.00128533 0 0.0526084 0 0.0070545 0 0.00144779
654282 0 0.0589751 0 0.012483 0 0.00128623 0 0.0527603 0 0.00707008 0 0.0014484
654703 0 0.0591249 0 0.0125257 0 0.00128713 0 0.0529118 0 0.00708572 0 0.001449
655120 0 0.0592739 0 0.0125687 0 0.00128821 0 0.0530623 0 0.00710134 0 0.00144973
655536 0 0.0594228 0 0.0126115 0 0.0012893 0 0.0532127 0 0.00711687 0 0.00145045
655951 0 0.0595715 0 0.0126546 0 0.00129039 0 0.0533627 0 0.00713242 0 0.00145117
656365 0 0.0597194 0 0.0126983 0 0.00129147 0 0.053512 0 0.00714834 0 0.00145188
656777 0 0.0598672 0 0.012742 0 0.00129255 0 0.0536611 0 0.00716415 0 0.00145257
657188 0 0.0600147 0 0.0127859 0 0.0012937 0 0.0538097 0 0.00717986 0 0.00145331
657598 0 0.0601621 0 0.0128297 0 0.00129486 0 0.0539581 0 0.00719547 0 0.00145406
658007 0 0.0603093 0 0.0128735 0 0.00129601 0 0.0541065 0 0.00721094 0 0.00145481
658416 0 0.0604565 0 0.0129173 0 0.00129717 0 0.0542546 0 0.00722627 0 0.00145555
658824 0 0.0606037 0 0.012961 0 0.00129832 0 0.0544027 0 0.00724146 0 0.00145629
659231 0 0.0607507 0 0.0130047 0 0.00129947 0 0.0545507 0 0.0072565 0 0.00145702
659637 0 0.0608977 0 0.0130484 0 0.00130062 0 0.0546985 0 0.00727137 0 0.00145775
660042 0 0.0610447 0 0.0130921 0 0.00130176 0 0.0548462 0 0.00728607 0 0.00145847
660447 0 0.0611915 0 0.0131357 0 0.00130291 0 0.0549937 0 0.00730058 0 0.00145919
660850 0 0.0613383 0 0.0131794 0 0.00130404 0 0.0551411 0 0.0073149 0 0.0014599
661255 0 0.0614918 0 0.013223 0 0.00130516 0 0.0552879 0 0.00732923 0 0.00146062
661660 0 0.0616524 0 0.0132667 0 0.00130626 0 0.0554341 0 0.00734359 0 0.00146135
662064 0 0.061813 0 0.0133103 0 0.00130736 0 0.0555801 0 0.00735769 0 0.00146207
662466 0 0.0619735 0 0.0133539 0 0.00130845 0 0.055726 0 0.00737153 0 0.00146279
662868 0 0.0621338 0 0.0133975 0 0.00130953 0 0.0558717 0 0.00738508 0 0.0014635
663269 0 0.0622942 0 0.0134411 0 0.0013106 0 0.0560173 0 0.00739827 0 0.0014642
663669 0 0.0624546 0 0.0134846 0 0.00131164 0 0.0561629 0 0.00741105 0 0.00146491
664068 0 0.0626149 0 0.0135281 0 0.00131268 0 0.0563083 0 0.00742344 0 0.00146561
664465 0 0.0627751 0 0.0135716 0 0.0013137 0 0.0564536 0 0.00743539 0 0.0014663
664861 0 0.0629352 0 0.0136151 0 0.00131472 0 0.0565986 0 0.00744686 0 0.00146698
665255 0 0.0630953 0 0.0136586 0 0.00131573 0 0.0567435 0 0.00745777 0 0.00146766
665647 0 0.0632552 0 0.0137022 0 0.00131673 0 0.0568882 0 0.00746808 0 0.00146833
666039 0 0.063415 0 0.0137457 0 0.00131772 0 0.0570328 0 0.00747823 0 0.00146899
666430 0 0.0635748 0 0.0137891 0 0.00131871 0 0.0571772 0 0.0074884 0 0.00146965
666820 0 0.0637345 0 0.0138325 0 0.00131969 0 0.0573216 0 0.00749859 0 0.0014703
667210 0 0.0638939 0 0.0138758 0 0.00132065 0 0.0574656 0 0.0075088 0 0.00147098
667598 0 0.0640528 0 0.0139189 0 0.00132157 0 0.0576092 0 0.00751901 0 0.00147172
667985 0 0.0642117 0 0.0139619 0 0.00132249 0 0.0577526 0 0.00752924 0 0.00147245
668372 0 0.0643704 0 0.0140049 0 0.0013234 0 0.0578959 0 0.0075395 0 0.00147318
668759 0 0.0645291 0 0.0140478 0 0.0013243 0 0.0580391 0 0.00754978 0 0.0014739
669143 0 0.0646875 0 0.014091 0 0.00132518 0 0.0581819 0 0.00756013 0 0.00147476
669527 0 0.0648456 0 0.0141343 0 0.00132605 0 0.0583245 0 0.00757051 0 0.00147567
669909 0 0.0650038 0 0.0141776 0 0.0013269 0 0.058467 0 0.00758091 0 0.00147658
670292 0 0.0651618 0 0.0142208 0 0.00132776 0 0.0586094 0 0.00759134 0 0.00147749
670673 0 0.0653198 0 0.014264 0 0.0013286 0 0.0587517 0 0.00760179 0 0.0014784
671054 0 0.0654777 0 0.0143071 0 0.00132944 0 0.0588938 0 0.00761227 0 0.0014793
671434 0 0.0656356 0 0.0143502 0 0.00133027 0 0.0590358 0 0.00762278 0 0.00148021
671813 0 0.0657935 0 0.0143931 0 0.00133109 0 0.0591772 0 0.00763329 0 0.00148111
672190 0 0.0659517 0 0.0144356 0 0.00133191 0 0.0593166 0 0.00764376 0 0.001482
672565 0 0.0661099 0 0.014478 0 0.00133271 0 0.0594557 0 0.00765426 0 0.00148288
672939 0 0.066268 0 0.0145205 0 0.0013335 0 0.0595946 0 0.00766479 0 0.00148377
673326 0 0.0664264 0 0.0145621 0 0.00133436 0 0.0597337 0 0.00767894 0 0.00148468
673713 0 0.0665846 0 0.0146037 0 0.00133523 0 0.0598725 0 0.00769324 0 0.00148559
674098 0 0.0667424 0 0.0146453 0 0.00133614 0 0.0600108 0 0.00770766 0 0.00148648
674483 0 0.0669002 0 0.0146868 0 0.00133704 0 0.0601488 0 0.00772209 0 0.00148737
674867 0 0.0670579 0 0.0147282 0 0.00133794 0 0.0602866 0 0.00773654 0 0.00148826
675251 0 0.0672155 0 0.0147695 0 0.00133884 0 0.0604241 0 0.00775099 0 0.00148915
675635 0 0.0673731 0 0.0148107 0 0.00133974 0 0.0605613 0 0.00776545 0 0.00149005
676018 0 0.0675306 0 0.0148519 0 0.00134062 0 0.0606982 0 0.00777991 0 0.00149094
676400 0 0.0676885 0 0.0148925 0 0.0013415 0 0.0608353 0 0.00779409 0 0.00149183
676782 0 0.0678464 0 0.0149329 0 0.00134238 0 0.0609722 0 0.00780819 0 0.00149272
677164 0 0.0680043 0 0.0149732 0 0.00134325 0 0.0611087 0 0.00782231 0 0.00149361
677545 0 0.0681622 0 0.0150134 0 0.00134411 0 0.0612449 0 0.00783642 0 0.0014945
677925 0 0.0683202 0 0.0150533 0 0.00134497 0 0.061381 0 0.00785039 0 0.0014954
678305 0 0.0684784 0 0.0150928 0 0.00134582 0 0.0615169 0 0.00786421 0 0.00149629
678689 0 0.0686368 0 0.0151319 0 0.00134671 0 0.0616526 0 0.00787782 0 0.0014972
679078 0 0.0687942 0 0.0151715 0 0.00134763 0 0.0617871 0 0.00789184 0 0.00149812
679475 0 0.0689497 0 0.0152126 0 0.00134857 0 0.0619194 0 0.00790687 0 0.00149905
679871 0 0.0691051 0 0.0152536 0 0.00134951 0 0.0620513 0 0.0079219 0 0.00149997
680266 0 0.0692605 0 0.0152945 0 0.00135044 0 0.0621828 0 0.00793694 0 0.00150089
680661 0 0.0694159 0 0.0153353 0 0.00135137 0 0.0623137 0 0.00795199 0 0.00150182
681056 0 0.0695711 0 0.015376 0 0.0013523 0 0.0624441 0 0.00796705 0 0.00150274
681450 0 0.0697263 0 0.0154166 0 0.00135322 0 0.0625738 0 0.00798211 0 0.00150366
681843 0 0.0698815 0 0.0154571 0 0.00135415 0 0.062703 0 0.00799718 0 0.00150457
682235 0 0.0700366 0 0.0154974 0 0.00135507 0 0.0628314 0 0.00801226 0 0.00150549
682627 0 0.0701917 0 0.0155377 0 0.00135598 0 0.0629591 0 0.00802734 0 0.00150641
683018 0 0.0703467 0 0.0155778 0 0.00135689 0 0.063086 0 0.00804243 0 0.00150732
683408 0 0.0705017 0 0.0156178 0 0.0013578 0 0.0632127 0 0.00805752 0 0.00150823
683798 0 0.0706566 0 0.0156577 0 0.0013587 0 0.0633392 0 0.00807262 0 0.00150914
684187 0 0.0708116 0 0.0156975 0 0.0013596 0 0.0634655 0 0.00808773 0 0.00151005
684574 0 0.0709665 0 0.0157371 0 0.00136049 0 0.0635917 0 0.00810284 0 0.00151095
684962 0 0.0711214 0 0.0157765 0 0.00136138 0 0.0637178 0 0.00811794 0 0.00151185
685358 0 0.0712737 0 0.0158182 0 0.00136232 0 0.0638415 0 0.00813443 0 0.00151278
685754 0 0.0714257 0 0.0158598 0 0.00136326 0 0.0639654 0 0.00815083 0 0.00151371
686150 0 0.0715773 0 0.0159014 0 0.00136419 0 0.0640898 0 0.00816703 0 0.00151463
686544 0 0.0717288 0 0.015943 0 0.00136512 0 0.0642141 0 0.00818324 0 0.00151555
686938 0 0.0718802 0 0.0159844 0 0.00136604 0 0.0643384 0 0.00819946 0 0.00151647
687332 0 0.0720316 0 0.0160257 0 0.00136695 0 0.0644626 0 0.00821569 0 0.00151739
687724 0 0.0721829 0 0.016067 0 0.00136786 0 0.0645867 0 0.00823194 0 0.0015183
688116 0 0.0723341 0 0.0161081 0 0.00136876 0 0.0647109 0 0.0082482 0 0.0015192
688507 0 0.0724845 0 0.0161491 0 0.00136966 0 0.064835 0 0.00826443 0 0.00152011
688898 0 0.0726344 0 0.01619 0 0.00137056 0 0.0649591 0 0.00828064 0 0.001521
689288 0 0.0727841 0 0.0162308 0 0.00137147 0 0.0650832 0 0.00829687 0 0.0015219
689677 0 0.0729335 0 0.0162714 0 0.00137247 0 0.0652071 0 0.00831327 0 0.00152277
690065 0 0.0730829 0 0.0163118 0 0.00137347 0 0.0653309 0 0.00832967 0 0.00152364
690454 0 0.0732322 0 0.0163521 0 0.00137446 0 0.0654547 0 0.00834606 0 0.00152451
690841 0 0.0733814 0 0.0163923 0 0.00137545 0 0.0655785 0 0.00836242 0 0.00152538
691228 0 0.0735306 0 0.0164322 0 0.00137644 0 0.0657024 0 0.00837874 0 0.00152624
691615 0 0.0736797 0 0.016472 0 0.00137742 0 0.0658262 0 0.00839505 0 0.0015271
692000 0 0.0738288 0 0.0165116 0 0.0013784 0 0.0659499 0 0.00841135 0 0.00152795
692386 0 0.0739777 0 0.0165511 0 0.00137938 0 0.0660737 0 0.0084276 0 0.00152881
692771 0 0.0741265 0 0.0165905 0 0.00138035 0 0.0661974 0 0.00844385 0 0.00152966
693156 0 0.0742753 0 0.0166296 0 0.00138132 0 0.066321 0 0.0084601 0 0.0015305
693540 0 0.0744239 0 0.0166687 0 0.00138228 0 0.0664446 0 0.00847633 0 0.00153135
