4871.37 -1.11098 -4.82939e-05 -1.28897 -5.67596e-05 -1.90729 -9.10631e-05 0 4.99595e-05 0 9.85659e-05 0 0.000182318
9717.05 -0.905133 -3.94893e-05 -1.04219 -4.60993e-05 -1.7388 -8.32402e-05 0 6.44841e-05 0 0.000118773 0 0.000198035
14460.5 -0.719447 -3.15471e-05 -0.796945 -3.55054e-05 -1.57361 -7.55702e-05 0 7.93032e-05 0 0.000139171 0 0.000213477
19086.9 -0.561513 -2.4792e-05 -0.562024 -2.53575e-05 -1.41178 -6.80569e-05 0 9.45301e-05 0 0.000159766 0 0.000228477
23633.2 -0.411985 -1.83963e-05 -0.372498 -1.71704e-05 -1.2517 -6.06244e-05 0 0.00010995 0 0.000180049 0 0.000243245
28162 -0.260503 -1.19171e-05 -0.19869 -9.66235e-06 -1.09217 -5.32174e-05 0 0.000125646 0 0.000199983 0 0.000257994
32688.1 -0.103839 -5.21631e-06 -0.0224383 -2.04874e-06 -0.932256 -4.57928e-05 0 0.000141771 0 0.000219726 0 0.00027274
37189.9 0 1.47394e-06 0 1.00081e-05 -0.769079 -3.82166e-05 0 0.000158058 0 0.000239505 0 0.000287301
41691.8 0 1.21174e-05 0 2.96977e-05 -0.602903 -3.05012e-05 0 0.000174391 0 0.000259336 0 0.000301766
46169.3 0 2.73229e-05 0 5.11741e-05 -0.436102 -2.27567e-05 0 0.000190856 0 0.000279284 0 0.000316161
50625.6 0 4.51334e-05 0 7.24617e-05 -0.270904 -1.50867e-05 0 0.000207794 0 0.00029946 0 0.000330433
55077.5 0 6.42559e-05 0 9.36135e-05 -0.131102 -8.59577e-06 0 0.000224761 0 0.000319883 0 0.000344639
59498.3 0 8.39751e-05 0 0.000115024 -0.0147542 -3.19381e-06 0 0.000241336 0 0.000340586 0 0.000358845
63891.5 0 0.000103852 0 0.000136439 0 5.07596e-06 0 0.00025765 0 0.000361263 0 0.00037306
68260.8 0 0.000123866 0 0.000157931 0 1.85954e-05 0 0.000273975 0 0.000381759 0 0.000387345
72600.7 0 0.000143865 0 0.000179618 0 3.32996e-05 0 0.000290327 0 0.000401951 0 0.000401682
76925.4 0 0.000163774 0 0.000201504 0 4.80087e-05 0 0.000306658 0 0.000422008 0 0.00041606
81244.1 0 0.000183667 0 0.000223568 0 6.28309e-05 0 0.00032299 0 0.000442035 0 0.000430453
85559.1 0 0.000203562 0 0.000245648 0 7.7643e-05 0 0.00033933 0 0.00046206 0 0.000444847
89871.8 0 0.000223527 0 0.000267741 0 9.24228e-05 0 0.000355682 0 0.000482095 0 0.000459241
94182.9 0 0.000243627 0 0.000289854 0 0.000107172 0 0.00037205 0 0.000502149 0 0.00047362
98494.4 0 0.00026374 0 0.000312002 0 0.000121857 0 0.000388442 0 0.000522272 0 0.000487964
102806 0 0.000283867 0 0.000334184 0 0.000136546 0 0.000404858 0 0.000542452 0 0.000502268
107116 0 0.000304 0 0.000356371 0 0.000151234 0 0.000421286 0 0.00056264 0 0.000516578
111422 0 0.000324139 0 0.000378558 0 0.000165938 0 0.000437723 0 0.000582828 0 0.000530907
115723 0 0.000344276 0 0.000400717 0 0.000180725 0 0.000454155 0 0.000602989 0 0.000545306
120017 0 0.000364412 0 0.000422842 0 0.000195613 0 0.000470579 0 0.000623114 0 0.000559804
124309 0 0.000384557 0 0.000444964 0 0.000210535 0 0.000487011 0 0.000643226 0 0.000574397
128600 0 0.000404719 0 0.0004671 0 0.000225454 0 0.000503456 0 0.000663339 0 0.000589079
132888 0 0.000424889 0 0.000489239 0 0.000240375 0 0.000519912 0 0.000683457 0 0.000603775
137174 0 0.000445066 0 0.00051138 0 0.000255301 0 0.000536381 0 0.000703583 0 0.000618476
141456 0 0.000465249 0 0.000533524 0 0.00027023 0 0.000552862 0 0.000723716 0 0.000633168
145734 0 0.000485432 0 0.000555659 0 0.000285176 0 0.000569351 0 0.000743856 0 0.000647821
150006 0 0.000505611 0 0.00057778 0 0.000300148 0 0.000585848 0 0.000764 0 0.000662419
154274 0 0.000525788 0 0.000599888 0 0.000315141 0 0.000602354 0 0.000784149 0 0.000676967
158537 0 0.000545968 0 0.000621992 0 0.000330146 0 0.000618871 0 0.000804304 0 0.000691492
162797 0 0.000566154 0 0.000644096 0 0.000345155 0 0.000635401 0 0.000824467 0 0.00070601
167053 0 0.000586348 0 0.000666203 0 0.000360166 0 0.000651944 0 0.000844637 0 0.000720523
171307 0 0.000606551 0 0.000688314 0 0.000375177 0 0.000668502 0 0.000864816 0 0.000735037
175558 0 0.000626761 0 0.000710427 0 0.000390189 0 0.000685073 0 0.000885002 0 0.00074955
179806 0 0.000646981 0 0.000732545 0 0.0004052 0 0.000701659 0 0.000905198 0 0.000764063
184051 0 0.000667211 0 0.000754667 0 0.00042021 0 0.000718259 0 0.000925401 0 0.000778578
188293 0 0.00068745 0 0.000776793 0 0.000435219 0 0.000734875 0 0.000945613 0 0.000793093
192532 0 0.000707699 0 0.000798923 0 0.000450226 0 0.000751505 0 0.000965834 0 0.000807609
196768 0 0.000727958 0 0.000821056 0 0.000465232 0 0.000768151 0 0.000986062 0 0.000822125
201001 0 0.000748228 0 0.000843193 0 0.000480237 0 0.000784813 0 0.0010063 0 0.000836642
205230 0 0.000768508 0 0.000865334 0 0.000495241 0 0.000801491 0 0.00102654 0 0.000851159
209457 0 0.000788799 0 0.000887479 0 0.000510242 0 0.000818185 0 0.0010468 0 0.000865677
213680 0 0.0008091 0 0.000909628 0 0.000525242 0 0.000834896 0 0.00106706 0 0.000880195
217900 0 0.000829413 0 0.00093178 0 0.000540239 0 0.000851624 0 0.00108733 0 0.000894713
222117 0 0.000849738 0 0.000953935 0 0.000555234 0 0.00086837 0 0.00110761 0 0.000909231
226330 0 0.000870075 0 0.000976094 0 0.000570228 0 0.000885133 0 0.0011279 0 0.00092375
230540 0 0.000890424 0 0.000998255 0 0.000585218 0 0.000901915 0 0.00114819 0 0.000938268
234747 0 0.000910786 0 0.00102042 0 0.000600206 0 0.000918715 0 0.0011685 0 0.000952786
238950 0 0.00093116 0 0.00104259 0 0.000615191 0 0.000935534 0 0.00118881 0 0.000967304
243149 0 0.000951548 0 0.00106476 0 0.000630172 0 0.000952373 0 0.00120913 0 0.000981821
247345 0 0.00097195 0 0.00108693 0 0.00064515 0 0.000969231 0 0.00122945 0 0.000996337
251537 0 0.000992366 0 0.00110911 0 0.000660125 0 0.00098611 0 0.00124979 0 0.00101085
255725 0 0.0010128 0 0.00113129 0 0.000675096 0 0.00100301 0 0.00127013 0 0.00102537
259909 0 0.00103324 0 0.00115347 0 0.000690063 0 0.00101993 0 0.00129048 0 0.00103988
264022 0 0.0010541 0 0.00117583 0 0.000704775 0 0.00103707 0 0.00131103 0 0.00105417
268092 0 0.00107521 0 0.00119832 0 0.000719335 0 0.00105435 0 0.00133169 0 0.00106832
272158 0 0.00109633 0 0.0012208 0 0.000733889 0 0.00107165 0 0.00135236 0 0.00108247
276083 0 0.00111703 0 0.00124228 0 0.000748158 0 0.00109033 0 0.00137255 0 0.00109616
279789 0 0.00113541 0 0.00126188 0 0.000761895 0 0.0011106 0 0.00139211 0 0.00110904
283487 0 0.00115382 0 0.00128145 0 0.000775616 0 0.00113093 0 0.00141166 0 0.0011219
287177 0 0.00117228 0 0.001301 0 0.000789319 0 0.00115134 0 0.00143119 0 0.00113475
290832 0 0.0011908 0 0.00132058 0 0.000802912 0 0.00117143 0 0.00145062 0 0.00114752
294410 0 0.00120942 0 0.00134031 0 0.000816258 0 0.0011906 0 0.0014698 0 0.0011601
297979 0 0.00122811 0 0.00136001 0 0.000829583 0 0.00120984 0 0.00148895 0 0.00117267
301539 0 0.00124685 0 0.00137967 0 0.000842884 0 0.00122918 0 0.00150809 0 0.00118521
305088 0 0.00126565 0 0.0013993 0 0.000856159 0 0.00124859 0 0.0015272 0 0.00119773
308609 0 0.00128382 0 0.00141894 0 0.000869304 0 0.0012683 0 0.0015462 0 0.00121017
312066 0 0.00130005 0 0.00143865 0 0.000882125 0 0.00128869 0 0.00156491 0 0.00122244
315352 0 0.00131753 0 0.00145768 0 0.000894602 0 0.00131073 0 0.00158284 0 0.00123424
318503 0 0.00133538 0 0.00147663 0 0.000907015 0 0.00133277 0 0.00160035 0 0.00124596
321606 0 0.00135335 0 0.00149557 0 0.000919282 0 0.00135232 0 0.00161699 0 0.00125762
324709 0 0.00137128 0 0.00151452 0 0.00093155 0 0.00137186 0 0.00163365 0 0.00126929
327758 0 0.00138965 0 0.00153319 0 0.000943615 0 0.00139007 0 0.00165044 0 0.00128079
330765 0 0.00140843 0 0.00155163 0 0.000955521 0 0.0014073 0 0.0016673 0 0.00129216
333709 0 0.00142731 0 0.00156715 0 0.000966802 0 0.00142419 0 0.0016842 0 0.00130374
336626 0 0.00144631 0 0.00158198 0 0.000977904 0 0.00144098 0 0.00170103 0 0.00131532
339535 0 0.00146532 0 0.00159679 0 0.000988981 0 0.00145767 0 0.00171782 0 0.00132688
342441 0 0.00148429 0 0.00161161 0 0.00100006 0 0.00147431 0 0.00173463 0 0.00133845
345339 0 0.00150329 0 0.0016264 0 0.0010111 0 0.00149099 0 0.00175143 0 0.00134999
348217 0 0.00152224 0 0.00164116 0 0.00102218 0 0.00150766 0 0.00176805 0 0.0013615
351041 0 0.00154087 0 0.00165595 0 0.00103348 0 0.00152421 0 0.00178393 0 0.00137292
353856 0 0.00155953 0 0.00167071 0 0.00104475 0 0.00154079 0 0.00179979 0 0.00138433
356587 0 0.00157647 0 0.00168547 0 0.00105562 0 0.00155819 0 0.00181525 0 0.00139546
359164 0 0.00159393 0 0.00169967 0 0.00106599 0 0.00157711 0 0.0018299 0 0.00140601
361695 0 0.0016117 0 0.00171367 0 0.00107619 0 0.00159641 0 0.00184431 0 0.00141635
364228 0 0.00162939 0 0.00172769 0 0.00108641 0 0.00161561 0 0.00185875 0 0.00142671
366754 0 0.00164706 0 0.0017417 0 0.0010966 0 0.00163481 0 0.00187319 0 0.00143705
369272 0 0.00166471 0 0.0017557 0 0.00110678 0 0.00165401 0 0.00188762 0 0.00144737
371784 0 0.00168234 0 0.00176968 0 0.00111693 0 0.00167319 0 0.00190204 0 0.00145768
374288 0 0.00169994 0 0.00178364 0 0.00112706 0 0.00169237 0 0.00191645 0 0.00146797
376752 0 0.00171787 0 0.00179743 0 0.00113704 0 0.00171051 0 0.00193098 0 0.00147813
379169 0 0.00173614 0 0.00181101 0 0.00114686 0 0.00172748 0 0.00194543 0 0.00148809
381565 0 0.00175429 0 0.0018246 0 0.00115672 0 0.00174456 0 0.00195853 0 0.00149772
383953 0 0.00177242 0 0.00183816 0 0.00116655 0 0.00176161 0 0.0019716 0 0.00150732
386311 0 0.00179025 0 0.00185193 0 0.00117619 0 0.00177837 0 0.00198512 0 0.00151666
388640 0 0.00180772 0 0.00186609 0 0.00118555 0 0.00179487 0 0.00199899 0 0.00152567
390943 0 0.00182492 0 0.00188062 0 0.00119466 0 0.0018112 0 0.00201304 0 0.00153442
393237 0 0.00184208 0 0.00189515 0 0.00120375 0 0.00182753 0 0.00202707 0 0.00154313
395533 0 0.00185925 0 0.0019097 0 0.00121284 0 0.00184375 0 0.00204116 0 0.00155186
397802 0 0.00187651 0 0.00192432 0 0.00122184 0 0.00185999 0 0.00205532 0 0.00156048
400059 0 0.00189377 0 0.00193893 0 0.00123078 0 0.0018761 0 0.0020695 0 0.00156907
402310 0 0.00191098 0 0.00195355 0 0.00123969 0 0.00189219 0 0.00208361 0 0.00157762
404555 0 0.00192815 0 0.00196816 0 0.00124859 0 0.00190824 0 0.00209768 0 0.00158614
406781 0 0.0019451 0 0.00198308 0 0.0012573 0 0.00192462 0 0.00213477 0 0.00159503
409002 0 0.00196199 0 0.00199803 0 0.00126599 0 0.00194104 0 0.00217326 0 0.00160394
411218 0 0.00197882 0 0.00201299 0 0.00127466 0 0.00195746 0 0.00221182 0 0.00161283
413429 0 0.00199561 0 0.00202796 0 0.00128331 0 0.00197387 0 0.00225044 0 0.00162171
415635 0 0.00201234 0 0.00204294 0 0.00129194 0 0.00199025 0 0.00228912 0 0.00163058
417833 0 0.00202907 0 0.00206039 0 0.00130057 0 0.00200659 0 0.00232796 0 0.0016394
420006 0 0.00205289 0 0.00210154 0 0.00130942 0 0.00202278 0 0.00236756 0 0.00164806
422158 0 0.00209998 0 0.00214361 0 0.0013181 0 0.0020392 0 0.00240677 0 0.00165665
424296 0 0.00214731 0 0.0021856 0 0.00132672 0 0.00205571 0 0.00244584 0 0.00166521
426362 0 0.00219322 0 0.00222636 0 0.00133505 0 0.00207322 0 0.00248331 0 0.00167353
428384 0 0.00224114 0 0.00226581 0 0.0013432 0 0.00209118 0 0.00251915 0 0.00168162
430396 0 0.00228923 0 0.00230518 0 0.00135132 0 0.00210915 0 0.00255489 0 0.00168967
432374 0 0.00233668 0 0.00234515 0 0.0013592 0 0.00213674 0 0.00259261 0 0.0016974
434312 0 0.00238394 0 0.00238593 0 0.00136674 0 0.00218312 0 0.00263218 0 0.00170475
436222 0 0.0024309 0 0.00242776 0 0.00137404 0 0.00222896 0 0.00267244 0 0.00171186
438088 0 0.00247821 0 0.00247029 0 0.00138116 0 0.00227497 0 0.00271341 0 0.00171881
439924 0 0.00252605 0 0.00251264 0 0.00138822 0 0.00232171 0 0.0027542 0 0.00172565
441724 0 0.00257457 0 0.00255472 0 0.00139515 0 0.00236921 0 0.00279465 0 0.00173232
443500 0 0.00262359 0 0.00259659 0 0.00140198 0 0.00241721 0 0.00283483 0 0.00173886
445272 0 0.00267273 0 0.00263866 0 0.00140882 0 0.00246536 0 0.00287493 0 0.00174541
447039 0 0.0027219 0 0.00268121 0 0.00141564 0 0.00251358 0 0.00291511 0 0.00175194
448798 0 0.00277113 0 0.00272381 0 0.00142243 0 0.00256332 0 0.00295542 0 0.00175844
450552 0 0.00282037 0 0.00276646 0 0.0014292 0 0.00261337 0 0.00299585 0 0.00176492
452299 0 0.00286963 0 0.00280918 0 0.00143593 0 0.0026635 0 0.00303637 0 0.00177136
454039 0 0.00291891 0 0.00285197 0 0.00144263 0 0.00271372 0 0.00307699 0 0.00177778
455773 0 0.0029682 0 0.00289483 0 0.0014493 0 0.00276402 0 0.00311772 0 0.00178416
457500 0 0.0030175 0 0.00293776 0 0.00145594 0 0.00281441 0 0.00315856 0 0.00179051
459193 0 0.00306791 0 0.00297947 0 0.00146252 0 0.00286677 0 0.00319834 0 0.00179674
460810 0 0.0031217 0 0.00301886 0 0.00146881 0 0.00291894 0 0.0032362 0 0.00180269
462409 0 0.00317616 0 0.00305784 0 0.00147502 0 0.00297156 0 0.00327365 0 0.00180855
463995 0 0.00323014 0 0.00309703 0 0.00148124 0 0.00302405 0 0.00331141 0 0.00181438
465577 0 0.00328342 0 0.00313662 0 0.00148748 0 0.00307612 0 0.00334972 0 0.00182022
467147 0 0.00333647 0 0.00317654 0 0.00149369 0 0.00312782 0 0.0033883 0 0.00182601
468664 0 0.00340235 0 0.00321806 0 0.00149964 0 0.00317562 0 0.00342632 0 0.00183165
470145 0 0.00349451 0 0.00326019 0 0.00150537 0 0.00322421 0 0.00346363 0 0.00183716
471607 0 0.00358655 0 0.00330223 0 0.00151104 0 0.00327241 0 0.00350095 0 0.00184259
473061 0 0.00367885 0 0.00334428 0 0.00151668 0 0.00332064 0 0.00353824 0 0.00184798
474507 0 0.00377142 0 0.00338633 0 0.00152229 0 0.003369 0 0.00357553 0 0.00185335
475945 0 0.00386427 0 0.00342837 0 0.00152787 0 0.0034175 0 0.00361282 0 0.00185869
477360 0 0.00395807 0 0.0034913 0 0.00153361 0 0.00346548 0 0.00365409 0 0.00186392
478744 0 0.00405352 0 0.00356599 0 0.00153923 0 0.0035129 0 0.00372094 0 0.00186939
480096 0 0.00414863 0 0.00364219 0 0.00154463 0 0.00355864 0 0.00379171 0 0.00187457
481409 0 0.00424061 0 0.00372298 0 0.00154962 0 0.00360451 0 0.00386457 0 0.00187934
482714 0 0.00433242 0 0.00380438 0 0.00155456 0 0.00365069 0 0.00393768 0 0.00188408
484012 0 0.0044243 0 0.00388613 0 0.00155948 0 0.00369678 0 0.00401118 0 0.0018888
485303 0 0.00451625 0 0.00396823 0 0.00156436 0 0.00374277 0 0.00408507 0 0.00189349
486576 0 0.00461028 0 0.00404919 0 0.00156917 0 0.00381614 0 0.00416037 0 0.00189815
487841 0 0.00470528 0 0.00412976 0 0.00157396 0 0.00389858 0 0.00423617 0 0.00190283
489099 0 0.0048005 0 0.00421055 0 0.00157873 0 0.00398119 0 0.00431228 0 0.00190749
490351 0 0.00489592 0 0.00429159 0 0.00158348 0 0.00406396 0 0.00438873 0 0.00191213
491590 0 0.00499218 0 0.00437217 0 0.00158821 0 0.00414788 0 0.00446488 0 0.00191674
492793 0 0.0050915 0 0.00445003 0 0.00159287 0 0.0042363 0 0.00454152 0 0.00192126
493944 0 0.00519692 0 0.00452391 0 0.00159734 0 0.00432689 0 0.00461293 0 0.00192549
495070 0 0.0053046 0 0.00459704 0 0.00160172 0 0.00441893 0 0.0046829 0 0.00192962
496196 0 0.00541371 0 0.00467085 0 0.00160609 0 0.00451058 0 0.00475336 0 0.00193375
497317 0 0.00552309 0 0.00474491 0 0.00161046 0 0.0046022 0 0.00482397 0 0.00193788
498434 0 0.00563282 0 0.00481918 0 0.00161483 0 0.00469373 0 0.00489477 0 0.00194202
499546 0 0.00574274 0 0.00489388 0 0.00161923 0 0.00478516 0 0.00496563 0 0.00194617
500653 0 0.00585301 0 0.00496887 0 0.00162361 0 0.00487658 0 0.00503661 0 0.00195031
501756 0 0.00596362 0 0.00504418 0 0.00162798 0 0.00496797 0 0.00510772 0 0.00195443
502850 0 0.00607445 0 0.00512019 0 0.0016323 0 0.00505903 0 0.00517937 0 0.00195852
503930 0 0.00618325 0 0.00519663 0 0.00163659 0 0.00514959 0 0.00525172 0 0.00196256
505000 0 0.00628538 0 0.00527234 0 0.00164088 0 0.00523967 0 0.00532473 0 0.00196656
506067 0 0.00638745 0 0.00534818 0 0.00164517 0 0.00532995 0 0.0053978 0 0.00197054
507130 0 0.00648926 0 0.0054245 0 0.00164943 0 0.00542007 0 0.00547117 0 0.00197449
508188 0 0.00659085 0 0.00550117 0 0.00165368 0 0.00550964 0 0.00554473 0 0.00197842
509242 0 0.00669228 0 0.00557819 0 0.00165791 0 0.00560004 0 0.0056185 0 0.00198234
510291 0 0.0067936 0 0.005655 0 0.00166213 0 0.00569187 0 0.00569244 0 0.00198626
511337 0 0.0068947 0 0.00573129 0 0.00166632 0 0.0057834 0 0.00576644 0 0.00199016
512379 0 0.0069956 0 0.00580774 0 0.0016705 0 0.00587455 0 0.00584059 0 0.00199406
513417 0 0.00709634 0 0.00588435 0 0.00167467 0 0.00596531 0 0.00591486 0 0.00199794
514451 0 0.00719693 0 0.0059611 0 0.00167882 0 0.00605566 0 0.00598926 0 0.00200181
515474 0 0.00729718 0 0.00603821 0 0.00168296 0 0.00614472 0 0.00606333 0 0.00200566
516489 0 0.00739625 0 0.00611591 0 0.00168712 0 0.00623272 0 0.00613776 0 0.0020095
517487 0 0.00749136 0 0.00619599 0 0.00169127 0 0.00631612 0 0.00621417 0 0.00201337
518461 0 0.00758753 0 0.00627496 0 0.00169536 0 0.00640054 0 0.00628938 0 0.00201729
519428 0 0.00768379 0 0.00635387 0 0.00169942 0 0.00648507 0 0.0063645 0 0.00202119
520391 0 0.00777996 0 0.00643286 0 0.00170348 0 0.00656942 0 0.00643961 0 0.00202507
521346 0 0.0078866 0 0.00651211 0 0.00170747 0 0.00665441 0 0.00651421 0 0.00202893
522287 0 0.00801505 0 0.00659171 0 0.00171134 0 0.00674101 0 0.00658758 0 0.00203276
523226 0 0.00814307 0 0.00667151 0 0.0017152 0 0.0068273 0 0.00666109 0 0.00203658
524161 0 0.00827031 0 0.00675151 0 0.00171906 0 0.00691322 0 0.0067348 0 0.00204039
525095 0 0.00839625 0 0.0068317 0 0.00172292 0 0.00699869 0 0.00680875 0 0.0020442
526025 0 0.00852155 0 0.00691212 0 0.00172678 0 0.00708379 0 0.00688288 0 0.002048
526952 0 0.00864619 0 0.00699275 0 0.00173063 0 0.0071685 0 0.0069572 0 0.00205179
527876 0 0.0087703 0 0.00707349 0 0.00173448 0 0.007253 0 0.00703161 0 0.00205558
528797 0 0.00889386 0 0.00715434 0 0.00173832 0 0.00733727 0 0.00710611 0 0.00205936
529716 0 0.00901685 0 0.00723612 0 0.00174216 0 0.00742117 0 0.00718073 0 0.00206313
530632 0 0.00913935 0 0.00731805 0 0.001746 0 0.0075048 0 0.00725538 0 0.00206689
531545 0 0.00926115 0 0.00739985 0 0.00174982 0 0.00758806 0 0.00733013 0 0.00207065
532456 0 0.00938251 0 0.00748132 0 0.00175363 0 0.00767099 0 0.00740489 0 0.00207441
533364 0 0.00950339 0 0.00756293 0 0.00175744 0 0.00775305 0 0.00747971 0 0.00207816
534270 0 0.00962382 0 0.00764466 0 0.00176124 0 0.00783442 0 0.0075546 0 0.00208191
535172 0 0.0097458 0 0.00772618 0 0.00176503 0 0.0079149 0 0.00762985 0 0.00208566
536065 0 0.00987541 0 0.00780651 0 0.00176875 0 0.00799332 0 0.00770633 0 0.00208939
536952 0 0.0100044 0 0.00788659 0 0.00177261 0 0.00807099 0 0.00778257 0 0.00209334
537833 0 0.0101326 0 0.00796615 0 0.00177665 0 0.00814783 0 0.00785912 0 0.00210398
538711 0 0.0102603 0 0.00804581 0 0.00178068 0 0.00822406 0 0.00793573 0 0.00211461
539586 0 0.0103876 0 0.00812556 0 0.0017847 0 0.00829987 0 0.00801243 0 0.00212523
540459 0 0.0105146 0 0.00820541 0 0.00178872 0 0.00837537 0 0.00808925 0 0.00213585
541329 0 0.0106411 0 0.00828535 0 0.00179274 0 0.00845055 0 0.00816619 0 0.00214645
542187 0 0.010767 0 0.0083849 0 0.00179688 0 0.00852387 0 0.00824492 0 0.00215675
543041 0 0.0108924 0 0.00848832 0 0.00180105 0 0.00859655 0 0.00832411 0 0.00216699
543892 0 0.0110174 0 0.00859186 0 0.0018052 0 0.00866886 0 0.00840344 0 0.00217722
544740 0 0.011142 0 0.00869547 0 0.00180936 0 0.00874078 0 0.00848261 0 0.00218741
545586 0 0.0112661 0 0.00879917 0 0.00181351 0 0.00881233 0 0.00856175 0 0.00219759
546429 0 0.0113897 0 0.00890297 0 0.00181765 0 0.0088835 0 0.00864098 0 0.00220775
547269 0 0.0115128 0 0.0090069 0 0.00182179 0 0.00895427 0 0.00872031 0 0.00221789
548099 0 0.011634 0 0.00911219 0 0.00182586 0 0.00902343 0 0.00880108 0 0.00222776
548923 0 0.011754 0 0.00921819 0 0.0018299 0 0.00909165 0 0.00888261 0 0.00223748
549734 0 0.0118715 0 0.00932674 0 0.00183378 0 0.00915768 0 0.00896572 0 0.00224659
550542 0 0.0119885 0 0.00943518 0 0.00183766 0 0.0092235 0 0.00904871 0 0.00225568
551336 0 0.0121067 0 0.00954211 0 0.00184151 0 0.00929092 0 0.00913042 0 0.00226465
552111 0 0.0122287 0 0.00964574 0 0.0018453 0 0.00936154 0 0.00920903 0 0.00227323
552883 0 0.0123502 0 0.0097494 0 0.00184909 0 0.00943171 0 0.00928766 0 0.00228179
553654 0 0.0124711 0 0.00985305 0 0.00185287 0 0.00950146 0 0.00936623 0 0.00229034
554422 0 0.0125914 0 0.00995678 0 0.00185664 0 0.00957065 0 0.00944486 0 0.00229888
555187 0 0.0127109 0 0.0100606 0 0.00186041 0 0.00963925 0 0.00952379 0 0.00230741
555940 0 0.0128279 0 0.0101668 0 0.00186406 0 0.00970743 0 0.00962202 0 0.00231661
556691 0 0.0129442 0 0.0102732 0 0.0018677 0 0.00977494 0 0.00972027 0 0.0023258
557438 0 0.0130603 0 0.0103793 0 0.00187134 0 0.00984317 0 0.0098186 0 0.00233494
558180 0 0.0131765 0 0.0104849 0 0.00187496 0 0.00991346 0 0.00991705 0 0.002344
558919 0 0.0132919 0 0.0105906 0 0.00187858 0 0.00998293 0 0.0100155 0 0.00235305
559654 0 0.0134065 0 0.0106964 0 0.00188219 0 0.0100515 0 0.010114 0 0.00236208
560386 0 0.0135202 0 0.0108024 0 0.00188579 0 0.010119 0 0.0102125 0 0.00237109
561127 0 0.0136374 0 0.010908 0 0.00188941 0 0.0101885 0 0.0103107 0 0.00238017
561874 0 0.013756 0 0.0110134 0 0.00189305 0 0.0102592 0 0.0104087 0 0.00238927
562617 0 0.0138753 0 0.011118 0 0.00189666 0 0.0103412 0 0.010507 0 0.00239841
563356 0 0.0139942 0 0.0112223 0 0.00190026 0 0.0104266 0 0.0106055 0 0.00240755
564089 0 0.0141134 0 0.0113261 0 0.00190384 0 0.0105113 0 0.0107037 0 0.00241658
564819 0 0.0142321 0 0.01143 0 0.00190742 0 0.0105957 0 0.0108019 0 0.0024256
565547 0 0.0143501 0 0.0115337 0 0.00191104 0 0.0106795 0 0.0109004 0 0.00243478
566268 0 0.0144657 0 0.0116393 0 0.00191466 0 0.0107599 0 0.0110003 0 0.00244383
566984 0 0.0145798 0 0.0117459 0 0.00191826 0 0.0108381 0 0.0111012 0 0.00245278
567700 0 0.0146935 0 0.0118525 0 0.00192186 0 0.0109161 0 0.0112022 0 0.00246173
568412 0 0.0148064 0 0.0119594 0 0.00192552 0 0.0109937 0 0.0113031 0 0.0024708
569118 0 0.0149158 0 0.0120684 0 0.00192924 0 0.0110683 0 0.011406 0 0.00247992
569819 0 0.0150236 0 0.0121782 0 0.00193299 0 0.0111416 0 0.0115097 0 0.00248903
570520 0 0.015131 0 0.0122881 0 0.00193673 0 0.0112145 0 0.0116134 0 0.00249814
571218 0 0.0152379 0 0.012398 0 0.00194047 0 0.0112871 0 0.0117173 0 0.00250724
571916 0 0.0153444 0 0.012508 0 0.00194422 0 0.0113594 0 0.0118213 0 0.00251636
572612 0 0.0154506 0 0.0126178 0 0.00194797 0 0.0114323 0 0.011925 0 0.00252549
573305 0 0.015555 0 0.0127289 0 0.0019517 0 0.011512 0 0.0120287 0 0.00253478
573995 0 0.0156589 0 0.01284 0 0.00195543 0 0.0115915 0 0.0121323 0 0.00254406
574685 0 0.0157617 0 0.0129511 0 0.00195916 0 0.0116709 0 0.012236 0 0.00255334
575373 0 0.0158638 0 0.0130623 0 0.00196289 0 0.01175 0 0.0123397 0 0.00256262
576063 0 0.0159704 0 0.013174 0 0.00196662 0 0.011829 0 0.0124432 0 0.00257196
576754 0 0.016078 0 0.0132856 0 0.00197034 0 0.0119079 0 0.0125466 0 0.00258132
577442 0 0.0161853 0 0.0133975 0 0.00197404 0 0.0119865 0 0.0126526 0 0.00259076
578130 0 0.0162922 0 0.0135095 0 0.00197774 0 0.0120655 0 0.0127602 0 0.00260027
578817 0 0.0163988 0 0.0136215 0 0.00198144 0 0.0121448 0 0.012868 0 0.00260978
579501 0 0.0165046 0 0.0137329 0 0.00198516 0 0.0122234 0 0.0129752 0 0.00261971
580182 0 0.01661 0 0.0138441 0 0.00198889 0 0.0123015 0 0.013082 0 0.00262988
580862 0 0.016715 0 0.0139552 0 0.00199262 0 0.0123793 0 0.0131889 0 0.00264005
581540 0 0.0168197 0 0.0140665 0 0.00199636 0 0.0124567 0 0.0132958 0 0.00265023
582218 0 0.0169241 0 0.0141777 0 0.00200009 0 0.0125338 0 0.0134027 0 0.00266041
582894 0 0.0170283 0 0.014289 0 0.00200382 0 0.0126105 0 0.0135097 0 0.0026706
583569 0 0.0171323 0 0.0144003 0 0.00200755 0 0.012687 0 0.0136166 0 0.00268079
584242 0 0.017236 0 0.0145117 0 0.00201128 0 0.012763 0 0.0137236 0 0.00269099
584915 0 0.0173394 0 0.0146231 0 0.00201501 0 0.0128386 0 0.0138306 0 0.00270119
585586 0 0.0174425 0 0.0147345 0 0.00201874 0 0.0129139 0 0.0139375 0 0.0027114
586256 0 0.0175454 0 0.014846 0 0.00202247 0 0.0129887 0 0.0140445 0 0.00272162
586924 0 0.017648 0 0.0149576 0 0.0020262 0 0.0130631 0 0.0141515 0 0.00273184
587592 0 0.0177503 0 0.0150691 0 0.00202993 0 0.013137 0 0.0142585 0 0.00274206
588257 0 0.0178522 0 0.0151807 0 0.00203366 0 0.0132104 0 0.0143655 0 0.00275229
588921 0 0.0179539 0 0.0152924 0 0.00203738 0 0.0132832 0 0.0144725 0 0.00276253
589584 0 0.0180554 0 0.0154041 0 0.00204111 0 0.0133554 0 0.0145795 0 0.00277277
590245 0 0.0181566 0 0.0155158 0 0.00204483 0 0.0134271 0 0.0146865 0 0.00278301
590904 0 0.0182575 0 0.0156276 0 0.00204856 0 0.013498 0 0.0147935 0 0.00279325
591561 0 0.0183582 0 0.0157393 0 0.00205228 0 0.0135679 0 0.0149005 0 0.00280348
592212 0 0.0184592 0 0.0158507 0 0.00205598 0 0.0136371 0 0.0150071 0 0.00281363
592856 0 0.0185594 0 0.0159625 0 0.00205966 0 0.0137045 0 0.0151121 0 0.00282378
593494 0 0.018659 0 0.0160741 0 0.00206333 0 0.0137721 0 0.015216 0 0.00283389
594131 0 0.0187582 0 0.0161858 0 0.002067 0 0.0138394 0 0.01532 0 0.00284401
594766 0 0.0188569 0 0.0162976 0 0.00207067 0 0.0139063 0 0.0154241 0 0.00285412
595399 0 0.018955 0 0.0164097 0 0.00207763 0 0.0139728 0 0.015528 0 0.00286439
596027 0 0.0190516 0 0.0165229 0 0.0020879 0 0.0140388 0 0.0156324 0 0.00287471
596642 0 0.0191455 0 0.0166385 0 0.00209777 0 0.0141024 0 0.0157394 0 0.00288459
597256 0 0.0192391 0 0.0167542 0 0.00210764 0 0.0141656 0 0.0158463 0 0.00289449
597869 0 0.0193322 0 0.0168698 0 0.0021175 0 0.0142286 0 0.0159533 0 0.00290438
598480 0 0.019425 0 0.0169856 0 0.00212736 0 0.0142914 0 0.0160604 0 0.00291428
599087 0 0.0195171 0 0.0171008 0 0.00213758 0 0.0143536 0 0.016167 0 0.00292424
599691 0 0.0196087 0 0.0172155 0 0.00214804 0 0.0144158 0 0.0162719 0 0.00293421
600290 0 0.0197011 0 0.0173293 0 0.00215842 0 0.0144788 0 0.0163757 0 0.00294407
600885 0 0.0197934 0 0.0174427 0 0.00216877 0 0.0145419 0 0.0164793 0 0.00295391
601475 0 0.0198856 0 0.0175561 0 0.00217905 0 0.0146049 0 0.0165832 0 0.00296371
602058 0 0.0199773 0 0.0176697 0 0.00218917 0 0.0146674 0 0.0166876 0 0.00297344
602638 0 0.0200689 0 0.017783 0 0.0021993 0 0.0147301 0 0.0167916 0 0.00298315
603215 0 0.0201606 0 0.0178958 0 0.00220943 0 0.0147932 0 0.0168951 0 0.00299283
603791 0 0.0202516 0 0.0180085 0 0.00221956 0 0.0148559 0 0.0169986 0 0.00300252
604365 0 0.020342 0 0.0181213 0 0.00222969 0 0.0149182 0 0.0171022 0 0.00301221
604937 0 0.0204318 0 0.018234 0 0.00223982 0 0.0149801 0 0.0172057 0 0.0030219
605508 0 0.0205211 0 0.0183467 0 0.00224996 0 0.0150417 0 0.0173093 0 0.00303159
606078 0 0.0206099 0 0.0184595 0 0.0022601 0 0.0151028 0 0.0174129 0 0.00304128
606646 0 0.0206984 0 0.0185723 0 0.00227023 0 0.0151635 0 0.0175164 0 0.00305097
607212 0 0.0207866 0 0.0186851 0 0.00228036 0 0.0152237 0 0.01762 0 0.00306067
607777 0 0.0208744 0 0.0187979 0 0.00229049 0 0.0152834 0 0.0177236 0 0.00307036
608341 0 0.0209619 0 0.0189108 0 0.00230062 0 0.0153426 0 0.0178272 0 0.00308005
608902 0 0.021049 0 0.0190238 0 0.00231074 0 0.0154012 0 0.0179309 0 0.00308974
609458 0 0.0211408 0 0.0191362 0 0.00232091 0 0.0154579 0 0.0180336 0 0.00309927
610011 0 0.0212347 0 0.0192485 0 0.00233105 0 0.0155133 0 0.0181364 0 0.00310878
610560 0 0.021328 0 0.0193607 0 0.00234129 0 0.015568 0 0.0182393 0 0.0031184
611107 0 0.0214209 0 0.0194729 0 0.00235163 0 0.0156217 0 0.018342 0 0.00312814
611655 0 0.0215133 0 0.0195844 0 0.00236205 0 0.0156761 0 0.0184445 0 0.00313799
612213 0 0.0216056 0 0.0196949 0 0.00237263 0 0.0157349 0 0.0185466 0 0.00314799
612771 0 0.0216976 0 0.0198052 0 0.00238326 0 0.0157936 0 0.0186486 0 0.00315802
613329 0 0.0217892 0 0.0199155 0 0.00239394 0 0.015852 0 0.0187505 0 0.00316807
613892 0 0.0218803 0 0.0200254 0 0.00240479 0 0.0159104 0 0.0188519 0 0.0031782
614457 0 0.021971 0 0.0201352 0 0.0024157 0 0.0159686 0 0.0189531 0 0.00318837
615020 0 0.0220613 0 0.020245 0 0.00242663 0 0.0160266 0 0.0190542 0 0.00319854
615582 0 0.0221512 0 0.0203547 0 0.00243757 0 0.0160843 0 0.0191554 0 0.00320872
616142 0 0.0222406 0 0.0204645 0 0.00244852 0 0.0161417 0 0.0192565 0 0.00321891
616702 0 0.0223298 0 0.0205741 0 0.00245969 0 0.0161987 0 0.0193574 0 0.00322921
617260 0 0.0224188 0 0.0206837 0 0.00247095 0 0.0162555 0 0.0194583 0 0.00323955
617817 0 0.0225074 0 0.0207933 0 0.00248223 0 0.0163119 0 0.0195592 0 0.0032499
618373 0 0.0225958 0 0.0209029 0 0.00249351 0 0.0163681 0 0.01966 0 0.00326027
618924 0 0.0226831 0 0.0210135 0 0.00250464 0 0.016423 0 0.0197618 0 0.00327046
619469 0 0.0227698 0 0.0211255 0 0.0025155 0 0.0164764 0 0.0198651 0 0.00328041
620012 0 0.0228562 0 0.0212375 0 0.00252638 0 0.0165295 0 0.0199683 0 0.00329036
620554 0 0.0229424 0 0.0213495 0 0.00253727 0 0.0165822 0 0.0200715 0 0.00330033
621095 0 0.0230281 0 0.0214616 0 0.00254816 0 0.0166346 0 0.0201747 0 0.00331031
621634 0 0.0231136 0 0.0215736 0 0.00255907 0 0.0166866 0 0.0202779 0 0.0033203
622173 0 0.0231987 0 0.0216857 0 0.00256998 0 0.0167382 0 0.020381 0 0.0033303
622710 0 0.0232834 0 0.0217977 0 0.0025809 0 0.0167895 0 0.0204841 0 0.00334031
623246 0 0.0233678 0 0.0219098 0 0.00259183 0 0.0168404 0 0.0205873 0 0.00335033
623781 0 0.0234519 0 0.0220217 0 0.00260278 0 0.0168912 0 0.0206904 0 0.00336037
624316 0 0.0235356 0 0.0221337 0 0.00261374 0 0.0169418 0 0.0207934 0 0.00337043
624847 0 0.0236193 0 0.0222454 0 0.00262469 0 0.0169927 0 0.0208963 0 0.00338055
625369 0 0.0237044 0 0.0223559 0 0.00263551 0 0.0170454 0 0.0209982 0 0.00339089
625889 0 0.0237891 0 0.0224664 0 0.00264634 0 0.0170981 0 0.0211001 0 0.00340126
626408 0 0.0238735 0 0.0225768 0 0.00265717 0 0.0171508 0 0.0212019 0 0.00341165
626925 0 0.0239576 0 0.0226871 0 0.00266801 0 0.0172035 0 0.0213037 0 0.00342206
627441 0 0.0240414 0 0.0227974 0 0.00267884 0 0.0172562 0 0.0214053 0 0.00343248
627956 0 0.0241249 0 0.0229075 0 0.00268968 0 0.0173089 0 0.0215069 0 0.00344292
628467 0 0.0242083 0 0.0230174 0 0.0027005 0 0.0173616 0 0.0216083 0 0.00345338
628975 0 0.0242917 0 0.0231269 0 0.00271129 0 0.0174144 0 0.0217094 0 0.00346377
629482 0 0.0243748 0 0.0232363 0 0.00272207 0 0.0174671 0 0.0218103 0 0.00347418
629981 0 0.0244582 0 0.0233449 0 0.00273261 0 0.0175209 0 0.0219106 0 0.00348449
630471 0 0.0245422 0 0.0234522 0 0.00274272 0 0.0175763 0 0.0220099 0 0.00349463
630958 0 0.0246261 0 0.0235592 0 0.00275278 0 0.0176319 0 0.022109 0 0.00350476
631444 0 0.0247095 0 0.023666 0 0.00276283 0 0.0176875 0 0.022208 0 0.00351489
631930 0 0.0247921 0 0.023773 0 0.00277289 0 0.0177428 0 0.0223072 0 0.00352501
632413 0 0.0248749 0 0.0238792 0 0.00278287 0 0.0177988 0 0.0224056 0 0.00353507
632894 0 0.0249573 0 0.0239853 0 0.00279283 0 0.0178549 0 0.0225039 0 0.0035451
633374 0 0.0250392 0 0.0240912 0 0.00280277 0 0.017911 0 0.022602 0 0.00355513
633852 0 0.0251215 0 0.024197 0 0.00281269 0 0.0179673 0 0.0227001 0 0.00356516
634333 0 0.0252103 0 0.0243029 0 0.00282258 0 0.0180236 0 0.0227977 0 0.00357526
634811 0 0.0252993 0 0.0244082 0 0.00283245 0 0.0180806 0 0.0228948 0 0.00358533
635286 0 0.0253884 0 0.0245131 0 0.00284146 0 0.0181381 0 0.0229912 0 0.00359548
635759 0 0.0254771 0 0.024618 0 0.00284993 0 0.0181956 0 0.0230874 0 0.00360568
636234 0 0.025565 0 0.0247232 0 0.00285848 0 0.0182524 0 0.0231839 0 0.00361595
636708 0 0.0256525 0 0.0248284 0 0.00286705 0 0.018309 0 0.0232803 0 0.00362623
637182 0 0.0257396 0 0.0249335 0 0.00287564 0 0.0183655 0 0.0233767 0 0.00363684
637653 0 0.0258261 0 0.0250381 0 0.00288456 0 0.0184219 0 0.0234738 0 0.00365491
638123 0 0.0259121 0 0.0251427 0 0.00289349 0 0.018478 0 0.0235708 0 0.00367301
638593 0 0.0259977 0 0.0252473 0 0.00290243 0 0.0185341 0 0.0236678 0 0.00369113
639062 0 0.0260828 0 0.0253518 0 0.00291139 0 0.01859 0 0.0237648 0 0.00370927
639529 0 0.0261675 0 0.0254562 0 0.00292034 0 0.0186461 0 0.0238615 0 0.00372737
639995 0 0.0262516 0 0.0255605 0 0.0029293 0 0.0187021 0 0.0239582 0 0.00374549
640460 0 0.0263352 0 0.0256648 0 0.00293828 0 0.0187579 0 0.0240549 0 0.00376363
640923 0 0.0264183 0 0.025769 0 0.00294728 0 0.0188135 0 0.0241515 0 0.00378188
641384 0 0.0265002 0 0.0258722 0 0.00295637 0 0.0188684 0 0.024247 0 0.00380134
641843 0 0.0265816 0 0.0259753 0 0.00296548 0 0.0189232 0 0.0243425 0 0.00382084
642301 0 0.0266624 0 0.0260785 0 0.00297461 0 0.0189778 0 0.0244379 0 0.00384036
642759 0 0.0267426 0 0.0261816 0 0.00298376 0 0.0190323 0 0.0245333 0 0.00385991
643215 0 0.0268222 0 0.0262847 0 0.00299292 0 0.0190865 0 0.0246287 0 0.00387949
643670 0 0.0269011 0 0.0263878 0 0.00300211 0 0.0191406 0 0.024724 0 0.0038991
644125 0 0.0269794 0 0.0264909 0 0.00301131 0 0.0191945 0 0.0248193 0 0.00391873
644578 0 0.0270569 0 0.0265939 0 0.00302052 0 0.0192482 0 0.0249146 0 0.0039384
645030 0 0.0271337 0 0.0266969 0 0.00302975 0 0.0193017 0 0.0250099 0 0.00395809
645480 0 0.0272096 0 0.0267999 0 0.00303899 0 0.019355 0 0.0251052 0 0.0039778
645930 0 0.0272848 0 0.0269028 0 0.00304824 0 0.0194082 0 0.0252005 0 0.00399753
646378 0 0.027359 0 0.0270058 0 0.00305749 0 0.0194611 0 0.0252958 0 0.00401728
646825 0 0.0274323 0 0.0271087 0 0.00306676 0 0.0195138 0 0.0253912 0 0.00403704
647276 0 0.0275133 0 0.0272113 0 0.00307599 0 0.0195663 0 0.0254862 0 0.00405713
647728 0 0.0275996 0 0.027312 0 0.00308512 0 0.0196184 0 0.0255807 0 0.00407775
648180 0 0.0276857 0 0.0274127 0 0.00309426 0 0.0196702 0 0.0256753 0 0.00409841
648630 0 0.0277716 0 0.0275133 0 0.0031034 0 0.0197218 0 0.0257698 0 0.00411911
649080 0 0.0278573 0 0.027614 0 0.00311256 0 0.0197732 0 0.0258643 0 0.00413985
649525 0 0.0279429 0 0.0277145 0 0.00312181 0 0.0198252 0 0.0259584 0 0.00416036
649967 0 0.0280284 0 0.0278149 0 0.00313114 0 0.0198777 0 0.0260522 0 0.0041807
650404 0 0.0281128 0 0.0279165 0 0.00314029 0 0.0199289 0 0.0261471 0 0.00420064
650839 0 0.0281974 0 0.0280179 0 0.00314936 0 0.0199816 0 0.0262421 0 0.00422042
651273 0 0.0282828 0 0.0281184 0 0.00315842 0 0.0200372 0 0.0263364 0 0.00424018
651707 0 0.0283679 0 0.0282189 0 0.00316748 0 0.0200926 0 0.0264306 0 0.00425995
652140 0 0.0284528 0 0.0283193 0 0.00317656 0 0.0201479 0 0.0265248 0 0.00427975
652573 0 0.0285375 0 0.0284198 0 0.00318564 0 0.020203 0 0.026619 0 0.00429956
653005 0 0.0286221 0 0.0285202 0 0.00319473 0 0.0202579 0 0.0267132 0 0.00431941
653436 0 0.0287066 0 0.0286205 0 0.00320383 0 0.0203126 0 0.0268073 0 0.00433928
653861 0 0.028792 0 0.0287201 0 0.0032128 0 0.0203684 0 0.0269006 0 0.00435894
654282 0 0.028877 0 0.0288201 0 0.00322174 0 0.0204235 0 0.0269943 0 0.00437845
654703 0 0.0289615 0 0.0289202 0 0.00323072 0 0.0204781 0 0.0270881 0 0.00439797
655120 0 0.0290455 0 0.0290191 0 0.00324035 0 0.020532 0 0.0271808 0 0.00441788
655536 0 0.0291294 0 0.029118 0 0.00325002 0 0.0205858 0 0.0272734 0 0.00443837
655951 0 0.0292129 0 0.0292171 0 0.00325972 0 0.0206391 0 0.0273663 0 0.00445916
656365 0 0.0292955 0 0.0293168 0 0.00326949 0 0.0206914 0 0.0274597 0 0.00447999
656777 0 0.029378 0 0.0294166 0 0.00327928 0 0.0207434 0 0.027553 0 0.00450086
657188 0 0.0294602 0 0.0295161 0 0.00328922 0 0.0207949 0 0.0276461 0 0.00452209
657598 0 0.0295422 0 0.0296156 0 0.00329923 0 0.0208462 0 0.0277391 0 0.00454344
658007 0 0.0296241 0 0.0297151 0 0.00330925 0 0.0208972 0 0.0278319 0 0.00456483
658416 0 0.0297059 0 0.0298146 0 0.00331929 0 0.0209479 0 0.0279248 0 0.00458626
658824 0 0.0297876 0 0.029914 0 0.00332934 0 0.0209984 0 0.0280175 0 0.00460771
659231 0 0.0298691 0 0.0300133 0 0.00333942 0 0.0210487 0 0.0281102 0 0.0046292
659637 0 0.0299505 0 0.0301127 0 0.00334952 0 0.0210986 0 0.0282028 0 0.00465072
660042 0 0.0300317 0 0.0302119 0 0.00335963 0 0.0211483 0 0.0282954 0 0.00467227
660447 0 0.0301129 0 0.0303112 0 0.00336976 0 0.0211977 0 0.0283878 0 0.00469385
660850 0 0.0301939 0 0.0304104 0 0.0033799 0 0.0212467 0 0.0284802 0 0.00471546
661255 0 0.0302746 0 0.0305097 0 0.00339 0 0.0212949 0 0.0285727 0 0.00473725
661660 0 0.030355 0 0.030609 0 0.00340006 0 0.0213423 0 0.0286653 0 0.00475922
662064 0 0.0304353 0 0.0307082 0 0.00341014 0 0.0213892 0 0.0287578 0 0.00478122
662466 0 0.0305155 0 0.0308075 0 0.00342023 0 0.0214358 0 0.0288502 0 0.00480326
662868 0 0.0305955 0 0.0309067 0 0.00343033 0 0.0214819 0 0.0289425 0 0.00482532
663269 0 0.0306754 0 0.0310059 0 0.0034404 0 0.0215275 0 0.0290349 0 0.00484734
663669 0 0.0307552 0 0.0311053 0 0.00345042 0 0.0215726 0 0.0291274 0 0.00486928
664068 0 0.0308349 0 0.0312046 0 0.00346044 0 0.0216172 0 0.0292198 0 0.00489124
664465 0 0.0309144 0 0.031304 0 0.00347047 0 0.0216612 0 0.0293121 0 0.00491321
664861 0 0.0309938 0 0.0314033 0 0.0034805 0 0.0217044 0 0.0294044 0 0.0049352
665255 0 0.0310729 0 0.0315027 0 0.00349053 0 0.0217469 0 0.0294966 0 0.00495719
665647 0 0.0311519 0 0.0316022 0 0.00350056 0 0.0217885 0 0.0295888 0 0.00497918
666039 0 0.0312308 0 0.0317016 0 0.0035106 0 0.0218298 0 0.0296809 0 0.00500119
666430 0 0.0313095 0 0.0318009 0 0.00352065 0 0.0218711 0 0.0297729 0 0.00502323
666820 0 0.0313882 0 0.0319002 0 0.00353072 0 0.0219124 0 0.0298649 0 0.00504529
667210 0 0.0314665 0 0.0319996 0 0.00354388 0 0.0219536 0 0.0299565 0 0.00506764
667598 0 0.0315443 0 0.032099 0 0.00356299 0 0.0219945 0 0.0300477 0 0.00509054
667985 0 0.0316219 0 0.0321983 0 0.00358246 0 0.0220353 0 0.0301387 0 0.00511348
668372 0 0.0316994 0 0.0322976 0 0.00360197 0 0.0220761 0 0.0302296 0 0.00513646
668759 0 0.0317768 0 0.0323968 0 0.00362152 0 0.0221168 0 0.0303205 0 0.00515946
669143 0 0.0318537 0 0.0324964 0 0.00364098 0 0.0221575 0 0.0304116 0 0.0051826
669527 0 0.0319304 0 0.0325962 0 0.00366043 0 0.022198 0 0.0305027 0 0.00520581
669909 0 0.032007 0 0.0326959 0 0.00367991 0 0.0222386 0 0.0305937 0 0.00522904
670292 0 0.0320834 0 0.0327955 0 0.00369941 0 0.022279 0 0.0306847 0 0.00525231
670673 0 0.0321597 0 0.0328952 0 0.00371893 0 0.0223195 0 0.0307757 0 0.00527561
671054 0 0.0322359 0 0.0329947 0 0.00373847 0 0.0223599 0 0.0308666 0 0.00529894
671434 0 0.0323119 0 0.0330942 0 0.00375804 0 0.0224002 0 0.0309574 0 0.0053223
671813 0 0.0323879 0 0.0331936 0 0.00377761 0 0.0224405 0 0.0310482 0 0.00534564
672190 0 0.0324642 0 0.0332928 0 0.00379714 0 0.0224808 0 0.0311387 0 0.00536885
672565 0 0.0325403 0 0.0333918 0 0.00381668 0 0.0225209 0 0.0312291 0 0.00539207
672939 0 0.0326162 0 0.0334909 0 0.00383623 0 0.0225611 0 0.0313195 0 0.0054153
673326 0 0.0326926 0 0.0335888 0 0.00385615 0 0.0226062 0 0.0314094 0 0.00543872
673713 0 0.0327688 0 0.0336865 0 0.0038763 0 0.0226513 0 0.0314989 0 0.00546233
674098 0 0.0328447 0 0.0337839 0 0.0038968 0 0.0226963 0 0.031588 0 0.00548623
674483 0 0.0329204 0 0.0338812 0 0.00391734 0 0.0227412 0 0.0316769 0 0.00551015
674867 0 0.0329959 0 0.0339791 0 0.00393791 0 0.022786 0 0.0317658 0 0.0055341
675251 0 0.0330714 0 0.034077 0 0.00395853 0 0.0228308 0 0.0318545 0 0.00555808
675635 0 0.0331467 0 0.0341748 0 0.0039792 0 0.0228756 0 0.0319432 0 0.0055821
676018 0 0.0332219 0 0.0342725 0 0.00399992 0 0.0229203 0 0.0320318 0 0.00560615
676400 0 0.0332974 0 0.0343698 0 0.00402063 0 0.0229654 0 0.03212 0 0.00563015
676782 0 0.0333728 0 0.0344669 0 0.00404137 0 0.0230105 0 0.032208 0 0.00565416
677164 0 0.0334481 0 0.0345639 0 0.00406217 0 0.0230556 0 0.0322958 0 0.00567821
677545 0 0.0335233 0 0.0346608 0 0.00408302 0 0.0231007 0 0.0323836 0 0.00570229
677925 0 0.0335986 0 0.0347574 0 0.0041039 0 0.023146 0 0.0324711 0 0.00572638
678305 0 0.0336739 0 0.0348537 0 0.00412483 0 0.0231915 0 0.0325584 0 0.00575047
678689 0 0.0337493 0 0.0349497 0 0.00414608 0 0.0232372 0 0.0326451 0 0.00577476
679078 0 0.0338238 0 0.0350459 0 0.00416765 0 0.0232819 0 0.032732 0 0.0057992
679475 0 0.0338964 0 0.035143 0 0.0041896 0 0.0233247 0 0.0328197 0 0.00582378
679871 0 0.0339689 0 0.0352401 0 0.0042116 0 0.0233675 0 0.0329073 0 0.00584839
680266 0 0.0340412 0 0.035337 0 0.00423366 0 0.0234102 0 0.0329947 0 0.00587302
680661 0 0.0341134 0 0.0354339 0 0.00425577 0 0.0234528 0 0.0330821 0 0.00589768
681056 0 0.0341855 0 0.0355307 0 0.00427793 0 0.0234954 0 0.0331693 0 0.00592235
681450 0 0.0342575 0 0.0356275 0 0.00430014 0 0.0235379 0 0.0332564 0 0.00594704
681843 0 0.0343293 0 0.0357241 0 0.00432241 0 0.0235804 0 0.0333434 0 0.00597176
682235 0 0.0344009 0 0.0358207 0 0.00434473 0 0.0236228 0 0.0334302 0 0.00599649
682627 0 0.0344724 0 0.0359171 0 0.00436711 0 0.0236651 0 0.0335169 0 0.00602123
683018 0 0.0345438 0 0.0360135 0 0.00438954 0 0.0237074 0 0.0336035 0 0.00604599
683408 0 0.0346151 0 0.0361097 0 0.00441203 0 0.0237496 0 0.03369 0 0.00607077
683798 0 0.0346863 0 0.0362059 0 0.00443455 0 0.0237918 0 0.0337763 0 0.00609557
684187 0 0.0347573 0 0.036302 0 0.00445711 0 0.0238338 0 0.0338625 0 0.00612039
684574 0 0.0348282 0 0.036398 0 0.00447971 0 0.0238759 0 0.0339485 0 0.00614522
684962 0 0.034899 0 0.0364938 0 0.00450234 0 0.0239179 0 0.0340345 0 0.00617005
685358 0 0.0349675 0 0.0365911 0 0.00452589 0 0.0239572 0 0.0341215 0 0.00619557
685754 0 0.0350358 0 0.0366883 0 0.00454948 0 0.0239967 0 0.0342083 0 0.00622109
686150 0 0.0351038 0 0.0367854 0 0.00457314 0 0.0240361 0 0.0342951 0 0.00624667
686544 0 0.0351715 0 0.0368825 0 0.00459683 0 0.0240755 0 0.0343817 0 0.00627228
686938 0 0.0352392 0 0.0369795 0 0.00462055 0 0.0241148 0 0.0344682 0 0.00629791
687332 0 0.0353066 0 0.0370765 0 0.00464429 0 0.0241541 0 0.0345547 0 0.00632356
687724 0 0.0353738 0 0.0371734 0 0.00466804 0 0.0241934 0 0.034641 0 0.00634922
688116 0 0.0354409 0 0.0372703 0 0.00469181 0 0.0242325 0 0.0347272 0 0.0063749
688507 0 0.0355078 0 0.0373671 0 0.00471562 0 0.0242717 0 0.0348132 0 0.0064006
688898 0 0.0355746 0 0.0374638 0 0.00473949 0 0.0243109 0 0.034899 0 0.00642632
689288 0 0.0356412 0 0.0375605 0 0.00476341 0 0.0243501 0 0.0349848 0 0.00645207
689677 0 0.0357074 0 0.0376585 0 0.00478744 0 0.0243889 0 0.0350707 0 0.00647773
690065 0 0.0357736 0 0.0377563 0 0.00481151 0 0.0244277 0 0.0351564 0 0.00650342
690454 0 0.0358395 0 0.0378541 0 0.00483564 0 0.0244665 0 0.0352419 0 0.00652916
690841 0 0.0359053 0 0.0379518 0 0.00485979 0 0.0245054 0 0.0353273 0 0.00655493
691228 0 0.035971 0 0.0380493 0 0.00488397 0 0.0245442 0 0.0354124 0 0.00658071
691615 0 0.0360365 0 0.0381467 0 0.00490818 0 0.0245831 0 0.0354973 0 0.00660652
692000 0 0.0361019 0 0.0382441 0 0.00493245 0 0.0246219 0 0.0355821 0 0.00663238
692386 0 0.036167 0 0.0383413 0 0.00495676 0 0.0246607 0 0.0356666 0 0.00665828
692771 0 0.036232 0 0.0384384 0 0.00498112 0 0.0246995 0 0.0357509 0 0.00668422
693156 0 0.0362967 0 0.0385355 0 0.00500552 0 0.0247383 0 0.0358351 0 0.0067102
693540 0 0.0363613 0 0.0386324 0 0.00502998 0 0.0247771 0 0.0359189 0 0.00673622
