4871.37 -0.254031 -1.11588e-05 -0.0859325 -3.78296e-06 0 1.84375e-05 -0.440195 -1.93663e-05 -0.208827 -9.18215e-06 -0.259927 -1.2157e-05
9717.05 -0.107097 -4.7472e-06 0 5.86196e-06 0 3.66644e-05 -0.295959 -1.30725e-05 -0.0294062 -1.35294e-06 -0.133577 -6.29065e-06
14460.5 0 2.03266e-06 0 2.36335e-05 0 5.56752e-05 -0.153688 -6.86437e-06 0 1.0031e-05 -0.00968597 -5.38451e-07
19086.9 0 1.20889e-05 0 4.70681e-05 0 7.47553e-05 -0.0109096 -6.34078e-07 0 2.91042e-05 0 9.10236e-06
23633.2 0 2.61673e-05 0 7.25927e-05 0 9.37824e-05 0 7.86671e-06 0 5.23151e-05 0 2.48593e-05
28162 0 4.36315e-05 0 9.86986e-05 0 0.000113151 0 2.03189e-05 0 7.70304e-05 0 4.28075e-05
32688.1 0 6.35409e-05 0 0.000125389 0 0.000132578 0 3.63979e-05 0 0.000102351 0 6.14433e-05
37189.9 0 8.47391e-05 0 0.000152222 0 0.000151869 0 5.49752e-05 0 0.000128446 0 8.00973e-05
41691.8 0 0.000107318 0 0.000179552 0 0.000171089 0 7.54206e-05 0 0.000154783 0 9.87169e-05
46169.3 0 0.000129781 0 0.00020723 0 0.000190268 0 9.66574e-05 0 0.000181586 0 0.00011748
50625.6 0 0.000151672 0 0.000235082 0 0.00020945 0 0.000118899 0 0.000209073 0 0.000136168
55077.5 0 0.000173729 0 0.000262783 0 0.000228592 0 0.000141195 0 0.000236814 0 0.000154728
59498.3 0 0.000195872 0 0.000289885 0 0.000247513 0 0.000163553 0 0.000264719 0 0.000173176
63891.5 0 0.000218065 0 0.000316871 0 0.000266338 0 0.000185492 0 0.000292538 0 0.000191626
68260.8 0 0.000240196 0 0.000343805 0 0.000285254 0 0.00020727 0 0.000320033 0 0.000210197
72600.7 0 0.000262406 0 0.000370699 0 0.000304265 0 0.000228924 0 0.000346941 0 0.000228861
76925.4 0 0.000284731 0 0.000397563 0 0.000323347 0 0.000250536 0 0.000373582 0 0.000247596
81244.1 0 0.000307061 0 0.000424435 0 0.000342455 0 0.000272319 0 0.000400175 0 0.000266362
85559.1 0 0.000329406 0 0.000451329 0 0.00036159 0 0.000294297 0 0.000426767 0 0.000285196
89871.8 0 0.000351772 0 0.000478348 0 0.000380756 0 0.000316292 0 0.000453386 0 0.000304081
94182.9 0 0.000374165 0 0.000505434 0 0.000399993 0 0.000338311 0 0.000480035 0 0.000322992
98494.4 0 0.000396598 0 0.000532563 0 0.000419386 0 0.000360358 0 0.000506834 0 0.000341951
102806 0 0.000419078 0 0.000559733 0 0.000438942 0 0.000382432 0 0.000533693 0 0.000360952
107116 0 0.00044158 0 0.000586932 0 0.000458512 0 0.000404526 0 0.000560579 0 0.000379973
111422 0 0.000464095 0 0.000614158 0 0.00047805 0 0.000426639 0 0.000587488 0 0.000399008
115723 0 0.000486597 0 0.000641402 0 0.000497382 0 0.000448764 0 0.000614402 0 0.000418048
120017 0 0.00050908 0 0.000668665 0 0.000516442 0 0.000470902 0 0.000641317 0 0.00043711
124309 0 0.000531573 0 0.000695973 0 0.000535345 0 0.000493069 0 0.000668255 0 0.000456269
128600 0 0.000554088 0 0.000723339 0 0.000554158 0 0.000515275 0 0.00069523 0 0.000475561
132888 0 0.000576623 0 0.000750738 0 0.000572961 0 0.000537503 0 0.000722235 0 0.000494881
137174 0 0.000599177 0 0.000778165 0 0.000591766 0 0.000559751 0 0.000749267 0 0.000514213
141456 0 0.00062175 0 0.000805616 0 0.000610592 0 0.000582016 0 0.000776327 0 0.00053353
145734 0 0.000644337 0 0.000833074 0 0.000629469 0 0.000604286 0 0.000803408 0 0.000552759
150006 0 0.000666933 0 0.000860525 0 0.000648413 0 0.000626552 0 0.000830504 0 0.000571842
154274 0 0.00068954 0 0.000887973 0 0.000667427 0 0.000648817 0 0.00085762 0 0.000590791
158537 0 0.000712164 0 0.000915435 0 0.000686483 0 0.000671092 0 0.00088476 0 0.000609673
162797 0 0.000734846 0 0.000942921 0 0.000705563 0 0.000693383 0 0.000911928 0 0.000628534
167053 0 0.000757605 0 0.000970434 0 0.000724662 0 0.000715694 0 0.000939126 0 0.000647386
171307 0 0.000780384 0 0.000997978 0 0.000743776 0 0.000738027 0 0.000966355 0 0.000666245
175558 0 0.000803183 0 0.00102555 0 0.000762905 0 0.00076038 0 0.000993614 0 0.000685102
179806 0 0.000826003 0 0.00105316 0 0.000782047 0 0.000782756 0 0.00102091 0 0.000703971
184051 0 0.000848845 0 0.00108079 0 0.0008012 0 0.000805154 0 0.00104823 0 0.00072285
188293 0 0.000871708 0 0.00110847 0 0.000820366 0 0.000827584 0 0.00107559 0 0.000741741
192532 0 0.000894594 0 0.00113617 0 0.000839544 0 0.000850106 0 0.00110298 0 0.000760642
196768 0 0.000917501 0 0.00116391 0 0.000858736 0 0.00087265 0 0.0011304 0 0.000779548
201001 0 0.000940431 0 0.00119168 0 0.00087794 0 0.000895217 0 0.00115786 0 0.000798466
205230 0 0.000963383 0 0.00121949 0 0.000897155 0 0.000917805 0 0.00118535 0 0.000817395
209457 0 0.000986358 0 0.00124733 0 0.000916383 0 0.000940417 0 0.00121287 0 0.000836335
213680 0 0.00100936 0 0.0012752 0 0.000935622 0 0.000963051 0 0.00124043 0 0.000855286
217900 0 0.00103238 0 0.00130311 0 0.000954873 0 0.000985709 0 0.00126803 0 0.000874249
222117 0 0.00105542 0 0.00133106 0 0.000974136 0 0.00100839 0 0.00129566 0 0.000893222
226330 0 0.00107849 0 0.00135905 0 0.00099341 0 0.0010311 0 0.00132332 0 0.000912206
230540 0 0.00110158 0 0.00138707 0 0.0010127 0 0.00105382 0 0.00135103 0 0.000931202
234747 0 0.0011247 0 0.00141512 0 0.00103199 0 0.00107658 0 0.00137877 0 0.000950208
238950 0 0.00114784 0 0.00144322 0 0.0010513 0 0.00109936 0 0.00140654 0 0.000969226
243149 0 0.001171 0 0.00147135 0 0.00107062 0 0.00112216 0 0.00143436 0 0.000988254
247345 0 0.0011942 0 0.00149952 0 0.00108995 0 0.00114499 0 0.00146221 0 0.00100729
251537 0 0.00121741 0 0.00152773 0 0.0011093 0 0.00116784 0 0.0014901 0 0.00102634
255725 0 0.00124066 0 0.00155598 0 0.00112865 0 0.00119072 0 0.00151803 0 0.0010454
259909 0 0.00126392 0 0.00158427 0 0.00114802 0 0.00121363 0 0.00154599 0 0.00106447
264022 0 0.00128511 0 0.00161225 0 0.00116716 0 0.00123596 0 0.00157401 0 0.0010833
268092 0 0.00130509 0 0.00164005 0 0.00118619 0 0.00125797 0 0.00160206 0 0.00110199
272158 0 0.00132508 0 0.0016679 0 0.00120522 0 0.00127999 0 0.00163016 0 0.00112068
276083 0 0.00134388 0 0.00169545 0 0.00122364 0 0.0013034 0 0.00165765 0 0.00113873
279789 0 0.00136364 0 0.00172223 0 0.00124122 0 0.00132591 0 0.00168497 0 0.00115578
283487 0 0.00138342 0 0.00174904 0 0.0012588 0 0.00134844 0 0.00171231 0 0.00117282
287177 0 0.00140323 0 0.00177586 0 0.00127637 0 0.00137101 0 0.00173968 0 0.00118985
290832 0 0.00142314 0 0.00180281 0 0.00129379 0 0.00139275 0 0.00176691 0 0.00120678
294410 0 0.00144327 0 0.00183005 0 0.00131089 0 0.00141236 0 0.00179377 0 0.00122345
297979 0 0.00146341 0 0.00185731 0 0.00132798 0 0.001432 0 0.00182065 0 0.00124011
301539 0 0.00148358 0 0.00188459 0 0.00134504 0 0.00145166 0 0.00184754 0 0.00125675
305088 0 0.00150377 0 0.00191187 0 0.00136208 0 0.00147134 0 0.00187445 0 0.00127337
308609 0 0.00152418 0 0.00193903 0 0.00137902 0 0.00149131 0 0.00190125 0 0.00128989
312066 0 0.00154521 0 0.00196579 0 0.00139568 0 0.00151204 0 0.00192768 0 0.00130621
315352 0 0.00156569 0 0.00199139 0 0.00141163 0 0.00153367 0 0.00195307 0 0.00132182
318503 0 0.00158674 0 0.00201472 0 0.00142718 0 0.00155447 0 0.00197771 0 0.00133718
321606 0 0.00160789 0 0.00203814 0 0.00144254 0 0.00157575 0 0.00200251 0 0.00135235
324709 0 0.00162903 0 0.00206161 0 0.00145792 0 0.00159705 0 0.00202735 0 0.00136753
327758 0 0.00165086 0 0.00208479 0 0.00147305 0 0.00161895 0 0.00205191 0 0.00138251
330765 0 0.00167322 0 0.00210775 0 0.00148798 0 0.00164131 0 0.00207626 0 0.00139732
333709 0 0.00169522 0 0.00213029 0 0.00150297 0 0.00166321 0 0.00210067 0 0.00141241
336626 0 0.00171722 0 0.00215272 0 0.00151793 0 0.0016851 0 0.00212509 0 0.00142751
339535 0 0.00173927 0 0.00217517 0 0.00153286 0 0.00170707 0 0.00214954 0 0.00144259
342441 0 0.00176131 0 0.00219766 0 0.00154781 0 0.00172908 0 0.00217404 0 0.00145768
345339 0 0.00178339 0 0.00222015 0 0.00156273 0 0.00175112 0 0.00219855 0 0.00147276
348217 0 0.00180541 0 0.00224268 0 0.0015777 0 0.00177314 0 0.0022227 0 0.00148779
351041 0 0.00182694 0 0.00226538 0 0.00159292 0 0.00179487 0 0.00224508 0 0.00150271
353856 0 0.00184852 0 0.00228808 0 0.00160813 0 0.00181664 0 0.00226749 0 0.00151761
356587 0 0.00187065 0 0.00231031 0 0.00162291 0 0.00183954 0 0.0022894 0 0.00153216
359164 0 0.00189326 0 0.00233184 0 0.00163698 0 0.00186331 0 0.00231054 0 0.00154594
361695 0 0.00191644 0 0.00235314 0 0.00165087 0 0.00188688 0 0.00233159 0 0.00155951
364228 0 0.00193966 0 0.0023745 0 0.00166478 0 0.00191048 0 0.00235268 0 0.0015731
366754 0 0.00196293 0 0.00239586 0 0.00167868 0 0.00193414 0 0.00237379 0 0.00158668
369272 0 0.00198626 0 0.00241724 0 0.00169257 0 0.00195786 0 0.00239491 0 0.00160025
371784 0 0.00200965 0 0.00243863 0 0.00170644 0 0.00198165 0 0.00241604 0 0.0016138
374288 0 0.0020331 0 0.00246003 0 0.0017203 0 0.0020055 0 0.00243718 0 0.00162734
376752 0 0.00205716 0 0.0024812 0 0.00173396 0 0.00202989 0 0.00245811 0 0.00164071
379169 0 0.00208188 0 0.00250211 0 0.00174739 0 0.00205483 0 0.00247883 0 0.0016539
381565 0 0.00210652 0 0.00252302 0 0.00176093 0 0.00207963 0 0.0024998 0 0.00166717
383953 0 0.00213125 0 0.00254394 0 0.00177443 0 0.00210452 0 0.00252077 0 0.00168041
386311 0 0.00215611 0 0.00258194 0 0.00178795 0 0.00212909 0 0.0025423 0 0.0016933
388640 0 0.00218076 0 0.00262878 0 0.00180129 0 0.00215354 0 0.00257543 0 0.00170603
390943 0 0.00220506 0 0.00267685 0 0.0018144 0 0.00217809 0 0.00262351 0 0.00171877
393237 0 0.00222942 0 0.00272504 0 0.00182747 0 0.00220273 0 0.00267171 0 0.00173148
395533 0 0.00225376 0 0.00277354 0 0.00184058 0 0.00222736 0 0.00272021 0 0.00174421
397802 0 0.00227779 0 0.00282211 0 0.00185359 0 0.00225149 0 0.00276873 0 0.00175686
400059 0 0.00230184 0 0.00287076 0 0.00186656 0 0.00227573 0 0.00281741 0 0.00176947
402310 0 0.00232593 0 0.00291959 0 0.00187952 0 0.0023 0 0.00286635 0 0.00178208
404555 0 0.00235005 0 0.00296863 0 0.00189248 0 0.00232432 0 0.00291554 0 0.00179468
406781 0 0.00237393 0 0.00301898 0 0.00190518 0 0.00234835 0 0.00296551 0 0.00180712
409002 0 0.00239781 0 0.00306963 0 0.00191787 0 0.00237238 0 0.00301577 0 0.00181955
411218 0 0.00242169 0 0.00312055 0 0.00193055 0 0.00239643 0 0.0030663 0 0.00183197
413429 0 0.00244561 0 0.00317173 0 0.00194323 0 0.00242052 0 0.00311709 0 0.00184439
415635 0 0.00246955 0 0.00322318 0 0.0019559 0 0.00244464 0 0.00316816 0 0.0018568
417833 0 0.00249349 0 0.00327499 0 0.00196853 0 0.00246877 0 0.00321964 0 0.00186917
420006 0 0.00251719 0 0.0033275 0 0.00198092 0 0.00249273 0 0.00327234 0 0.00188131
422158 0 0.00254115 0 0.00337963 0 0.00199321 0 0.00251714 0 0.00332477 0 0.00189339
424296 0 0.00256829 0 0.00343199 0 0.00200543 0 0.00254176 0 0.00337723 0 0.00190542
426362 0 0.00262316 0 0.00348408 0 0.00201721 0 0.00256786 0 0.00342774 0 0.00191709
428384 0 0.0026806 0 0.0035347 0 0.00202881 0 0.00262411 0 0.00347855 0 0.00192847
430396 0 0.00273848 0 0.00358548 0 0.00204038 0 0.00268315 0 0.00352968 0 0.00193982
432374 0 0.00279705 0 0.00365561 0 0.0020519 0 0.00274161 0 0.00358241 0 0.00195074
434312 0 0.00285592 0 0.00373112 0 0.00206311 0 0.0028006 0 0.00364929 0 0.00196153
436222 0 0.00291343 0 0.00380845 0 0.00207411 0 0.00285947 0 0.00372722 0 0.00197225
438088 0 0.00296912 0 0.00388658 0 0.00208494 0 0.00291576 0 0.00380559 0 0.00198283
439924 0 0.00302473 0 0.00396521 0 0.00209561 0 0.00297303 0 0.00388418 0 0.00199322
441724 0 0.00308103 0 0.00404413 0 0.00210613 0 0.00303079 0 0.00396304 0 0.00200343
443500 0 0.00313826 0 0.00412264 0 0.00211654 0 0.0030887 0 0.00404238 0 0.00201352
445272 0 0.00319588 0 0.00420046 0 0.00212696 0 0.00314697 0 0.00412074 0 0.00202362
447039 0 0.00325381 0 0.00427867 0 0.00213736 0 0.00320552 0 0.00419928 0 0.00203369
448798 0 0.0033121 0 0.00435725 0 0.00214774 0 0.00326442 0 0.0042782 0 0.00204373
450552 0 0.00337072 0 0.00443627 0 0.00215809 0 0.00332364 0 0.00435755 0 0.00205376
452299 0 0.00342968 0 0.00451574 0 0.00216842 0 0.00338319 0 0.00443735 0 0.00206376
454039 0 0.00348897 0 0.00459569 0 0.00217873 0 0.00344309 0 0.00451763 0 0.00207374
455773 0 0.00354863 0 0.00467613 0 0.00218901 0 0.00350335 0 0.0045984 0 0.00208369
457500 0 0.00360867 0 0.00475707 0 0.00219926 0 0.00356399 0 0.00467967 0 0.00209361
459193 0 0.00369253 0 0.00483842 0 0.0022093 0 0.00362705 0 0.00475899 0 0.00210331
460810 0 0.00378954 0 0.00491658 0 0.0022189 0 0.00371912 0 0.00483675 0 0.00211257
462409 0 0.00388891 0 0.00499445 0 0.00222841 0 0.00381904 0 0.00491478 0 0.00212172
463995 0 0.00399176 0 0.00507144 0 0.00223788 0 0.00391942 0 0.00499345 0 0.00213081
465577 0 0.00409485 0 0.00514816 0 0.00224739 0 0.00401796 0 0.00507217 0 0.0021399
467147 0 0.0041976 0 0.00522556 0 0.00225686 0 0.00411616 0 0.00515096 0 0.00214895
468664 0 0.00429899 0 0.00530437 0 0.00226612 0 0.0042151 0 0.00522909 0 0.00215784
470145 0 0.00440033 0 0.00538144 0 0.0022752 0 0.00431679 0 0.00530616 0 0.00216657
471607 0 0.00450128 0 0.00545842 0 0.00228422 0 0.00441924 0 0.00538342 0 0.00217522
473061 0 0.00460292 0 0.00553553 0 0.00229321 0 0.0045224 0 0.0054608 0 0.00218383
474507 0 0.00470529 0 0.00561276 0 0.00230216 0 0.00462631 0 0.00553831 0 0.00219241
475945 0 0.00480842 0 0.0056901 0 0.00231108 0 0.00473103 0 0.00561593 0 0.00220095
477360 0 0.00491065 0 0.00576897 0 0.00231975 0 0.00483498 0 0.00569563 0 0.00220927
478744 0 0.00500717 0 0.00585523 0 0.00232806 0 0.00493338 0 0.00577945 0 0.00221728
480096 0 0.00510186 0 0.00596378 0 0.00233631 0 0.00502842 0 0.00586711 0 0.00222486
481409 0 0.00519238 0 0.0060786 0 0.00234414 0 0.00512096 0 0.00598196 0 0.0022324
482714 0 0.00528257 0 0.00619432 0 0.00235192 0 0.00521312 0 0.00609836 0 0.0022399
484012 0 0.00537275 0 0.00631057 0 0.00235966 0 0.00530524 0 0.00621527 0 0.00224737
485303 0 0.00546289 0 0.00642738 0 0.00236738 0 0.00539731 0 0.00633271 0 0.00225481
486576 0 0.0055555 0 0.00654189 0 0.00237495 0 0.0054908 0 0.00644794 0 0.00226218
487841 0 0.00564911 0 0.0066552 0 0.00238249 0 0.00558489 0 0.00656168 0 0.00226953
489099 0 0.0057428 0 0.00676859 0 0.00238999 0 0.00567915 0 0.00667553 0 0.00227684
490351 0 0.00583655 0 0.00688211 0 0.00239747 0 0.00577343 0 0.00678948 0 0.00228413
491590 0 0.00593727 0 0.00699537 0 0.00240486 0 0.00586869 0 0.00690249 0 0.00229133
492793 0 0.00606593 0 0.00710705 0 0.00241201 0 0.00597082 0 0.00701146 0 0.00229826
493944 0 0.0062026 0 0.00721296 0 0.00241892 0 0.00610794 0 0.00711755 0 0.00230487
495070 0 0.00634052 0 0.00731767 0 0.00242571 0 0.00624669 0 0.00722247 0 0.00231136
496196 0 0.00647648 0 0.00742281 0 0.00243251 0 0.00638361 0 0.00732786 0 0.00231787
497317 0 0.0066123 0 0.00752808 0 0.0024393 0 0.00652037 0 0.00743299 0 0.00232435
498434 0 0.0067479 0 0.00763349 0 0.0024461 0 0.00665693 0 0.00753784 0 0.00233081
499546 0 0.00688337 0 0.00773827 0 0.00245287 0 0.00679319 0 0.00764279 0 0.00233729
500653 0 0.00701874 0 0.00784318 0 0.00245962 0 0.00692929 0 0.00774787 0 0.00234376
501756 0 0.00715402 0 0.00794836 0 0.00246636 0 0.00706521 0 0.00785307 0 0.0023502
502850 0 0.00728719 0 0.0080553 0 0.00247306 0 0.00720022 0 0.00795886 0 0.0023566
503930 0 0.0074171 0 0.00816252 0 0.00247972 0 0.00733398 0 0.00806547 0 0.00236295
505000 0 0.00754578 0 0.00827052 0 0.00248633 0 0.00746729 0 0.00817306 0 0.00236924
506067 0 0.00767428 0 0.00837842 0 0.00249294 0 0.00760187 0 0.00828096 0 0.00237551
507130 0 0.00780228 0 0.00848669 0 0.00249952 0 0.00773611 0 0.00839079 0 0.00238178
508188 0 0.00792987 0 0.0085952 0 0.00250609 0 0.00787004 0 0.00850088 0 0.00238802
509242 0 0.00805714 0 0.00870389 0 0.00251264 0 0.00800374 0 0.00861118 0 0.00239425
510291 0 0.00818433 0 0.00881261 0 0.00251917 0 0.00813749 0 0.00872153 0 0.00240046
511337 0 0.00831131 0 0.00892141 0 0.00252569 0 0.00827124 0 0.00883197 0 0.00240667
512379 0 0.00843799 0 0.00903038 0 0.0025322 0 0.00840489 0 0.00894262 0 0.00241286
513417 0 0.00856448 0 0.00913954 0 0.00253869 0 0.00853842 0 0.00905346 0 0.00241903
514451 0 0.00869079 0 0.00924888 0 0.00254517 0 0.00867186 0 0.00916449 0 0.00242519
515474 0 0.00881826 0 0.00935872 0 0.0025516 0 0.00880184 0 0.00927503 0 0.0024313
516489 0 0.00894807 0 0.00946852 0 0.00255801 0 0.00892924 0 0.00938588 0 0.00243739
517487 0 0.00907645 0 0.00958095 0 0.00256829 0 0.0090582 0 0.00949831 0 0.0024435
518461 0 0.00920487 0 0.00969214 0 0.00258297 0 0.00918783 0 0.0096092 0 0.00244958
519428 0 0.00933306 0 0.00980316 0 0.00259758 0 0.00931787 0 0.00971993 0 0.00245564
520391 0 0.00946105 0 0.00991417 0 0.0026122 0 0.00944958 0 0.00983072 0 0.00246168
521346 0 0.00958949 0 0.0100243 0 0.00262672 0 0.00958216 0 0.00994075 0 0.0024677
522287 0 0.00971935 0 0.0101326 0 0.00264105 0 0.00971692 0 0.0100491 0 0.00247368
523226 0 0.00984874 0 0.0102411 0 0.00265537 0 0.00985126 0 0.0101576 0 0.00247965
524161 0 0.00997759 0 0.0103497 0 0.00266969 0 0.0099851 0 0.0102662 0 0.00248561
525095 0 0.0101058 0 0.0104587 0 0.00268401 0 0.0101183 0 0.0103752 0 0.00249157
526025 0 0.0102335 0 0.0105678 0 0.00269833 0 0.010251 0 0.0104843 0 0.00249753
526952 0 0.0103606 0 0.0106771 0 0.00271264 0 0.0103832 0 0.0105937 0 0.00250347
527876 0 0.0104873 0 0.0107865 0 0.00272694 0 0.0105146 0 0.0107031 0 0.0025094
528797 0 0.0106137 0 0.0108959 0 0.00274124 0 0.0106453 0 0.0108128 0 0.00251533
529716 0 0.0107394 0 0.0110055 0 0.00275553 0 0.0107756 0 0.0109226 0 0.00252125
530632 0 0.0108642 0 0.0111152 0 0.00276982 0 0.0109057 0 0.0110325 0 0.00252716
531545 0 0.0109885 0 0.0112251 0 0.00278411 0 0.0110354 0 0.0111424 0 0.00253307
532456 0 0.0111125 0 0.011335 0 0.00279841 0 0.0111647 0 0.0112525 0 0.00253898
533364 0 0.0112359 0 0.0114451 0 0.00281272 0 0.0112935 0 0.0113627 0 0.00254488
534270 0 0.0113589 0 0.0115553 0 0.00282703 0 0.0114218 0 0.011473 0 0.00255078
535172 0 0.0114807 0 0.0116661 0 0.00284133 0 0.0115491 0 0.0115839 0 0.00255668
536065 0 0.0115993 0 0.0117782 0 0.00285553 0 0.011674 0 0.0116965 0 0.00256259
536952 0 0.0117171 0 0.01189 0 0.00286995 0 0.011798 0 0.0118091 0 0.00257293
537833 0 0.011834 0 0.012001 0 0.00288489 0 0.0119208 0 0.0119211 0 0.0025867
538711 0 0.0119505 0 0.0121121 0 0.00289982 0 0.0120431 0 0.0120332 0 0.00260046
539586 0 0.0120666 0 0.0122233 0 0.00291476 0 0.0121648 0 0.0121454 0 0.00261423
540459 0 0.0121823 0 0.0123347 0 0.00292971 0 0.012286 0 0.0122578 0 0.00262799
541329 0 0.0122975 0 0.0124462 0 0.00294466 0 0.0124068 0 0.0123703 0 0.00264176
542187 0 0.0124102 0 0.0125597 0 0.00295922 0 0.012525 0 0.0124852 0 0.00265521
543041 0 0.0125221 0 0.0126736 0 0.0029737 0 0.0126423 0 0.0126007 0 0.0026686
543892 0 0.0126335 0 0.0127876 0 0.00298819 0 0.0127589 0 0.0127163 0 0.00268198
544740 0 0.0127444 0 0.0129017 0 0.00300268 0 0.012875 0 0.0128321 0 0.00269538
545586 0 0.0128548 0 0.013016 0 0.00301719 0 0.0129906 0 0.0129479 0 0.00270877
546429 0 0.0129647 0 0.0131304 0 0.00303169 0 0.0131056 0 0.0130638 0 0.00272216
547269 0 0.0130739 0 0.0132449 0 0.0030462 0 0.0132199 0 0.0131799 0 0.00273555
548099 0 0.0131818 0 0.0133687 0 0.00306068 0 0.0133324 0 0.0132978 0 0.00274861
548923 0 0.0132888 0 0.0134976 0 0.00307514 0 0.0134434 0 0.0134168 0 0.00276147
549734 0 0.0133931 0 0.0136295 0 0.00308923 0 0.0135521 0 0.0135499 0 0.00277429
550542 0 0.0134987 0 0.0137615 0 0.00310331 0 0.0136605 0 0.0136835 0 0.0027871
551336 0 0.0136127 0 0.0138923 0 0.00311718 0 0.0137707 0 0.0138152 0 0.00279968
552111 0 0.0137406 0 0.0140196 0 0.00313084 0 0.0139003 0 0.0139437 0 0.0028119
552883 0 0.013868 0 0.0141471 0 0.0031445 0 0.0140295 0 0.0140723 0 0.00282411
553654 0 0.0139945 0 0.0142747 0 0.00315816 0 0.0141582 0 0.014201 0 0.00283632
554422 0 0.0141205 0 0.0144025 0 0.00317183 0 0.0142863 0 0.0143298 0 0.00284853
555187 0 0.0142459 0 0.0145305 0 0.0031855 0 0.0144137 0 0.0144588 0 0.00286073
555940 0 0.0143684 0 0.0146616 0 0.00319872 0 0.0145375 0 0.0145902 0 0.00287263
556691 0 0.0144904 0 0.014793 0 0.00321194 0 0.0146606 0 0.0147217 0 0.00288452
557438 0 0.0146126 0 0.0149241 0 0.00322514 0 0.0147832 0 0.014853 0 0.00289638
558180 0 0.0147354 0 0.0150547 0 0.0032383 0 0.0149058 0 0.0149836 0 0.00290818
558919 0 0.0148578 0 0.0151855 0 0.00325145 0 0.0150274 0 0.0151144 0 0.00291997
559654 0 0.0149796 0 0.0153166 0 0.0032646 0 0.015148 0 0.0152454 0 0.00293174
560386 0 0.0151009 0 0.015448 0 0.00327773 0 0.0152675 0 0.0153766 0 0.0029435
561127 0 0.0152235 0 0.0155784 0 0.00329103 0 0.0153918 0 0.0155074 0 0.00295539
561874 0 0.0153467 0 0.0157084 0 0.00330444 0 0.0155187 0 0.015638 0 0.00296738
562617 0 0.015471 0 0.0158375 0 0.00331776 0 0.0156464 0 0.0157677 0 0.00297935
563356 0 0.0155954 0 0.0159663 0 0.00333107 0 0.0157742 0 0.0158972 0 0.00299132
564089 0 0.0157206 0 0.0160946 0 0.0033443 0 0.0159026 0 0.0160261 0 0.0030032
564819 0 0.0158453 0 0.016223 0 0.00335756 0 0.0160305 0 0.0161551 0 0.00301508
565547 0 0.0159692 0 0.0163516 0 0.00337102 0 0.0161579 0 0.0162827 0 0.00302693
566268 0 0.0160895 0 0.0164825 0 0.0033846 0 0.016289 0 0.0164111 0 0.00303877
566984 0 0.0162076 0 0.0166148 0 0.00339823 0 0.0164223 0 0.0165402 0 0.00305063
567700 0 0.0163252 0 0.0167471 0 0.00341189 0 0.0165553 0 0.0166694 0 0.0030625
568412 0 0.0164422 0 0.0168783 0 0.00342555 0 0.0166875 0 0.0167986 0 0.00307453
569118 0 0.0165633 0 0.01701 0 0.00343918 0 0.0168163 0 0.0169302 0 0.00308653
569819 0 0.0166856 0 0.0171423 0 0.00345283 0 0.0169435 0 0.0170628 0 0.00309849
570520 0 0.0168074 0 0.0172747 0 0.00346652 0 0.0170702 0 0.0171954 0 0.00311047
571218 0 0.0169287 0 0.0174073 0 0.00348022 0 0.0171966 0 0.0173282 0 0.00312246
571916 0 0.0170496 0 0.0175399 0 0.00349396 0 0.0173227 0 0.0174611 0 0.00313447
572612 0 0.0171705 0 0.0176724 0 0.00350771 0 0.0174478 0 0.017594 0 0.00314649
573305 0 0.0172895 0 0.0178064 0 0.0035214 0 0.0175699 0 0.0177284 0 0.00315855
573995 0 0.0174081 0 0.0179405 0 0.00353511 0 0.0176916 0 0.017863 0 0.00317062
574685 0 0.0175264 0 0.0180746 0 0.00354885 0 0.0178131 0 0.0179975 0 0.0031827
575373 0 0.0176444 0 0.0182088 0 0.00356261 0 0.0179342 0 0.0181322 0 0.00319479
576063 0 0.0177625 0 0.0183428 0 0.00357643 0 0.0180551 0 0.0182665 0 0.00320696
576754 0 0.0178801 0 0.0184766 0 0.00359029 0 0.0181759 0 0.0184008 0 0.00321918
577442 0 0.0179969 0 0.0186108 0 0.00360413 0 0.0182961 0 0.0185353 0 0.00323139
578130 0 0.0181131 0 0.0187452 0 0.00361798 0 0.0184161 0 0.0186699 0 0.00324361
578817 0 0.0182289 0 0.0188796 0 0.00363186 0 0.0185358 0 0.0188046 0 0.00325586
579501 0 0.018344 0 0.0190139 0 0.00365062 0 0.0186548 0 0.0189387 0 0.00326836
580182 0 0.0184583 0 0.0191481 0 0.00367208 0 0.0187734 0 0.0190725 0 0.00328101
580862 0 0.0185723 0 0.0192823 0 0.00369356 0 0.0188915 0 0.0192063 0 0.00329368
581540 0 0.0186858 0 0.0194167 0 0.00371508 0 0.0190092 0 0.0193403 0 0.00330636
582218 0 0.018799 0 0.0195511 0 0.00373662 0 0.0191265 0 0.0194742 0 0.00331907
582894 0 0.0189119 0 0.0196856 0 0.0037582 0 0.0192433 0 0.0196082 0 0.00333179
583569 0 0.0190244 0 0.0198201 0 0.0037798 0 0.0193598 0 0.0197423 0 0.00334454
584242 0 0.0191366 0 0.0199547 0 0.00380144 0 0.0194758 0 0.0198765 0 0.0033573
584915 0 0.0192485 0 0.0200894 0 0.00382311 0 0.0195914 0 0.0200107 0 0.00337009
585586 0 0.01936 0 0.0202241 0 0.00384482 0 0.0197066 0 0.0201449 0 0.0033829
586256 0 0.0194712 0 0.020359 0 0.00386655 0 0.0198213 0 0.0202792 0 0.00339573
586924 0 0.0195822 0 0.0204939 0 0.00388832 0 0.0199355 0 0.0204136 0 0.00340858
587592 0 0.0196928 0 0.0206288 0 0.00391012 0 0.0200492 0 0.020548 0 0.00342145
588257 0 0.019803 0 0.0207639 0 0.00393195 0 0.0201625 0 0.0206825 0 0.00343434
588921 0 0.019913 0 0.020899 0 0.00395381 0 0.0202751 0 0.0208171 0 0.00344725
589584 0 0.0200225 0 0.0210343 0 0.0039757 0 0.0203871 0 0.0209517 0 0.00346017
590245 0 0.0201316 0 0.0211696 0 0.00399761 0 0.0204985 0 0.0210864 0 0.00347312
590904 0 0.0202404 0 0.0213051 0 0.00401955 0 0.0206093 0 0.0212212 0 0.00348609
591561 0 0.0203489 0 0.0214405 0 0.00404151 0 0.0207195 0 0.021356 0 0.00349906
592212 0 0.0204578 0 0.0215754 0 0.00406342 0 0.02083 0 0.0214902 0 0.00351198
592856 0 0.0205661 0 0.021711 0 0.00408514 0 0.0209347 0 0.0216245 0 0.00352479
593494 0 0.0206745 0 0.0218463 0 0.0041068 0 0.0210389 0 0.0217586 0 0.00353755
594131 0 0.0207825 0 0.0219817 0 0.00412849 0 0.0211426 0 0.0218928 0 0.00355033
594766 0 0.0208902 0 0.0221173 0 0.00415022 0 0.0212457 0 0.0220271 0 0.00356312
595399 0 0.0209973 0 0.0222527 0 0.00417205 0 0.0213483 0 0.0221612 0 0.00357616
596027 0 0.0211031 0 0.0223894 0 0.0041938 0 0.0214494 0 0.022297 0 0.00358939
596642 0 0.021206 0 0.0225322 0 0.00421515 0 0.0215476 0 0.0224384 0 0.00360233
597256 0 0.0213084 0 0.022675 0 0.00423654 0 0.0216452 0 0.0225798 0 0.00361529
597869 0 0.0214102 0 0.0228178 0 0.00425795 0 0.0217422 0 0.0227213 0 0.00362827
598480 0 0.0215114 0 0.0229607 0 0.00427938 0 0.0218385 0 0.0228629 0 0.00364124
599087 0 0.0216116 0 0.023103 0 0.00430122 0 0.021934 0 0.0230042 0 0.00365849
599691 0 0.0217117 0 0.0232445 0 0.00432335 0 0.0220304 0 0.0231453 0 0.00367855
600290 0 0.0218129 0 0.0233847 0 0.00434539 0 0.0221318 0 0.0232853 0 0.00369848
600885 0 0.0219142 0 0.0235248 0 0.0043674 0 0.0222332 0 0.0234251 0 0.00371838
601475 0 0.0220138 0 0.0236646 0 0.00438937 0 0.0223342 0 0.0235648 0 0.00373826
602058 0 0.0221072 0 0.0238045 0 0.00441124 0 0.0224337 0 0.0237049 0 0.0037581
602638 0 0.0222028 0 0.0239441 0 0.00443311 0 0.0225333 0 0.0238446 0 0.0037779
603215 0 0.0223019 0 0.0240832 0 0.00445493 0 0.0226333 0 0.0239837 0 0.00379763
603791 0 0.0224005 0 0.0242225 0 0.00447677 0 0.0227328 0 0.0241228 0 0.00381739
604365 0 0.0224986 0 0.0243618 0 0.00449862 0 0.0228317 0 0.024262 0 0.00383715
604937 0 0.0225962 0 0.0245011 0 0.00452047 0 0.0229301 0 0.0244013 0 0.00385694
605508 0 0.0226935 0 0.0246405 0 0.00454232 0 0.0230276 0 0.0245406 0 0.00387674
606078 0 0.0227904 0 0.0247799 0 0.00456417 0 0.0231244 0 0.02468 0 0.00389656
606646 0 0.0228867 0 0.0249193 0 0.00458603 0 0.0232206 0 0.0248194 0 0.00391641
607212 0 0.0229826 0 0.0250588 0 0.0046079 0 0.0233162 0 0.0249588 0 0.00393628
607777 0 0.023078 0 0.0251984 0 0.00462976 0 0.0234111 0 0.0250983 0 0.00395616
608341 0 0.0231729 0 0.0253381 0 0.00465162 0 0.0235052 0 0.0252379 0 0.00397606
608902 0 0.0232672 0 0.0254778 0 0.00467348 0 0.0235986 0 0.0253776 0 0.00399598
609458 0 0.0233589 0 0.0256185 0 0.00469562 0 0.0236892 0 0.0255182 0 0.00401622
610011 0 0.0234492 0 0.0257598 0 0.00471775 0 0.0237782 0 0.0256593 0 0.00403653
610560 0 0.0235387 0 0.0259009 0 0.00474005 0 0.0238663 0 0.0257997 0 0.0040569
611107 0 0.0236272 0 0.0260417 0 0.00476251 0 0.0239534 0 0.0259393 0 0.00407734
611655 0 0.023715 0 0.0261815 0 0.00478515 0 0.0240426 0 0.0260788 0 0.00409812
612213 0 0.0238028 0 0.0263197 0 0.00480824 0 0.0241402 0 0.0262178 0 0.00411941
612771 0 0.0238922 0 0.0264579 0 0.0048314 0 0.0242377 0 0.0263567 0 0.00414074
613329 0 0.0239825 0 0.0265961 0 0.00485463 0 0.0243351 0 0.0264954 0 0.00416214
613892 0 0.0240783 0 0.0267342 0 0.00487802 0 0.0244332 0 0.0266337 0 0.00418366
614457 0 0.0241756 0 0.0268722 0 0.0049015 0 0.0245313 0 0.0267718 0 0.00420524
615020 0 0.0242725 0 0.0270103 0 0.00492501 0 0.0246289 0 0.0269099 0 0.00422688
615582 0 0.024369 0 0.0271483 0 0.00494856 0 0.0247261 0 0.027048 0 0.00424857
616142 0 0.0244651 0 0.0272864 0 0.00497213 0 0.0248229 0 0.0271861 0 0.00427031
616702 0 0.0245608 0 0.0274243 0 0.00499502 0 0.0249192 0 0.0273241 0 0.00429203
617260 0 0.0246562 0 0.0275622 0 0.00501766 0 0.0250151 0 0.0274621 0 0.00431376
617817 0 0.0247513 0 0.0277001 0 0.00504032 0 0.0251105 0 0.0276001 0 0.00433556
618373 0 0.024846 0 0.027838 0 0.00506303 0 0.0252055 0 0.027738 0 0.00435741
618924 0 0.0249395 0 0.0279779 0 0.00508553 0 0.025299 0 0.0278784 0 0.00437915
619469 0 0.0250312 0 0.0281213 0 0.00510779 0 0.0253906 0 0.0280218 0 0.00440063
620012 0 0.0251226 0 0.0282646 0 0.00513008 0 0.0254816 0 0.0281652 0 0.00442216
620554 0 0.0252137 0 0.028408 0 0.0051524 0 0.0255721 0 0.0283085 0 0.00444372
621095 0 0.0253045 0 0.0285514 0 0.00517474 0 0.025662 0 0.0284519 0 0.0044653
621634 0 0.025395 0 0.0286947 0 0.00519712 0 0.0257514 0 0.0285952 0 0.0044869
622173 0 0.0254851 0 0.0288381 0 0.00521952 0 0.0258402 0 0.0287386 0 0.00450853
622710 0 0.0255749 0 0.0289815 0 0.00524194 0 0.0259283 0 0.0288819 0 0.00453017
623246 0 0.0256644 0 0.0291248 0 0.00526441 0 0.0260162 0 0.0290252 0 0.00455185
623781 0 0.0257536 0 0.0292681 0 0.00528691 0 0.0261039 0 0.0291684 0 0.00457356
624316 0 0.0258424 0 0.0294113 0 0.00530947 0 0.0261913 0 0.0293116 0 0.0045953
624847 0 0.0259314 0 0.0295542 0 0.00533191 0 0.0262788 0 0.0294545 0 0.004617
625369 0 0.0260221 0 0.0296954 0 0.0053537 0 0.0263676 0 0.0295961 0 0.00463836
625889 0 0.0261126 0 0.0298365 0 0.0053755 0 0.0264563 0 0.0297376 0 0.00465974
626408 0 0.0262028 0 0.0299774 0 0.00539729 0 0.0265447 0 0.0298791 0 0.00468113
626925 0 0.0262928 0 0.0301183 0 0.00541909 0 0.0266329 0 0.0300205 0 0.00470252
627441 0 0.0263825 0 0.0302591 0 0.00544087 0 0.026721 0 0.0301617 0 0.00472391
627956 0 0.0264721 0 0.0303997 0 0.00546265 0 0.0268089 0 0.0303029 0 0.0047453
628467 0 0.0265616 0 0.03054 0 0.00548438 0 0.0268968 0 0.0304438 0 0.00476666
628975 0 0.0266515 0 0.0306799 0 0.00550604 0 0.026985 0 0.0305843 0 0.00478792
629482 0 0.0267411 0 0.0308196 0 0.00552769 0 0.0270731 0 0.0307246 0 0.00480917
629981 0 0.0268314 0 0.0309585 0 0.00554917 0 0.027162 0 0.0308641 0 0.00483042
630471 0 0.0269229 0 0.0310962 0 0.00557032 0 0.0272527 0 0.0310023 0 0.00485169
630958 0 0.0270142 0 0.0312336 0 0.00559142 0 0.0273434 0 0.0311403 0 0.00487295
631444 0 0.0271053 0 0.0313709 0 0.00561254 0 0.0274339 0 0.0312782 0 0.00489422
631930 0 0.0271958 0 0.0315085 0 0.00563376 0 0.0275243 0 0.0314163 0 0.0049156
632413 0 0.0272871 0 0.0316451 0 0.00565491 0 0.0276188 0 0.0315536 0 0.00493692
632894 0 0.0273783 0 0.0317816 0 0.00567604 0 0.0277132 0 0.0316909 0 0.00495826
633374 0 0.0274694 0 0.031918 0 0.00569716 0 0.0278075 0 0.031828 0 0.00497962
633852 0 0.0275605 0 0.0320541 0 0.00571826 0 0.0279018 0 0.0319649 0 0.00500099
634333 0 0.0276525 0 0.0321899 0 0.00573942 0 0.0279963 0 0.0321013 0 0.00502255
634811 0 0.027747 0 0.0323251 0 0.0057605 0 0.0280914 0 0.0322371 0 0.00504404
635286 0 0.0278436 0 0.0324596 0 0.00578161 0 0.0281871 0 0.0323719 0 0.0050657
635759 0 0.0279401 0 0.0325937 0 0.00580276 0 0.0282828 0 0.0325065 0 0.00508751
636234 0 0.0280359 0 0.0327283 0 0.00582404 0 0.0283774 0 0.0326414 0 0.00510943
636708 0 0.0281315 0 0.0328628 0 0.00584536 0 0.0284718 0 0.0327764 0 0.00513139
637182 0 0.0282268 0 0.0329973 0 0.00586673 0 0.0285659 0 0.0329113 0 0.00515338
637653 0 0.0283216 0 0.033131 0 0.00588894 0 0.0286592 0 0.0330452 0 0.0051756
638123 0 0.0284161 0 0.0332646 0 0.00591117 0 0.0287522 0 0.0331791 0 0.00519785
638593 0 0.0285104 0 0.0333982 0 0.00593343 0 0.0288449 0 0.0333129 0 0.00522013
639062 0 0.0286044 0 0.0335318 0 0.00595571 0 0.0289373 0 0.0334468 0 0.00524245
639529 0 0.0286986 0 0.0336652 0 0.00597795 0 0.0290299 0 0.0335804 0 0.00526474
639995 0 0.0287925 0 0.0337985 0 0.00600022 0 0.0291222 0 0.033714 0 0.00528705
640460 0 0.0288862 0 0.0339317 0 0.00602251 0 0.0292142 0 0.0338475 0 0.0053094
640923 0 0.0289795 0 0.0340649 0 0.00604536 0 0.0293059 0 0.033981 0 0.00533184
641384 0 0.029072 0 0.0341976 0 0.00607634 0 0.0293968 0 0.0341131 0 0.00535511
641843 0 0.0291641 0 0.0343302 0 0.00610737 0 0.0294874 0 0.0342451 0 0.00537842
642301 0 0.0292559 0 0.0344628 0 0.00613843 0 0.0295776 0 0.0343772 0 0.00540178
642759 0 0.0293473 0 0.0345953 0 0.00616953 0 0.0296675 0 0.0345092 0 0.00542517
643215 0 0.0294384 0 0.0347279 0 0.00620067 0 0.029757 0 0.0346412 0 0.0054486
643670 0 0.0295292 0 0.0348604 0 0.00623186 0 0.0298462 0 0.0347732 0 0.00547207
644125 0 0.0296196 0 0.0349929 0 0.00626308 0 0.029935 0 0.0349051 0 0.00549559
644578 0 0.0297096 0 0.0351254 0 0.00629433 0 0.0300234 0 0.0350371 0 0.00551913
645030 0 0.0297992 0 0.0352579 0 0.0063256 0 0.0301114 0 0.0351691 0 0.00554271
645480 0 0.0298884 0 0.0353904 0 0.0063569 0 0.030199 0 0.035301 0 0.00556631
645930 0 0.0299772 0 0.0355229 0 0.00638821 0 0.0302862 0 0.035433 0 0.00558994
646378 0 0.0300655 0 0.0356554 0 0.00641953 0 0.0303729 0 0.0355651 0 0.00561356
646825 0 0.0301534 0 0.035788 0 0.00645086 0 0.0304592 0 0.0356971 0 0.00563718
647276 0 0.0302422 0 0.0359201 0 0.00648247 0 0.0305451 0 0.0358287 0 0.00566116
647728 0 0.0303315 0 0.0360517 0 0.00651462 0 0.0306301 0 0.0359597 0 0.00568569
648180 0 0.0304205 0 0.0361832 0 0.00654679 0 0.0307147 0 0.0360906 0 0.00571025
648630 0 0.0305093 0 0.0363148 0 0.00657899 0 0.0307987 0 0.0362216 0 0.00573482
649080 0 0.0305979 0 0.0364463 0 0.00661122 0 0.0308822 0 0.0363525 0 0.00575941
649525 0 0.0306873 0 0.0365775 0 0.00664342 0 0.0309663 0 0.0364829 0 0.00578369
649967 0 0.0307774 0 0.0367083 0 0.0066756 0 0.0310507 0 0.0366129 0 0.00580773
650404 0 0.0308661 0 0.0368413 0 0.00670736 0 0.0311334 0 0.0367456 0 0.00583155
650839 0 0.0309551 0 0.0369747 0 0.00673899 0 0.0312182 0 0.0368784 0 0.00585519
651273 0 0.0310455 0 0.0371069 0 0.00677058 0 0.0313077 0 0.0370103 0 0.00587881
651707 0 0.0311357 0 0.0372391 0 0.0068022 0 0.0313969 0 0.0371421 0 0.00590244
652140 0 0.0312256 0 0.0373712 0 0.00683386 0 0.0314858 0 0.037274 0 0.00592609
652573 0 0.0313152 0 0.0375034 0 0.00686555 0 0.0315744 0 0.0374058 0 0.00594977
653005 0 0.0314047 0 0.0376355 0 0.00689728 0 0.0316627 0 0.0375375 0 0.00597348
653436 0 0.0314939 0 0.0377676 0 0.00692905 0 0.0317506 0 0.0376693 0 0.00599722
653861 0 0.031584 0 0.0378988 0 0.00696049 0 0.0318398 0 0.0378001 0 0.00602077
654282 0 0.0316733 0 0.0380305 0 0.00699197 0 0.031931 0 0.037931 0 0.00604431
654703 0 0.0317619 0 0.0381624 0 0.0070236 0 0.0320227 0 0.0380621 0 0.00606838
655120 0 0.0318494 0 0.0382927 0 0.00705658 0 0.0321133 0 0.0381925 0 0.00610067
655536 0 0.0319366 0 0.0384229 0 0.00708966 0 0.0322035 0 0.0383227 0 0.00613302
655951 0 0.0320242 0 0.0385531 0 0.00712283 0 0.032293 0 0.0384531 0 0.0061654
656365 0 0.0321138 0 0.0386839 0 0.00715607 0 0.0323811 0 0.0385844 0 0.00619774
656777 0 0.0322032 0 0.0388146 0 0.00718936 0 0.0324688 0 0.0387156 0 0.00623012
657188 0 0.032292 0 0.038944 0 0.00722289 0 0.0325559 0 0.0388463 0 0.00626298
657598 0 0.0323804 0 0.0390731 0 0.00725653 0 0.0326427 0 0.0389768 0 0.00629601
658007 0 0.0324686 0 0.0392021 0 0.00729021 0 0.032729 0 0.0391073 0 0.00632909
658416 0 0.0325565 0 0.039331 0 0.00732395 0 0.032815 0 0.0392377 0 0.00636222
658824 0 0.0326442 0 0.0394599 0 0.00735774 0 0.0329006 0 0.039368 0 0.0063954
659231 0 0.0327317 0 0.0395887 0 0.00739158 0 0.0329858 0 0.0394983 0 0.00642861
659637 0 0.0328189 0 0.0397175 0 0.00742547 0 0.0330705 0 0.0396286 0 0.00646188
660042 0 0.0329059 0 0.0398463 0 0.00745941 0 0.0331548 0 0.0397588 0 0.00649519
660447 0 0.0329927 0 0.039975 0 0.00749341 0 0.0332387 0 0.0398889 0 0.00652855
660850 0 0.0330791 0 0.0401037 0 0.00752745 0 0.0333221 0 0.040019 0 0.00656195
661255 0 0.0331648 0 0.0402325 0 0.00756157 0 0.0334043 0 0.0401493 0 0.00659565
661660 0 0.0332495 0 0.0403615 0 0.00759577 0 0.0334855 0 0.0402797 0 0.00662965
662064 0 0.0333339 0 0.0404905 0 0.00763003 0 0.033566 0 0.0404101 0 0.0066637
662466 0 0.0334181 0 0.0406194 0 0.00766433 0 0.0336459 0 0.0405404 0 0.00669779
662868 0 0.033502 0 0.0407483 0 0.00769868 0 0.0337251 0 0.0406706 0 0.00673193
663269 0 0.0335856 0 0.0408772 0 0.00773293 0 0.0338037 0 0.0408012 0 0.00676605
663669 0 0.0336691 0 0.0410063 0 0.00776702 0 0.0338817 0 0.0409322 0 0.00680014
664068 0 0.0337522 0 0.0411353 0 0.00780111 0 0.0339589 0 0.0410632 0 0.00683425
664465 0 0.033835 0 0.0412644 0 0.00783519 0 0.0340352 0 0.0411942 0 0.00686837
664861 0 0.0339175 0 0.0413935 0 0.00786926 0 0.0341104 0 0.0413253 0 0.00690251
665255 0 0.0339997 0 0.0415227 0 0.0079033 0 0.0341846 0 0.0414563 0 0.00693664
665647 0 0.0340814 0 0.0416519 0 0.00793732 0 0.0342575 0 0.0415874 0 0.00697077
666039 0 0.0341629 0 0.0417811 0 0.00797136 0 0.03433 0 0.0417185 0 0.00700494
666430 0 0.0342441 0 0.0419102 0 0.00800543 0 0.0344023 0 0.0418495 0 0.00703916
666820 0 0.034325 0 0.0420393 0 0.00803955 0 0.0344745 0 0.0419804 0 0.00707343
667210 0 0.0344055 0 0.0421679 0 0.00807379 0 0.0345465 0 0.042111 0 0.00710821
667598 0 0.0344855 0 0.0422958 0 0.00810823 0 0.034618 0 0.0422409 0 0.00714388
667985 0 0.0345653 0 0.0424237 0 0.00814272 0 0.0346894 0 0.0423706 0 0.00717966
668372 0 0.0346446 0 0.0425514 0 0.00817726 0 0.0347606 0 0.0425003 0 0.0072155
668759 0 0.0347237 0 0.0426791 0 0.00821184 0 0.0348317 0 0.04263 0 0.00725141
669143 0 0.0348018 0 0.0428074 0 0.00824627 0 0.0349021 0 0.0427601 0 0.00728714
669527 0 0.0348794 0 0.0429358 0 0.00828068 0 0.0349722 0 0.0428903 0 0.00732285
669909 0 0.0349567 0 0.0430642 0 0.00831511 0 0.035042 0 0.0430205 0 0.00735861
670292 0 0.0350334 0 0.0431925 0 0.00834957 0 0.0351117 0 0.0431507 0 0.00739442
670673 0 0.0351097 0 0.0433207 0 0.00838406 0 0.0351811 0 0.0432809 0 0.00743028
671054 0 0.0351856 0 0.0434489 0 0.00841857 0 0.0352504 0 0.043411 0 0.0074662
671434 0 0.0352609 0 0.0435771 0 0.00845311 0 0.0353194 0 0.0435411 0 0.00750216
671813 0 0.0353357 0 0.0437051 0 0.00848765 0 0.0353882 0 0.0436711 0 0.00753814
672190 0 0.0354105 0 0.0438327 0 0.00852212 0 0.0354572 0 0.0438007 0 0.007574
672565 0 0.0354845 0 0.0439603 0 0.00855661 0 0.0355259 0 0.0439303 0 0.00760991
672939 0 0.0355578 0 0.0440879 0 0.00859111 0 0.0355942 0 0.0440599 0 0.00764586
673326 0 0.0356314 0 0.044214 0 0.00862646 0 0.0356763 0 0.0441889 0 0.00768255
673713 0 0.0357048 0 0.0443399 0 0.00866216 0 0.0357584 0 0.044317 0 0.00771944
674098 0 0.0357779 0 0.0444654 0 0.00869838 0 0.03584 0 0.044444 0 0.00775657
674483 0 0.0358509 0 0.0445908 0 0.00873465 0 0.0359215 0 0.0445708 0 0.00779376
674867 0 0.0359239 0 0.0447161 0 0.00877094 0 0.036003 0 0.0446976 0 0.00783099
675251 0 0.0359968 0 0.0448414 0 0.00880729 0 0.0360843 0 0.0448244 0 0.00786826
675635 0 0.0360696 0 0.0449665 0 0.00884368 0 0.0361656 0 0.044951 0 0.00790559
676018 0 0.0361424 0 0.0450916 0 0.00888013 0 0.0362468 0 0.0450776 0 0.00794296
676400 0 0.0362157 0 0.0452162 0 0.00891658 0 0.0363302 0 0.0452037 0 0.0079803
676782 0 0.0362892 0 0.0453406 0 0.00895307 0 0.036414 0 0.0453297 0 0.00801767
677164 0 0.0363625 0 0.0454649 0 0.00898962 0 0.0364978 0 0.0454556 0 0.00805509
677545 0 0.0364359 0 0.0455892 0 0.00902622 0 0.0365815 0 0.0455814 0 0.00809257
677925 0 0.0365105 0 0.0457131 0 0.00906283 0 0.0366655 0 0.0457069 0 0.00813003
678305 0 0.0365864 0 0.0458368 0 0.00909945 0 0.0367498 0 0.045832 0 0.00816749
678689 0 0.0366682 0 0.0459602 0 0.00913636 0 0.036835 0 0.0459566 0 0.00820512
679078 0 0.0367509 0 0.046084 0 0.00917378 0 0.0369198 0 0.0460815 0 0.00824314
679475 0 0.0368312 0 0.046209 0 0.00921206 0 0.0370029 0 0.0462074 0 0.00828184
679871 0 0.0369111 0 0.0463339 0 0.00925039 0 0.0370859 0 0.0463332 0 0.00832059
680266 0 0.0369909 0 0.0464587 0 0.00928877 0 0.0371688 0 0.046459 0 0.00835938
680661 0 0.0370703 0 0.0465834 0 0.0093272 0 0.0372517 0 0.0465846 0 0.00839821
681056 0 0.0371495 0 0.0467079 0 0.00936568 0 0.0373345 0 0.0467101 0 0.00843709
681450 0 0.0372285 0 0.0468324 0 0.00940421 0 0.0374172 0 0.0468355 0 0.00847601
681843 0 0.0373071 0 0.0469567 0 0.0094428 0 0.0374998 0 0.0469608 0 0.00851498
682235 0 0.0373855 0 0.0470809 0 0.00948144 0 0.0375825 0 0.047086 0 0.00855398
682627 0 0.0374635 0 0.0472049 0 0.00952013 0 0.037665 0 0.0472111 0 0.00859303
683018 0 0.0375412 0 0.0473289 0 0.00955888 0 0.0377475 0 0.047336 0 0.00863212
683408 0 0.0376187 0 0.0474526 0 0.00959767 0 0.03783 0 0.0474608 0 0.00867125
683798 0 0.0376958 0 0.0475763 0 0.0096365 0 0.0379124 0 0.0475856 0 0.00871042
684187 0 0.0377725 0 0.0476998 0 0.00967536 0 0.0379948 0 0.0477102 0 0.00874962
684574 0 0.037849 0 0.0478232 0 0.00971425 0 0.0380772 0 0.0478347 0 0.00878886
684962 0 0.037925 0 0.0479465 0 0.00975315 0 0.0381597 0 0.0479592 0 0.00882813
685358 0 0.0379984 0 0.0480712 0 0.00979293 0 0.0382387 0 0.0480852 0 0.00886799
685754 0 0.0380715 0 0.0481957 0 0.00983272 0 0.0383179 0 0.0482111 0 0.00890786
686150 0 0.038144 0 0.0483202 0 0.00987256 0 0.0383969 0 0.0483369 0 0.00894781
686544 0 0.038216 0 0.0484445 0 0.00991244 0 0.0384759 0 0.0484628 0 0.0089878
686938 0 0.0382873 0 0.0485689 0 0.00995235 0 0.0385549 0 0.0485885 0 0.00902783
687332 0 0.038358 0 0.0486931 0 0.0099923 0 0.0386337 0 0.0487143 0 0.00906791
687724 0 0.038428 0 0.0488173 0 0.0100323 0 0.0387125 0 0.04884 0 0.00910802
688116 0 0.0384973 0 0.0489414 0 0.0100723 0 0.0387913 0 0.0489657 0 0.00914818
688507 0 0.0385666 0 0.0490654 0 0.0101124 0 0.03887 0 0.0490913 0 0.00918835
688898 0 0.0386359 0 0.0491893 0 0.0101525 0 0.0389487 0 0.0492167 0 0.00922855
689288 0 0.0387051 0 0.0493131 0 0.0101926 0 0.0390273 0 0.0493421 0 0.00926879
689677 0 0.0387739 0 0.0494373 0 0.0102326 0 0.0391054 0 0.049468 0 0.0093089
690065 0 0.0388426 0 0.0495614 0 0.0102727 0 0.0391834 0 0.0495937 0 0.00934907
690454 0 0.0389114 0 0.0496854 0 0.0103129 0 0.0392613 0 0.0497193 0 0.00938928
690841 0 0.0389801 0 0.0498093 0 0.0103531 0 0.0393391 0 0.0498448 0 0.00942954
691228 0 0.0390488 0 0.049933 0 0.0103933 0 0.0394169 0 0.0499701 0 0.00946984
691615 0 0.0391174 0 0.0500566 0 0.0104336 0 0.0394947 0 0.0500953 0 0.00951019
692000 0 0.039186 0 0.0501802 0 0.0104739 0 0.0395723 0 0.0502205 0 0.00955059
692386 0 0.0392545 0 0.0503036 0 0.0105143 0 0.0396498 0 0.0503455 0 0.00959105
692771 0 0.039323 0 0.050427 0 0.0105547 0 0.0397273 0 0.0504704 0 0.00963157
693156 0 0.0393913 0 0.0505502 0 0.0105952 0 0.0398046 0 0.0505953 0 0.00967214
693540 0 0.0394597 0 0.0506733 0 0.0106358 0 0.0398818 0 0.05072 0 0.00971277
