4871.37 -0.170948 -7.5512e-06 -0.0686044 -3.01792e-06 0 1.84464e-06 -0.266349 -1.17567e-05 -0.268363 -1.17947e-05 -0.210911 -9.83785e-06
9717.05 0 5.73527e-06 0 5.51261e-06 0 8.33142e-06 0 2.02493e-07 -0.109573 -4.86575e-06 -0.135596 -6.34099e-06
14460.5 0 2.99421e-05 0 2.03732e-05 0 1.74241e-05 0 1.97185e-05 0 2.57792e-06 -0.0620832 -2.92786e-06
19086.9 0 6.29218e-05 0 4.02599e-05 0 2.77437e-05 0 4.9915e-05 0 1.52569e-05 0 6.17611e-07
23633.2 0 9.97697e-05 0 6.24158e-05 0 3.88501e-05 0 8.54701e-05 0 3.30187e-05 0 6.48713e-06
28162 0 0.000138166 0 8.55308e-05 0 5.04027e-05 0 0.000123476 0 5.33446e-05 0 1.51843e-05
32688.1 0 0.00017792 0 0.000109253 0 6.2448e-05 0 0.000162382 0 7.49878e-05 0 2.56239e-05
37189.9 0 0.000217974 0 0.000133137 0 7.4368e-05 0 0.000202127 0 9.72894e-05 0 3.64775e-05
41691.8 0 0.000258486 0 0.000157483 0 8.6157e-05 0 0.00024209 0 0.000120677 0 4.7478e-05
46169.3 0 0.000299472 0 0.000181937 0 9.80731e-05 0 0.000282476 0 0.000144326 0 5.86875e-05
50625.6 0 0.000340133 0 0.000205741 0 0.000110342 0 0.000323356 0 0.000168269 0 7.00545e-05
55077.5 0 0.000380822 0 0.000229391 0 0.000122262 0 0.000364392 0 0.000192706 0 8.13233e-05
59498.3 0 0.000421617 0 0.000252916 0 0.00013329 0 0.000405245 0 0.000216883 0 9.25438e-05
63891.5 0 0.000462486 0 0.000276462 0 0.000144087 0 0.000445917 0 0.000240656 0 0.000103944
68260.8 0 0.000503289 0 0.000300031 0 0.000154995 0 0.000486465 0 0.000264261 0 0.000115324
72600.7 0 0.000543937 0 0.000323659 0 0.000166085 0 0.000526849 0 0.000287691 0 0.000126454
76925.4 0 0.000584547 0 0.000347315 0 0.000177275 0 0.000567195 0 0.000311046 0 0.000137499
81244.1 0 0.000625208 0 0.000370987 0 0.000188495 0 0.000607576 0 0.000334393 0 0.000148531
85559.1 0 0.000665938 0 0.000394678 0 0.000199727 0 0.000648016 0 0.000357757 0 0.00015955
89871.8 0 0.000706745 0 0.000418388 0 0.000210968 0 0.000688532 0 0.000381141 0 0.000170571
94182.9 0 0.000747666 0 0.000442121 0 0.000222217 0 0.000729133 0 0.000404545 0 0.000181578
98494.4 0 0.000788835 0 0.000465937 0 0.000233478 0 0.000769835 0 0.000427972 0 0.000192556
102806 0 0.000830115 0 0.000489863 0 0.000244754 0 0.000810679 0 0.000451427 0 0.000203505
107116 0 0.000871473 0 0.000513808 0 0.00025603 0 0.000851708 0 0.000474903 0 0.000214456
111422 0 0.000912901 0 0.00053777 0 0.000267324 0 0.000892811 0 0.000498459 0 0.000225418
115723 0 0.000954365 0 0.000561734 0 0.000278616 0 0.000933971 0 0.000522076 0 0.000236424
120017 0 0.00099586 0 0.000585698 0 0.000289864 0 0.000975185 0 0.000545706 0 0.000247489
124309 0 0.00103743 0 0.000609681 0 0.000301065 0 0.00101649 0 0.000569359 0 0.000258589
128600 0 0.00107909 0 0.000633692 0 0.000312214 0 0.0010579 0 0.000593044 0 0.000269711
132888 0 0.00112083 0 0.000657724 0 0.000323357 0 0.0010994 0 0.000616749 0 0.000280854
137174 0 0.00116266 0 0.000681775 0 0.000334501 0 0.00114098 0 0.000640474 0 0.000292033
141456 0 0.00120458 0 0.000705843 0 0.000345654 0 0.00118264 0 0.000664215 0 0.000303209
145734 0 0.00124657 0 0.000729922 0 0.000356841 0 0.00122437 0 0.000687967 0 0.000314376
150006 0 0.00128862 0 0.000754005 0 0.000368081 0 0.00126616 0 0.000711723 0 0.000325527
154274 0 0.00133074 0 0.000778095 0 0.000379369 0 0.00130802 0 0.000735486 0 0.000336662
158537 0 0.00137295 0 0.000802198 0 0.000390683 0 0.00134995 0 0.000759262 0 0.000347788
162797 0 0.00141525 0 0.00082632 0 0.000402008 0 0.00139197 0 0.000783055 0 0.000358911
167053 0 0.00145765 0 0.000850462 0 0.000413339 0 0.00143408 0 0.000806866 0 0.000370032
171307 0 0.00150014 0 0.000874624 0 0.000424673 0 0.0014763 0 0.000830697 0 0.000381153
175558 0 0.00154274 0 0.000898806 0 0.00043601 0 0.00151862 0 0.000854547 0 0.000392272
179806 0 0.00158544 0 0.000923009 0 0.000447348 0 0.00156104 0 0.000878419 0 0.000403392
184051 0 0.00162825 0 0.000947233 0 0.000458687 0 0.00160357 0 0.000902311 0 0.000414512
188293 0 0.00167117 0 0.000971479 0 0.000470026 0 0.00164622 0 0.000926225 0 0.000425632
192532 0 0.0017142 0 0.000995746 0 0.000481366 0 0.00168897 0 0.00095016 0 0.000436752
196768 0 0.00175735 0 0.00102003 0 0.000492707 0 0.00173184 0 0.000974116 0 0.00044787
201001 0 0.00180062 0 0.00104434 0 0.000504048 0 0.00177482 0 0.000998094 0 0.000458989
205230 0 0.001844 0 0.00106867 0 0.00051539 0 0.00181793 0 0.00102209 0 0.000470108
209457 0 0.00188751 0 0.00109303 0 0.000526731 0 0.00186116 0 0.00104611 0 0.000481226
213680 0 0.00193115 0 0.0011174 0 0.000538072 0 0.00190452 0 0.00107016 0 0.000492345
217900 0 0.00197492 0 0.0011418 0 0.000549412 0 0.00194801 0 0.00109422 0 0.000503463
222117 0 0.00201882 0 0.00116622 0 0.000560752 0 0.00199163 0 0.00111831 0 0.00051458
226330 0 0.00206285 0 0.00119067 0 0.000572092 0 0.00203539 0 0.00114241 0 0.000525697
230540 0 0.00210703 0 0.00121513 0 0.00058343 0 0.00207929 0 0.00116655 0 0.000536814
234747 0 0.00215135 0 0.00123962 0 0.000594768 0 0.00212334 0 0.0011907 0 0.000547929
238950 0 0.00219582 0 0.00126413 0 0.000606105 0 0.00216753 0 0.00121487 0 0.000559044
243149 0 0.00224044 0 0.00128867 0 0.000617441 0 0.00221188 0 0.00123907 0 0.000570157
247345 0 0.00228522 0 0.00131322 0 0.000628776 0 0.00225638 0 0.00126329 0 0.00058127
251537 0 0.00233016 0 0.0013378 0 0.000640109 0 0.00230105 0 0.00128753 0 0.000592381
255725 0 0.00237527 0 0.0013624 0 0.000651441 0 0.00234588 0 0.0013118 0 0.000603491
259909 0 0.00242055 0 0.00138703 0 0.000662771 0 0.00239089 0 0.00133608 0 0.000614599
264022 0 0.00246518 0 0.00140977 0 0.000674024 0 0.00243602 0 0.00135974 0 0.000625446
268092 0 0.0025095 0 0.00143139 0 0.00068523 0 0.00248129 0 0.00138303 0 0.00063614
272158 0 0.002554 0 0.00145302 0 0.000696433 0 0.00252675 0 0.00140634 0 0.00064683
276083 0 0.0026344 0 0.00147461 0 0.00070704 0 0.00258053 0 0.00142846 0 0.000657075
279789 0 0.00272861 0 0.00149427 0 0.000716986 0 0.00267711 0 0.00145069 0 0.000666348
283487 0 0.00282353 0 0.00151394 0 0.000726917 0 0.00277441 0 0.00147291 0 0.000675607
287177 0 0.00291919 0 0.00153358 0 0.000736829 0 0.00287248 0 0.00149514 0 0.000684846
290832 0 0.00301583 0 0.0015533 0 0.00074656 0 0.00297066 0 0.00151655 0 0.000694034
294410 0 0.0031138 0 0.00157325 0 0.000755861 0 0.00306793 0 0.00153591 0 0.000703118
297979 0 0.00321264 0 0.00159318 0 0.000765143 0 0.00316607 0 0.00155525 0 0.000712183
301539 0 0.0033124 0 0.00161308 0 0.000774401 0 0.00326513 0 0.00157457 0 0.000721224
305088 0 0.00341315 0 0.00163296 0 0.000783634 0 0.00336517 0 0.00159386 0 0.00073024
308609 0 0.0035156 0 0.00165254 0 0.00079281 0 0.00346695 0 0.00161292 0 0.000739198
312066 0 0.00362112 0 0.00167133 0 0.000801867 0 0.00357192 0 0.00163135 0 0.000748036
315352 0 0.00376534 0 0.00168968 0 0.000809942 0 0.0036976 0 0.00164855 0 0.000756291
318503 0 0.00391361 0 0.0017069 0 0.000816448 0 0.00384547 0 0.00166604 0 0.000763841
321606 0 0.00406356 0 0.00172405 0 0.000822774 0 0.00399588 0 0.0016839 0 0.00077109
324709 0 0.00421327 0 0.00174122 0 0.000829096 0 0.00414582 0 0.00170177 0 0.000778342
327758 0 0.00436681 0 0.00175782 0 0.000835282 0 0.00429948 0 0.001719 0 0.00078551
330765 0 0.00452367 0 0.00177399 0 0.000841354 0 0.00445635 0 0.00173572 0 0.000792604
333709 0 0.00468007 0 0.00179028 0 0.000847174 0 0.00461252 0 0.00175269 0 0.00079997
336626 0 0.00483773 0 0.00180654 0 0.000852906 0 0.00476994 0 0.00176966 0 0.000807353
339535 0 0.00499585 0 0.00182275 0 0.000858621 0 0.00492807 0 0.00178665 0 0.000814705
342441 0 0.00515365 0 0.00183895 0 0.000864331 0 0.00508578 0 0.00180364 0 0.000822059
345339 0 0.00531213 0 0.00185511 0 0.000870017 0 0.00524419 0 0.0018206 0 0.00082939
348217 0 0.00547085 0 0.0018713 0 0.000875753 0 0.00540286 0 0.00183746 0 0.000836413
351041 0 0.00562801 0 0.00188779 0 0.000881809 0 0.00556006 0 0.00185403 0 0.000842076
353856 0 0.00578595 0 0.00190424 0 0.000887838 0 0.00571806 0 0.00187056 0 0.000847723
356587 0 0.00595465 0 0.00191982 0 0.000893676 0 0.00588129 0 0.00188616 0 0.000853221
359164 0 0.00615492 0 0.00193444 0 0.0008991 0 0.00607109 0 0.00190058 0 0.000858296
361695 0 0.00635848 0 0.00194855 0 0.000904441 0 0.00627498 0 0.00191498 0 0.000863204
364228 0 0.00656126 0 0.00196267 0 0.00090979 0 0.00647808 0 0.00192939 0 0.00086812
366754 0 0.00676439 0 0.00197675 0 0.000915122 0 0.00668151 0 0.00194377 0 0.00087302
369272 0 0.00696785 0 0.00199079 0 0.000920437 0 0.0068853 0 0.00195811 0 0.000877903
371784 0 0.00717168 0 0.00200478 0 0.000925734 0 0.00708945 0 0.00197241 0 0.00088277
374288 0 0.00737587 0 0.00201873 0 0.000931014 0 0.00729396 0 0.00198667 0 0.000887619
376752 0 0.00758314 0 0.0020322 0 0.000936185 0 0.00750145 0 0.00200038 0 0.000892409
379169 0 0.00779378 0 0.00204514 0 0.000941245 0 0.00771214 0 0.0020135 0 0.000897175
381565 0 0.00800398 0 0.00205811 0 0.000946359 0 0.00792225 0 0.00202668 0 0.000902208
383953 0 0.00821469 0 0.00207103 0 0.000951452 0 0.00813286 0 0.00203981 0 0.000907221
386311 0 0.00842519 0 0.00208365 0 0.000957604 0 0.00834264 0 0.00205342 0 0.000911623
388640 0 0.00863473 0 0.00209648 0 0.000963921 0 0.00855163 0 0.00206714 0 0.000916432
390943 0 0.00884439 0 0.00210974 0 0.000969791 0 0.00876033 0 0.00208065 0 0.000922145
393237 0 0.00905579 0 0.00212296 0 0.000975644 0 0.00896943 0 0.0020941 0 0.00092784
395533 0 0.00926646 0 0.00213624 0 0.000981515 0 0.00917774 0 0.0021076 0 0.000933554
397802 0 0.00947694 0 0.00214909 0 0.000987323 0 0.00938758 0 0.00212056 0 0.00093922
400059 0 0.00968773 0 0.00216173 0 0.000993112 0 0.00959837 0 0.00213344 0 0.000944866
402310 0 0.00989855 0 0.00217435 0 0.000998896 0 0.00980917 0 0.0021463 0 0.000950539
404555 0 0.0101094 0 0.00218695 0 0.00100467 0 0.01002 0 0.00215916 0 0.000956227
406781 0 0.0103193 0 0.00219994 0 0.00101016 0 0.0102298 0 0.00217228 0 0.000961461
409002 0 0.010529 0 0.00221295 0 0.00101561 0 0.0104394 0 0.00218543 0 0.000966665
411218 0 0.0107386 0 0.00222595 0 0.00102107 0 0.0106489 0 0.00219859 0 0.000971868
413429 0 0.0109482 0 0.00223894 0 0.00102652 0 0.0108583 0 0.00221174 0 0.000977066
415635 0 0.0111577 0 0.00225191 0 0.00103196 0 0.0110678 0 0.00222488 0 0.00098226
417833 0 0.0113671 0 0.0022649 0 0.00103736 0 0.0112772 0 0.00223805 0 0.000987422
420006 0 0.0115759 0 0.00227806 0 0.00104228 0 0.0114859 0 0.00225154 0 0.000992313
422158 0 0.0117863 0 0.00229066 0 0.00104724 0 0.0116965 0 0.00226466 0 0.000997218
424296 0 0.0119968 0 0.00230336 0 0.00105214 0 0.0119079 0 0.00227759 0 0.00100211
426362 0 0.012208 0 0.00231717 0 0.00105671 0 0.0121267 0 0.00228894 0 0.00100697
428384 0 0.0124246 0 0.0023298 0 0.00106134 0 0.0123441 0 0.00230202 0 0.00101153
430396 0 0.0126415 0 0.00234234 0 0.00106597 0 0.0125614 0 0.00231525 0 0.00101606
432374 0 0.0128583 0 0.00235457 0 0.00107173 0 0.0127779 0 0.00232884 0 0.00102
434312 0 0.0130755 0 0.00236687 0 0.00107734 0 0.0129949 0 0.00234199 0 0.00102468
436222 0 0.0132911 0 0.00237908 0 0.00108269 0 0.0132109 0 0.00235502 0 0.00102993
438088 0 0.0135054 0 0.00239052 0 0.00108794 0 0.0134253 0 0.00236687 0 0.00103512
439924 0 0.0137314 0 0.00240191 0 0.00109313 0 0.0136414 0 0.00237843 0 0.00104024
441724 0 0.0139647 0 0.00241305 0 0.00109826 0 0.0138667 0 0.00238979 0 0.00104527
443500 0 0.0141994 0 0.00242398 0 0.00110331 0 0.0141015 0 0.00240107 0 0.00105028
445272 0 0.0144344 0 0.00243487 0 0.00110832 0 0.0143365 0 0.00241232 0 0.00105523
447039 0 0.0146692 0 0.00244574 0 0.00111334 0 0.0145714 0 0.00242356 0 0.00106015
448798 0 0.0149041 0 0.00245659 0 0.00111835 0 0.0148063 0 0.00243477 0 0.00106508
450552 0 0.015139 0 0.00246744 0 0.00112337 0 0.0150412 0 0.00244597 0 0.00107001
452299 0 0.0153737 0 0.00247828 0 0.00112838 0 0.0152759 0 0.00245716 0 0.00107494
454039 0 0.0156084 0 0.00248912 0 0.0011334 0 0.0155106 0 0.00246835 0 0.00107988
455773 0 0.0158429 0 0.00249994 0 0.00113842 0 0.0157452 0 0.00247952 0 0.00108481
457500 0 0.0160774 0 0.00251077 0 0.00114344 0 0.0159796 0 0.00249068 0 0.00108975
459193 0 0.0163112 0 0.00252301 0 0.00114828 0 0.0162187 0 0.00250087 0 0.00109465
460810 0 0.0165527 0 0.00253433 0 0.00115294 0 0.0164619 0 0.00251183 0 0.00109925
462409 0 0.0167959 0 0.00254542 0 0.00115759 0 0.0167051 0 0.00252316 0 0.00110379
463995 0 0.0170388 0 0.0025645 0 0.00116217 0 0.0169475 0 0.00253463 0 0.00110827
465577 0 0.0172811 0 0.00259001 0 0.00116679 0 0.0171885 0 0.00254622 0 0.00111264
467147 0 0.0175226 0 0.00261573 0 0.00117136 0 0.017429 0 0.00256036 0 0.00111701
468664 0 0.0177628 0 0.00264146 0 0.00117573 0 0.0176688 0 0.00258429 0 0.00112128
470145 0 0.0180053 0 0.00266434 0 0.00118005 0 0.0179113 0 0.0026074 0 0.00112547
471607 0 0.0182478 0 0.00268637 0 0.00118435 0 0.0181541 0 0.00263047 0 0.00112959
473061 0 0.0184903 0 0.00270837 0 0.00118863 0 0.0183968 0 0.00265351 0 0.0011337
474507 0 0.0187329 0 0.00273031 0 0.00119289 0 0.0186397 0 0.00267652 0 0.00113778
475945 0 0.0189755 0 0.00275219 0 0.00119713 0 0.0188826 0 0.00269947 0 0.00114185
477360 0 0.0192166 0 0.00277481 0 0.00120095 0 0.0191239 0 0.0027233 0 0.00114566
478744 0 0.0194534 0 0.00279872 0 0.00120442 0 0.0193607 0 0.00274884 0 0.00114881
480096 0 0.019687 0 0.00282283 0 0.00120899 0 0.0195942 0 0.00277608 0 0.00115134
481409 0 0.0199161 0 0.0028491 0 0.00121293 0 0.0198235 0 0.00280383 0 0.00115515
482714 0 0.0201447 0 0.00287555 0 0.00121684 0 0.0200523 0 0.00283163 0 0.00115899
484012 0 0.0203731 0 0.00290201 0 0.00122074 0 0.0202809 0 0.00285943 0 0.00116282
485303 0 0.0206013 0 0.00292849 0 0.00122463 0 0.0205093 0 0.00288723 0 0.00116663
486576 0 0.0208325 0 0.00295396 0 0.00122841 0 0.0207404 0 0.00291327 0 0.00117044
487841 0 0.0210649 0 0.002979 0 0.00123214 0 0.0209726 0 0.00293864 0 0.00117419
489099 0 0.0212972 0 0.00300396 0 0.00123584 0 0.0212047 0 0.002964 0 0.00117792
490351 0 0.0215294 0 0.00302886 0 0.00123952 0 0.0214368 0 0.00298927 0 0.00118162
491590 0 0.0217618 0 0.00305453 0 0.00124314 0 0.0216702 0 0.0030138 0 0.00118528
492793 0 0.0219957 0 0.00308334 0 0.00124659 0 0.0219091 0 0.00303622 0 0.00118878
493944 0 0.0222389 0 0.00310902 0 0.00124996 0 0.0221529 0 0.00306239 0 0.00119205
495070 0 0.022486 0 0.00313412 0 0.00125327 0 0.0224 0 0.00308798 0 0.00119526
496196 0 0.0227327 0 0.00315906 0 0.00125657 0 0.0226465 0 0.00311345 0 0.00119848
497317 0 0.0229791 0 0.003184 0 0.00125989 0 0.022893 0 0.0031389 0 0.0012016
498434 0 0.0232254 0 0.00320895 0 0.00126322 0 0.0231392 0 0.00316434 0 0.00120461
499546 0 0.0234714 0 0.00323391 0 0.00126637 0 0.0233852 0 0.00318975 0 0.00120767
500653 0 0.0237174 0 0.00325886 0 0.0012695 0 0.0236311 0 0.00321511 0 0.00121071
501756 0 0.0239633 0 0.00328381 0 0.00127261 0 0.0238769 0 0.00324043 0 0.00121373
502850 0 0.0242085 0 0.00330796 0 0.00127575 0 0.0241222 0 0.00326573 0 0.0012167
503930 0 0.0244528 0 0.00333096 0 0.00127885 0 0.0243668 0 0.00329107 0 0.00121962
505000 0 0.0246965 0 0.00335392 0 0.00128189 0 0.0246108 0 0.00331686 0 0.00122248
506067 0 0.0249401 0 0.00337669 0 0.00128494 0 0.024855 0 0.00334332 0 0.00122533
507130 0 0.0251835 0 0.00339947 0 0.00128795 0 0.0250989 0 0.00336979 0 0.00122821
508188 0 0.0254266 0 0.00342222 0 0.00129094 0 0.0253426 0 0.0033963 0 0.00123107
509242 0 0.0256696 0 0.00344492 0 0.00129391 0 0.0255861 0 0.00342282 0 0.00123392
510291 0 0.0259126 0 0.0034675 0 0.00129687 0 0.0258297 0 0.00344933 0 0.00123677
511337 0 0.0261554 0 0.00349001 0 0.00129984 0 0.0260731 0 0.00347589 0 0.00123961
512379 0 0.0263982 0 0.00351246 0 0.0013028 0 0.0263164 0 0.00350253 0 0.00124243
513417 0 0.0266408 0 0.00353491 0 0.00130574 0 0.0265596 0 0.00352923 0 0.00124524
514451 0 0.0268832 0 0.00355739 0 0.00130867 0 0.0268026 0 0.00355602 0 0.00124804
515474 0 0.0271252 0 0.00358027 0 0.00131155 0 0.027045 0 0.00358113 0 0.00125079
516489 0 0.0273664 0 0.00360899 0 0.00131437 0 0.0272862 0 0.00360578 0 0.0012535
517487 0 0.0276033 0 0.00364684 0 0.00131716 0 0.0275238 0 0.00364536 0 0.00125624
518461 0 0.0278427 0 0.00368351 0 0.00131989 0 0.0277642 0 0.00368459 0 0.00125905
519428 0 0.0280829 0 0.00372009 0 0.00132259 0 0.0280049 0 0.00372374 0 0.00126182
520391 0 0.0283232 0 0.00375659 0 0.00132529 0 0.0282454 0 0.00376326 0 0.00126459
521346 0 0.0285644 0 0.00379226 0 0.00132796 0 0.028487 0 0.00380228 0 0.00126734
522287 0 0.0288078 0 0.00382611 0 0.0013306 0 0.0287307 0 0.00384015 0 0.00127009
523226 0 0.0290509 0 0.00386001 0 0.00133323 0 0.0289743 0 0.00387813 0 0.00127282
524161 0 0.0292938 0 0.00389399 0 0.00133584 0 0.0292175 0 0.00391623 0 0.00127554
525095 0 0.0295362 0 0.00392812 0 0.00133844 0 0.0294604 0 0.00395451 0 0.00127825
526025 0 0.0297784 0 0.0039623 0 0.00134102 0 0.0297029 0 0.00399291 0 0.00128095
526952 0 0.0300202 0 0.00399652 0 0.00134359 0 0.0299451 0 0.00403141 0 0.00128364
527876 0 0.0302619 0 0.00403074 0 0.00134614 0 0.0301872 0 0.00406931 0 0.00128631
528797 0 0.0305034 0 0.00406498 0 0.00134868 0 0.030429 0 0.0041067 0 0.00128896
529716 0 0.0307447 0 0.00409888 0 0.00135121 0 0.0306707 0 0.00414412 0 0.00129161
530632 0 0.0309859 0 0.00413197 0 0.00135371 0 0.0309123 0 0.00418151 0 0.00129424
531545 0 0.0312269 0 0.00416493 0 0.00135621 0 0.0311536 0 0.00421888 0 0.00129686
532456 0 0.0314677 0 0.00419779 0 0.00135871 0 0.0313949 0 0.00425618 0 0.00129948
533364 0 0.0317082 0 0.00423068 0 0.0013612 0 0.0316358 0 0.0042935 0 0.00130209
534270 0 0.0319485 0 0.00426357 0 0.00136367 0 0.0318765 0 0.00433082 0 0.00130469
535172 0 0.032188 0 0.00429654 0 0.00136612 0 0.0321164 0 0.00436836 0 0.00130728
536065 0 0.0324254 0 0.00432991 0 0.00136849 0 0.0323542 0 0.00440697 0 0.00130983
536952 0 0.0326619 0 0.00436319 0 0.00137096 0 0.0325912 0 0.00444549 0 0.0013124
537833 0 0.0328974 0 0.00439638 0 0.00137361 0 0.032827 0 0.00448375 0 0.00131504
538711 0 0.0331326 0 0.0044296 0 0.00137626 0 0.0330626 0 0.00452192 0 0.00131767
539586 0 0.0333675 0 0.00446281 0 0.00137889 0 0.033298 0 0.00456001 0 0.00132029
540459 0 0.0336023 0 0.00449602 0 0.00138151 0 0.0335331 0 0.00459804 0 0.0013229
541329 0 0.0338368 0 0.00452921 0 0.00138413 0 0.033768 0 0.004636 0 0.0013255
542187 0 0.0340695 0 0.00456357 0 0.00138642 0 0.034001 0 0.00467518 0 0.00132795
543041 0 0.0343016 0 0.00459814 0 0.00138864 0 0.0342334 0 0.00471453 0 0.00133036
543892 0 0.0345334 0 0.00463268 0 0.00139085 0 0.0344655 0 0.00475377 0 0.00133277
544740 0 0.0347651 0 0.00466714 0 0.00139306 0 0.0346974 0 0.00479287 0 0.00133517
545586 0 0.0349965 0 0.00470151 0 0.00139525 0 0.0349292 0 0.00483187 0 0.00133757
546429 0 0.0352276 0 0.00473579 0 0.00139743 0 0.0351606 0 0.00487076 0 0.00133996
547269 0 0.0354585 0 0.00477 0 0.0013996 0 0.0353918 0 0.00490958 0 0.00134234
548099 0 0.035688 0 0.0048046 0 0.00140211 0 0.0356216 0 0.00494945 0 0.00134452
548923 0 0.0359167 0 0.00483937 0 0.0014048 0 0.0358505 0 0.00498932 0 0.00134659
549734 0 0.0361432 0 0.00487558 0 0.00140725 0 0.0360773 0 0.00502932 0 0.00134919
550542 0 0.03637 0 0.00491288 0 0.00140968 0 0.0363043 0 0.00506901 0 0.0013518
551336 0 0.036599 0 0.00495153 0 0.00141205 0 0.0365342 0 0.00510728 0 0.00135436
552111 0 0.0368325 0 0.00499027 0 0.0014144 0 0.0367677 0 0.00514729 0 0.00135682
552883 0 0.0370658 0 0.0050287 0 0.00141673 0 0.037001 0 0.00518717 0 0.00135927
553654 0 0.037299 0 0.00506643 0 0.00141906 0 0.0372342 0 0.00522686 0 0.00136171
554422 0 0.037532 0 0.00510411 0 0.00142138 0 0.0374671 0 0.00526641 0 0.00136415
555187 0 0.0377647 0 0.00514175 0 0.00142368 0 0.0376998 0 0.00530581 0 0.00136656
555940 0 0.0379953 0 0.00518079 0 0.00142581 0 0.0379303 0 0.00534617 0 0.00136868
556691 0 0.0382257 0 0.00521986 0 0.00142792 0 0.0381606 0 0.00538631 0 0.00137079
557438 0 0.0384563 0 0.00525874 0 0.00143002 0 0.038391 0 0.00542583 0 0.00137289
558180 0 0.0386877 0 0.00529718 0 0.00143211 0 0.0386222 0 0.00546434 0 0.00137497
558919 0 0.0389188 0 0.00533568 0 0.00143418 0 0.038853 0 0.00550256 0 0.00137704
559654 0 0.0391496 0 0.00537423 0 0.00143624 0 0.0390835 0 0.00554045 0 0.0013791
560386 0 0.0393801 0 0.00541285 0 0.00143828 0 0.0393136 0 0.00557796 0 0.00138114
561127 0 0.0396112 0 0.0054514 0 0.00144037 0 0.0395447 0 0.00561805 0 0.00138322
561874 0 0.0398427 0 0.0054898 0 0.0014425 0 0.0397763 0 0.00565962 0 0.00138533
562617 0 0.0400753 0 0.00552755 0 0.0014446 0 0.040009 0 0.00570029 0 0.00138745
563356 0 0.0403083 0 0.00556504 0 0.00144669 0 0.040242 0 0.0057406 0 0.00138956
564089 0 0.040542 0 0.00560202 0 0.00144876 0 0.0404759 0 0.00578034 0 0.00139165
564819 0 0.0407756 0 0.00563895 0 0.00145083 0 0.0407095 0 0.00582004 0 0.00139372
565547 0 0.0410085 0 0.00567585 0 0.001453 0 0.0409426 0 0.00585972 0 0.00139548
566268 0 0.0412389 0 0.00571368 0 0.00145519 0 0.0411736 0 0.00591163 0 0.00139714
566984 0 0.0414677 0 0.00575202 0 0.00145735 0 0.0414034 0 0.00597073 0 0.00139878
567700 0 0.0416964 0 0.00579029 0 0.00145952 0 0.0416331 0 0.0060298 0 0.00140042
568412 0 0.0419245 0 0.00582858 0 0.00146141 0 0.0418622 0 0.0060889 0 0.00140213
569118 0 0.0421504 0 0.00588015 0 0.00146314 0 0.0420885 0 0.00614964 0 0.00140381
569819 0 0.0423752 0 0.00593689 0 0.00146485 0 0.0423136 0 0.00621103 0 0.00140545
570520 0 0.0425998 0 0.00599346 0 0.00146655 0 0.0425384 0 0.00627244 0 0.00140707
571218 0 0.0428242 0 0.00605 0 0.00146826 0 0.0427631 0 0.00633392 0 0.00140869
571916 0 0.0430484 0 0.00610652 0 0.00146994 0 0.0429876 0 0.00639548 0 0.0014103
572612 0 0.0432727 0 0.00616289 0 0.00147162 0 0.0432121 0 0.00645571 0 0.00141191
573305 0 0.0434953 0 0.00622048 0 0.00147324 0 0.0434349 0 0.00651613 0 0.00141349
573995 0 0.0437178 0 0.00627802 0 0.00147486 0 0.0436575 0 0.0065765 0 0.00141506
574685 0 0.0439403 0 0.00633544 0 0.00147647 0 0.0438801 0 0.00663669 0 0.00141663
575373 0 0.0441626 0 0.00639278 0 0.00147807 0 0.0441025 0 0.00669681 0 0.0014182
576063 0 0.0443849 0 0.00645018 0 0.00147969 0 0.0443249 0 0.00675661 0 0.00141978
576754 0 0.0446072 0 0.00650689 0 0.00148131 0 0.0445474 0 0.00681613 0 0.00142136
577442 0 0.0448292 0 0.00656315 0 0.0014829 0 0.0447696 0 0.00687569 0 0.00142292
578130 0 0.045051 0 0.00661934 0 0.00148448 0 0.0449915 0 0.00693537 0 0.00142446
578817 0 0.0452727 0 0.00667534 0 0.00148606 0 0.0452134 0 0.00699498 0 0.001426
579501 0 0.0454936 0 0.0067311 0 0.00148767 0 0.0454346 0 0.0070545 0 0.00142766
580182 0 0.0457141 0 0.00678666 0 0.00148929 0 0.0456552 0 0.00711391 0 0.00142939
580862 0 0.0459343 0 0.00684205 0 0.00149091 0 0.0458757 0 0.00717318 0 0.00143111
581540 0 0.0461545 0 0.0068973 0 0.00149252 0 0.0460961 0 0.00723229 0 0.00143283
582218 0 0.0463745 0 0.00695247 0 0.00149413 0 0.0463163 0 0.00729123 0 0.00143455
582894 0 0.0465943 0 0.00700756 0 0.00149573 0 0.0465364 0 0.00735 0 0.00143626
583569 0 0.046814 0 0.00706255 0 0.00149732 0 0.0467563 0 0.00740862 0 0.00143796
584242 0 0.0470336 0 0.00711745 0 0.00149891 0 0.0469761 0 0.00746708 0 0.00143966
584915 0 0.047253 0 0.00717227 0 0.00150049 0 0.0471958 0 0.00752537 0 0.00144135
585586 0 0.0474723 0 0.00722703 0 0.00150207 0 0.0474152 0 0.00758349 0 0.00144303
586256 0 0.0476914 0 0.00728173 0 0.00150364 0 0.0476346 0 0.00764142 0 0.00144472
586924 0 0.0479104 0 0.00733638 0 0.0015052 0 0.0478537 0 0.00769914 0 0.00144639
587592 0 0.0481292 0 0.00739097 0 0.00150675 0 0.0480727 0 0.00775665 0 0.00144806
588257 0 0.0483479 0 0.0074455 0 0.0015083 0 0.0482916 0 0.00781391 0 0.00144972
588921 0 0.0485664 0 0.00749995 0 0.00150984 0 0.0485103 0 0.00787092 0 0.00145137
589584 0 0.0487848 0 0.00755436 0 0.00151138 0 0.0487287 0 0.00792768 0 0.00145302
590245 0 0.0490029 0 0.00760869 0 0.0015129 0 0.048947 0 0.00798414 0 0.00145466
590904 0 0.0492209 0 0.00766295 0 0.00151442 0 0.049165 0 0.00804027 0 0.00145629
591561 0 0.0494389 0 0.00771699 0 0.00151593 0 0.0493831 0 0.00809595 0 0.00145792
592212 0 0.0496575 0 0.00777035 0 0.00151742 0 0.0496018 0 0.00815079 0 0.00145952
592856 0 0.0498756 0 0.00782414 0 0.00151886 0 0.0498196 0 0.00820127 0 0.00146107
593494 0 0.0500942 0 0.00787744 0 0.00152029 0 0.0500377 0 0.00825075 0 0.0014626
594131 0 0.0503125 0 0.00793055 0 0.0015217 0 0.0502558 0 0.00829997 0 0.00146412
594766 0 0.0505306 0 0.00798461 0 0.00152311 0 0.0504734 0 0.00834958 0 0.00146562
595399 0 0.0507482 0 0.00803868 0 0.00152456 0 0.0506906 0 0.00839942 0 0.00146719
596027 0 0.0509646 0 0.00809324 0 0.00152605 0 0.0509067 0 0.0084495 0 0.00146886
596642 0 0.0511787 0 0.00814934 0 0.0015277 0 0.0511203 0 0.00850123 0 0.00147062
597256 0 0.0513926 0 0.00820516 0 0.00152933 0 0.0513338 0 0.00855262 0 0.00147238
597869 0 0.0516063 0 0.00826068 0 0.00153096 0 0.0515472 0 0.00860366 0 0.00147412
598480 0 0.0518199 0 0.00831585 0 0.00153258 0 0.0517603 0 0.00865431 0 0.00147586
599087 0 0.0520327 0 0.00837062 0 0.00153429 0 0.0519728 0 0.00870463 0 0.00147764
599691 0 0.0522455 0 0.00842484 0 0.00153606 0 0.052185 0 0.0087553 0 0.00147943
600290 0 0.0524598 0 0.00847758 0 0.00153783 0 0.0523983 0 0.00880749 0 0.0014812
600885 0 0.0526745 0 0.00852989 0 0.00153958 0 0.052612 0 0.00885914 0 0.00148296
601475 0 0.0528892 0 0.00858053 0 0.00154131 0 0.0528258 0 0.00891019 0 0.0014847
602058 0 0.0531032 0 0.0086262 0 0.00154302 0 0.0530393 0 0.00896051 0 0.00148642
602638 0 0.0533175 0 0.00867269 0 0.00154471 0 0.0532532 0 0.00901012 0 0.00148813
603215 0 0.0535321 0 0.0087205 0 0.0015464 0 0.0534679 0 0.00905876 0 0.00148983
603791 0 0.0537466 0 0.00876811 0 0.00154807 0 0.0536825 0 0.00910715 0 0.00149152
604365 0 0.0539609 0 0.0088155 0 0.00154974 0 0.0538969 0 0.00915527 0 0.0014932
604937 0 0.0541751 0 0.00886268 0 0.00155139 0 0.0541112 0 0.00920308 0 0.00149488
605508 0 0.0543893 0 0.00890955 0 0.00155305 0 0.0543253 0 0.00925003 0 0.00149654
606078 0 0.0546033 0 0.00895619 0 0.00155469 0 0.0545394 0 0.00929661 0 0.0014982
606646 0 0.0548172 0 0.00900261 0 0.00155633 0 0.0547533 0 0.00934281 0 0.00149986
607212 0 0.055031 0 0.00904879 0 0.00155795 0 0.054967 0 0.00938862 0 0.0015015
607777 0 0.0552446 0 0.00909474 0 0.00155957 0 0.0551806 0 0.00943399 0 0.00150314
608341 0 0.055458 0 0.00914044 0 0.00156119 0 0.0553941 0 0.00947893 0 0.00150478
608902 0 0.0556713 0 0.00918588 0 0.00156279 0 0.0556073 0 0.00952339 0 0.0015064
609458 0 0.0558827 0 0.00923197 0 0.00156442 0 0.0558186 0 0.00956841 0 0.00150803
610011 0 0.0560931 0 0.00927817 0 0.00156604 0 0.0560289 0 0.00961335 0 0.00150966
610560 0 0.0563032 0 0.00932407 0 0.00156765 0 0.0562389 0 0.00965783 0 0.00151115
611107 0 0.0565128 0 0.00936931 0 0.00156926 0 0.0564485 0 0.00970175 0 0.0015125
611655 0 0.0567223 0 0.00941389 0 0.00157075 0 0.056658 0 0.00974744 0 0.00151391
612213 0 0.056932 0 0.00945744 0 0.0015722 0 0.0568683 0 0.00979997 0 0.00151541
612771 0 0.0571418 0 0.00950228 0 0.00157367 0 0.0570787 0 0.00985231 0 0.0015169
613329 0 0.0573517 0 0.00954803 0 0.00157514 0 0.0572889 0 0.00990447 0 0.00151839
613892 0 0.0575621 0 0.00959823 0 0.00157662 0 0.0574994 0 0.00995681 0 0.00151989
614457 0 0.0577725 0 0.00964974 0 0.0015781 0 0.0577098 0 0.0100091 0 0.0015214
615020 0 0.0579829 0 0.00970103 0 0.00157958 0 0.0579202 0 0.0100611 0 0.0015229
615582 0 0.0581931 0 0.00975212 0 0.00158105 0 0.0581304 0 0.0101128 0 0.00152439
616142 0 0.0584032 0 0.00980302 0 0.00158251 0 0.0583405 0 0.0101643 0 0.00152587
616702 0 0.058613 0 0.0098537 0 0.00158396 0 0.0585503 0 0.0102156 0 0.00152737
617260 0 0.0588228 0 0.00990421 0 0.0015854 0 0.0587601 0 0.0102666 0 0.00152887
617817 0 0.0590324 0 0.0099546 0 0.00158684 0 0.0589697 0 0.0103174 0 0.00153036
618373 0 0.0592418 0 0.0100049 0 0.00158827 0 0.0591792 0 0.0103678 0 0.00153185
618924 0 0.0594503 0 0.0100558 0 0.00158971 0 0.0593876 0 0.0104186 0 0.00153341
619469 0 0.0596575 0 0.0101075 0 0.00159124 0 0.0595948 0 0.0104702 0 0.00153501
620012 0 0.0598645 0 0.0101591 0 0.00159278 0 0.0598017 0 0.0105215 0 0.0015366
620554 0 0.0600714 0 0.0102106 0 0.0015943 0 0.0600086 0 0.0105724 0 0.00153818
621095 0 0.0602782 0 0.0102619 0 0.00159581 0 0.0602153 0 0.010623 0 0.00153975
621634 0 0.0604848 0 0.0103131 0 0.00159732 0 0.0604219 0 0.0106732 0 0.00154132
622173 0 0.0606914 0 0.0103642 0 0.00159881 0 0.0606283 0 0.010723 0 0.00154288
622710 0 0.0608978 0 0.010415 0 0.0016003 0 0.0608346 0 0.0107724 0 0.00154443
623246 0 0.0611041 0 0.0104657 0 0.00160177 0 0.0610409 0 0.0108216 0 0.00154597
623781 0 0.0613104 0 0.0105162 0 0.00160325 0 0.0612471 0 0.0108707 0 0.00154751
624316 0 0.0615166 0 0.0105665 0 0.00160471 0 0.0614532 0 0.0109197 0 0.00154904
624847 0 0.0617232 0 0.0106162 0 0.00160615 0 0.0616561 0 0.0109683 0 0.00155056
625369 0 0.0619319 0 0.0106639 0 0.00160748 0 0.0618453 0 0.0110158 0 0.00155205
625889 0 0.0621406 0 0.0107113 0 0.0016088 0 0.0620338 0 0.0110631 0 0.00155354
626408 0 0.0623494 0 0.0107584 0 0.00161011 0 0.0622215 0 0.0111102 0 0.00155502
626925 0 0.0625582 0 0.0108052 0 0.00161141 0 0.0624083 0 0.011157 0 0.00155649
627441 0 0.0627671 0 0.0108517 0 0.0016127 0 0.0625942 0 0.0112037 0 0.00155796
627956 0 0.062976 0 0.0108978 0 0.00161397 0 0.062779 0 0.0112501 0 0.00155943
628467 0 0.0631852 0 0.0109434 0 0.00161523 0 0.0629628 0 0.0112961 0 0.00156088
628975 0 0.0633951 0 0.0109882 0 0.00161648 0 0.0631466 0 0.0113415 0 0.00156232
629482 0 0.063605 0 0.0110327 0 0.00161772 0 0.0633302 0 0.0113866 0 0.00156375
629981 0 0.0638088 0 0.0110762 0 0.00161895 0 0.0635145 0 0.0114308 0 0.00156517
630471 0 0.0640016 0 0.0111185 0 0.00162015 0 0.0637002 0 0.0114733 0 0.0015666
630958 0 0.0641939 0 0.0111603 0 0.00162135 0 0.0638858 0 0.0115154 0 0.00156801
631444 0 0.0643853 0 0.0112017 0 0.00162254 0 0.0640714 0 0.0115573 0 0.00156942
631930 0 0.0645753 0 0.0112432 0 0.00162374 0 0.0642574 0 0.0115993 0 0.00157083
632413 0 0.0647652 0 0.0112837 0 0.00162493 0 0.0644441 0 0.0116426 0 0.00157223
632894 0 0.0649539 0 0.0113239 0 0.00162612 0 0.0646309 0 0.0116857 0 0.00157362
633374 0 0.065142 0 0.0113639 0 0.00162731 0 0.0648178 0 0.0117284 0 0.00157501
633852 0 0.0653298 0 0.0114037 0 0.00162848 0 0.0650049 0 0.0117709 0 0.00157639
634333 0 0.0655175 0 0.011444 0 0.00162967 0 0.0651921 0 0.0118129 0 0.0015778
634811 0 0.0657053 0 0.0114851 0 0.00163085 0 0.06538 0 0.0118542 0 0.00157919
635286 0 0.065893 0 0.0115267 0 0.00163205 0 0.0655684 0 0.0118948 0 0.00158061
635759 0 0.0660805 0 0.0115681 0 0.00163326 0 0.0657569 0 0.0119351 0 0.00158205
636234 0 0.0662682 0 0.0116098 0 0.00163447 0 0.0659447 0 0.0119757 0 0.00158349
636708 0 0.0664559 0 0.0116514 0 0.00163568 0 0.0661324 0 0.0120161 0 0.00158492
637182 0 0.0666435 0 0.0116928 0 0.00163689 0 0.06632 0 0.0120564 0 0.00158635
637653 0 0.0668305 0 0.0117341 0 0.00163822 0 0.066507 0 0.0120964 0 0.00158784
638123 0 0.0670174 0 0.0117753 0 0.00163954 0 0.0666939 0 0.0121362 0 0.00158933
638593 0 0.0672043 0 0.0118164 0 0.00164086 0 0.0668807 0 0.0121758 0 0.00159081
639062 0 0.0673911 0 0.0118573 0 0.00164218 0 0.0670674 0 0.0122153 0 0.00159229
639529 0 0.0675781 0 0.0118978 0 0.00164348 0 0.0672544 0 0.0122544 0 0.00159376
639995 0 0.0677652 0 0.0119382 0 0.00164477 0 0.0674414 0 0.0122933 0 0.00159523
640460 0 0.0679521 0 0.0119784 0 0.00164606 0 0.0676283 0 0.012332 0 0.00159668
640923 0 0.0681389 0 0.0120185 0 0.00164735 0 0.067815 0 0.0123706 0 0.00159815
641384 0 0.0683247 0 0.0120584 0 0.00164872 0 0.0680007 0 0.0124091 0 0.00159979
641843 0 0.0685104 0 0.0120981 0 0.00165009 0 0.0681864 0 0.0124474 0 0.00160143
642301 0 0.068696 0 0.0121377 0 0.00165145 0 0.0683719 0 0.0124856 0 0.00160307
642759 0 0.0688815 0 0.0121771 0 0.0016528 0 0.0685574 0 0.0125235 0 0.00160469
643215 0 0.0690669 0 0.0122164 0 0.00165415 0 0.0687427 0 0.0125613 0 0.00160631
643670 0 0.0692522 0 0.0122554 0 0.0016555 0 0.068928 0 0.0125989 0 0.00160792
644125 0 0.0694374 0 0.0122943 0 0.00165683 0 0.0691132 0 0.0126363 0 0.00160952
644578 0 0.0696225 0 0.0123329 0 0.00165816 0 0.0692982 0 0.0126735 0 0.00161111
645030 0 0.0698076 0 0.0123714 0 0.00165949 0 0.0694832 0 0.0127104 0 0.0016127
645480 0 0.0699925 0 0.0124095 0 0.0016608 0 0.0696681 0 0.0127471 0 0.00161428
645930 0 0.0701774 0 0.0124475 0 0.00166211 0 0.0698529 0 0.0127836 0 0.00161586
646378 0 0.0703622 0 0.0124851 0 0.00166341 0 0.0700376 0 0.0128199 0 0.00161742
646825 0 0.0705469 0 0.0125225 0 0.0016647 0 0.0702222 0 0.0128558 0 0.00161898
647276 0 0.0707314 0 0.0125608 0 0.00166603 0 0.0704066 0 0.0128914 0 0.00162059
647728 0 0.0709154 0 0.0126 0 0.00166739 0 0.0705904 0 0.0129267 0 0.00162229
648180 0 0.0710993 0 0.0126392 0 0.00166874 0 0.0707741 0 0.0129617 0 0.00162398
648630 0 0.0712832 0 0.0126782 0 0.00167009 0 0.0709577 0 0.0129964 0 0.00162566
649080 0 0.0714669 0 0.0127171 0 0.00167144 0 0.0711413 0 0.0130306 0 0.00162734
649525 0 0.0716516 0 0.0127553 0 0.00167277 0 0.0713257 0 0.0130639 0 0.00162898
649967 0 0.0718369 0 0.0127929 0 0.00167409 0 0.0715108 0 0.0130963 0 0.00163059
650404 0 0.0720214 0 0.0128312 0 0.0016754 0 0.0716951 0 0.0131289 0 0.00163228
650839 0 0.0722063 0 0.0128689 0 0.00167679 0 0.0718793 0 0.0131631 0 0.00163395
651273 0 0.0723925 0 0.0129054 0 0.00167818 0 0.0720641 0 0.0131998 0 0.00163561
651707 0 0.0725786 0 0.0129418 0 0.00167956 0 0.0722488 0 0.0132362 0 0.00163727
652140 0 0.0727646 0 0.0129781 0 0.00168095 0 0.0724335 0 0.0132724 0 0.00163893
652573 0 0.0729505 0 0.0130142 0 0.00168233 0 0.0726181 0 0.0133085 0 0.00164058
653005 0 0.0731364 0 0.0130503 0 0.00168371 0 0.0728026 0 0.0133444 0 0.00164223
653436 0 0.0733221 0 0.0130863 0 0.00168508 0 0.0729871 0 0.0133801 0 0.00164388
653861 0 0.0735081 0 0.0131215 0 0.00168643 0 0.0731728 0 0.0134146 0 0.0016455
654282 0 0.0736934 0 0.013157 0 0.00168777 0 0.0733582 0 0.0134538 0 0.0016471
654703 0 0.0738782 0 0.0131926 0 0.00168912 0 0.0735431 0 0.013495 0 0.00164871
655120 0 0.0740617 0 0.013228 0 0.00169064 0 0.0737269 0 0.0135361 0 0.00165041
655536 0 0.0742452 0 0.0132633 0 0.00169217 0 0.0739106 0 0.0135769 0 0.00165212
655951 0 0.0744284 0 0.0133001 0 0.00169369 0 0.0740939 0 0.0136176 0 0.00165381
656365 0 0.0746108 0 0.0133428 0 0.00169521 0 0.0742764 0 0.0136589 0 0.00165549
656777 0 0.0747931 0 0.0133855 0 0.00169672 0 0.0744587 0 0.0136999 0 0.00165716
657188 0 0.074975 0 0.013428 0 0.00169805 0 0.0746406 0 0.0137408 0 0.00165885
657598 0 0.0751566 0 0.0134704 0 0.00169932 0 0.0748223 0 0.0137816 0 0.00166054
658007 0 0.0753381 0 0.0135127 0 0.0017006 0 0.0750038 0 0.0138221 0 0.00166223
658416 0 0.0755196 0 0.0135548 0 0.00170186 0 0.0751853 0 0.0138624 0 0.00166391
658824 0 0.075701 0 0.0135969 0 0.00170312 0 0.0753668 0 0.0139024 0 0.00166559
659231 0 0.0758822 0 0.0136389 0 0.00170437 0 0.0755481 0 0.0139421 0 0.00166726
659637 0 0.0760634 0 0.0136807 0 0.00170562 0 0.0757293 0 0.0139815 0 0.00166893
660042 0 0.0762445 0 0.0137224 0 0.00170686 0 0.0759104 0 0.0140207 0 0.00167059
660447 0 0.0764256 0 0.013764 0 0.0017081 0 0.0760914 0 0.0140595 0 0.00167225
660850 0 0.0766065 0 0.0138055 0 0.00170933 0 0.0762723 0 0.0140979 0 0.0016739
661255 0 0.0767868 0 0.0138473 0 0.00171056 0 0.0764526 0 0.0141364 0 0.00167556
661660 0 0.0769664 0 0.0138893 0 0.0017118 0 0.0766321 0 0.014175 0 0.00167724
662064 0 0.0771459 0 0.0139312 0 0.00171302 0 0.0768116 0 0.0142131 0 0.00167891
662466 0 0.0773253 0 0.0139731 0 0.00171424 0 0.0769909 0 0.0142508 0 0.00168057
662868 0 0.0775046 0 0.0140147 0 0.00171546 0 0.0771701 0 0.014288 0 0.00168223
663269 0 0.0776838 0 0.0140563 0 0.00171664 0 0.0773493 0 0.0143246 0 0.00168393
663669 0 0.0778632 0 0.0140977 0 0.0017178 0 0.0775285 0 0.0143608 0 0.00168569
664068 0 0.0780424 0 0.0141389 0 0.00171894 0 0.0777076 0 0.0143962 0 0.00168745
664465 0 0.0782215 0 0.0141801 0 0.00172007 0 0.0778865 0 0.014431 0 0.0016892
664861 0 0.0784005 0 0.0142211 0 0.00172119 0 0.0780653 0 0.014465 0 0.00169095
665255 0 0.0785794 0 0.014262 0 0.00172229 0 0.078244 0 0.0144981 0 0.00169269
665647 0 0.0787582 0 0.0143028 0 0.00172339 0 0.0784224 0 0.0145303 0 0.00169442
666039 0 0.0789369 0 0.0143434 0 0.00172447 0 0.0786008 0 0.0145622 0 0.00169615
666430 0 0.0791155 0 0.0143838 0 0.00172556 0 0.0787792 0 0.014594 0 0.00169788
666820 0 0.0792941 0 0.0144239 0 0.00172665 0 0.0789575 0 0.0146257 0 0.0016996
667210 0 0.0794724 0 0.0144639 0 0.00172777 0 0.0791354 0 0.0146574 0 0.00170137
667598 0 0.0796502 0 0.0145038 0 0.00172897 0 0.0793129 0 0.014689 0 0.00170323
667985 0 0.0798278 0 0.0145435 0 0.00173016 0 0.0794903 0 0.0147206 0 0.00170509
668372 0 0.0800054 0 0.0145829 0 0.00173136 0 0.0796676 0 0.0147521 0 0.00170694
668759 0 0.0801829 0 0.0146221 0 0.00173255 0 0.0798448 0 0.0147835 0 0.0017088
669143 0 0.0803601 0 0.0146613 0 0.00173372 0 0.0800217 0 0.0148153 0 0.00171059
669527 0 0.080537 0 0.0147005 0 0.00173487 0 0.0801983 0 0.0148471 0 0.00171237
669909 0 0.0807139 0 0.0147393 0 0.00173602 0 0.0803749 0 0.0148788 0 0.00171414
670292 0 0.0808906 0 0.0147778 0 0.00173717 0 0.0805515 0 0.0149103 0 0.00171591
670673 0 0.0810673 0 0.014816 0 0.00173831 0 0.080728 0 0.0149418 0 0.00171768
671054 0 0.0812439 0 0.0148537 0 0.00173945 0 0.0809044 0 0.0149732 0 0.00171945
671434 0 0.0814205 0 0.014891 0 0.00174059 0 0.0810807 0 0.0150043 0 0.00172121
671813 0 0.081597 0 0.0149278 0 0.00174172 0 0.0812571 0 0.0150353 0 0.00172297
672190 0 0.0817739 0 0.0149637 0 0.00174284 0 0.0814339 0 0.0150656 0 0.00172471
672565 0 0.0819507 0 0.014999 0 0.00174396 0 0.0816106 0 0.0150957 0 0.00172645
672939 0 0.0821275 0 0.0150337 0 0.00174507 0 0.0817872 0 0.0151255 0 0.00172819
673326 0 0.0823045 0 0.0150672 0 0.00174628 0 0.0819648 0 0.0151674 0 0.00172999
673713 0 0.0824813 0 0.0151008 0 0.00174753 0 0.0821422 0 0.0152094 0 0.0017317
674098 0 0.0826577 0 0.0151345 0 0.00174883 0 0.0823191 0 0.0152514 0 0.00173325
674483 0 0.082834 0 0.0151681 0 0.00175013 0 0.0824959 0 0.0152933 0 0.0017348
674867 0 0.0830103 0 0.0152018 0 0.00175142 0 0.0826727 0 0.0153352 0 0.00173635
675251 0 0.0831865 0 0.0152355 0 0.00175271 0 0.0828495 0 0.0153772 0 0.0017379
675635 0 0.0833626 0 0.0152692 0 0.001754 0 0.0830261 0 0.015419 0 0.00173945
676018 0 0.0835387 0 0.0153029 0 0.00175528 0 0.0832028 0 0.0154609 0 0.00174099
676400 0 0.0837153 0 0.0153361 0 0.00175656 0 0.0833797 0 0.0155038 0 0.00174252
676782 0 0.0838919 0 0.0153693 0 0.00175784 0 0.0835566 0 0.0155468 0 0.00174405
677164 0 0.0840684 0 0.0154024 0 0.00175911 0 0.0837335 0 0.0155899 0 0.00174558
677545 0 0.084245 0 0.0154355 0 0.00176038 0 0.0839104 0 0.0156329 0 0.00174711
677925 0 0.0844216 0 0.0154692 0 0.00176165 0 0.0840874 0 0.0156756 0 0.00174863
678305 0 0.0845984 0 0.0155035 0 0.00176291 0 0.0842647 0 0.0157181 0 0.00175014
678689 0 0.0847756 0 0.0155431 0 0.00176418 0 0.0844422 0 0.015761 0 0.00175168
679078 0 0.0849519 0 0.0155853 0 0.00176548 0 0.0846214 0 0.0158048 0 0.00175323
679475 0 0.0851261 0 0.0156292 0 0.00176683 0 0.0848042 0 0.0158497 0 0.00175482
679871 0 0.0853001 0 0.0156728 0 0.00176817 0 0.0849869 0 0.0158947 0 0.00175639
680266 0 0.0854741 0 0.0157162 0 0.00176951 0 0.0851696 0 0.0159396 0 0.00175796
680661 0 0.0856481 0 0.0157595 0 0.00177084 0 0.0853523 0 0.0159845 0 0.00175953
681056 0 0.085822 0 0.0158025 0 0.00177217 0 0.0855349 0 0.0160294 0 0.00176109
681450 0 0.0859959 0 0.0158453 0 0.0017735 0 0.0857174 0 0.0160743 0 0.00176264
681843 0 0.0861696 0 0.0158878 0 0.00177481 0 0.0858999 0 0.0161191 0 0.00176419
682235 0 0.0863434 0 0.0159301 0 0.00177612 0 0.0860823 0 0.0161639 0 0.00176573
682627 0 0.086517 0 0.0159721 0 0.00177743 0 0.0862647 0 0.0162087 0 0.00176726
683018 0 0.0866907 0 0.0160138 0 0.00177873 0 0.0864471 0 0.0162535 0 0.00176879
683408 0 0.0868642 0 0.0160552 0 0.00178002 0 0.0866294 0 0.0162982 0 0.0017703
683798 0 0.0870378 0 0.0160963 0 0.00178131 0 0.0868117 0 0.0163429 0 0.00177182
684187 0 0.0872113 0 0.016137 0 0.00178259 0 0.086994 0 0.0163875 0 0.00177333
684574 0 0.0873848 0 0.0161774 0 0.00178386 0 0.0871762 0 0.0164321 0 0.00177484
684962 0 0.0875583 0 0.0162173 0 0.00178513 0 0.0873585 0 0.0164766 0 0.00177634
685358 0 0.0877372 0 0.0162586 0 0.00178642 0 0.0875373 0 0.0165235 0 0.00177788
685754 0 0.0879162 0 0.0162994 0 0.00178769 0 0.0877162 0 0.0165703 0 0.00177941
686150 0 0.0880951 0 0.0163398 0 0.00178897 0 0.0878949 0 0.0166172 0 0.00178094
686544 0 0.0882739 0 0.0163797 0 0.00179023 0 0.0880735 0 0.0166641 0 0.00178247
686938 0 0.0884526 0 0.0164191 0 0.0017915 0 0.0882521 0 0.016711 0 0.00178399
687332 0 0.0886312 0 0.016458 0 0.00179275 0 0.0884305 0 0.016758 0 0.00178551
687724 0 0.0888097 0 0.0164963 0 0.00179401 0 0.0886089 0 0.016805 0 0.00178702
688116 0 0.0889881 0 0.016534 0 0.00179526 0 0.0887872 0 0.016852 0 0.00178852
688507 0 0.0891665 0 0.0165717 0 0.0017965 0 0.0889654 0 0.016899 0 0.00179002
688898 0 0.089345 0 0.0166093 0 0.00179774 0 0.0891436 0 0.0169459 0 0.00179152
689288 0 0.0895233 0 0.0166469 0 0.00179898 0 0.0893217 0 0.0169928 0 0.00179301
689677 0 0.0897014 0 0.0166848 0 0.00180018 0 0.0894995 0 0.01704 0 0.00179447
690065 0 0.0898794 0 0.0167227 0 0.00180138 0 0.0896772 0 0.0170871 0 0.00179593
690454 0 0.0900574 0 0.0167605 0 0.00180257 0 0.0898549 0 0.0171341 0 0.00179739
690841 0 0.0902353 0 0.0167984 0 0.00180376 0 0.0900325 0 0.017181 0 0.00179884
691228 0 0.0904129 0 0.0168361 0 0.00180494 0 0.0902101 0 0.0172278 0 0.00180029
691615 0 0.0905904 0 0.0168739 0 0.00180612 0 0.0903876 0 0.0172745 0 0.00180173
692000 0 0.0907678 0 0.0169116 0 0.00180729 0 0.090565 0 0.0173212 0 0.00180317
692386 0 0.0909452 0 0.0169494 0 0.00180847 0 0.0907424 0 0.0173679 0 0.0018046
692771 0 0.0911225 0 0.0169871 0 0.00180963 0 0.0909196 0 0.0174145 0 0.00180603
693156 0 0.0912997 0 0.0170248 0 0.00181079 0 0.0910967 0 0.0174611 0 0.00180746
693540 0 0.0914768 0 0.0170625 0 0.00181195 0 0.0912738 0 0.0175076 0 0.00180887
