4871.37 -0.8094 -3.56235e-05 -0.586939 -2.5771e-05 -0.362055 -1.68831e-05 -0.718665 -3.15993e-05 -0.390027 -1.70893e-05 -0.116844 -5.43258e-06
9717.05 -1.09248 -4.82298e-05 -0.761581 -3.35017e-05 -0.463111 -2.16218e-05 -0.990877 -4.36961e-05 -0.548819 -2.40875e-05 -0.192315 -8.94961e-06
14460.5 -1.47302 -6.53e-05 -0.992532 -4.37699e-05 -0.582518 -2.72361e-05 -1.33539 -5.91096e-05 -0.712755 -3.13374e-05 -0.265875 -1.23837e-05
19086.9 -1.9028 -8.47546e-05 -1.25534 -5.55179e-05 -0.70645 -3.30806e-05 -1.75453 -7.80215e-05 -0.925744 -4.07951e-05 -0.341129 -1.59033e-05
23633.2 -2.34146 -0.000104808 -1.52419 -6.76063e-05 -0.833385 -3.90852e-05 -2.19501 -9.80905e-05 -1.17181 -5.17766e-05 -0.439073 -2.04936e-05
28162 -2.78109 -0.000125112 -1.79277 -7.9756e-05 -0.96289 -4.52309e-05 -2.63675 -0.000118423 -1.42724 -6.32387e-05 -0.558358 -2.60989e-05
32688.1 -3.2174 -0.000145473 -2.06032 -9.19322e-05 -1.09317 -5.14334e-05 -3.07452 -0.000138782 -1.68457 -7.48525e-05 -0.686085 -3.2119e-05
37189.9 -3.65271 -0.000166003 -2.32559 -0.000104079 -1.22182 -5.75786e-05 -3.51032 -0.000159263 -1.94358 -8.66101e-05 -0.812275 -3.80853e-05
41691.8 -4.08704 -0.000186708 -2.59481 -0.000116483 -1.3488 -6.36631e-05 -3.94531 -0.000179927 -2.20544 -9.85682e-05 -0.936577 -4.39806e-05
46169.3 -4.51344 -0.000207257 -2.85918 -0.000128741 -1.47498 -6.9729e-05 -4.37505 -0.000200563 -2.46911 -0.000110682 -1.05996 -4.98503e-05
50625.6 -4.93306 -0.000227702 -3.11254 -0.00014056 -1.60341 -7.59232e-05 -4.80136 -0.000221261 -2.73504 -0.000122975 -1.1835 -5.57459e-05
55077.5 -5.34983 -0.000248233 -3.36339 -0.000152334 -1.728 -8.19518e-05 -5.22539 -0.000242079 -2.99881 -0.000135246 -1.30566 -6.15939e-05
59498.3 -5.76469 -0.000268901 -3.61239 -0.000164092 -1.84306 -8.75369e-05 -5.64365 -0.000262847 -3.25732 -0.000147347 -1.42699 -6.74195e-05
63891.5 -6.17677 -0.000289666 -3.86054 -0.000175883 -1.95542 -9.30069e-05 -6.05663 -0.000283587 -3.51021 -0.000159258 -1.5472 -7.32097e-05
68260.8 -6.58444 -0.000310448 -4.10764 -0.000187695 -2.06856 -9.85314e-05 -6.46496 -0.000304333 -3.76031 -0.000171111 -1.66686 -7.89909e-05
72600.7 -6.98682 -0.000331202 -4.35402 -0.000199548 -2.18326 -0.000104149 -6.86838 -0.000325068 -4.0077 -0.000182909 -1.78363 -8.46503e-05
76925.4 -7.38513 -0.000351992 -4.59942 -0.000211428 -2.29869 -0.000109819 -7.26794 -0.00034585 -4.25329 -0.000194693 -1.89929 -9.02721e-05
81244.1 -7.78027 -0.000372865 -4.8438 -0.000223334 -2.41414 -0.000115508 -7.66426 -0.000366711 -4.49768 -0.000206494 -2.01454 -9.58916e-05
85559.1 -8.1724 -0.000393835 -5.08717 -0.000235267 -2.52945 -0.000121207 -8.05752 -0.000387665 -4.74113 -0.000218323 -2.12941 -0.000101509
89871.8 -8.56155 -0.000414905 -5.32955 -0.000247229 -2.64456 -0.000126915 -8.44781 -0.000408719 -4.98363 -0.000230181 -2.24403 -0.000107132
94182.9 -8.94746 -0.000436066 -5.57095 -0.00025922 -2.75946 -0.00013263 -8.83519 -0.000429882 -5.22519 -0.000242069 -2.3583 -0.000112754
98494.4 -9.32886 -0.000457251 -5.81095 -0.00027122 -2.87414 -0.000138352 -9.21977 -0.000451164 -5.46589 -0.000253992 -2.47204 -0.000118368
102806 -9.70747 -0.000478557 -6.04915 -0.00028321 -2.98864 -0.000144083 -9.601 -0.000472537 -5.70574 -0.00026595 -2.58529 -0.000123974
107116 -10.083 -0.000499974 -6.28637 -0.00029523 -3.10286 -0.000149819 -9.97785 -0.000493947 -5.94462 -0.000277938 -2.6983 -0.000129586
111422 -10.4554 -0.000521498 -6.5226 -0.00030728 -3.21644 -0.000155541 -10.3515 -0.000515466 -6.18174 -0.000289918 -2.81114 -0.000135207
115723 -10.8242 -0.000543119 -6.75776 -0.000319358 -3.32927 -0.000161242 -10.7217 -0.00053708 -6.41715 -0.000301891 -2.92409 -0.00014085
120017 -11.1896 -0.000564835 -6.99185 -0.000331463 -3.44153 -0.000166933 -11.0884 -0.00055879 -6.65138 -0.000313884 -3.03725 -0.000146522
124309 -11.5516 -0.000586667 -7.22499 -0.000343603 -3.55311 -0.000172608 -11.4518 -0.000580615 -6.88457 -0.000325906 -3.15041 -0.000152212
128600 -11.9105 -0.000608627 -7.45723 -0.000355782 -3.66397 -0.000178264 -11.812 -0.000602567 -7.1168 -0.00033796 -3.26345 -0.000157914
132888 -12.2661 -0.000630708 -7.68847 -0.000367993 -3.77451 -0.000183922 -12.1689 -0.000624641 -7.34803 -0.000350045 -3.37608 -0.000163613
137174 -12.6182 -0.000652913 -7.91866 -0.000380236 -3.8848 -0.000189584 -12.5224 -0.000646838 -7.57823 -0.000362161 -3.48808 -0.000169298
141456 -12.9668 -0.000675242 -8.14778 -0.00039251 -3.99492 -0.000195257 -12.8723 -0.000669159 -7.80741 -0.000374308 -3.5998 -0.000174988
145734 -13.3117 -0.00069769 -8.37575 -0.000404812 -4.1051 -0.000200951 -13.2187 -0.000691599 -8.03551 -0.000386485 -3.71121 -0.000180679
150006 -13.6529 -0.000720255 -8.60249 -0.000417137 -4.21551 -0.000206676 -13.5612 -0.000714156 -8.26251 -0.00039869 -3.82227 -0.000186371
154274 -13.9902 -0.000742942 -8.82803 -0.000429488 -4.32611 -0.000212429 -13.8999 -0.000736834 -8.48839 -0.000410924 -3.93297 -0.000192063
158537 -14.3237 -0.000765758 -9.05241 -0.000441869 -4.43669 -0.0002182 -14.2349 -0.000759641 -8.7132 -0.000423189 -4.04335 -0.000197758
162797 -14.6535 -0.00078871 -9.2757 -0.000454281 -4.54709 -0.000223981 -14.5661 -0.000782585 -8.93693 -0.000435486 -4.15345 -0.000203456
167053 -14.9794 -0.000811802 -9.49788 -0.000466728 -4.65728 -0.000229771 -14.8934 -0.000805669 -9.15959 -0.000447815 -4.26327 -0.000209158
171307 -15.3015 -0.00083504 -9.71897 -0.000479208 -4.76721 -0.000235567 -15.217 -0.000828899 -9.38117 -0.000460178 -4.37283 -0.000214865
175558 -15.6196 -0.000858425 -9.93893 -0.000491723 -4.87691 -0.00024137 -15.5365 -0.000852276 -9.60167 -0.000472575 -4.48212 -0.000220577
179806 -15.9337 -0.000881962 -10.1578 -0.000504272 -4.98634 -0.000247178 -15.8521 -0.000875805 -9.82107 -0.000485005 -4.59114 -0.000226294
184051 -16.2437 -0.000905655 -10.3755 -0.000516857 -5.09549 -0.000252992 -16.1636 -0.000899489 -10.0394 -0.000497471 -4.6999 -0.000232016
188293 -16.5496 -0.000929506 -10.5921 -0.000529478 -5.20437 -0.00025881 -16.471 -0.000923331 -10.2566 -0.000509971 -4.80838 -0.000237742
192532 -16.8512 -0.00095352 -10.8076 -0.000542134 -5.31299 -0.000264635 -16.7742 -0.000947336 -10.4727 -0.000522506 -4.9166 -0.000243474
196768 -17.1485 -0.0009777 -11.0218 -0.000554826 -5.42133 -0.000270465 -17.073 -0.000971507 -10.6876 -0.000535077 -5.02454 -0.00024921
201001 -17.4414 -0.00100205 -11.235 -0.000567555 -5.5294 -0.000276301 -17.3674 -0.000995848 -10.9015 -0.000547684 -5.1322 -0.000254951
205230 -17.7298 -0.00102658 -11.4469 -0.000580321 -5.63719 -0.000282142 -17.6574 -0.00102036 -11.1142 -0.000560327 -5.2396 -0.000260697
209457 -18.0137 -0.00105128 -11.6577 -0.000593123 -5.7447 -0.000287988 -17.9428 -0.00104506 -11.3257 -0.000573005 -5.34673 -0.000266449
213680 -18.2928 -0.00107617 -11.8673 -0.000605964 -5.85192 -0.000293839 -18.2235 -0.00106994 -11.5361 -0.000585721 -5.45358 -0.000272204
217900 -18.5672 -0.00110124 -12.0757 -0.000618842 -5.95886 -0.000299696 -18.4995 -0.001095 -11.7453 -0.000598473 -5.56015 -0.000277965
222117 -18.8367 -0.00112651 -12.2828 -0.000631759 -6.06551 -0.000305557 -18.7706 -0.00112026 -11.9533 -0.000611263 -5.66645 -0.000283731
226330 -19.1011 -0.00115198 -12.4888 -0.000644714 -6.17188 -0.000311424 -19.0368 -0.00114572 -12.1601 -0.00062409 -5.77247 -0.000289501
230540 -19.3605 -0.00117765 -12.6935 -0.000657708 -6.27795 -0.000317295 -19.2978 -0.00117138 -12.3657 -0.000636955 -5.8782 -0.000295277
234747 -19.6147 -0.00120353 -12.8969 -0.000670741 -6.38373 -0.000323171 -19.5537 -0.00119725 -12.57 -0.000649858 -5.98366 -0.000301057
238950 -19.8635 -0.00122963 -13.0991 -0.000683814 -6.48921 -0.000329052 -19.8042 -0.00122334 -12.7732 -0.0006628 -6.08883 -0.000306841
243149 -20.1069 -0.00125595 -13.3001 -0.000696927 -6.5944 -0.000334938 -20.0493 -0.00124965 -12.9751 -0.000675781 -6.19371 -0.00031263
247345 -20.3446 -0.00128249 -13.4997 -0.00071008 -6.69929 -0.000340829 -20.2888 -0.00127618 -13.1758 -0.000688801 -6.29831 -0.000318424
251537 -20.5766 -0.00130928 -13.6981 -0.000723274 -6.80389 -0.000346725 -20.5226 -0.00130295 -13.3752 -0.00070186 -6.40261 -0.000324222
255725 -20.8027 -0.0013363 -13.8951 -0.000736508 -6.90818 -0.000352625 -20.7504 -0.00132997 -13.5733 -0.000714959 -6.50662 -0.000330025
259909 -21.0228 -0.00136357 -14.0908 -0.000749784 -7.01216 -0.000358529 -20.9723 -0.00135723 -13.7701 -0.000728099 -6.61034 -0.000335832
264022 -21.2334 -0.00139068 -14.2701 -0.000762064 -7.11514 -0.000364399 -21.1872 -0.00138464 -13.9604 -0.000740923 -6.71137 -0.000341509
268092 -21.4359 -0.00141779 -14.4394 -0.000773764 -7.2174 -0.000370248 -21.3952 -0.00141226 -14.1464 -0.000753576 -6.81072 -0.00034711
272158 -21.6322 -0.00144517 -14.6076 -0.000785492 -7.31935 -0.000376102 -21.5968 -0.00144015 -14.3311 -0.000766264 -6.90978 -0.000352715
276083 -21.8799 -0.00148149 -14.7743 -0.000797222 -7.41566 -0.000381652 -21.8101 -0.00147104 -14.5051 -0.000778333 -7.00444 -0.00035809
279789 -22.1414 -0.00152236 -14.9251 -0.000807921 -7.50575 -0.000386861 -22.0824 -0.00151289 -14.6788 -0.000790485 -7.08997 -0.000362962
283487 -22.3881 -0.00156387 -15.0748 -0.000818639 -7.59546 -0.000392066 -22.3392 -0.00155539 -14.8511 -0.000802663 -7.17516 -0.000367829
287177 -22.6192 -0.00160604 -15.2234 -0.000829365 -7.68479 -0.000397266 -22.5798 -0.00159857 -15.0222 -0.000814863 -7.25999 -0.000372691
290832 -22.8346 -0.00164898 -15.3716 -0.000840153 -7.77227 -0.000402375 -22.802 -0.00164221 -15.1858 -0.000826642 -7.34413 -0.000377528
294410 -23.0338 -0.00169289 -15.5205 -0.000851088 -7.85567 -0.000407261 -23.0035 -0.0016859 -15.3327 -0.000837317 -7.42713 -0.000382314
297979 -23.2148 -0.00173758 -15.6681 -0.000862032 -7.93869 -0.000412142 -23.1871 -0.00173037 -15.4786 -0.000848003 -7.50975 -0.000387093
301539 -23.3766 -0.00178311 -15.8146 -0.000872983 -8.02131 -0.000417013 -23.3517 -0.00177567 -15.6232 -0.000858694 -7.59197 -0.000391863
305088 -23.5181 -0.00182952 -15.9598 -0.00088394 -8.10352 -0.000421876 -23.4963 -0.00182186 -15.7667 -0.00086939 -7.67378 -0.000396624
308609 -23.6387 -0.00187719 -16.1019 -0.000894757 -8.185 -0.000426711 -23.6204 -0.00186931 -15.9074 -0.000879975 -7.75487 -0.000401358
312066 -23.7377 -0.0019268 -16.2372 -0.000905151 -8.26521 -0.000431486 -23.7234 -0.00191875 -16.0426 -0.000890231 -7.8347 -0.000406032
315352 -23.8201 -0.00198571 -16.3687 -0.000915339 -8.33659 -0.000435748 -23.8072 -0.00197437 -16.1678 -0.000899806 -7.90909 -0.0004104
318503 -23.8653 -0.0020471 -16.492 -0.000924976 -8.39397 -0.000439182 -23.8599 -0.00203542 -16.2935 -0.000909506 -7.97698 -0.000414398
321606 -23.9088 -0.00210972 -16.614 -0.000934588 -8.44966 -0.000442523 -23.893 -0.00209822 -16.4212 -0.000919436 -8.04205 -0.000418239
324709 -23.9952 -0.00217238 -16.7352 -0.000944226 -8.50523 -0.000445864 -23.9794 -0.00216088 -16.5481 -0.000929387 -8.10702 -0.000422084
327758 -24.0846 -0.0022372 -16.8517 -0.000953562 -8.5595 -0.000449135 -24.0687 -0.00222565 -16.6695 -0.00093899 -8.17111 -0.000425886
330765 -24.1767 -0.00230401 -16.9644 -0.000962667 -8.6127 -0.000452347 -24.1607 -0.00229238 -16.7865 -0.000948327 -8.2344 -0.00042965
333709 -24.2693 -0.00237118 -17.0768 -0.00097182 -8.6635 -0.000455421 -24.2531 -0.00235943 -16.9045 -0.000957814 -8.29999 -0.000433561
336626 -24.3636 -0.00243954 -17.188 -0.000980954 -8.71345 -0.00045845 -24.3472 -0.00242766 -17.0217 -0.000967321 -8.3656 -0.000437483
339535 -24.4585 -0.00250835 -17.2982 -0.000990079 -8.76316 -0.00046147 -24.4422 -0.00249659 -17.1383 -0.000976857 -8.43081 -0.000441392
342441 -24.5532 -0.00257709 -17.4076 -0.000999213 -8.81275 -0.00046449 -24.537 -0.00256533 -17.254 -0.000986408 -8.4959 -0.000445303
345339 -24.6489 -0.0026465 -17.516 -0.00100834 -8.86207 -0.000467499 -24.6327 -0.00263474 -17.3687 -0.000995955 -8.56066 -0.000449205
348217 -24.7453 -0.00271641 -17.6238 -0.00101749 -8.91174 -0.000470535 -24.7291 -0.00270467 -17.4821 -0.00100548 -8.6226 -0.000452946
351041 -24.8413 -0.002786 -17.7328 -0.00102683 -8.96415 -0.000473746 -24.8253 -0.00277444 -17.5934 -0.0010149 -8.67252 -0.000455968
353856 -24.9383 -0.00285635 -17.8406 -0.00103615 -9.01624 -0.000476944 -24.9226 -0.00284497 -17.7036 -0.00102432 -8.72223 -0.000458983
356587 -25.0394 -0.00292967 -17.9421 -0.001045 -9.06658 -0.000480041 -25.0236 -0.00291827 -17.8069 -0.00103322 -8.77055 -0.000461921
359164 -25.1486 -0.00300888 -18.0367 -0.00105331 -9.11328 -0.000482921 -25.1325 -0.00299725 -17.9018 -0.00104147 -8.8151 -0.000464633
361695 -25.26 -0.00308972 -18.1274 -0.00106135 -9.15919 -0.000485757 -25.2445 -0.00307845 -17.9959 -0.00104972 -8.85815 -0.00046726
364228 -25.3707 -0.00316998 -18.2175 -0.0010694 -9.2051 -0.000488598 -25.3556 -0.00315904 -18.0895 -0.00105799 -8.90121 -0.000469891
366754 -25.4818 -0.00325057 -18.3069 -0.00107744 -9.25079 -0.000491432 -25.4672 -0.00323997 -18.1823 -0.00106624 -8.94406 -0.000472515
369272 -25.5934 -0.00333151 -18.3954 -0.00108547 -9.29628 -0.000494258 -25.5793 -0.00332126 -18.2743 -0.00107449 -8.98672 -0.000475131
371784 -25.7055 -0.00341281 -18.483 -0.00109348 -9.34154 -0.000497076 -25.6918 -0.0034029 -18.3653 -0.00108274 -9.02917 -0.000477739
374288 -25.8181 -0.00349448 -18.5698 -0.00110149 -9.38659 -0.000499885 -25.8049 -0.00348493 -18.4555 -0.00109096 -9.07142 -0.000480339
376752 -25.9327 -0.00357761 -18.653 -0.00110922 -9.43065 -0.000502639 -25.92 -0.00356838 -18.5417 -0.00109889 -9.11308 -0.000482908
379169 -26.0495 -0.00366234 -18.7325 -0.00111667 -9.4737 -0.000505334 -26.0372 -0.00365337 -18.6236 -0.00110648 -9.15448 -0.000485465
381565 -26.1665 -0.00374714 -18.8117 -0.00112414 -9.51713 -0.000508059 -26.1544 -0.0037384 -18.7055 -0.00111413 -9.19816 -0.000488168
383953 -26.284 -0.0038324 -18.89 -0.00113159 -9.56032 -0.000510773 -26.2723 -0.00382389 -18.7865 -0.00112176 -9.24161 -0.000490862
386311 -26.4018 -0.00391783 -18.966 -0.00113888 -9.61248 -0.000514058 -26.39 -0.0039093 -18.8698 -0.00112967 -9.27976 -0.000493231
388640 -26.5194 -0.00400315 -19.0429 -0.00114631 -9.66593 -0.000517431 -26.5077 -0.00399464 -18.9532 -0.00113765 -9.32139 -0.00049582
390943 -26.636 -0.00408771 -19.1218 -0.001154 -9.71545 -0.000520565 -26.6256 -0.00408013 -19.0348 -0.00114553 -9.37073 -0.000498895
393237 -26.7521 -0.00417189 -19.2 -0.00116168 -9.76474 -0.00052369 -26.7439 -0.00416592 -19.1154 -0.00115337 -9.41983 -0.000501962
395533 -26.867 -0.00425523 -19.278 -0.00116941 -9.81411 -0.000526828 -26.8612 -0.00425104 -19.1958 -0.00116127 -9.46901 -0.00050504
397802 -26.9819 -0.00433858 -19.3529 -0.00117689 -9.86287 -0.000529932 -26.9768 -0.00433488 -19.2724 -0.00116885 -9.51772 -0.000508095
400059 -27.0971 -0.00442212 -19.4262 -0.00118427 -9.91138 -0.000533029 -27.0923 -0.00441867 -19.3481 -0.0011764 -9.56617 -0.000511141
402310 -27.2124 -0.00450575 -19.4988 -0.00119164 -9.95975 -0.000536123 -27.208 -0.00450254 -19.4231 -0.00118395 -9.61477 -0.000514202
404555 -27.3278 -0.00458947 -19.5709 -0.00119901 -10.008 -0.000539217 -27.3238 -0.00458651 -19.4975 -0.00119151 -9.66343 -0.000517274
406781 -27.4429 -0.00467289 -19.6446 -0.00120662 -10.0537 -0.000542153 -27.4391 -0.00467016 -19.5731 -0.00119924 -9.70808 -0.000520098
409002 -27.5579 -0.00475632 -19.7178 -0.00121426 -10.0991 -0.000545077 -27.5545 -0.00475383 -19.6482 -0.001207 -9.75242 -0.000522908
411218 -27.673 -0.0048398 -19.7906 -0.0012219 -10.1445 -0.000548 -27.6699 -0.00483754 -19.7228 -0.00121477 -9.79667 -0.000525718
413429 -27.7882 -0.00492334 -19.8627 -0.00122954 -10.1897 -0.000550923 -27.7854 -0.00492133 -19.7968 -0.00122255 -9.84082 -0.000528527
415635 -27.9035 -0.00500696 -19.9342 -0.00123719 -10.2348 -0.000553846 -27.901 -0.0050052 -19.8702 -0.00123034 -9.88486 -0.000531336
417833 -28.0188 -0.00509061 -20.0052 -0.00124485 -10.2794 -0.000556742 -28.0167 -0.00508909 -19.9432 -0.00123815 -9.92857 -0.000534128
420006 -28.1338 -0.00517404 -20.0765 -0.00125262 -10.3201 -0.000559389 -28.1322 -0.00517285 -20.0174 -0.00124617 -9.96993 -0.000536775
422158 -28.2499 -0.00525819 -20.1443 -0.00126007 -10.361 -0.000562051 -28.2488 -0.00525742 -20.089 -0.00125398 -10.0113 -0.00053943
424296 -28.3661 -0.00534247 -20.2121 -0.00126759 -10.4014 -0.00056469 -28.366 -0.00534243 -20.1589 -0.00126169 -10.0526 -0.000542083
426362 -28.4828 -0.00542711 -20.2853 -0.00127578 -10.4389 -0.000567145 -28.4874 -0.00543045 -20.22 -0.00126847 -10.0935 -0.000544711
428384 -28.6026 -0.00551401 -20.3516 -0.00128329 -10.4769 -0.000569635 -28.6081 -0.00551802 -20.2897 -0.00127629 -10.1318 -0.000547185
430396 -28.7228 -0.00560118 -20.4169 -0.00129074 -10.5148 -0.000572126 -28.7289 -0.00560564 -20.3597 -0.00128421 -10.1699 -0.000549645
432374 -28.843 -0.00568838 -20.4801 -0.00129802 -10.5621 -0.000575235 -28.8494 -0.00569302 -20.4309 -0.00129235 -10.203 -0.000551786
434312 -28.9636 -0.00577582 -20.5432 -0.00130537 -10.608 -0.00057826 -28.9703 -0.00578069 -20.4992 -0.00130023 -10.2422 -0.000554327
436222 -29.0834 -0.00586273 -20.6054 -0.00131266 -10.6516 -0.000581142 -29.0908 -0.00586808 -20.5662 -0.00130806 -10.2861 -0.000557178
438088 -29.2027 -0.00594924 -20.6632 -0.00131951 -10.6944 -0.000583973 -29.2105 -0.0059549 -20.6268 -0.00131519 -10.3295 -0.000560002
439924 -29.3188 -0.00603346 -20.7204 -0.00132634 -10.7365 -0.000586772 -29.3312 -0.00604245 -20.6853 -0.00132215 -10.3722 -0.000562786
441724 -29.434 -0.00611699 -20.7759 -0.00133304 -10.7782 -0.000589542 -29.4501 -0.00612873 -20.7425 -0.001329 -10.4141 -0.000565523
443500 -29.55 -0.00620113 -20.8299 -0.00133961 -10.8191 -0.000592266 -29.5666 -0.00621317 -20.7988 -0.00133582 -10.4558 -0.000568253
445272 -29.6661 -0.00628538 -20.8833 -0.00134617 -10.8597 -0.000594975 -29.6831 -0.00629771 -20.8545 -0.00134262 -10.4969 -0.000570948
447039 -29.7823 -0.00636967 -20.9362 -0.00135272 -10.9002 -0.000597686 -29.7997 -0.00638228 -20.9097 -0.00134944 -10.5378 -0.000573634
448798 -29.8986 -0.00645403 -20.9886 -0.00135927 -10.9407 -0.000600397 -29.9164 -0.00646692 -20.9644 -0.00135624 -10.5786 -0.000576322
450552 -30.015 -0.00653843 -21.0406 -0.00136583 -10.9811 -0.00060311 -30.0332 -0.0065516 -21.0185 -0.00136304 -10.6194 -0.000579012
452299 -30.1314 -0.00662286 -21.0922 -0.00137239 -11.0214 -0.000605824 -30.15 -0.0066363 -21.0722 -0.00136984 -10.6601 -0.000581705
454039 -30.2479 -0.00670732 -21.1433 -0.00137896 -11.0617 -0.00060854 -30.2668 -0.00672104 -21.1254 -0.00137666 -10.7008 -0.000584399
455773 -30.3644 -0.00679182 -21.194 -0.00138553 -11.1019 -0.000611258 -30.3837 -0.0068058 -21.1781 -0.00138347 -10.7414 -0.000587096
457500 -30.4809 -0.00687634 -21.2442 -0.00139211 -11.1421 -0.000613978 -30.5006 -0.00689059 -21.2304 -0.00139029 -10.782 -0.000589795
459193 -30.5972 -0.00696069 -21.3006 -0.00139956 -11.1808 -0.000616602 -30.6194 -0.0069768 -21.2777 -0.00139652 -10.8222 -0.000592471
460810 -30.7175 -0.00704794 -21.3523 -0.00140647 -11.218 -0.000619131 -30.74 -0.00706426 -21.3281 -0.00140323 -10.8599 -0.000594988
462409 -30.8382 -0.00713546 -21.4024 -0.00141324 -11.2551 -0.000621654 -30.8607 -0.00715178 -21.3798 -0.00141017 -10.897 -0.000597472
463995 -30.9586 -0.00722278 -21.4689 -0.00142231 -11.2916 -0.000624146 -30.9809 -0.00723894 -21.4316 -0.00141721 -10.9336 -0.000599924
465577 -31.0787 -0.0073099 -21.5476 -0.00143322 -11.3283 -0.000626657 -31.1004 -0.00732561 -21.4835 -0.00142433 -10.9693 -0.000602318
467147 -31.1985 -0.00739676 -21.6257 -0.00144424 -11.3646 -0.000629143 -31.2196 -0.00741209 -21.5395 -0.0014321 -11.0049 -0.000604711
468664 -31.3176 -0.00748318 -21.7027 -0.00145529 -11.3992 -0.000631514 -31.3385 -0.00749831 -21.6126 -0.00144239 -11.0397 -0.000607054
470145 -31.4378 -0.00757035 -21.7702 -0.00146513 -11.4334 -0.000633866 -31.4587 -0.00758554 -21.6823 -0.00145234 -11.0738 -0.000609353
471607 -31.5579 -0.00765749 -21.8342 -0.00147462 -11.4673 -0.000636202 -31.5791 -0.00767284 -21.7509 -0.0014623 -11.1073 -0.000611619
473061 -31.6781 -0.00774464 -21.8973 -0.00148412 -11.5011 -0.000638529 -31.6995 -0.00776017 -21.8184 -0.00147226 -11.1406 -0.000613874
474507 -31.7983 -0.00783182 -21.9593 -0.0014936 -11.5346 -0.000640847 -31.8199 -0.0078475 -21.8848 -0.00148222 -11.1737 -0.000616121
475945 -31.9186 -0.00791903 -22.0203 -0.00150308 -11.568 -0.000643157 -31.9404 -0.00793487 -21.9501 -0.00149218 -11.2066 -0.000618358
477360 -32.038 -0.00800565 -22.0824 -0.00151289 -11.5979 -0.000645232 -32.0601 -0.00802166 -22.0169 -0.00150254 -11.2374 -0.000620452
478744 -32.1552 -0.00809066 -22.147 -0.00152327 -11.6252 -0.000647128 -32.1775 -0.00810684 -22.0873 -0.00151367 -11.2629 -0.000622186
480096 -32.2709 -0.00817455 -22.211 -0.00153376 -11.6611 -0.000649622 -32.2933 -0.0081908 -22.161 -0.00152555 -11.2833 -0.000623581
481409 -32.3843 -0.00825684 -22.2796 -0.00154522 -11.692 -0.000651773 -32.407 -0.00827328 -22.2346 -0.00153768 -11.314 -0.000625677
482714 -32.4975 -0.00833894 -22.3473 -0.00155679 -11.7225 -0.000653905 -32.5205 -0.00835557 -22.3069 -0.00154987 -11.3449 -0.000627788
484012 -32.6106 -0.00842097 -22.4138 -0.00156839 -11.7529 -0.000656033 -32.6338 -0.00843779 -22.3778 -0.00156208 -11.3756 -0.000629895
485303 -32.7236 -0.00850294 -22.4789 -0.00158002 -11.7833 -0.000658156 -32.7471 -0.00851994 -22.4471 -0.00157431 -11.4062 -0.000631996
486576 -32.8381 -0.00858599 -22.5403 -0.00159123 -11.8127 -0.000660219 -32.8617 -0.0086031 -22.5107 -0.0015858 -11.4367 -0.000634095
487841 -32.9532 -0.00866943 -22.5994 -0.00160228 -11.8416 -0.000662254 -32.9769 -0.00868662 -22.5714 -0.00159702 -11.4667 -0.000636161
489099 -33.0682 -0.00875286 -22.6572 -0.00161331 -11.8704 -0.000664278 -33.092 -0.00877014 -22.6309 -0.00160826 -11.4965 -0.000638214
490351 -33.1832 -0.00883627 -22.7135 -0.00162434 -11.8989 -0.000666289 -33.2072 -0.00885363 -22.6888 -0.00161948 -11.526 -0.000640254
491590 -33.2983 -0.00891975 -22.7704 -0.00163574 -11.927 -0.000668269 -33.3229 -0.00893759 -22.7439 -0.0016304 -11.5552 -0.000642268
492793 -33.4142 -0.00900378 -22.8326 -0.00164857 -11.9537 -0.000670158 -33.4414 -0.00902351 -22.7932 -0.00164039 -11.583 -0.000644195
493944 -33.4908 -0.00909205 -22.8867 -0.00166003 -11.9798 -0.000672008 -33.4908 -0.00911258 -22.8494 -0.00165209 -11.609 -0.000646001
495070 -33.4908 -0.00918321 -22.9383 -0.00167126 -12.0054 -0.000673819 -33.4908 -0.00920382 -22.9031 -0.00166355 -11.6345 -0.000647775
496196 -33.4908 -0.0092742 -22.9883 -0.00168243 -12.0309 -0.000675627 -33.4908 -0.00929488 -22.9552 -0.00167499 -11.6601 -0.000649551
497317 -33.4908 -0.00936514 -23.037 -0.00169364 -12.0564 -0.000677446 -33.4908 -0.00938589 -23.0059 -0.00168644 -11.6848 -0.000651276
498434 -33.4908 -0.009456 -23.0845 -0.00170487 -12.0821 -0.000679273 -33.4908 -0.00947682 -23.0552 -0.00169791 -11.7087 -0.000652943
499546 -33.4908 -0.00954677 -23.1307 -0.00171613 -12.1063 -0.000680997 -33.4908 -0.00956766 -23.1032 -0.0017094 -11.7329 -0.000654629
500653 -33.4908 -0.00963752 -23.1756 -0.00172742 -12.1303 -0.000682713 -33.4908 -0.00965847 -23.1498 -0.00172088 -11.7569 -0.00065631
501756 -33.4908 -0.00972824 -23.2191 -0.00173872 -12.1542 -0.000684423 -33.4908 -0.00974925 -23.1949 -0.00173238 -11.7808 -0.000657983
502850 -33.4908 -0.00981873 -23.2601 -0.00174969 -12.1783 -0.000686146 -33.4908 -0.00983983 -23.2386 -0.0017439 -11.8042 -0.000659628
503930 -33.4908 -0.00990888 -23.2979 -0.00176016 -12.202 -0.000687847 -33.4908 -0.00993013 -23.281 -0.00175545 -11.8273 -0.000661245
505000 -33.4908 -0.00999878 -23.3345 -0.00177064 -12.2253 -0.000689518 -33.4908 -0.0100202 -23.3228 -0.00176725 -11.8498 -0.000662827
506067 -33.4908 -0.0100887 -23.3698 -0.00178105 -12.2486 -0.000691189 -33.4908 -0.0101104 -23.3642 -0.00177937 -11.8722 -0.000664405
507130 -33.4908 -0.0101785 -23.4039 -0.00179148 -12.2715 -0.000692842 -33.4908 -0.0102004 -23.404 -0.00179154 -11.8949 -0.000666001
508188 -33.4908 -0.0102682 -23.4368 -0.00180193 -12.2944 -0.000694486 -33.4908 -0.0102903 -23.4424 -0.00180375 -11.9174 -0.00066759
509242 -33.4908 -0.0103579 -23.4685 -0.00181237 -12.317 -0.00069612 -33.4908 -0.0103802 -23.4793 -0.00181601 -11.9398 -0.000669172
510291 -33.4908 -0.0104475 -23.499 -0.00182279 -12.3395 -0.000697749 -33.4908 -0.0104701 -23.5146 -0.00182828 -11.9621 -0.000670749
511337 -33.4908 -0.0105371 -23.5282 -0.00183319 -12.3621 -0.000699381 -33.4908 -0.01056 -23.5483 -0.00184061 -11.9843 -0.000672323
512379 -33.4908 -0.0106267 -23.5562 -0.00184359 -12.3846 -0.000701007 -33.4908 -0.0106498 -23.5806 -0.00185301 -12.0064 -0.000673891
513417 -33.4908 -0.0107162 -23.5831 -0.00185401 -12.4069 -0.000702627 -33.4908 -0.0107396 -23.6113 -0.00186547 -12.0284 -0.000675452
514451 -33.4908 -0.0108057 -23.6089 -0.00186447 -12.4291 -0.000704242 -33.4908 -0.0108293 -23.6405 -0.00187801 -12.0503 -0.000677006
515474 -33.4908 -0.010895 -23.634 -0.00187514 -12.4509 -0.000705828 -33.4908 -0.0109188 -23.6664 -0.00188979 -12.0718 -0.000678535
516489 -33.4908 -0.010984 -23.6616 -0.00188755 -12.4723 -0.000707383 -33.4908 -0.0110078 -23.6903 -0.00190138 -12.0928 -0.000680037
517487 -33.4908 -0.0110714 -23.6931 -0.00190277 -12.4934 -0.000708919 -33.4908 -0.0110957 -23.721 -0.00191741 -12.1142 -0.000681561
518461 -33.4908 -0.0111611 -23.7213 -0.00191756 -12.514 -0.000710425 -33.4908 -0.0111864 -23.7486 -0.00193331 -12.1359 -0.000683112
519428 -33.4908 -0.0112518 -23.7471 -0.00193236 -12.5344 -0.000711917 -33.4908 -0.0112772 -23.7735 -0.00194924 -12.1574 -0.00068465
520391 -33.4908 -0.0113424 -23.7705 -0.00194717 -12.5547 -0.000713404 -33.4908 -0.011368 -23.7959 -0.00196536 -12.1788 -0.000686179
521346 -33.4908 -0.0114334 -23.7911 -0.00196169 -12.5748 -0.000714878 -33.4908 -0.0114592 -23.8153 -0.00198135 -12.2001 -0.000687705
522287 -33.4908 -0.0115252 -23.8085 -0.00197551 -12.5947 -0.000716334 -33.4908 -0.0115512 -23.8314 -0.00199692 -12.2213 -0.000689227
523226 -33.4908 -0.011617 -23.8239 -0.00198939 -12.6144 -0.000717783 -33.4908 -0.0116431 -23.845 -0.00201258 -12.2424 -0.000690743
524161 -33.4908 -0.0117086 -23.8373 -0.00200335 -12.634 -0.000719225 -33.4908 -0.0117349 -23.8559 -0.00202835 -12.2634 -0.000692253
525095 -33.4908 -0.0118 -23.8486 -0.00201741 -12.6535 -0.000720658 -33.4908 -0.0118266 -23.8641 -0.00204425 -12.2842 -0.000693757
526025 -33.4908 -0.0118914 -23.8577 -0.00203153 -12.6729 -0.000722084 -33.4908 -0.0119182 -23.8696 -0.00206025 -12.305 -0.000695253
526952 -33.4908 -0.0119826 -23.8647 -0.00204572 -12.6921 -0.000723502 -33.4908 -0.0120096 -23.8723 -0.00207635 -12.3256 -0.000696743
527876 -33.4908 -0.0120738 -23.8695 -0.00205995 -12.7112 -0.000724912 -33.4908 -0.012101 -23.8846 -0.00209216 -12.3461 -0.000698225
528797 -33.4908 -0.0121649 -23.8721 -0.00207424 -12.7302 -0.000726316 -33.4908 -0.0121923 -23.906 -0.0021077 -12.3665 -0.000699701
529716 -33.4908 -0.012256 -23.8794 -0.00208836 -12.749 -0.000727709 -33.4908 -0.0122835 -23.9275 -0.00212329 -12.3868 -0.000701169
530632 -33.4908 -0.012347 -23.8983 -0.00210208 -12.7677 -0.000729094 -33.4908 -0.0123747 -23.9491 -0.0021389 -12.407 -0.000702633
531545 -33.4908 -0.0124379 -23.9172 -0.00211576 -12.7863 -0.000730475 -33.4908 -0.0124659 -23.9706 -0.00215453 -12.427 -0.000704091
532456 -33.4908 -0.0125287 -23.936 -0.00212943 -12.8049 -0.000731857 -33.4908 -0.0125569 -23.9922 -0.00217016 -12.4471 -0.000705547
533364 -33.4908 -0.0126195 -23.9549 -0.00214314 -12.8234 -0.000733233 -33.4908 -0.0126479 -24.0138 -0.00218584 -12.467 -0.000706998
534270 -33.4908 -0.0127101 -23.9738 -0.00215687 -12.8418 -0.000734603 -33.4908 -0.0127388 -24.0354 -0.00220154 -12.4868 -0.000708444
535172 -33.4908 -0.0128005 -23.9928 -0.00217065 -12.86 -0.000735958 -33.4908 -0.0128294 -24.0573 -0.00221738 -12.5065 -0.000709882
536065 -33.4908 -0.0128901 -24.0121 -0.00218463 -12.8775 -0.000737266 -33.4908 -0.0129192 -24.0798 -0.0022337 -12.526 -0.000711303
536952 -33.4908 -0.0129793 -24.0314 -0.0021986 -12.8958 -0.000738634 -33.4908 -0.0130087 -24.1023 -0.00225002 -12.5456 -0.000712733
537833 -33.4908 -0.0130682 -24.0506 -0.00221257 -12.9156 -0.000740111 -33.4908 -0.0130978 -24.1247 -0.00226628 -12.5657 -0.000714207
538711 -33.4908 -0.0131569 -24.0699 -0.00222656 -12.9352 -0.00074158 -33.4908 -0.0131868 -24.1471 -0.00228253 -12.5857 -0.000715676
539586 -33.4908 -0.0132456 -24.0893 -0.00224059 -12.9547 -0.000743043 -33.4908 -0.0132758 -24.1695 -0.00229878 -12.6057 -0.000717139
540459 -33.4908 -0.0133342 -24.1086 -0.00225464 -12.9741 -0.000744501 -33.4908 -0.0133646 -24.1919 -0.00231505 -12.6255 -0.000718598
541329 -33.4908 -0.0134227 -24.128 -0.00226871 -12.9935 -0.000745954 -33.4908 -0.0134533 -24.2144 -0.00233132 -12.6453 -0.000720053
542187 -33.4908 -0.0135105 -24.1481 -0.00228329 -13.0104 -0.00074723 -33.4908 -0.0135414 -24.2376 -0.00234816 -12.6639 -0.000721425
543041 -33.4908 -0.013598 -24.1684 -0.002298 -13.0269 -0.000748468 -33.4908 -0.0136292 -24.2609 -0.0023651 -12.6822 -0.000722776
543892 -33.4908 -0.0136855 -24.1887 -0.00231272 -13.0432 -0.000749699 -33.4908 -0.0137169 -24.2843 -0.00238205 -12.7005 -0.000724123
544740 -33.4908 -0.0137729 -24.209 -0.00232743 -13.0594 -0.000750925 -33.4908 -0.0138046 -24.3076 -0.00239897 -12.7187 -0.000725468
545586 -33.4908 -0.0138602 -24.2293 -0.00234214 -13.0756 -0.000752147 -33.4908 -0.0138921 -24.331 -0.00241589 -12.7369 -0.000726812
546429 -33.4908 -0.0139475 -24.2496 -0.00235684 -13.0917 -0.000753363 -33.4908 -0.0139796 -24.3543 -0.0024328 -12.7549 -0.00072815
547269 -33.4908 -0.0140346 -24.2698 -0.00237154 -13.1077 -0.000754572 -33.4908 -0.014067 -24.3776 -0.00244972 -12.7729 -0.000729483
548099 -33.4908 -0.0141212 -24.2904 -0.00238644 -13.1261 -0.00075597 -33.4908 -0.0141538 -24.4016 -0.00246715 -12.7894 -0.000730707
548923 -33.4908 -0.0142075 -24.3111 -0.00240145 -13.1459 -0.000757473 -33.4908 -0.0142403 -24.4256 -0.00248451 -12.805 -0.000731869
549734 -33.4908 -0.0142931 -24.3327 -0.00241711 -13.1639 -0.000758839 -33.4908 -0.014326 -24.4495 -0.00250187 -12.8246 -0.000733325
550542 -33.4908 -0.0143787 -24.355 -0.00243329 -13.1817 -0.000760193 -33.4908 -0.0144122 -24.4733 -0.00251912 -12.8443 -0.00073479
551336 -33.4908 -0.014466 -24.3781 -0.00245009 -13.1991 -0.00076152 -33.4908 -0.0145006 -24.4963 -0.00253577 -12.8635 -0.000736223
552111 -33.4908 -0.0145557 -24.4014 -0.00246697 -13.2163 -0.00076283 -33.4908 -0.0145904 -24.5203 -0.00255321 -12.882 -0.000737603
552883 -33.4908 -0.0146454 -24.4245 -0.0024837 -13.2334 -0.000764135 -33.4908 -0.0146802 -24.5443 -0.00257061 -12.9004 -0.000738979
553654 -33.4908 -0.014735 -24.447 -0.00250003 -13.2504 -0.000765435 -33.4908 -0.01477 -24.5682 -0.00258795 -12.9188 -0.000740352
554422 -33.4908 -0.0148245 -24.4695 -0.00251637 -13.2674 -0.000766729 -33.4908 -0.0148596 -24.5921 -0.00260526 -12.937 -0.000741719
555187 -33.4908 -0.014914 -24.492 -0.00253271 -13.2842 -0.000768016 -33.4908 -0.0149492 -24.6159 -0.00262252 -12.9552 -0.000743078
555940 -33.4908 -0.0150026 -24.5154 -0.00254967 -13.2997 -0.000769205 -33.4908 -0.0150379 -24.6403 -0.00264023 -12.971 -0.000744268
556691 -33.4908 -0.0150911 -24.5389 -0.00256668 -13.3151 -0.000770388 -33.4908 -0.0151266 -24.6646 -0.00265787 -12.9868 -0.000745451
557438 -33.4908 -0.0151798 -24.5622 -0.00258362 -13.3304 -0.000771564 -33.4908 -0.0152153 -24.6886 -0.00267527 -13.0024 -0.000746628
558180 -33.4908 -0.0152687 -24.5854 -0.00260039 -13.3456 -0.000772733 -33.4908 -0.0153044 -24.712 -0.00269224 -13.018 -0.000747799
558919 -33.4908 -0.0153575 -24.6085 -0.00261721 -13.3607 -0.000773894 -33.4908 -0.0153933 -24.7353 -0.00270911 -13.0334 -0.000748962
559654 -33.4908 -0.0154463 -24.6318 -0.00263408 -13.3757 -0.000775046 -33.4908 -0.0154821 -24.7583 -0.00272585 -13.0487 -0.000750117
560386 -33.4908 -0.0155349 -24.6551 -0.002651 -13.3905 -0.000776189 -33.4908 -0.0155707 -24.7812 -0.00274245 -13.0639 -0.000751264
561127 -33.4908 -0.0156238 -24.6784 -0.0026679 -13.4057 -0.000777363 -33.4908 -0.0156597 -24.8057 -0.00276021 -13.0794 -0.000752437
561874 -33.4908 -0.0157128 -24.7017 -0.00268477 -13.4211 -0.000778553 -33.4908 -0.0157489 -24.8311 -0.00277866 -13.0951 -0.000753625
562617 -33.4908 -0.0158022 -24.7246 -0.00270137 -13.4364 -0.000779732 -33.4908 -0.0158385 -24.8561 -0.00279673 -13.1109 -0.000754814
563356 -33.4908 -0.0158918 -24.7474 -0.00271788 -13.4515 -0.000780904 -33.4908 -0.0159283 -24.8808 -0.00281467 -13.1265 -0.000756002
564089 -33.4908 -0.0159817 -24.7698 -0.00273419 -13.4665 -0.000782064 -33.4908 -0.0160183 -24.9052 -0.00283238 -13.142 -0.000757175
564819 -33.4908 -0.0160716 -24.7923 -0.0027505 -13.4814 -0.000783221 -33.4908 -0.0161083 -24.9297 -0.00285011 -13.1574 -0.000758344
565547 -33.4908 -0.0161612 -24.8148 -0.00276682 -13.4972 -0.000784444 -33.4908 -0.0161981 -24.9541 -0.00286784 -13.1704 -0.000759334
566268 -33.4908 -0.0162499 -24.8379 -0.00278357 -13.5129 -0.000785669 -33.4908 -0.0162871 -24.9833 -0.00288903 -13.1827 -0.00076027
566984 -33.4908 -0.0163379 -24.8614 -0.00280057 -13.5285 -0.000786883 -33.4908 -0.0163757 -25.0154 -0.00291228 -13.1949 -0.000761198
567700 -33.4908 -0.0164259 -24.8848 -0.00281757 -13.5441 -0.000788098 -33.4908 -0.0164641 -25.0475 -0.00293557 -13.2071 -0.000762125
568412 -33.4908 -0.0165137 -24.9083 -0.00283459 -13.5577 -0.00078916 -33.4908 -0.0165524 -25.0797 -0.0029589 -13.2197 -0.000763091
569118 -33.4908 -0.0166006 -24.9369 -0.00285533 -13.5702 -0.000790129 -33.4908 -0.0166396 -25.1128 -0.00298293 -13.2321 -0.000764036
569819 -33.4908 -0.0166872 -24.9675 -0.00287754 -13.5825 -0.00079109 -33.4908 -0.0167263 -25.1463 -0.00300726 -13.2442 -0.000764962
570520 -33.4908 -0.0167736 -24.9981 -0.00289972 -13.5948 -0.000792051 -33.4908 -0.016813 -25.1799 -0.00303164 -13.2562 -0.000765878
571218 -33.4908 -0.01686 -25.0287 -0.00292193 -13.607 -0.000793009 -33.4908 -0.0168995 -25.2137 -0.00305609 -13.2682 -0.00076679
571916 -33.4908 -0.0169463 -25.0593 -0.00294417 -13.6191 -0.000793957 -33.4908 -0.016986 -25.2475 -0.00308063 -13.2801 -0.000767701
572612 -33.4908 -0.0170326 -25.09 -0.00296638 -13.6312 -0.000794901 -33.4908 -0.0170725 -25.2803 -0.00310445 -13.2919 -0.00076861
573305 -33.4908 -0.0171184 -25.1213 -0.00298912 -13.6428 -0.000795815 -33.4908 -0.0171584 -25.3133 -0.00312836 -13.3036 -0.000769503
573995 -33.4908 -0.017204 -25.1527 -0.00301188 -13.6544 -0.000796725 -33.4908 -0.0172442 -25.3463 -0.00315226 -13.3152 -0.000770392
574685 -33.4908 -0.0172897 -25.1841 -0.00303462 -13.666 -0.000797634 -33.4908 -0.01733 -25.3791 -0.00317611 -13.3267 -0.000771278
575373 -33.4908 -0.0173753 -25.2154 -0.00305739 -13.6775 -0.000798539 -33.4908 -0.0174157 -25.412 -0.00319995 -13.3382 -0.000772159
576063 -33.4908 -0.0174609 -25.2469 -0.00308021 -13.6891 -0.000799449 -33.4908 -0.0175014 -25.4447 -0.00322368 -13.3498 -0.000773052
576754 -33.4908 -0.0175465 -25.2779 -0.00310268 -13.7007 -0.00080036 -33.4908 -0.0175872 -25.4773 -0.00324732 -13.3614 -0.000773948
577442 -33.4908 -0.017632 -25.3085 -0.0031249 -13.7121 -0.000801259 -33.4908 -0.0176729 -25.51 -0.003271 -13.3728 -0.000774827
578130 -33.4908 -0.0177175 -25.3391 -0.0031471 -13.7234 -0.000802151 -33.4908 -0.0177584 -25.5427 -0.00329474 -13.3841 -0.000775696
578817 -33.4908 -0.0178029 -25.3697 -0.00316924 -13.7347 -0.000803041 -33.4908 -0.017844 -25.5754 -0.00331847 -13.3954 -0.000776564
579501 -33.4908 -0.017888 -25.4001 -0.00319131 -13.7462 -0.00080395 -33.4908 -0.0179293 -25.6081 -0.00334217 -13.4075 -0.000777499
580182 -33.4908 -0.0179729 -25.4304 -0.00321332 -13.7578 -0.000804867 -33.4908 -0.0180143 -25.6407 -0.00336585 -13.42 -0.00077847
580862 -33.4908 -0.0180577 -25.4607 -0.00323527 -13.7693 -0.00080578 -33.4908 -0.0180993 -25.6733 -0.00338948 -13.4326 -0.000779437
581540 -33.4908 -0.0181426 -25.4909 -0.00325718 -13.7808 -0.000806691 -33.4908 -0.0181843 -25.7059 -0.00341307 -13.445 -0.000780402
582218 -33.4908 -0.0182273 -25.5211 -0.00327908 -13.7923 -0.000807598 -33.4908 -0.0182692 -25.7383 -0.00343662 -13.4575 -0.000781364
582894 -33.4908 -0.0183121 -25.5513 -0.00330096 -13.8037 -0.000808503 -33.4908 -0.0183541 -25.7707 -0.00346011 -13.4698 -0.000782323
583569 -33.4908 -0.0183967 -25.5814 -0.00332281 -13.815 -0.000809404 -33.4908 -0.0184389 -25.803 -0.00348356 -13.4822 -0.000783279
584242 -33.4908 -0.0184813 -25.6115 -0.00334465 -13.8264 -0.000810302 -33.4908 -0.0185237 -25.8353 -0.00350696 -13.4944 -0.000784232
584915 -33.4908 -0.0185659 -25.6416 -0.00336646 -13.8376 -0.000811196 -33.4908 -0.0186084 -25.8675 -0.00353032 -13.5067 -0.000785183
585586 -33.4908 -0.0186504 -25.6717 -0.00338827 -13.8488 -0.000812088 -33.4908 -0.018693 -25.8996 -0.00355363 -13.5188 -0.00078613
586256 -33.4908 -0.0187349 -25.7017 -0.00341008 -13.86 -0.000812976 -33.4908 -0.0187776 -25.9317 -0.00357687 -13.531 -0.000787074
586924 -33.4908 -0.0188193 -25.7318 -0.00343187 -13.8711 -0.000813861 -33.4908 -0.0188622 -25.9637 -0.00360005 -13.543 -0.000788014
587592 -33.4908 -0.0189037 -25.7618 -0.00345366 -13.8821 -0.000814742 -33.4908 -0.0189467 -25.9955 -0.00362317 -13.5551 -0.000788951
588257 -33.4908 -0.018988 -25.7919 -0.00347544 -13.8931 -0.000815619 -33.4908 -0.0190311 -26.0273 -0.0036462 -13.567 -0.000789885
588921 -33.4908 -0.0190723 -25.8219 -0.00349721 -13.9041 -0.000816492 -33.4908 -0.0191155 -26.0589 -0.00366915 -13.5789 -0.000790815
589584 -33.4908 -0.0191565 -25.8519 -0.00351898 -13.9149 -0.000817361 -33.4908 -0.0191998 -26.0905 -0.00369202 -13.5908 -0.000791741
590245 -33.4908 -0.0192406 -25.8819 -0.00354073 -13.9257 -0.000818224 -33.4908 -0.019284 -26.1218 -0.00371478 -13.6026 -0.000792663
590904 -33.4908 -0.0193247 -25.9118 -0.00356246 -13.9365 -0.000819084 -33.4908 -0.0193682 -26.1531 -0.00373743 -13.6143 -0.00079358
591561 -33.4908 -0.0194087 -25.9417 -0.00358413 -13.9472 -0.000819939 -33.4908 -0.0194523 -26.1841 -0.00375992 -13.626 -0.000794493
592212 -33.4908 -0.019493 -25.9712 -0.00360554 -13.9577 -0.000820787 -33.4908 -0.0195368 -26.2146 -0.00378208 -13.6375 -0.000795395
592856 -33.4908 -0.0195772 -26.001 -0.00362713 -13.9679 -0.000821606 -33.4908 -0.0196209 -26.2428 -0.0038025 -13.6486 -0.000796268
593494 -33.4908 -0.0196615 -26.0305 -0.00364855 -13.978 -0.000822414 -33.4908 -0.0197051 -26.2704 -0.00382252 -13.6595 -0.000797125
594131 -33.4908 -0.0197457 -26.06 -0.00366991 -13.988 -0.000823218 -33.4908 -0.0197893 -26.2979 -0.00384246 -13.6704 -0.000797978
594766 -33.4908 -0.0198298 -26.0891 -0.00369105 -13.998 -0.000824018 -33.4908 -0.0198734 -26.3252 -0.00386227 -13.6812 -0.000798826
595399 -33.4908 -0.0199138 -26.1182 -0.00371213 -14.0082 -0.000824838 -33.4908 -0.0199572 -26.3522 -0.00388188 -13.6923 -0.000799704
596027 -33.4908 -0.0199973 -26.1475 -0.00373342 -14.0186 -0.000825681 -33.4908 -0.0200407 -26.3794 -0.0039016 -13.7043 -0.000800648
596642 -33.4908 -0.0200799 -26.1778 -0.00375533 -14.0301 -0.000826608 -33.4908 -0.0201232 -26.4075 -0.00392198 -13.7169 -0.00080164
597256 -33.4908 -0.0201624 -26.2078 -0.00377716 -14.0416 -0.00082753 -33.4908 -0.0202057 -26.4355 -0.00394225 -13.7294 -0.000802628
597869 -33.4908 -0.0202449 -26.2378 -0.00379887 -14.053 -0.000828449 -33.4908 -0.0202881 -26.4632 -0.00396239 -13.7419 -0.000803613
598480 -33.4908 -0.0203273 -26.2676 -0.00382048 -14.0643 -0.000829362 -33.4908 -0.0203704 -26.4908 -0.0039824 -13.7543 -0.000804593
599087 -33.4908 -0.0204094 -26.2972 -0.00384195 -14.0763 -0.000830331 -33.4908 -0.0204525 -26.5183 -0.00400229 -13.767 -0.000805594
599691 -33.4908 -0.0204916 -26.3265 -0.00386323 -14.0887 -0.000831338 -33.4908 -0.0205345 -26.5459 -0.00402234 -13.7797 -0.000806603
600290 -33.4908 -0.0205743 -26.3551 -0.00388395 -14.1011 -0.000832339 -33.4908 -0.0206178 -26.5744 -0.004043 -13.7923 -0.0008076
600885 -33.4908 -0.0206578 -26.3834 -0.00390451 -14.1133 -0.000833333 -33.4908 -0.0207015 -26.6026 -0.00406347 -13.8048 -0.000808589
601475 -33.4908 -0.0207419 -26.4109 -0.00392444 -14.1255 -0.000834317 -33.4908 -0.0207853 -26.6305 -0.00408372 -13.8172 -0.000809574
602058 -33.4908 -0.0208257 -26.4357 -0.00394242 -14.1374 -0.000835286 -33.4908 -0.0208689 -26.6581 -0.0041037 -13.8294 -0.000810544
602638 -33.4908 -0.0209096 -26.461 -0.00396073 -14.1493 -0.000836248 -33.4908 -0.0209527 -26.6853 -0.00412341 -13.8415 -0.000811509
603215 -33.4908 -0.0209936 -26.487 -0.00397959 -14.161 -0.000837203 -33.4908 -0.0210368 -26.7119 -0.00414275 -13.8536 -0.000812466
603791 -33.4908 -0.0210776 -26.5129 -0.00399837 -14.1727 -0.000838154 -33.4908 -0.0211208 -26.7385 -0.00416201 -13.8656 -0.00081342
604365 -33.4908 -0.0211616 -26.5387 -0.00401709 -14.1843 -0.000839101 -33.4908 -0.0212048 -26.7649 -0.00418118 -13.8775 -0.000814369
604937 -33.4908 -0.0212455 -26.5644 -0.00403573 -14.1959 -0.000840043 -33.4908 -0.0212888 -26.7912 -0.00420022 -13.8893 -0.000815314
605508 -33.4908 -0.0213294 -26.5899 -0.00405427 -14.2074 -0.000840982 -33.4908 -0.0213727 -26.8167 -0.00421878 -13.9011 -0.000816254
606078 -33.4908 -0.0214133 -26.6154 -0.00407274 -14.2188 -0.000841917 -33.4908 -0.0214566 -26.8421 -0.0042372 -13.9128 -0.00081719
606646 -33.4908 -0.0214971 -26.6407 -0.00409112 -14.2302 -0.000842848 -33.4908 -0.0215404 -26.8673 -0.00425548 -13.9245 -0.000818124
607212 -33.4908 -0.0215809 -26.666 -0.00410943 -14.2415 -0.000843774 -33.4908 -0.0216242 -26.8923 -0.00427359 -13.9361 -0.000819054
607777 -33.4908 -0.0216646 -26.6911 -0.00412766 -14.2528 -0.000844696 -33.4908 -0.021708 -26.9171 -0.00429155 -13.9477 -0.00081998
608341 -33.4908 -0.0217482 -26.7161 -0.00414581 -14.264 -0.000845615 -33.4908 -0.0217916 -26.9416 -0.00430933 -13.9592 -0.000820903
608902 -33.4908 -0.0218319 -26.741 -0.00416387 -14.2751 -0.000846529 -33.4908 -0.0218753 -26.9659 -0.00432693 -13.9706 -0.000821821
609458 -33.4908 -0.0219147 -26.7663 -0.00418219 -14.2864 -0.000847457 -33.4908 -0.0219581 -26.9904 -0.00434476 -13.9821 -0.000822742
610011 -33.4908 -0.0219972 -26.7916 -0.00420057 -14.2976 -0.000848377 -33.4908 -0.0220406 -27.015 -0.00436256 -13.9935 -0.000823659
610560 -33.4908 -0.0220795 -26.8169 -0.00421886 -14.3088 -0.000849293 -33.4908 -0.022123 -27.0393 -0.00438018 -14.004 -0.000824502
611107 -33.4908 -0.0221618 -26.8416 -0.0042368 -14.3199 -0.000850207 -33.4908 -0.0222052 -27.0633 -0.00439758 -14.0135 -0.000825268
611655 -33.4908 -0.0222439 -26.8659 -0.00425441 -14.3302 -0.000851057 -33.4908 -0.0222874 -27.0882 -0.00441568 -14.0234 -0.000826066
612213 -33.4908 -0.0223261 -26.8896 -0.00427162 -14.3403 -0.000851885 -33.4908 -0.0223699 -27.1169 -0.0044365 -14.0339 -0.000826913
612771 -33.4908 -0.0224084 -26.914 -0.00428934 -14.3504 -0.000852721 -33.4908 -0.0224524 -27.1455 -0.00445724 -14.0444 -0.000827757
613329 -33.4908 -0.0224907 -26.939 -0.00430743 -14.3605 -0.000853558 -33.4908 -0.0225349 -27.174 -0.00447792 -14.0548 -0.0008286
613892 -33.4908 -0.0225732 -26.9663 -0.00432728 -14.3708 -0.000854402 -33.4908 -0.0226175 -27.2027 -0.00449868 -14.0654 -0.000829451
614457 -33.4908 -0.0226557 -26.9944 -0.00434766 -14.381 -0.000855248 -33.4908 -0.0227001 -27.2312 -0.0045194 -14.0759 -0.000830303
615020 -33.4908 -0.0227382 -27.0224 -0.00436795 -14.3912 -0.00085609 -33.4908 -0.0227826 -27.2597 -0.00454003 -14.0864 -0.000831151
615582 -33.4908 -0.0228207 -27.0503 -0.00438817 -14.4013 -0.000856929 -33.4908 -0.0228651 -27.288 -0.00456056 -14.0968 -0.000831995
616142 -33.4908 -0.0229031 -27.0781 -0.00440832 -14.4114 -0.000857764 -33.4908 -0.0229476 -27.3162 -0.004581 -14.1072 -0.000832835
616702 -33.4908 -0.0229854 -27.1058 -0.00442839 -14.4214 -0.000858597 -33.4908 -0.02303 -27.3442 -0.00460135 -14.1176 -0.00083368
617260 -33.4908 -0.0230677 -27.1334 -0.00444841 -14.4314 -0.000859427 -33.4908 -0.0231124 -27.3722 -0.00462161 -14.128 -0.000834525
617817 -33.4908 -0.0231499 -27.1609 -0.00446838 -14.4414 -0.000860253 -33.4908 -0.0231947 -27.3999 -0.00464175 -14.1384 -0.000835367
618373 -33.4908 -0.0232322 -27.1884 -0.00448831 -14.4513 -0.000861075 -33.4908 -0.0232769 -27.4275 -0.00466177 -14.1487 -0.000836204
618924 -33.4908 -0.023314 -27.2162 -0.00450849 -14.4612 -0.000861901 -33.4908 -0.0233588 -27.4554 -0.00468195 -14.1596 -0.000837087
619469 -33.4908 -0.0233953 -27.2445 -0.00452901 -14.4718 -0.000862785 -33.4908 -0.0234401 -27.4836 -0.00470245 -14.1706 -0.000837988
620012 -33.4908 -0.0234766 -27.2727 -0.00454949 -14.4824 -0.000863664 -33.4908 -0.0235214 -27.5117 -0.00472282 -14.1817 -0.000838885
620554 -33.4908 -0.0235578 -27.3009 -0.00456992 -14.4929 -0.000864539 -33.4908 -0.0236027 -27.5396 -0.00474306 -14.1926 -0.000839777
621095 -33.4908 -0.023639 -27.329 -0.00459029 -14.5033 -0.000865409 -33.4908 -0.0236839 -27.5673 -0.00476316 -14.2035 -0.000840666
621634 -33.4908 -0.0237202 -27.357 -0.00461062 -14.5137 -0.000866274 -33.4908 -0.0237651 -27.5948 -0.00478312 -14.2143 -0.00084155
622173 -33.4908 -0.0238013 -27.385 -0.00463089 -14.5239 -0.000867134 -33.4908 -0.0238462 -27.6221 -0.00480292 -14.2251 -0.000842429
622710 -33.4908 -0.0238823 -27.4128 -0.00465111 -14.5342 -0.000867989 -33.4908 -0.0239273 -27.6493 -0.00482258 -14.2358 -0.000843304
623246 -33.4908 -0.0239634 -27.4406 -0.00467124 -14.5443 -0.000868839 -33.4908 -0.0240084 -27.6763 -0.00484217 -14.2464 -0.000844176
623781 -33.4908 -0.0240444 -27.4682 -0.0046913 -14.5544 -0.000869687 -33.4908 -0.0240894 -27.7032 -0.00486169 -14.257 -0.000845045
624316 -33.4908 -0.0241255 -27.4958 -0.00471129 -14.5645 -0.00087053 -33.4908 -0.0241704 -27.73 -0.00488117 -14.2676 -0.000845911
624847 -33.4908 -0.0242066 -27.523 -0.00473104 -14.5744 -0.000871358 -33.4908 -0.0242559 -27.7567 -0.00490051 -14.2781 -0.000846769
625369 -33.4908 -0.0242887 -27.5492 -0.00475003 -14.5835 -0.000872129 -33.4908 -0.0243618 -27.7828 -0.00491941 -14.2883 -0.000847607
625889 -33.4908 -0.0243707 -27.5752 -0.00476891 -14.5926 -0.000872893 -33.4908 -0.0244685 -27.8087 -0.00493823 -14.2985 -0.000848444
626408 -33.4908 -0.0244528 -27.6011 -0.00478767 -14.6016 -0.00087365 -33.4908 -0.0245763 -27.8345 -0.00495697 -14.3086 -0.000849277
626925 -33.4908 -0.0245349 -27.6268 -0.0048063 -14.6106 -0.000874402 -33.4908 -0.0246853 -27.8603 -0.00497563 -14.3187 -0.000850108
627441 -33.4908 -0.024617 -27.6523 -0.0048248 -14.6194 -0.000875148 -33.4908 -0.0247955 -27.8859 -0.0049942 -14.3287 -0.000850935
627956 -33.4908 -0.0246992 -27.6776 -0.00484316 -14.6282 -0.000875887 -33.4908 -0.0249071 -27.9114 -0.00501268 -14.3387 -0.000851758
628467 -33.4908 -0.0247815 -27.7027 -0.00486133 -14.6369 -0.000876619 -33.4908 -0.0250205 -27.9366 -0.00503101 -14.3486 -0.000852575
628975 -33.4908 -0.024864 -27.7273 -0.00487921 -14.6455 -0.000877343 -33.4908 -0.025135 -27.9616 -0.0050491 -14.3584 -0.000853383
629482 -33.4908 -0.0249466 -27.7518 -0.00489692 -14.654 -0.000878061 -33.4908 -0.0252503 -27.9863 -0.00506707 -14.3681 -0.000854186
629981 -33.4908 -0.0250387 -27.7757 -0.00491429 -14.6624 -0.000878771 -33.4908 -0.025367 -28.0106 -0.00508465 -14.3779 -0.000854989
630471 -33.4908 -0.0251474 -27.7989 -0.00493114 -14.6706 -0.000879468 -33.4908 -0.0254855 -28.034 -0.00510161 -14.3876 -0.000855792
630958 -33.4908 -0.0252574 -27.8219 -0.00494779 -14.6788 -0.000880159 -33.4908 -0.0256051 -28.0571 -0.00511842 -14.3972 -0.00085659
631444 -33.4908 -0.0253684 -27.8447 -0.00496431 -14.6869 -0.000880847 -33.4908 -0.0257248 -28.0802 -0.00513511 -14.4068 -0.000857386
631930 -33.4908 -0.0254806 -27.8675 -0.00498085 -14.6951 -0.000881538 -33.4908 -0.0258425 -28.1033 -0.00515187 -14.4164 -0.000858183
632413 -33.4908 -0.0255947 -27.8897 -0.00499699 -14.7032 -0.000882228 -33.4908 -0.0259607 -28.1271 -0.00516917 -14.426 -0.000858973
632894 -33.4908 -0.0257105 -27.9118 -0.00501303 -14.7113 -0.000882915 -33.4908 -0.026079 -28.1508 -0.00518635 -14.4354 -0.000859761
633374 -33.4908 -0.0258274 -27.9338 -0.00502898 -14.7194 -0.000883598 -33.4908 -0.0261973 -28.1743 -0.00520342 -14.4449 -0.000860544
633852 -33.4908 -0.0259452 -27.9558 -0.00504489 -14.7274 -0.000884278 -33.4908 -0.0263158 -28.1977 -0.00522037 -14.4543 -0.000861326
634333 -33.4908 -0.0260638 -27.9779 -0.00506097 -14.7354 -0.000884964 -33.4908 -0.0264343 -28.2209 -0.00523717 -14.4638 -0.000862121
634811 -33.4908 -0.0261835 -28.0005 -0.00507735 -14.7434 -0.000885644 -33.4908 -0.0265533 -28.2436 -0.00525367 -14.4733 -0.00086291
635286 -33.4908 -0.0263042 -28.0234 -0.00509397 -14.7515 -0.000886334 -33.4908 -0.0266726 -28.266 -0.0052699 -14.483 -0.000863714
635759 -33.4908 -0.0264259 -28.0462 -0.0051105 -14.7597 -0.00088703 -33.4908 -0.0267919 -28.2882 -0.00528599 -14.4927 -0.000864526
636234 -33.4908 -0.026545 -28.0692 -0.00512713 -14.7679 -0.000887728 -33.4908 -0.0269108 -28.3106 -0.00530221 -14.5025 -0.00086534
636708 -33.4908 -0.0266639 -28.092 -0.00514373 -14.7761 -0.000888423 -33.4908 -0.0270297 -28.3329 -0.00531839 -14.5122 -0.000866151
637182 -33.4908 -0.0267828 -28.1149 -0.00516028 -14.7842 -0.00088912 -33.4908 -0.0271485 -28.3551 -0.00533452 -14.5219 -0.000866961
637653 -33.4908 -0.0269013 -28.1376 -0.00517678 -14.7932 -0.000889884 -33.4908 -0.0272669 -28.3772 -0.00535051 -14.532 -0.000867811
638123 -33.4908 -0.0270198 -28.1603 -0.00519323 -14.8021 -0.000890646 -33.4908 -0.0273853 -28.3991 -0.00536645 -14.5422 -0.000868658
638593 -33.4908 -0.0271382 -28.1829 -0.00520963 -14.811 -0.000891405 -33.4908 -0.0275036 -28.421 -0.00538233 -14.5522 -0.000869503
639062 -33.4908 -0.0272565 -28.2055 -0.00522599 -14.8198 -0.000892161 -33.4908 -0.0276219 -28.4428 -0.00539816 -14.5623 -0.000870348
639529 -33.4908 -0.0273751 -28.2278 -0.00524219 -14.8286 -0.000892909 -33.4908 -0.0277404 -28.4644 -0.00541381 -14.5723 -0.000871187
639995 -33.4908 -0.0274936 -28.25 -0.00525833 -14.8373 -0.000893655 -33.4908 -0.0278589 -28.4859 -0.0054294 -14.5823 -0.000872022
640460 -33.4908 -0.0276121 -28.2722 -0.00527441 -14.8459 -0.000894398 -33.4908 -0.0279773 -28.5073 -0.00544492 -14.5922 -0.000872854
640923 -33.4908 -0.0277304 -28.2943 -0.00529044 -14.8546 -0.000895142 -33.4908 -0.0280956 -28.5286 -0.00546038 -14.6021 -0.000873689
641384 -33.4908 -0.0278481 -28.3163 -0.0053064 -14.8638 -0.000895931 -33.4908 -0.0282132 -28.5499 -0.00547581 -14.6132 -0.000874625
641843 -33.4908 -0.0279658 -28.3383 -0.00532231 -14.8729 -0.000896717 -33.4908 -0.0283308 -28.5711 -0.00549118 -14.6243 -0.000875557
642301 -33.4908 -0.0280834 -28.3601 -0.00533816 -14.882 -0.0008975 -33.4908 -0.0284483 -28.5922 -0.00550647 -14.6353 -0.000876484
642759 -33.4908 -0.0282009 -28.3819 -0.00535394 -14.8911 -0.00089828 -33.4908 -0.0285658 -28.6132 -0.00552169 -14.6462 -0.000877408
643215 -33.4908 -0.0283184 -28.4035 -0.00536965 -14.9001 -0.000899057 -33.4908 -0.0286832 -28.6341 -0.00553684 -14.6571 -0.000878327
643670 -33.4908 -0.0284358 -28.4251 -0.00538528 -14.9091 -0.000899831 -33.4908 -0.0288005 -28.6548 -0.00555191 -14.6679 -0.000879242
644125 -33.4908 -0.0285531 -28.4465 -0.00540085 -14.918 -0.000900602 -33.4908 -0.0289178 -28.6755 -0.00556691 -14.6787 -0.000880152
644578 -33.4908 -0.0286704 -28.4679 -0.00541633 -14.9269 -0.000901369 -33.4908 -0.029035 -28.6961 -0.00558182 -14.6894 -0.000881058
645030 -33.4908 -0.0287876 -28.4891 -0.00543172 -14.9358 -0.000902131 -33.4908 -0.0291522 -28.7165 -0.00559665 -14.7001 -0.000881961
645480 -33.4908 -0.0289048 -28.5102 -0.00544703 -14.9445 -0.00090289 -33.4908 -0.0292693 -28.7368 -0.00561139 -14.7107 -0.000882861
645930 -33.4908 -0.0290219 -28.5312 -0.00546223 -14.9533 -0.000903644 -33.4908 -0.0293864 -28.757 -0.00562603 -14.7212 -0.000883757
646378 -33.4908 -0.0291389 -28.552 -0.00547733 -14.9619 -0.000904395 -33.4908 -0.0295034 -28.7771 -0.00564058 -14.7317 -0.000884649
646825 -33.4908 -0.0292559 -28.5727 -0.00549232 -14.9706 -0.000905142 -33.4908 -0.0296203 -28.797 -0.00565503 -14.7422 -0.000885536
647276 -33.4908 -0.0293728 -28.5939 -0.00550769 -14.9794 -0.000905905 -33.4908 -0.0297371 -28.8167 -0.00566933 -14.7529 -0.000886452
647728 -33.4908 -0.0294893 -28.6155 -0.0055234 -14.9884 -0.000906689 -33.4908 -0.0298536 -28.8363 -0.00568351 -14.7643 -0.000887417
648180 -33.4908 -0.0296059 -28.6371 -0.00553908 -14.9974 -0.000907471 -33.4908 -0.02997 -28.8557 -0.00569756 -14.7756 -0.00088838
648630 -33.4908 -0.0297223 -28.6587 -0.00555472 -15.0064 -0.000908251 -33.4908 -0.0300863 -28.8749 -0.00571149 -14.7868 -0.00088934
649080 -33.4908 -0.0298387 -28.6802 -0.00557033 -15.0153 -0.000909028 -33.4908 -0.0302026 -28.8939 -0.00572527 -14.798 -0.000890297
649525 -33.4908 -0.0299557 -28.7014 -0.00558566 -15.0242 -0.000909796 -33.4908 -0.0303194 -28.9123 -0.00573864 -14.8089 -0.00089123
649967 -33.4908 -0.0300732 -28.7222 -0.00560075 -15.0329 -0.000910558 -33.4908 -0.0304367 -28.9302 -0.00575165 -14.8196 -0.000892143
650404 -33.4908 -0.0301901 -28.7434 -0.00561612 -15.0416 -0.000911318 -33.4908 -0.0305534 -28.9483 -0.00576477 -14.8309 -0.000893109
650839 -33.4908 -0.0303073 -28.7643 -0.00563129 -15.0508 -0.000912118 -33.4908 -0.0306721 -28.9673 -0.00577852 -14.842 -0.000894059
651273 -33.4908 -0.0304253 -28.7845 -0.00564596 -15.06 -0.000912922 -33.4908 -0.030794 -28.9876 -0.00579325 -14.853 -0.000895009
651707 -33.4908 -0.0305432 -28.8047 -0.00566058 -15.0692 -0.000913725 -33.4908 -0.030916 -29.0078 -0.00580791 -14.8641 -0.000895956
652140 -33.4908 -0.0306611 -28.8248 -0.00567515 -15.0784 -0.000914525 -33.4908 -0.0310378 -29.0279 -0.0058225 -14.8751 -0.000896901
652573 -33.4908 -0.0307789 -28.8448 -0.00568968 -15.0875 -0.000915324 -33.4908 -0.0311597 -29.0479 -0.00583702 -14.886 -0.000897843
653005 -33.4908 -0.0308967 -28.8648 -0.00570418 -15.0966 -0.000916121 -33.4908 -0.0312814 -29.0678 -0.00585146 -14.897 -0.000898783
653436 -33.4908 -0.0310144 -28.8847 -0.00571865 -15.1057 -0.000916915 -33.4908 -0.0314031 -29.0877 -0.00586582 -14.9078 -0.000899722
653861 -33.4908 -0.0311363 -28.9042 -0.00573279 -15.1146 -0.000917695 -33.4908 -0.0315257 -29.1068 -0.00587971 -14.9186 -0.000900646
654282 -33.4908 -0.0312586 -28.9239 -0.00574705 -15.1234 -0.000918471 -33.4908 -0.0316481 -29.1268 -0.00589419 -14.9292 -0.000901563
654703 -33.4908 -0.0313807 -28.9437 -0.00576139 -15.1323 -0.000919251 -33.4908 -0.0317702 -29.1471 -0.00590891 -14.9398 -0.000902479
655120 -33.4908 -0.031502 -28.9633 -0.00577565 -15.1424 -0.000920137 -33.4908 -0.0318915 -29.1673 -0.00592357 -14.951 -0.000903453
655536 -33.4908 -0.0316232 -28.9829 -0.00578987 -15.1525 -0.000921026 -33.4908 -0.0320127 -29.1874 -0.00593814 -14.9623 -0.000904426
655951 -33.4908 -0.0317443 -29.0028 -0.00580429 -15.1626 -0.000921913 -33.4908 -0.0321338 -29.2074 -0.00595268 -14.9735 -0.000905396
656365 -33.4908 -0.0318648 -29.0239 -0.00581957 -15.1726 -0.000922794 -33.4908 -0.0322542 -29.2277 -0.00596742 -14.9845 -0.000906354
656777 -33.4908 -0.0319853 -29.0449 -0.00583481 -15.1825 -0.000923674 -33.4908 -0.0323745 -29.2479 -0.00598206 -14.9955 -0.000907309
657188 -33.4908 -0.0321055 -29.0658 -0.00585001 -15.1913 -0.000924451 -33.4908 -0.0324945 -29.2681 -0.00599667 -15.0066 -0.000908273
657598 -33.4908 -0.0322256 -29.0868 -0.00586517 -15.1998 -0.000925196 -33.4908 -0.0326144 -29.2881 -0.00601122 -15.0178 -0.000909239
658007 -33.4908 -0.0323456 -29.1076 -0.0058803 -15.2082 -0.000925939 -33.4908 -0.0327342 -29.3081 -0.00602568 -15.0288 -0.000910203
658416 -33.4908 -0.0324656 -29.1284 -0.00589539 -15.2165 -0.000926677 -33.4908 -0.032854 -29.3279 -0.00604005 -15.0399 -0.000911164
658824 -33.4908 -0.0325855 -29.1492 -0.00591044 -15.2248 -0.000927413 -33.4908 -0.0329737 -29.3476 -0.00605433 -15.0509 -0.000912123
659231 -33.4908 -0.0327054 -29.1699 -0.00592545 -15.2331 -0.000928145 -33.4908 -0.0330933 -29.3671 -0.00606852 -15.0618 -0.00091308
659637 -33.4908 -0.0328252 -29.1905 -0.00594043 -15.2413 -0.000928875 -33.4908 -0.0332129 -29.3865 -0.0060826 -15.0727 -0.000914033
660042 -33.4908 -0.0329449 -29.2111 -0.00595536 -15.2495 -0.000929602 -33.4908 -0.0333324 -29.4058 -0.00609658 -15.0836 -0.000914983
660447 -33.4908 -0.0330646 -29.2316 -0.00597026 -15.2577 -0.000930326 -33.4908 -0.0334519 -29.4249 -0.00611044 -15.0944 -0.000915931
660850 -33.4908 -0.0331842 -29.2521 -0.00598512 -15.2658 -0.000931047 -33.4908 -0.0335713 -29.4439 -0.00612418 -15.1052 -0.000916875
661255 -33.4908 -0.0333034 -29.2727 -0.00600007 -15.2739 -0.000931767 -33.4908 -0.0336902 -29.4628 -0.00613793 -15.1161 -0.000917827
661660 -33.4908 -0.0334221 -29.2935 -0.00601513 -15.282 -0.000932489 -33.4908 -0.0338087 -29.4818 -0.0061517 -15.127 -0.000918788
662064 -33.4908 -0.0335408 -29.3142 -0.00603015 -15.2901 -0.000933206 -33.4908 -0.0339272 -29.5006 -0.00616532 -15.1379 -0.000919745
662466 -33.4908 -0.0336594 -29.3349 -0.00604512 -15.2981 -0.00093392 -33.4908 -0.0340455 -29.5191 -0.00617878 -15.1487 -0.000920697
662868 -33.4908 -0.033778 -29.3555 -0.00606006 -15.3061 -0.00093463 -33.4908 -0.0341638 -29.5375 -0.00619207 -15.1595 -0.000921646
663269 -33.4908 -0.0338965 -29.376 -0.00607494 -15.3139 -0.000935325 -33.4908 -0.0342821 -29.5555 -0.00620517 -15.1706 -0.000922619
663669 -33.4908 -0.0340151 -29.3964 -0.00608977 -15.3214 -0.000935999 -33.4908 -0.0344003 -29.5733 -0.00621807 -15.182 -0.000923629
664068 -33.4908 -0.0341335 -29.4168 -0.00610455 -15.3289 -0.000936668 -33.4908 -0.0345185 -29.5908 -0.00623074 -15.1934 -0.000924636
664465 -33.4908 -0.034252 -29.4371 -0.0061193 -15.3363 -0.00093733 -33.4908 -0.0346366 -29.6079 -0.00624317 -15.2048 -0.00092564
664861 -33.4908 -0.0343703 -29.4574 -0.006134 -15.3436 -0.000937985 -33.4908 -0.0347547 -29.6247 -0.00625531 -15.2161 -0.000926641
665255 -33.4908 -0.0344886 -29.4776 -0.00614867 -15.3509 -0.000938634 -33.4908 -0.0348726 -29.641 -0.00626714 -15.2274 -0.000927639
665647 -33.4908 -0.0346068 -29.4978 -0.00616329 -15.358 -0.000939275 -33.4908 -0.0349904 -29.6568 -0.00627864 -15.2386 -0.000928633
666039 -33.4908 -0.034725 -29.5179 -0.00617785 -15.3652 -0.000939913 -33.4908 -0.0351082 -29.6725 -0.00629002 -15.2498 -0.000929625
666430 -33.4908 -0.0348431 -29.5378 -0.00619233 -15.3723 -0.000940551 -33.4908 -0.0352259 -29.6882 -0.00630138 -15.261 -0.000930616
666820 -33.4908 -0.0349611 -29.5577 -0.00620673 -15.3794 -0.000941188 -33.4908 -0.0353436 -29.7038 -0.00631273 -15.2721 -0.000931607
667210 -33.4908 -0.035079 -29.5775 -0.00622108 -15.3867 -0.000941845 -33.4908 -0.0354611 -29.7194 -0.00632406 -15.2835 -0.000932623
667598 -33.4908 -0.0351965 -29.5972 -0.00623538 -15.3945 -0.000942541 -33.4908 -0.0355783 -29.735 -0.00633536 -15.2955 -0.000933689
667985 -33.4908 -0.0353139 -29.6168 -0.00624959 -15.4022 -0.000943237 -33.4908 -0.0356954 -29.7506 -0.00634665 -15.3075 -0.000934757
668372 -33.4908 -0.0354313 -29.6362 -0.00626371 -15.4099 -0.000943932 -33.4908 -0.0358124 -29.7661 -0.00635791 -15.3195 -0.000935824
668759 -33.4908 -0.0355486 -29.6556 -0.00627774 -15.4176 -0.000944626 -33.4908 -0.0359295 -29.7816 -0.00636915 -15.3314 -0.00093689
669143 -33.4908 -0.0356657 -29.675 -0.00629182 -15.4252 -0.000945305 -33.4908 -0.0360462 -29.7973 -0.0063805 -15.3429 -0.000937924
669527 -33.4908 -0.0357826 -29.6944 -0.00630586 -15.4326 -0.000945977 -33.4908 -0.0361628 -29.813 -0.00639187 -15.3544 -0.000938944
669909 -33.4908 -0.0358995 -29.7136 -0.00631978 -15.44 -0.000946647 -33.4908 -0.0362794 -29.8286 -0.00640321 -15.3657 -0.000939964
670292 -33.4908 -0.0360163 -29.7326 -0.00633358 -15.4474 -0.000947315 -33.4908 -0.036396 -29.8442 -0.00641452 -15.3771 -0.000940983
670673 -33.4908 -0.0361331 -29.7514 -0.00634726 -15.4548 -0.000947981 -33.4908 -0.0365125 -29.8597 -0.00642578 -15.3884 -0.000942001
671054 -33.4908 -0.0362498 -29.7701 -0.0063608 -15.4622 -0.000948645 -33.4908 -0.0366289 -29.8752 -0.00643699 -15.3998 -0.000943019
671434 -33.4908 -0.0363665 -29.7886 -0.00637418 -15.4695 -0.000949306 -33.4908 -0.0367453 -29.8906 -0.00644816 -15.4111 -0.000944035
671813 -33.4908 -0.0364832 -29.8067 -0.00638737 -15.4768 -0.000949965 -33.4908 -0.0368617 -29.9058 -0.00645922 -15.4223 -0.000945048
672190 -33.4908 -0.0366002 -29.8245 -0.00640024 -15.484 -0.000950619 -33.4908 -0.0369784 -29.9208 -0.00647008 -15.4335 -0.000946052
672565 -33.4908 -0.0367171 -29.842 -0.00641291 -15.4912 -0.00095127 -33.4908 -0.037095 -29.9356 -0.00648085 -15.4446 -0.000947055
672939 -33.4908 -0.0368339 -29.8591 -0.00642534 -15.4983 -0.000951918 -33.4908 -0.0372116 -29.9504 -0.00649153 -15.4556 -0.000948056
673326 -33.4908 -0.036951 -29.8757 -0.00643738 -15.5061 -0.000952622 -33.4908 -0.0373287 -29.971 -0.00650653 -15.4671 -0.000949094
673713 -33.4908 -0.0370679 -29.8923 -0.00644942 -15.5141 -0.000953347 -33.4908 -0.0374456 -29.9918 -0.00652161 -15.478 -0.000950079
674098 -33.4908 -0.0371845 -29.909 -0.00646151 -15.5224 -0.000954105 -33.4908 -0.0375622 -30.0126 -0.00653667 -15.4879 -0.000950977
674483 -33.4908 -0.0373011 -29.9256 -0.00647359 -15.5307 -0.000954861 -33.4908 -0.0376789 -30.0334 -0.00655173 -15.4978 -0.000951874
674867 -33.4908 -0.0374176 -29.9423 -0.00648568 -15.539 -0.000955614 -33.4908 -0.0377955 -30.0541 -0.00656679 -15.5077 -0.000952768
675251 -33.4908 -0.0375341 -29.959 -0.00649777 -15.5472 -0.000956365 -33.4908 -0.037912 -30.0749 -0.00658183 -15.5175 -0.000953661
675635 -33.4908 -0.0376505 -29.9756 -0.00650986 -15.5554 -0.000957113 -33.4908 -0.0380285 -30.0956 -0.00659687 -15.5273 -0.000954553
676018 -33.4908 -0.0377669 -29.9923 -0.00652194 -15.5636 -0.00095786 -33.4908 -0.038145 -30.1163 -0.0066119 -15.5371 -0.000955444
676400 -33.4908 -0.0378837 -30.0087 -0.00653387 -15.5718 -0.000958606 -33.4908 -0.0382617 -30.1376 -0.0066273 -15.5468 -0.000956331
676782 -33.4908 -0.0380004 -30.0251 -0.00654576 -15.5799 -0.00095935 -33.4908 -0.0383784 -30.1589 -0.00664278 -15.5566 -0.000957216
677164 -33.4908 -0.0381172 -30.0415 -0.00655765 -15.588 -0.000960092 -33.4908 -0.038495 -30.1802 -0.00665824 -15.5662 -0.000958099
677545 -33.4908 -0.0382338 -30.0579 -0.00656953 -15.5961 -0.000960832 -33.4908 -0.0386116 -30.2015 -0.0066737 -15.5759 -0.000958981
677925 -33.4908 -0.0383506 -30.0746 -0.00658165 -15.6042 -0.000961568 -33.4908 -0.0387284 -30.2227 -0.00668906 -15.5855 -0.00095986
678305 -33.4908 -0.0384675 -30.0916 -0.00659398 -15.6122 -0.000962302 -33.4908 -0.0388454 -30.2437 -0.00670432 -15.5951 -0.000960737
678689 -33.4908 -0.0385846 -30.1112 -0.00660818 -15.6203 -0.000963044 -33.4908 -0.0389624 -30.265 -0.00671975 -15.6048 -0.000961625
679078 -33.4908 -0.0387011 -30.1321 -0.00662336 -15.6285 -0.000963802 -33.4908 -0.0390746 -30.2867 -0.00673547 -15.6146 -0.000962525
679475 -33.4908 -0.0388161 -30.1538 -0.0066391 -15.6371 -0.000964588 -33.4908 -0.0391767 -30.309 -0.00675164 -15.6246 -0.000963441
679871 -33.4908 -0.0389311 -30.1754 -0.00665478 -15.6456 -0.000965371 -33.4908 -0.0392787 -30.3313 -0.00676782 -15.6345 -0.000964354
680266 -33.4908 -0.0390461 -30.197 -0.00667039 -15.6541 -0.000966151 -33.4908 -0.0393808 -30.3536 -0.00678399 -15.6445 -0.000965264
680661 -33.4908 -0.039161 -30.2184 -0.00668592 -15.6625 -0.000966928 -33.4908 -0.0394827 -30.3759 -0.00680015 -15.6543 -0.000966171
681056 -33.4908 -0.0392759 -30.2397 -0.00670138 -15.6709 -0.000967702 -33.4908 -0.0395847 -30.3981 -0.0068163 -15.6641 -0.000967075
681450 -33.4908 -0.0393907 -30.2609 -0.00671675 -15.6793 -0.000968473 -33.4908 -0.0396866 -30.4204 -0.00683245 -15.6739 -0.000967976
681843 -33.4908 -0.0395055 -30.282 -0.00673204 -15.6876 -0.000969241 -33.4908 -0.0397885 -30.4427 -0.00684859 -15.6836 -0.000968873
682235 -33.4908 -0.0396203 -30.3029 -0.00674724 -15.6959 -0.000970005 -33.4908 -0.0398903 -30.4649 -0.00686472 -15.6933 -0.000969766
682627 -33.4908 -0.039735 -30.3237 -0.00676234 -15.7041 -0.000970766 -33.4908 -0.0399922 -30.4871 -0.00688085 -15.7029 -0.000970655
683018 -33.4908 -0.0398498 -30.3444 -0.00677734 -15.7123 -0.000971524 -33.4908 -0.040094 -30.5094 -0.00689696 -15.7125 -0.000971541
683408 -33.4908 -0.0399644 -30.365 -0.00679224 -15.7205 -0.000972278 -33.4908 -0.0401958 -30.5316 -0.00691306 -15.722 -0.000972422
683798 -33.4908 -0.0400791 -30.3853 -0.00680701 -15.7286 -0.000973028 -33.4908 -0.0402976 -30.5537 -0.00692916 -15.7315 -0.000973302
684187 -33.4908 -0.0401937 -30.4055 -0.00682167 -15.7366 -0.000973775 -33.4908 -0.0403993 -30.5759 -0.00694524 -15.741 -0.000974179
684574 -33.4908 -0.0403083 -30.4256 -0.00683619 -15.7446 -0.000974517 -33.4908 -0.0405011 -30.5981 -0.00696131 -15.7504 -0.000975055
684962 -33.4908 -0.040423 -30.4454 -0.00685057 -15.7526 -0.000975256 -33.4908 -0.040603 -30.6202 -0.00697737 -15.7598 -0.000975929
685358 -33.4908 -0.040523 -30.4659 -0.00686542 -15.7607 -0.000976009 -33.4908 -0.0407037 -30.6435 -0.00699426 -15.7694 -0.000976821
685754 -33.4908 -0.0406231 -30.4861 -0.00688011 -15.7687 -0.000976757 -33.4908 -0.0408045 -30.6668 -0.00701112 -15.779 -0.00097771
686150 -33.4908 -0.040723 -30.5062 -0.00689465 -15.7767 -0.0009775 -33.4908 -0.0409053 -30.6901 -0.00702802 -15.7885 -0.000978598
686544 -33.4908 -0.0408229 -30.526 -0.00690902 -15.7847 -0.000978242 -33.4908 -0.0410061 -30.7134 -0.00704492 -15.798 -0.000979485
686938 -33.4908 -0.0409228 -30.5456 -0.00692322 -15.7926 -0.00097898 -33.4908 -0.0411069 -30.7367 -0.00706184 -15.8075 -0.000980369
687332 -33.4908 -0.0410226 -30.5649 -0.00693722 -15.8005 -0.000979717 -33.4908 -0.0412077 -30.76 -0.00707878 -15.8169 -0.00098125
687724 -33.4908 -0.0411223 -30.5839 -0.00695101 -15.8084 -0.00098045 -33.4908 -0.0413085 -30.7834 -0.00709574 -15.8263 -0.000982128
688116 -33.4908 -0.041222 -30.6026 -0.00696461 -15.8162 -0.000981182 -33.4908 -0.0414094 -30.8068 -0.00711271 -15.8357 -0.000983003
688507 -33.4908 -0.0413217 -30.6213 -0.00697817 -15.824 -0.00098191 -33.4908 -0.0415102 -30.8302 -0.00712966 -15.845 -0.000983875
688898 -33.4908 -0.0414214 -30.64 -0.00699172 -15.8317 -0.000982637 -33.4908 -0.0416111 -30.8535 -0.00714659 -15.8542 -0.000984744
689288 -33.4908 -0.0415211 -30.6587 -0.00700528 -15.8395 -0.000983359 -33.4908 -0.0417121 -30.8769 -0.00716352 -15.8635 -0.00098561
689677 -33.4908 -0.0416206 -30.6775 -0.00701894 -15.847 -0.000984062 -33.4908 -0.0418129 -30.9004 -0.00718054 -15.8725 -0.000986461
690065 -33.4908 -0.0417201 -30.6964 -0.0070326 -15.8544 -0.000984763 -33.4908 -0.0419137 -30.9237 -0.0071975 -15.8816 -0.000987309
690454 -33.4908 -0.0418195 -30.7152 -0.00704626 -15.8619 -0.000985462 -33.4908 -0.0420145 -30.947 -0.00721437 -15.8906 -0.000988156
690841 -33.4908 -0.0419192 -30.734 -0.0070599 -15.8693 -0.000986158 -33.4908 -0.0421154 -30.9702 -0.00723122 -15.8995 -0.000989
691228 -33.4908 -0.0420193 -30.7528 -0.00707352 -15.8767 -0.000986852 -33.4908 -0.0422164 -30.9934 -0.00724802 -15.9084 -0.000989842
691615 -33.4908 -0.0421194 -30.7716 -0.00708713 -15.884 -0.000987543 -33.4908 -0.0423174 -31.0165 -0.00726481 -15.9173 -0.000990681
692000 -33.4908 -0.0422195 -30.7903 -0.00710074 -15.8914 -0.000988232 -33.4908 -0.0424184 -31.0397 -0.00728158 -15.9262 -0.000991518
692386 -33.4908 -0.0423197 -30.8091 -0.00711436 -15.8986 -0.000988918 -33.4908 -0.0425194 -31.0628 -0.00729834 -15.935 -0.000992352
692771 -33.4908 -0.0424198 -30.8279 -0.00712797 -15.9059 -0.000989603 -33.4908 -0.0426204 -31.0859 -0.00731508 -15.9438 -0.000993184
693156 -33.4908 -0.04252 -30.8466 -0.00714158 -15.9131 -0.000990284 -33.4908 -0.0427215 -31.1089 -0.00733181 -15.9526 -0.000994013
693540 -33.4908 -0.0426201 -30.8654 -0.00715518 -15.9203 -0.000990964 -33.4908 -0.0428226 -31.1319 -0.00734851 -15.9613 -0.000994839
