4871.37 0 2.20621e-05 0 5.86861e-05 0 0.000151441 -1.53467 -6.66836e-05 -1.77915 -7.83095e-05 -2.24236 -0.000107049
9717.05 0 1.03126e-05 0 3.95113e-05 0 0.000136209 -1.73922 -7.57349e-05 -2.02116 -8.91964e-05 -2.40871 -0.00011524
14460.5 0 1.46629e-06 0 2.14855e-05 0 0.000121276 -1.94334 -8.4807e-05 -2.26275 -0.000100123 -2.57067 -0.00012325
19086.9 -0.105049 -4.49791e-06 0 6.38944e-06 0 0.00010665 -2.14703 -9.39005e-05 -2.50138 -0.000110975 -2.72747 -0.000131037
23633.2 -0.233164 -9.99635e-06 -0.0571944 -2.4721e-06 0 9.21827e-05 -2.3518 -0.000103083 -2.7353 -0.00012167 -2.88127 -0.000138709
28162 -0.362598 -1.55659e-05 -0.219166 -9.48875e-06 0 7.77665e-05 -2.55796 -0.00011237 -2.96437 -0.000132199 -3.03436 -0.000146377
32688.1 -0.496608 -2.13478e-05 -0.383112 -1.66149e-05 0 6.33164e-05 -2.7634 -0.000121667 -3.19042 -0.000142645 -3.18694 -0.000154053
37189.9 -0.625413 -2.69202e-05 -0.587119 -2.55165e-05 0 4.88724e-05 -2.96981 -0.000131052 -3.41584 -0.000153117 -3.33713 -0.00016164
41691.8 -0.787193 -3.394e-05 -0.836638 -3.64559e-05 0 3.41863e-05 -3.17594 -0.000140468 -3.64087 -0.000163628 -3.48586 -0.000169185
46169.3 -0.978402 -4.22672e-05 -1.08025 -4.71921e-05 0 1.99565e-05 -3.38293 -0.000149968 -3.86621 -0.00017421 -3.63341 -0.000176703
50625.6 -1.18085 -5.11201e-05 -1.30908 -5.73283e-05 0 6.97192e-06 -3.59484 -0.000159742 -4.09299 -0.000184919 -3.77924 -0.000184164
55077.5 -1.38396 -6.004e-05 -1.53305 -6.72984e-05 -0.0247627 -1.15006e-06 -3.80646 -0.000169551 -4.32155 -0.000195772 -3.92396 -0.0001916
59498.3 -1.58492 -6.89034e-05 -1.75268 -7.71224e-05 -0.137206 -6.38081e-06 -4.01288 -0.000179166 -4.55239 -0.000206796 -4.06822 -0.000199043
63891.5 -1.78462 -7.77491e-05 -1.97163 -8.69634e-05 -0.273688 -1.27488e-05 -4.21534 -0.000188643 -4.78197 -0.000217824 -4.21212 -0.000206499
68260.8 -1.98074 -8.64739e-05 -2.19083 -9.6864e-05 -0.437386 -2.04144e-05 -4.4153 -0.000198049 -5.00855 -0.000228772 -4.35626 -0.000214001
72600.7 -2.17341 -9.50812e-05 -2.4115 -0.00010688 -0.59718 -2.79266e-05 -4.61292 -0.000207389 -5.23067 -0.000239566 -4.50047 -0.000221538
76925.4 -2.36461 -0.000103659 -2.63268 -0.00011697 -0.752749 -3.52686e-05 -4.80944 -0.000216723 -5.45029 -0.0002503 -4.64463 -0.000229106
81244.1 -2.55507 -0.000112239 -2.85184 -0.00012702 -0.905414 -4.25009e-05 -5.00519 -0.000226066 -5.66863 -0.000261034 -4.78846 -0.000236689
85559.1 -2.74497 -0.000120832 -3.07039 -0.000137091 -1.05714 -4.97158e-05 -5.2003 -0.000235424 -5.88597 -0.000271781 -4.93184 -0.000244283
89871.8 -2.93344 -0.000129395 -3.28827 -0.000147184 -1.2081 -5.6922e-05 -5.39481 -0.000244799 -6.10246 -0.000282549 -5.07473 -0.000251884
94182.9 -3.11971 -0.000137895 -3.50555 -0.000157301 -1.35833 -6.41204e-05 -5.58876 -0.000254194 -6.31817 -0.000293342 -5.217 -0.000259487
98494.4 -3.30557 -0.000146413 -3.72241 -0.00016745 -1.5075 -7.12956e-05 -5.78222 -0.000263612 -6.5328 -0.000304144 -5.35845 -0.000267079
102806 -3.49103 -0.000154948 -3.93883 -0.000177633 -1.65467 -7.84013e-05 -5.97518 -0.000273054 -6.74652 -0.000314966 -5.49902 -0.000274659
107116 -3.67598 -0.000163497 -4.15448 -0.000187832 -1.80114 -8.55004e-05 -6.16755 -0.000282514 -6.95937 -0.000325808 -5.63919 -0.00028225
111422 -3.86038 -0.000172058 -4.36928 -0.000198046 -1.94736 -9.26141e-05 -6.35927 -0.000291991 -7.17129 -0.000336669 -5.77907 -0.000289861
115723 -4.04414 -0.000180626 -4.58289 -0.000208258 -2.09397 -9.97741e-05 -6.55024 -0.000301479 -7.38202 -0.000347536 -5.91917 -0.00029752
120017 -4.22724 -0.000189202 -4.79525 -0.000218464 -2.24113 -0.000106989 -6.74045 -0.000310979 -7.5915 -0.000358406 -6.05977 -0.000305241
124309 -4.40982 -0.00019779 -5.0067 -0.000228682 -2.38819 -0.000114228 -6.93004 -0.000320498 -7.79997 -0.00036929 -6.20083 -0.000313024
128600 -4.59197 -0.000206397 -5.21745 -0.000238922 -2.53479 -0.000121472 -7.11911 -0.00033004 -8.00756 -0.000380196 -6.34228 -0.000320866
132888 -4.7736 -0.000215017 -5.42738 -0.000249178 -2.68099 -0.000128725 -7.30756 -0.000339602 -8.21425 -0.000391124 -6.48338 -0.000328727
137174 -4.9547 -0.000223652 -5.63647 -0.00025945 -2.8268 -0.000135988 -7.49537 -0.000349182 -8.42002 -0.000402073 -6.62401 -0.000336599
141456 -5.13526 -0.000232299 -5.84473 -0.000269737 -2.97222 -0.000143261 -7.68252 -0.000358781 -8.62488 -0.000413044 -6.76403 -0.000344475
145734 -5.31522 -0.000240957 -6.05203 -0.000280035 -3.11737 -0.000150549 -7.86895 -0.000368394 -8.82876 -0.000424033 -6.90314 -0.000352339
150006 -5.49453 -0.000249623 -6.25831 -0.00029034 -3.26235 -0.000157858 -8.0546 -0.000378019 -9.0316 -0.000435038 -7.04115 -0.000360179
154274 -5.6732 -0.000258299 -6.4636 -0.000300654 -3.4071 -0.000165186 -8.2395 -0.000387658 -9.23343 -0.00044606 -7.17813 -0.000367999
158537 -5.85129 -0.000266986 -6.66796 -0.00031098 -3.55153 -0.000172527 -8.42369 -0.000397314 -9.43428 -0.000457102 -7.31436 -0.000375815
162797 -6.02883 -0.000275687 -6.87146 -0.000321322 -3.69555 -0.000179878 -8.60722 -0.000406988 -9.63417 -0.000468165 -7.44999 -0.000383635
167053 -6.20583 -0.000284403 -7.07411 -0.000331681 -3.83917 -0.000187239 -8.79009 -0.000416682 -9.83311 -0.000479251 -7.58508 -0.000391462
171307 -6.38231 -0.000293133 -7.27591 -0.000342056 -3.98233 -0.000194608 -8.97231 -0.000426396 -10.0311 -0.000490359 -7.71965 -0.0003993
175558 -6.55824 -0.000301878 -7.47687 -0.000352449 -4.12507 -0.000201985 -9.15387 -0.000436131 -10.2282 -0.00050149 -7.85369 -0.000407146
179806 -6.73365 -0.000310639 -7.67697 -0.00036286 -4.26734 -0.00020937 -9.33478 -0.000445886 -10.4243 -0.000512645 -7.98724 -0.000415002
184051 -6.90852 -0.000319415 -7.87622 -0.000373288 -4.40917 -0.000216762 -9.51503 -0.000455663 -10.6194 -0.000523823 -8.12027 -0.000422869
188293 -7.08286 -0.000328207 -8.07462 -0.000383734 -4.55053 -0.000224162 -9.69463 -0.000465461 -10.8136 -0.000535025 -8.25279 -0.000430746
192532 -7.25667 -0.000337015 -8.27216 -0.000394198 -4.69144 -0.00023157 -9.87356 -0.00047528 -11.0068 -0.000546251 -8.3848 -0.000438633
196768 -7.42994 -0.000345839 -8.46882 -0.00040468 -4.83189 -0.000238986 -10.0518 -0.000485121 -11.199 -0.0005575 -8.51628 -0.00044653
201001 -7.60267 -0.000354679 -8.66462 -0.00041518 -4.97187 -0.000246409 -10.2294 -0.000494984 -11.3903 -0.000568774 -8.64725 -0.000454438
205230 -7.77487 -0.000363536 -8.85954 -0.000425698 -5.11139 -0.00025384 -10.4064 -0.000504869 -11.5806 -0.000580072 -8.7777 -0.000462355
209457 -7.94653 -0.00037241 -9.05358 -0.000436235 -5.25044 -0.000261278 -10.5826 -0.000514777 -11.7698 -0.000591395 -8.90763 -0.000470284
213680 -8.11766 -0.0003813 -9.24673 -0.000446789 -5.38901 -0.000268724 -10.7582 -0.000524708 -11.9581 -0.000602742 -9.03703 -0.000478222
217900 -8.28824 -0.000390208 -9.439 -0.000457363 -5.52711 -0.000276177 -10.9331 -0.000534662 -12.1454 -0.000614114 -9.1659 -0.000486171
222117 -8.45829 -0.000399133 -9.63037 -0.000467954 -5.66473 -0.000283638 -11.1074 -0.00054464 -12.3316 -0.000625511 -9.29424 -0.000494131
226330 -8.62779 -0.000408076 -9.82083 -0.000478564 -5.80188 -0.000291106 -11.2809 -0.000554641 -12.5169 -0.000636933 -9.42205 -0.000502101
230540 -8.79675 -0.000417037 -10.0104 -0.000489193 -5.93854 -0.000298581 -11.4538 -0.000564667 -12.7011 -0.00064838 -9.54931 -0.000510081
234747 -8.96518 -0.000426015 -10.199 -0.00049984 -6.07472 -0.000306064 -11.626 -0.000574716 -12.8842 -0.000659853 -9.67604 -0.000518071
238950 -9.13306 -0.000435012 -10.3868 -0.000510505 -6.21041 -0.000313554 -11.7975 -0.000584791 -13.0663 -0.000671351 -9.80223 -0.000526072
243149 -9.3004 -0.000444028 -10.5736 -0.00052119 -6.3456 -0.000321051 -11.9683 -0.000594891 -13.2474 -0.000682874 -9.92787 -0.000534083
247345 -9.4672 -0.000453063 -10.7594 -0.000531893 -6.4803 -0.000328555 -12.1384 -0.000605016 -13.4274 -0.000694424 -10.053 -0.000542104
251537 -9.63346 -0.000462118 -10.9444 -0.000542615 -6.6145 -0.000336065 -12.3078 -0.000615167 -13.6063 -0.000705999 -10.1775 -0.000550135
255725 -9.79918 -0.000471191 -11.1284 -0.000553356 -6.74821 -0.000343583 -12.4766 -0.000625345 -13.7842 -0.0007176 -10.3015 -0.000558176
259909 -9.96436 -0.000480285 -11.3114 -0.000564115 -6.88141 -0.000351108 -12.6446 -0.000635549 -13.961 -0.000729227 -10.4249 -0.000566228
264022 -10.1324 -0.000489589 -11.4953 -0.000574998 -7.01187 -0.000358513 -12.8137 -0.000645888 -14.1381 -0.000740975 -10.5458 -0.000574164
268092 -10.3019 -0.000499025 -11.6792 -0.000585963 -7.14053 -0.000365849 -12.9831 -0.000656318 -14.3149 -0.000752805 -10.6651 -0.000582035
272158 -10.4708 -0.000508484 -11.8621 -0.000596947 -7.2687 -0.000373191 -13.1518 -0.000666777 -14.4906 -0.000764663 -10.7838 -0.000589915
276083 -10.6359 -0.000517787 -12.0357 -0.000607444 -7.39393 -0.000380398 -13.331 -0.000677973 -14.661 -0.000776261 -10.8982 -0.000597553
279789 -10.7813 -0.000526018 -12.1928 -0.000617009 -7.51409 -0.000387344 -13.522 -0.000690001 -14.8247 -0.000787509 -11.0054 -0.000604744
283487 -10.9264 -0.00053428 -12.3489 -0.000626575 -7.63372 -0.000394291 -13.7123 -0.000702086 -14.9873 -0.000798771 -11.112 -0.000611936
287177 -11.0714 -0.000542575 -12.5041 -0.000636144 -7.75278 -0.000401235 -13.9019 -0.00071423 -15.1487 -0.000810046 -11.2179 -0.000619126
290832 -11.2164 -0.000550913 -12.6588 -0.000645748 -7.87049 -0.000408132 -14.0871 -0.00072619 -15.3082 -0.000821279 -11.3228 -0.00062628
294410 -11.3617 -0.00055932 -12.8141 -0.000655447 -7.98569 -0.000414911 -14.2621 -0.000737584 -15.4644 -0.000832386 -11.4258 -0.000633342
297979 -11.5071 -0.000567771 -12.9683 -0.000665148 -8.10031 -0.000421686 -14.4366 -0.000749041 -15.6194 -0.000843502 -11.5282 -0.0006404
301539 -11.6524 -0.000576262 -13.1214 -0.000674846 -8.21434 -0.000428456 -14.6106 -0.00076056 -15.7732 -0.000854628 -11.6299 -0.000647455
305088 -11.7976 -0.000584796 -13.2735 -0.000684543 -8.32777 -0.00043522 -14.7841 -0.000772146 -15.9258 -0.000865762 -11.7311 -0.000654504
308609 -11.9368 -0.000593026 -13.4249 -0.000694261 -8.43972 -0.000441926 -14.9587 -0.000783906 -16.0764 -0.00087685 -11.8312 -0.000661518
312066 -12.059 -0.00060028 -13.5763 -0.000704048 -8.54853 -0.000448473 -15.1374 -0.00079605 -16.2236 -0.000887789 -11.9294 -0.000668441
315352 -12.1919 -0.000608212 -13.7216 -0.000713503 -8.65409 -0.000454852 -15.3276 -0.000809095 -16.3638 -0.000898298 -12.0236 -0.000675109
318503 -12.3272 -0.00061633 -13.8653 -0.000722918 -8.75881 -0.000461206 -15.5162 -0.000822153 -16.4999 -0.000908587 -12.1167 -0.000681737
321606 -12.4631 -0.000624529 -14.0082 -0.00073235 -8.86197 -0.000467493 -15.6834 -0.000833848 -16.6287 -0.000918406 -12.2089 -0.000688341
324709 -12.5981 -0.000632716 -14.1505 -0.000741804 -8.9648 -0.000473786 -15.8493 -0.000845551 -16.7568 -0.000928253 -12.3009 -0.000694956
327758 -12.7365 -0.00064116 -14.29 -0.000751131 -9.06561 -0.000479982 -16.0037 -0.00085654 -16.8848 -0.000938179 -12.3911 -0.000701485
330765 -12.878 -0.000649836 -14.427 -0.000760356 -9.16478 -0.000486102 -16.1493 -0.000866998 -17.0125 -0.000948164 -12.48 -0.000707944
333709 -13.0209 -0.000658657 -14.5411 -0.000768091 -9.25837 -0.000491902 -16.2916 -0.000877292 -17.1397 -0.000958189 -12.5701 -0.000714528
336626 -13.1645 -0.000667567 -14.6496 -0.000775484 -9.35019 -0.000497615 -16.4321 -0.000887542 -17.2655 -0.000968201 -12.6598 -0.000721123
339535 -13.3075 -0.000676499 -14.7574 -0.000782875 -9.44154 -0.00050332 -16.5709 -0.000897755 -17.3901 -0.000978201 -12.7491 -0.000727716
342441 -13.4493 -0.000685412 -14.8649 -0.00079028 -9.53259 -0.000509029 -16.7084 -0.00090796 -17.514 -0.000988233 -12.838 -0.000734318
345339 -13.5907 -0.000694353 -14.9717 -0.00079768 -9.62315 -0.000514731 -16.8453 -0.000918196 -17.6369 -0.000998271 -12.9263 -0.000740914
348217 -13.731 -0.000703282 -15.0778 -0.000805077 -9.71366 -0.000520451 -16.981 -0.000928431 -17.7575 -0.00100821 -13.014 -0.000747497
351041 -13.868 -0.000712047 -15.1834 -0.000812482 -9.8057 -0.000526293 -17.1138 -0.00093854 -17.8714 -0.00101768 -13.1007 -0.000754043
353856 -14.0045 -0.000720842 -15.2885 -0.000819889 -9.89725 -0.000532126 -17.2461 -0.000948684 -17.9843 -0.00102716 -13.1868 -0.000760581
356587 -14.1269 -0.000728771 -15.3933 -0.000827317 -9.98523 -0.000537755 -17.3831 -0.000959291 -18.0936 -0.00103641 -13.2706 -0.000766973
359164 -14.2534 -0.000737014 -15.4937 -0.000834477 -10.0689 -0.000543128 -17.5297 -0.000970744 -18.1965 -0.00104519 -13.3495 -0.000773033
361695 -14.3819 -0.00074544 -15.5922 -0.000841542 -10.151 -0.000548423 -17.6776 -0.000982413 -18.2971 -0.00105384 -13.4267 -0.000778983
364228 -14.5091 -0.00075383 -15.6905 -0.000848628 -10.233 -0.000553727 -17.8236 -0.000994055 -18.3972 -0.00106252 -13.5036 -0.000784948
366754 -14.6355 -0.000762222 -15.7882 -0.000855716 -10.3145 -0.000559026 -17.9684 -0.00100571 -18.4965 -0.00107122 -13.5801 -0.000790909
369272 -14.7613 -0.000770617 -15.8854 -0.000862805 -10.3957 -0.000564319 -18.1119 -0.00101739 -18.5952 -0.00107992 -13.6562 -0.000796866
371784 -14.8862 -0.000779014 -15.9821 -0.000869896 -10.4765 -0.000569606 -18.2541 -0.00102908 -18.6931 -0.00108863 -13.7319 -0.00080282
374288 -15.0105 -0.000787412 -16.0782 -0.000876987 -10.5568 -0.000574887 -18.395 -0.00104079 -18.7902 -0.00109734 -13.8071 -0.00080877
376752 -15.1367 -0.000795998 -16.1727 -0.000883996 -10.6357 -0.000580091 -18.5276 -0.00105193 -18.8874 -0.00110614 -13.881 -0.000814651
379169 -15.2651 -0.000804789 -16.2654 -0.000890912 -10.7131 -0.000585214 -18.6511 -0.00106241 -18.9833 -0.0011149 -13.9533 -0.000820428
381565 -15.3918 -0.000813526 -16.3577 -0.000897836 -10.7906 -0.000590367 -18.7742 -0.00107295 -19.0699 -0.00112287 -14.0228 -0.000826016
383953 -15.5178 -0.000822267 -16.4494 -0.000904757 -10.8677 -0.000595509 -18.896 -0.00108349 -19.1559 -0.00113085 -14.0919 -0.000831595
386311 -15.641 -0.000830873 -16.5423 -0.00091181 -10.943 -0.000600552 -19.015 -0.00109389 -19.2439 -0.00113909 -14.1588 -0.000837025
388640 -15.7609 -0.000839305 -16.6377 -0.000919094 -11.0159 -0.000605453 -19.1311 -0.00110414 -19.3333 -0.00114753 -14.2232 -0.000842275
390943 -15.8782 -0.000847602 -16.7353 -0.000926599 -11.0866 -0.000610225 -19.2451 -0.00111431 -19.4231 -0.00115608 -14.2854 -0.000847374
393237 -15.9946 -0.000855892 -16.8325 -0.00093411 -11.157 -0.000614987 -19.3582 -0.00112449 -19.5121 -0.00116463 -14.3472 -0.00085246
395533 -16.1105 -0.000864198 -16.9292 -0.000941642 -11.2273 -0.000619761 -19.4697 -0.00113462 -19.6007 -0.00117323 -14.4089 -0.000857558
397802 -16.2267 -0.000872583 -17.026 -0.000949226 -11.2965 -0.000624485 -19.5802 -0.00114478 -19.6891 -0.00118188 -14.4696 -0.000862599
400059 -16.3423 -0.000880982 -17.1223 -0.000956817 -11.3652 -0.000629183 -19.6891 -0.00115489 -19.7769 -0.00119056 -14.5298 -0.000867626
402310 -16.457 -0.000889368 -17.2181 -0.00096442 -11.4335 -0.000633873 -19.7968 -0.00116499 -19.8636 -0.0011992 -14.5896 -0.000872635
404555 -16.5708 -0.000897747 -17.3134 -0.000972036 -11.5015 -0.000638558 -19.9034 -0.0011751 -19.9494 -0.00120784 -14.6489 -0.000877631
406781 -16.6824 -0.000906019 -17.4103 -0.000979829 -11.5678 -0.000643146 -20.0109 -0.00118539 -20.086 -0.00122178 -14.7105 -0.000882847
409002 -16.7929 -0.000914268 -17.5069 -0.000987652 -11.6338 -0.000647724 -20.1175 -0.00119572 -20.224 -0.00123607 -14.772 -0.000888076
411218 -16.9025 -0.000922499 -17.603 -0.000995493 -11.6995 -0.000652298 -20.2233 -0.00120607 -20.3602 -0.00125042 -14.8332 -0.000893304
413429 -17.0111 -0.000930718 -17.6986 -0.00100335 -11.7648 -0.000656865 -20.3279 -0.00121643 -20.4947 -0.00126482 -14.894 -0.000898528
415635 -17.1189 -0.000938923 -17.7938 -0.00101122 -11.8298 -0.000661425 -20.4313 -0.00122679 -20.6274 -0.00127927 -14.9544 -0.000903746
417833 -17.2259 -0.000947134 -17.8951 -0.00101966 -11.8947 -0.000665992 -20.5336 -0.00123714 -20.7585 -0.00129382 -15.0144 -0.00090895
420006 -17.3542 -0.000957046 -18.0588 -0.00103345 -11.9611 -0.000670679 -20.6339 -0.00124743 -20.8901 -0.00130867 -15.073 -0.000914054
422158 -17.5482 -0.000972195 -18.2245 -0.00104759 -12.026 -0.000675279 -20.7345 -0.00125786 -21.0182 -0.00132341 -15.1309 -0.000919131
424296 -17.7363 -0.000987082 -18.388 -0.00106173 -12.0902 -0.00067985 -20.8346 -0.00126836 -21.1439 -0.00133813 -15.1883 -0.000924185
426362 -17.9135 -0.00100128 -18.545 -0.00107548 -12.1522 -0.000684273 -20.9391 -0.00127946 -21.2624 -0.00135229 -15.244 -0.000929108
428384 -18.0972 -0.00101619 -18.6952 -0.00108881 -12.2126 -0.000688605 -21.0446 -0.00129082 -21.374 -0.00136586 -15.2979 -0.0009339
430396 -18.2796 -0.0010312 -18.8434 -0.00110215 -12.2726 -0.000692921 -21.149 -0.00130221 -21.4836 -0.00137942 -15.3513 -0.000938672
432374 -18.4576 -0.00104604 -18.9925 -0.00111574 -12.3307 -0.000697109 -21.2733 -0.00131598 -21.597 -0.00139375 -15.4024 -0.000943258
434312 -18.6329 -0.00106086 -19.143 -0.00112965 -12.3861 -0.00070112 -21.4376 -0.00133455 -21.7136 -0.00140877 -15.4508 -0.000947622
436222 -18.8053 -0.00107563 -19.2956 -0.00114396 -12.4397 -0.000705011 -21.5968 -0.00135296 -21.8298 -0.00142408 -15.4975 -0.000951848
438088 -18.9774 -0.0010906 -19.4489 -0.00115855 -12.4918 -0.000708805 -21.7532 -0.00137148 -21.9457 -0.00143968 -15.5431 -0.000955986
439924 -19.1495 -0.00110577 -19.5996 -0.00117312 -12.5432 -0.000712563 -21.9086 -0.00139034 -22.0586 -0.00145526 -15.5877 -0.000960061
441724 -19.3221 -0.00112122 -19.7473 -0.00118762 -12.5937 -0.00071626 -22.0627 -0.00140953 -22.1682 -0.00147074 -15.6311 -0.000964037
443500 -19.4944 -0.00113688 -19.8924 -0.00120209 -12.6433 -0.000719906 -22.2147 -0.00142897 -22.2747 -0.00148615 -15.6735 -0.000967936
445272 -19.6648 -0.00115262 -20.0341 -0.00121645 -12.6929 -0.00072356 -22.3634 -0.00144853 -22.3787 -0.00150157 -15.7158 -0.000971847
447039 -19.8331 -0.00116842 -20.1724 -0.0012307 -12.7422 -0.000727206 -22.5086 -0.00146817 -22.4805 -0.00151706 -15.7579 -0.000975747
448798 -19.9993 -0.00118427 -20.309 -0.001245 -12.7912 -0.000730837 -22.6488 -0.00148772 -22.5802 -0.00153264 -15.7996 -0.000979633
450552 -20.1632 -0.00120017 -20.4439 -0.00125935 -12.8398 -0.000734456 -22.7853 -0.00150732 -22.6778 -0.0015483 -15.841 -0.000983506
452299 -20.3248 -0.00121612 -20.577 -0.00127376 -12.8881 -0.00073806 -22.9182 -0.00152703 -22.7732 -0.00156404 -15.8821 -0.000987365
454039 -20.4841 -0.00123211 -20.7084 -0.00128823 -12.9361 -0.000741651 -23.0475 -0.00154683 -22.8663 -0.00157986 -15.9229 -0.000991208
455773 -20.641 -0.00124816 -20.838 -0.00130276 -12.9838 -0.000745227 -23.1731 -0.00156673 -22.9571 -0.00159576 -15.9634 -0.000995035
457500 -20.7956 -0.00126425 -20.9659 -0.00131735 -13.0311 -0.000748787 -23.2949 -0.00158672 -23.0456 -0.00161175 -16.0035 -0.000998846
459193 -20.9515 -0.00128079 -21.0881 -0.00133155 -13.0779 -0.000752317 -23.417 -0.00160754 -23.1293 -0.00162737 -16.0427 -0.00100259
460810 -21.1157 -0.00129856 -21.2017 -0.001345 -13.1225 -0.000755695 -23.5342 -0.00162831 -23.2067 -0.00164227 -16.08 -0.00100616
462409 -21.2792 -0.00131663 -21.3124 -0.00135833 -13.1665 -0.000759036 -23.6479 -0.00164932 -23.281 -0.00165705 -16.1167 -0.00100968
463995 -21.438 -0.00133459 -21.422 -0.00137176 -13.2104 -0.000762378 -23.7569 -0.00167036 -23.3538 -0.00167199 -16.1531 -0.00101319
465577 -21.5917 -0.00135237 -21.5309 -0.00138537 -13.2544 -0.000765737 -23.8607 -0.00169132 -23.4252 -0.00168718 -16.1894 -0.00101671
467147 -21.7418 -0.00137011 -21.639 -0.00139912 -13.298 -0.000769076 -23.9593 -0.00171222 -23.4948 -0.00170252 -16.2253 -0.0010202
468664 -21.9034 -0.00138971 -21.7496 -0.00141348 -13.3398 -0.000772283 -24.0466 -0.00173162 -23.5609 -0.00171767 -16.2601 -0.0010236
470145 -22.0935 -0.00141343 -21.86 -0.00142811 -13.3799 -0.000775368 -24.1314 -0.00175139 -23.6236 -0.00173258 -16.2941 -0.00102692
471607 -22.278 -0.00143723 -21.968 -0.00144274 -13.4195 -0.000778425 -24.2114 -0.00177108 -23.6839 -0.00174753 -16.3274 -0.0010302
473061 -22.4574 -0.00146118 -22.074 -0.00145741 -13.4588 -0.000781467 -24.2876 -0.00179084 -23.742 -0.00176251 -16.3605 -0.00103346
474507 -22.6317 -0.0014853 -22.1779 -0.00147212 -13.4978 -0.000784495 -24.3599 -0.00181072 -23.7977 -0.00177752 -16.3933 -0.0010367
475945 -22.8008 -0.00150958 -22.2796 -0.00148687 -13.5365 -0.000787507 -24.4283 -0.00183073 -23.851 -0.00179257 -16.4258 -0.00103993
477360 -22.9658 -0.00153424 -22.4005 -0.00150486 -13.5763 -0.000790609 -24.4918 -0.00185061 -23.9051 -0.0018086 -16.4575 -0.00104309
478744 -23.1278 -0.00155948 -22.5308 -0.00152487 -13.6152 -0.000793653 -24.5506 -0.00187031 -23.9722 -0.00182978 -16.4906 -0.0010464
480096 -23.283 -0.00158475 -22.6598 -0.00154538 -13.6525 -0.000796573 -24.6034 -0.00188941 -24.038 -0.00185226 -16.5218 -0.00104954
481409 -23.4269 -0.00160926 -22.7921 -0.00156723 -13.6869 -0.000799274 -24.6525 -0.0019086 -24.1002 -0.00187546 -16.5506 -0.00105243
482714 -23.5645 -0.00163383 -22.9207 -0.00158933 -13.7209 -0.000801952 -24.698 -0.00192799 -24.1568 -0.00189884 -16.579 -0.00105531
484012 -23.6961 -0.00165852 -23.0448 -0.00161161 -13.7546 -0.000804615 -24.7395 -0.0019474 -24.2079 -0.00192243 -16.6073 -0.00105817
485303 -23.8216 -0.00168332 -23.1644 -0.00163408 -13.788 -0.000807261 -24.7768 -0.00196685 -24.2532 -0.00194624 -16.6353 -0.00106101
486576 -23.9436 -0.00170882 -23.2774 -0.00165631 -13.8209 -0.00080987 -24.8191 -0.00199207 -24.2932 -0.00197061 -16.6631 -0.00106385
487841 -24.0601 -0.00173469 -23.3848 -0.00167852 -13.8536 -0.00081247 -24.857 -0.00201938 -24.327 -0.00199525 -16.6908 -0.00106669
489099 -24.1699 -0.00176074 -23.4875 -0.00170088 -13.8861 -0.000815061 -24.887 -0.00204687 -24.3543 -0.0020201 -16.7185 -0.00106953
490351 -24.273 -0.00178696 -23.5853 -0.0017234 -13.9184 -0.00081764 -24.9087 -0.00207455 -24.3749 -0.00204516 -16.7459 -0.00107235
491590 -24.3698 -0.00181354 -23.6774 -0.00174587 -13.9505 -0.000820207 -24.9222 -0.00210276 -24.3887 -0.00207025 -16.773 -0.00107516
492793 -24.4622 -0.00184117 -23.7614 -0.00176767 -13.9821 -0.000822743 -24.9274 -0.00213257 -24.3954 -0.00209415 -16.7996 -0.00107791
493944 -24.5517 -0.00187069 -23.8366 -0.00178843 -14.0123 -0.000825171 -24.983 -0.00216274 -24.4104 -0.00211638 -16.8244 -0.00108049
495070 -24.6328 -0.00190069 -23.9066 -0.00180905 -14.0419 -0.000827554 -25.0396 -0.00219347 -24.4452 -0.00213801 -16.8485 -0.001083
496196 -24.7031 -0.00193026 -23.9727 -0.00182995 -14.0714 -0.000829933 -25.0961 -0.00222417 -24.4804 -0.00215985 -16.8726 -0.00108553
497317 -24.7643 -0.0019601 -24.0345 -0.00185099 -14.1008 -0.000832314 -25.1528 -0.00225494 -24.5158 -0.00218179 -16.8967 -0.00108805
498434 -24.8163 -0.00199022 -24.0918 -0.00187218 -14.1302 -0.000834697 -25.2096 -0.00228579 -24.5513 -0.00220383 -16.9207 -0.00109057
499546 -24.8585 -0.00202059 -24.1446 -0.00189358 -14.1596 -0.000837092 -25.2665 -0.0023167 -24.5869 -0.00222594 -16.9447 -0.00109311
500653 -24.891 -0.00205125 -24.1928 -0.00191515 -14.189 -0.000839481 -25.3236 -0.0023477 -24.6227 -0.00224814 -16.9686 -0.00109564
501756 -24.9132 -0.00208222 -24.2362 -0.0019369 -14.2182 -0.000841864 -25.3808 -0.00237878 -24.6586 -0.00227044 -16.9924 -0.00109816
502850 -24.9251 -0.00211346 -24.2749 -0.00195894 -14.2471 -0.000844226 -25.4381 -0.00240986 -24.6949 -0.00229296 -17.0159 -0.00110066
503930 -24.9486 -0.0021441 -24.3085 -0.00198121 -14.2756 -0.000846567 -25.4952 -0.00244087 -24.7316 -0.00231574 -17.0391 -0.00110314
505000 -25.0011 -0.00217261 -24.3366 -0.00200335 -14.3041 -0.000848911 -25.5522 -0.00247182 -24.7688 -0.00233879 -17.0619 -0.00110558
506067 -25.0538 -0.00220119 -24.3594 -0.00202563 -14.3326 -0.000851254 -25.6095 -0.00250295 -24.806 -0.00236191 -17.0846 -0.00110802
507130 -25.1064 -0.00222978 -24.3769 -0.00204814 -14.3609 -0.000853584 -25.6669 -0.00253412 -24.8436 -0.00238519 -17.1071 -0.00111044
508188 -25.1591 -0.00225841 -24.389 -0.00207086 -14.389 -0.000855909 -25.7239 -0.00256509 -24.8812 -0.00240858 -17.1294 -0.00111285
509242 -25.2119 -0.00228707 -24.3954 -0.00209378 -14.417 -0.000858227 -25.7794 -0.00259519 -24.9192 -0.0024321 -17.1517 -0.00111526
510291 -25.2648 -0.0023158 -24.4108 -0.00211662 -14.4448 -0.000860535 -25.8343 -0.00262503 -24.9572 -0.00245574 -17.1738 -0.00111766
511337 -25.3178 -0.00234455 -24.4471 -0.00213916 -14.4724 -0.000862831 -25.8892 -0.00265482 -24.9955 -0.00247946 -17.1958 -0.00112006
512379 -25.3708 -0.00237333 -24.4836 -0.00216179 -14.4998 -0.000865121 -25.9439 -0.00268454 -25.0339 -0.00250329 -17.2177 -0.00112245
513417 -25.4239 -0.00240217 -24.5202 -0.00218453 -14.5272 -0.000867404 -25.9985 -0.00271417 -25.0724 -0.00252723 -17.2395 -0.00112484
514451 -25.4771 -0.00243105 -24.557 -0.00220736 -14.5544 -0.000869682 -26.0529 -0.00274371 -25.1112 -0.00255127 -17.2612 -0.00112722
515474 -25.5303 -0.00245993 -24.594 -0.00223034 -14.5814 -0.000871951 -26.1066 -0.00277287 -25.1495 -0.00257507 -17.2827 -0.00112959
516489 -25.583 -0.00248855 -24.6314 -0.00225356 -14.6086 -0.000874234 -26.1597 -0.00280172 -25.1879 -0.00259891 -17.304 -0.00113195
517487 -25.6337 -0.00251609 -24.6701 -0.00227755 -14.6357 -0.000876519 -26.2102 -0.00282914 -25.2274 -0.00262341 -17.3255 -0.00113433
518461 -25.6852 -0.00254405 -24.7083 -0.00230128 -14.6624 -0.000878769 -26.2614 -0.00285692 -25.2664 -0.00264757 -17.3473 -0.00113675
519428 -25.7369 -0.00257213 -24.7466 -0.00232504 -14.6888 -0.000881008 -26.3127 -0.00288477 -25.3053 -0.00267172 -17.3689 -0.00113916
520391 -25.7887 -0.00260027 -24.785 -0.00234888 -14.7152 -0.000883241 -26.3639 -0.00291261 -25.3442 -0.0026959 -17.3903 -0.00114155
521346 -25.8413 -0.0026288 -24.8237 -0.00237287 -14.7411 -0.000885442 -26.4157 -0.00294069 -25.383 -0.00271994 -17.4115 -0.00114394
522287 -25.8956 -0.00265829 -24.8626 -0.00239702 -14.7661 -0.000887577 -26.4684 -0.00296932 -25.4211 -0.00274362 -17.4325 -0.0011463
523226 -25.9499 -0.00268776 -24.9017 -0.0024213 -14.7911 -0.00088971 -26.521 -0.0029979 -25.4594 -0.00276737 -17.4535 -0.00114866
524161 -26.0037 -0.00271699 -24.9411 -0.00244571 -14.8161 -0.000891841 -26.5735 -0.00302641 -25.4978 -0.00279121 -17.4743 -0.00115102
525095 -26.0564 -0.00274562 -24.9806 -0.00247023 -14.841 -0.000893973 -26.6258 -0.00305481 -25.5364 -0.00281516 -17.4951 -0.00115337
526025 -26.1089 -0.00277413 -25.0203 -0.00249489 -14.8658 -0.000896103 -26.678 -0.00308313 -25.5752 -0.0028392 -17.5157 -0.00115572
526952 -26.1612 -0.00280252 -25.0603 -0.00251968 -14.8905 -0.000898232 -26.73 -0.00311137 -25.614 -0.00286332 -17.5363 -0.00115807
527876 -26.2133 -0.0028308 -25.1004 -0.00254457 -14.9152 -0.000900359 -26.782 -0.00313959 -25.653 -0.00288751 -17.5567 -0.00116042
528797 -26.2652 -0.00285898 -25.1406 -0.00256956 -14.9399 -0.000902486 -26.8339 -0.00316777 -25.6921 -0.00291175 -17.5771 -0.00116276
529716 -26.3169 -0.00288706 -25.1804 -0.00259423 -14.9644 -0.000904611 -26.8856 -0.00319588 -25.7312 -0.00293606 -17.5974 -0.0011651
530632 -26.3684 -0.00291505 -25.2203 -0.00261896 -14.9889 -0.000906734 -26.9373 -0.00322394 -25.7705 -0.00296041 -17.6177 -0.00116743
531545 -26.4197 -0.0029429 -25.26 -0.00264359 -15.0133 -0.000908853 -26.9888 -0.00325192 -25.8098 -0.00298483 -17.6378 -0.00116976
532456 -26.4709 -0.00297066 -25.2992 -0.00266795 -15.0376 -0.000910965 -27.0403 -0.00327984 -25.8492 -0.00300928 -17.6579 -0.0011721
533364 -26.5218 -0.00299835 -25.3386 -0.00269238 -15.0618 -0.000913076 -27.0908 -0.0033073 -25.8887 -0.00303378 -17.6779 -0.00117443
534270 -26.5727 -0.00302595 -25.378 -0.00271687 -15.0859 -0.000915184 -27.1408 -0.00333445 -25.9283 -0.00305834 -17.6978 -0.00117676
535172 -26.6242 -0.00305394 -25.4175 -0.00274134 -15.1099 -0.000917283 -27.1903 -0.00336132 -25.9681 -0.00308305 -17.7176 -0.00117909
536065 -26.6792 -0.00308379 -25.4564 -0.00276548 -15.1334 -0.000919352 -27.2386 -0.00338753 -26.0086 -0.00310819 -17.7374 -0.00118141
536952 -26.7339 -0.00311351 -25.4952 -0.00278955 -15.1578 -0.000921492 -27.2864 -0.0034135 -26.049 -0.00313328 -17.7575 -0.00118378
537833 -26.7883 -0.00314306 -25.5337 -0.0028135 -15.1832 -0.000923736 -27.3337 -0.00343918 -26.0897 -0.00315849 -17.7911 -0.00118776
538711 -26.8426 -0.00317253 -25.5724 -0.0028375 -15.2086 -0.000925975 -27.3807 -0.00346468 -26.1304 -0.00318375 -17.8244 -0.00119173
539586 -26.8968 -0.00320193 -25.6112 -0.00286156 -15.2339 -0.000928213 -27.4274 -0.00349006 -26.1712 -0.00320907 -17.8576 -0.0011957
540459 -26.9508 -0.00323127 -25.65 -0.00288567 -15.2591 -0.000930448 -27.4739 -0.00351534 -26.2121 -0.00323448 -17.8906 -0.00119967
541329 -27.0047 -0.00326054 -25.689 -0.00290985 -15.2842 -0.000932682 -27.5203 -0.00354052 -26.2532 -0.00325996 -17.9234 -0.00120364
542187 -27.0584 -0.00328971 -25.728 -0.00293405 -15.3101 -0.00093499 -27.5656 -0.00356511 -26.2952 -0.00328605 -17.9552 -0.0012075
543041 -27.112 -0.00331881 -25.7671 -0.00295831 -15.3361 -0.00093731 -27.6105 -0.0035895 -26.3376 -0.00331234 -17.9866 -0.00121134
543892 -27.1655 -0.00334783 -25.8063 -0.00298263 -15.362 -0.000939629 -27.6552 -0.00361377 -26.3801 -0.00333871 -18.0178 -0.00121518
544740 -27.2188 -0.00337677 -25.8455 -0.00300698 -15.3878 -0.000941946 -27.6997 -0.00363793 -26.4223 -0.00336489 -18.0488 -0.00121901
545586 -27.2719 -0.00340564 -25.8848 -0.00303136 -15.4136 -0.000944262 -27.744 -0.00366198 -26.4643 -0.00339099 -18.0796 -0.00122283
546429 -27.3249 -0.00343442 -25.9242 -0.0030558 -15.4392 -0.000946575 -27.7881 -0.00368591 -26.5065 -0.00341713 -18.1101 -0.00122665
547269 -27.3777 -0.0034631 -25.9636 -0.00308028 -15.4648 -0.000948885 -27.8319 -0.00370972 -26.5487 -0.00344332 -18.1405 -0.00123046
548099 -27.4298 -0.00349137 -26.0037 -0.00310513 -15.49 -0.000951161 -27.8748 -0.00373301 -26.5916 -0.00346999 -18.17 -0.00123418
548923 -27.4814 -0.00351937 -26.044 -0.00313017 -15.5148 -0.000953418 -27.9172 -0.003756 -26.635 -0.00349691 -18.1989 -0.00123784
549734 -27.5319 -0.00354681 -26.0854 -0.00315585 -15.5387 -0.000955588 -27.9582 -0.00377826 -26.6792 -0.00352435 -18.2258 -0.00124127
550542 -27.5823 -0.00357416 -26.1268 -0.00318152 -15.5625 -0.000957758 -27.999 -0.00380047 -26.7234 -0.00355177 -18.2526 -0.0012447
551336 -27.6333 -0.00360186 -26.1676 -0.00320686 -15.5861 -0.000959914 -28.0409 -0.0038232 -26.7669 -0.00357878 -18.2789 -0.00124808
552111 -27.686 -0.00363049 -26.2072 -0.00323143 -15.6093 -0.000962035 -28.0847 -0.00384696 -26.8088 -0.00360477 -18.3039 -0.00125132
552883 -27.7385 -0.00365901 -26.2469 -0.00325604 -15.6324 -0.000964154 -28.1282 -0.00387059 -26.8507 -0.00363078 -18.3288 -0.00125456
553654 -27.7909 -0.00368745 -26.2865 -0.00328066 -15.6554 -0.000966272 -28.1715 -0.00389409 -26.8926 -0.00365678 -18.3536 -0.00125779
554422 -27.843 -0.00371576 -26.3263 -0.00330532 -15.6784 -0.000968388 -28.2144 -0.00391741 -26.9346 -0.00368282 -18.3782 -0.00126102
555187 -27.8949 -0.00374392 -26.3661 -0.00333003 -15.7013 -0.000970502 -28.257 -0.00394054 -26.9766 -0.00370888 -18.4027 -0.00126424
555940 -27.9457 -0.00377148 -26.4069 -0.00335535 -15.7234 -0.000972548 -28.2993 -0.00396353 -27.0194 -0.00373543 -18.429 -0.00126772
556691 -27.9962 -0.00379892 -26.4478 -0.00338071 -15.7454 -0.000974592 -28.3413 -0.0039863 -27.0622 -0.00376199 -18.4552 -0.0012712
557438 -28.0467 -0.00382633 -26.4886 -0.00340604 -15.7674 -0.000976633 -28.3877 -0.00401148 -27.105 -0.00378858 -18.4811 -0.00127466
558180 -28.0973 -0.0038538 -26.5292 -0.00343127 -15.7892 -0.000978666 -28.4431 -0.00404161 -27.1479 -0.00381521 -18.5066 -0.0012781
558919 -28.1476 -0.00388111 -26.57 -0.00345656 -15.811 -0.000980697 -28.4981 -0.00407144 -27.1908 -0.00384184 -18.532 -0.00128153
559654 -28.1975 -0.00390825 -26.6108 -0.0034819 -15.8327 -0.000982725 -28.5524 -0.00410094 -27.2338 -0.00386849 -18.5573 -0.00128496
560386 -28.2472 -0.00393521 -26.6518 -0.00350731 -15.8543 -0.000984751 -28.606 -0.00413006 -27.2767 -0.00389515 -18.5823 -0.00128838
561127 -28.2984 -0.003963 -26.6926 -0.00353264 -15.876 -0.000986789 -28.6614 -0.00416011 -27.3196 -0.00392172 -18.6074 -0.00129182
561874 -28.3503 -0.0039912 -26.7333 -0.00355793 -15.8978 -0.000988835 -28.7178 -0.00419076 -27.3623 -0.00394826 -18.6325 -0.00129528
562617 -28.4024 -0.00401948 -26.7738 -0.00358306 -15.9193 -0.000990868 -28.7722 -0.00422026 -27.4052 -0.0039749 -18.6576 -0.00129876
563356 -28.4539 -0.00404746 -26.8143 -0.00360815 -15.9408 -0.000992896 -28.8256 -0.0042493 -27.4483 -0.00400159 -18.6826 -0.00130224
564089 -28.5056 -0.00407553 -26.8545 -0.00363314 -15.9621 -0.000994912 -28.8787 -0.00427811 -27.4911 -0.00402817 -18.7071 -0.00130568
564819 -28.5571 -0.00410348 -26.8949 -0.00365816 -15.9833 -0.000996927 -28.9317 -0.00430687 -27.534 -0.00405479 -18.7315 -0.00130912
565547 -28.6082 -0.00413126 -26.9352 -0.00368319 -16.0048 -0.00099897 -28.9844 -0.00433549 -27.577 -0.00408149 -18.7562 -0.00131261
566268 -28.6584 -0.00415847 -26.9763 -0.00370867 -16.0262 -0.00100101 -29.035 -0.004363 -27.6207 -0.00410861 -18.7804 -0.00131607
566984 -28.7078 -0.00418531 -27.0178 -0.00373445 -16.0475 -0.00100305 -29.0845 -0.00438985 -27.6648 -0.00413596 -18.8043 -0.00131948
567700 -28.757 -0.00421205 -27.059 -0.00376002 -16.0687 -0.00100508 -29.1339 -0.00441666 -27.7089 -0.00416335 -18.828 -0.0013229
568412 -28.806 -0.00423863 -27.1003 -0.00378564 -16.0903 -0.00100714 -29.183 -0.00444337 -27.7531 -0.00419073 -18.852 -0.00132636
569118 -28.8534 -0.00426438 -27.1424 -0.00381177 -16.1122 -0.00100925 -29.2305 -0.00446917 -27.798 -0.00421865 -18.8759 -0.00132985
569819 -28.9001 -0.00428974 -27.1848 -0.00383809 -16.1341 -0.00101136 -29.2773 -0.00449457 -27.8434 -0.00424679 -18.8997 -0.00133333
570520 -28.9467 -0.00431501 -27.2273 -0.00386444 -16.156 -0.00101348 -29.324 -0.00451991 -27.8888 -0.00427498 -18.9234 -0.00133682
571218 -28.993 -0.00434017 -27.2697 -0.0038908 -16.1779 -0.0010156 -29.3705 -0.00454517 -27.9343 -0.00430319 -18.9469 -0.00134031
571916 -29.0391 -0.00436523 -27.3122 -0.00391718 -16.1998 -0.00101772 -29.4169 -0.00457036 -27.9798 -0.00433142 -18.9704 -0.0013438
572612 -29.0852 -0.00439023 -27.3547 -0.00394352 -16.2216 -0.00101984 -29.4637 -0.00459576 -28.0252 -0.00435963 -18.9938 -0.0013473
573305 -29.1304 -0.0044148 -27.3976 -0.00397017 -16.2433 -0.00102195 -29.5147 -0.00462347 -28.0706 -0.00438779 -19.0174 -0.00135086
573995 -29.1755 -0.00443926 -27.4406 -0.00399683 -16.2649 -0.00102407 -29.5657 -0.00465114 -28.116 -0.00441598 -19.0409 -0.00135443
574685 -29.22 -0.00446345 -27.4836 -0.00402351 -16.2865 -0.00102618 -29.6166 -0.0046788 -28.1615 -0.00444418 -19.0643 -0.00135799
575373 -29.2643 -0.00448749 -27.5266 -0.00405021 -16.3081 -0.0010283 -29.6675 -0.00470642 -28.2069 -0.0044724 -19.0876 -0.00136156
576063 -29.3105 -0.00451257 -27.5698 -0.00407701 -16.3296 -0.00103041 -29.7184 -0.00473405 -28.2523 -0.00450057 -19.1108 -0.00136515
576754 -29.3572 -0.00453794 -27.613 -0.00410382 -16.351 -0.00103252 -29.7693 -0.0047617 -28.2977 -0.00452872 -19.134 -0.00136875
577442 -29.4038 -0.00456322 -27.6563 -0.00413069 -16.3723 -0.00103462 -29.8193 -0.00478884 -28.3418 -0.00455609 -19.1573 -0.00137239
578130 -29.4501 -0.0045884 -27.6996 -0.00415759 -16.3935 -0.00103673 -29.8693 -0.004816 -28.3852 -0.00458303 -19.1806 -0.00137605
578817 -29.4964 -0.00461351 -27.743 -0.0041845 -16.4147 -0.00103883 -29.9194 -0.00484323 -28.4287 -0.00460999 -19.2038 -0.00137972
579501 -29.5423 -0.00463847 -27.7862 -0.00421128 -16.436 -0.00104095 -29.9692 -0.00487026 -28.4719 -0.00463682 -19.2278 -0.00138355
580182 -29.5881 -0.00466331 -27.8292 -0.004238 -16.4574 -0.00104308 -30.0187 -0.00489714 -28.515 -0.00466358 -19.2523 -0.00138748
580862 -29.6337 -0.00468806 -27.8723 -0.00426473 -16.4787 -0.0010452 -30.068 -0.00492391 -28.5582 -0.00469036 -19.2766 -0.00139141
581540 -29.6791 -0.00471275 -27.9154 -0.00429147 -16.4999 -0.00104733 -30.1171 -0.00495059 -28.6013 -0.00471714 -19.3008 -0.00139534
582218 -29.7245 -0.00473738 -27.9585 -0.00431823 -16.5211 -0.00104946 -30.1661 -0.00497716 -28.6445 -0.00474394 -19.3249 -0.00139928
582894 -29.7697 -0.00476195 -28.0016 -0.00434499 -16.5423 -0.00105159 -30.2148 -0.00500362 -28.6877 -0.00477074 -19.3488 -0.00140323
583569 -29.8149 -0.00478647 -28.0448 -0.00437178 -16.5634 -0.00105373 -30.2633 -0.00502996 -28.7309 -0.00479756 -19.3726 -0.00140718
584242 -29.8599 -0.00481092 -28.088 -0.00439857 -16.5845 -0.00105586 -30.3116 -0.0050562 -28.7741 -0.00482438 -19.3962 -0.00141113
584915 -29.9049 -0.00483532 -28.1312 -0.00442538 -16.6055 -0.00105799 -30.3597 -0.00508231 -28.8174 -0.00485121 -19.4197 -0.00141509
585586 -29.9497 -0.00485965 -28.1744 -0.0044522 -16.6265 -0.00106013 -30.4076 -0.00510829 -28.8606 -0.00487804 -19.443 -0.00141906
586256 -29.9944 -0.00488392 -28.2176 -0.00447904 -16.6475 -0.00106226 -30.4552 -0.00513413 -28.9038 -0.00490488 -19.4662 -0.00142303
586924 -30.0389 -0.00490813 -28.2609 -0.00450588 -16.6684 -0.0010644 -30.5025 -0.00515983 -28.9471 -0.00493173 -19.4893 -0.001427
587592 -30.0834 -0.00493226 -28.3042 -0.00453275 -16.6893 -0.00106653 -30.5495 -0.00518538 -28.9904 -0.00495858 -19.5121 -0.00143098
588257 -30.1277 -0.00495633 -28.3475 -0.00455963 -16.7101 -0.00106867 -30.5963 -0.00521076 -29.0337 -0.00498544 -19.5349 -0.00143496
588921 -30.1719 -0.00498033 -28.3908 -0.00458652 -16.7309 -0.00107081 -30.6427 -0.00523597 -29.077 -0.00501231 -19.5575 -0.00143895
589584 -30.216 -0.00500429 -28.4342 -0.00461343 -16.7516 -0.00107294 -30.6888 -0.00526098 -29.1203 -0.00503918 -19.5799 -0.00144294
590245 -30.26 -0.00502818 -28.4776 -0.00464035 -16.7723 -0.00107508 -30.7345 -0.00528578 -29.1636 -0.00506606 -19.6022 -0.00144694
590904 -30.3039 -0.00505199 -28.521 -0.00466729 -16.7929 -0.00107722 -30.7797 -0.00531038 -29.2069 -0.00509295 -19.6244 -0.00145094
591561 -30.3477 -0.00507575 -28.5644 -0.00469422 -16.8135 -0.00107936 -30.8244 -0.00533463 -29.2502 -0.00511983 -19.6463 -0.00145494
592212 -30.3916 -0.00509961 -28.6076 -0.00472105 -16.834 -0.00108148 -30.8686 -0.00535861 -29.2934 -0.00514662 -19.6679 -0.00145891
592856 -30.4352 -0.00512328 -28.6511 -0.00474801 -16.8542 -0.0010836 -30.9116 -0.005382 -29.3414 -0.0051764 -19.6894 -0.00146288
593494 -30.4785 -0.0051468 -28.6945 -0.00477494 -16.8744 -0.00108571 -30.9548 -0.00540543 -29.3915 -0.00520753 -19.7106 -0.00146683
594131 -30.5217 -0.00517024 -28.7379 -0.00480187 -16.8945 -0.00108782 -30.9978 -0.00542877 -29.4418 -0.0052387 -19.7317 -0.0014708
594766 -30.5646 -0.00519355 -28.7813 -0.00482885 -16.9146 -0.00108993 -31.0405 -0.00545198 -29.4921 -0.00526996 -19.7526 -0.00147476
595399 -30.6073 -0.00521672 -28.8249 -0.00485591 -16.942 -0.00109282 -31.0831 -0.00547508 -29.5425 -0.00530122 -19.7736 -0.00147879
596027 -30.6493 -0.00523956 -28.869 -0.00488325 -16.9767 -0.00109649 -31.1253 -0.00549801 -29.5932 -0.00533267 -19.7946 -0.00148285
596642 -30.6902 -0.00526175 -28.914 -0.00491119 -17.0098 -0.00110001 -31.166 -0.00552011 -29.6451 -0.00536487 -19.8146 -0.00148673
597256 -30.7309 -0.00528386 -28.9591 -0.00493916 -17.0428 -0.00110354 -31.2066 -0.00554214 -29.6971 -0.00539712 -19.8344 -0.00149062
597869 -30.7715 -0.00530587 -29.0042 -0.00496713 -17.0757 -0.00110706 -31.247 -0.00556407 -29.7491 -0.00542943 -19.8541 -0.00149451
598480 -30.8118 -0.00532779 -29.0493 -0.00499512 -17.1084 -0.00111058 -31.2872 -0.00558591 -29.8013 -0.0054618 -19.8736 -0.00149841
599087 -30.8519 -0.00534957 -29.0942 -0.00502298 -17.1422 -0.00111424 -31.3271 -0.0056076 -29.8533 -0.00549407 -19.8931 -0.00150233
599691 -30.8918 -0.0053712 -29.1389 -0.00505073 -17.1767 -0.00111798 -31.367 -0.00562923 -29.9072 -0.0055275 -19.9124 -0.00150626
600290 -30.932 -0.00539305 -29.1832 -0.00507823 -17.2108 -0.0011217 -31.4073 -0.00565114 -29.9607 -0.00556072 -19.9314 -0.00151015
600885 -30.9722 -0.00541488 -29.2274 -0.00510568 -17.2446 -0.0011254 -31.4477 -0.00567308 -30.0141 -0.00559388 -19.9502 -0.00151403
601475 -31.0123 -0.00543666 -29.2716 -0.0051331 -17.2781 -0.00112909 -31.488 -0.00569498 -30.0663 -0.00562625 -19.9687 -0.00151789
602058 -31.0523 -0.00545835 -29.3159 -0.0051606 -17.311 -0.00113272 -31.5281 -0.00571673 -30.1186 -0.00565874 -19.987 -0.00152173
602638 -31.0921 -0.00548001 -29.3601 -0.00518803 -17.3437 -0.00113636 -31.5682 -0.00573853 -30.1708 -0.00569114 -20.005 -0.00152557
603215 -31.1321 -0.00550169 -29.4041 -0.00521531 -17.3763 -0.00113999 -31.6086 -0.00576046 -30.2228 -0.00572338 -20.0229 -0.0015294
603791 -31.1717 -0.00552323 -29.4481 -0.00524261 -17.4088 -0.00114363 -31.6488 -0.00578226 -30.2748 -0.00575564 -20.0406 -0.00153323
604365 -31.2111 -0.00554462 -29.4921 -0.00526992 -17.4412 -0.00114728 -31.6887 -0.00580393 -30.3268 -0.00578791 -20.0582 -0.00153707
604937 -31.2503 -0.00556587 -29.5361 -0.00529723 -17.4735 -0.00115092 -31.7284 -0.00582547 -30.3788 -0.00582021 -20.0756 -0.00154091
605508 -31.2891 -0.00558698 -29.5801 -0.00532453 -17.5056 -0.00115457 -31.7678 -0.00584691 -30.4309 -0.00585249 -20.0929 -0.00154475
606078 -31.3279 -0.005608 -29.6241 -0.00535184 -17.5376 -0.00115822 -31.8071 -0.00586821 -30.4829 -0.00588479 -20.11 -0.0015486
606646 -31.3664 -0.00562894 -29.6681 -0.00537917 -17.5695 -0.00116187 -31.846 -0.00588936 -30.535 -0.0059171 -20.127 -0.00155244
607212 -31.4048 -0.00564981 -29.7122 -0.00540651 -17.6012 -0.00116553 -31.8847 -0.00591034 -30.5871 -0.00594943 -20.1439 -0.0015563
607777 -31.4431 -0.00567058 -29.7563 -0.00543387 -17.6328 -0.00116918 -31.923 -0.00593116 -30.6392 -0.00598176 -20.1605 -0.00156015
608341 -31.4812 -0.00569128 -29.8004 -0.00546124 -17.6643 -0.00117284 -31.961 -0.00595179 -30.6913 -0.00601411 -20.1771 -0.00156401
608902 -31.5192 -0.00571188 -29.8445 -0.00548863 -17.6956 -0.0011765 -31.9986 -0.00597224 -30.7434 -0.00604646 -20.1934 -0.00156787
609458 -31.5593 -0.00573366 -29.8884 -0.00551589 -17.7269 -0.00118017 -32.0351 -0.00599204 -30.7951 -0.00607851 -20.2094 -0.00157166
610011 -31.6003 -0.00575593 -29.9323 -0.00554311 -17.758 -0.00118384 -32.0708 -0.00601144 -30.8468 -0.00611061 -20.2251 -0.00157545
610560 -31.6411 -0.00577807 -29.9762 -0.00557034 -17.7893 -0.00118755 -32.106 -0.00603055 -30.8985 -0.00614273 -20.2409 -0.00157929
611107 -31.6816 -0.0058001 -30.02 -0.00559755 -17.8208 -0.00119129 -32.1407 -0.00604938 -30.9503 -0.00617483 -20.2568 -0.00158318
611655 -31.722 -0.00582204 -30.0637 -0.00562463 -17.8524 -0.00119507 -32.1759 -0.00606848 -31.0019 -0.00620688 -20.2727 -0.00158712
612213 -31.7624 -0.00584397 -30.1069 -0.00565144 -17.8843 -0.00119891 -32.2138 -0.00608909 -31.0534 -0.00623884 -20.2886 -0.00159112
612771 -31.8026 -0.00586581 -30.15 -0.00567823 -17.9162 -0.00120277 -32.2517 -0.00610965 -31.1049 -0.00627076 -20.3044 -0.00159513
613329 -31.8427 -0.00588755 -30.1932 -0.005705 -17.9481 -0.00120664 -32.2895 -0.00613015 -31.1562 -0.00630265 -20.3201 -0.00159916
613892 -31.8825 -0.00590919 -30.2362 -0.00573168 -17.9804 -0.00121059 -32.3272 -0.00615065 -31.2074 -0.00633441 -20.3357 -0.00160322
614457 -31.9222 -0.00593073 -30.2791 -0.00575834 -18.0127 -0.00121455 -32.3648 -0.00617108 -31.2585 -0.00636613 -20.3513 -0.00160729
615020 -31.9617 -0.00595217 -30.3221 -0.005785 -18.0449 -0.00121853 -32.4023 -0.00619143 -31.3096 -0.00639784 -20.3666 -0.00161138
615582 -32.001 -0.00597351 -30.365 -0.00581166 -18.077 -0.00122251 -32.4396 -0.00621169 -31.3607 -0.00642956 -20.3818 -0.00161547
616142 -32.0401 -0.00599476 -30.408 -0.00583832 -18.109 -0.0012265 -32.4768 -0.00623186 -31.4118 -0.00646127 -20.3969 -0.00161956
616702 -32.0791 -0.00601594 -30.4509 -0.00586495 -18.1414 -0.00123057 -32.5137 -0.00625191 -31.4629 -0.00649295 -20.4119 -0.00162371
617260 -32.118 -0.00603706 -30.4938 -0.00589158 -18.174 -0.00123468 -32.5505 -0.00627187 -31.514 -0.00652463 -20.4268 -0.00162787
617817 -32.1568 -0.00605811 -30.5367 -0.0059182 -18.2064 -0.00123879 -32.587 -0.00629173 -31.565 -0.00655631 -20.4416 -0.00163204
618373 -32.1954 -0.00607909 -30.5797 -0.00594483 -18.2387 -0.00124291 -32.6234 -0.00631149 -31.616 -0.00658798 -20.4562 -0.00163622
618924 -32.2335 -0.00609977 -30.623 -0.00597172 -18.2703 -0.00124698 -32.6591 -0.00633086 -31.6675 -0.00661994 -20.4703 -0.00164034
619469 -32.2699 -0.00611951 -30.6669 -0.00599897 -18.3011 -0.00125095 -32.6938 -0.0063497 -31.7197 -0.00665233 -20.484 -0.00164435
620012 -32.3061 -0.00613917 -30.7108 -0.00602622 -18.3317 -0.00125493 -32.7283 -0.00636842 -31.7719 -0.00668471 -20.4975 -0.00164838
620554 -32.3421 -0.00615876 -30.7547 -0.00605348 -18.3622 -0.00125891 -32.7626 -0.00638704 -31.8241 -0.0067171 -20.5108 -0.00165241
621095 -32.3781 -0.00617827 -30.7987 -0.00608074 -18.3926 -0.00126291 -32.7966 -0.00640554 -31.8763 -0.00674949 -20.524 -0.00165645
621634 -32.4139 -0.0061977 -30.8426 -0.00610802 -18.4228 -0.0012669 -32.8305 -0.00642391 -31.9285 -0.00678189 -20.5371 -0.0016605
622173 -32.4495 -0.00621706 -30.8866 -0.0061353 -18.4529 -0.00127091 -32.8641 -0.00644216 -31.9807 -0.00681429 -20.5499 -0.00166455
622710 -32.485 -0.00623633 -30.9305 -0.00616259 -18.4829 -0.00127491 -32.8975 -0.0064603 -32.0329 -0.00684669 -20.5627 -0.00166862
623246 -32.5204 -0.00625553 -30.9745 -0.00618987 -18.5128 -0.00127893 -32.9307 -0.00647832 -32.0851 -0.0068791 -20.5752 -0.00167269
623781 -32.5556 -0.00627466 -31.0185 -0.00621714 -18.5425 -0.00128295 -32.9637 -0.00649628 -32.1374 -0.00691151 -20.5876 -0.00167677
624316 -32.5907 -0.00629371 -31.0624 -0.00624442 -18.5721 -0.00128698 -32.9968 -0.00651421 -32.1896 -0.00694393 -20.5999 -0.00168086
624847 -32.6258 -0.00631276 -31.1063 -0.00627163 -18.6015 -0.00129101 -33.03 -0.00653225 -32.2418 -0.00697629 -20.612 -0.00168498
625369 -32.6614 -0.00633212 -31.1497 -0.00629857 -18.6305 -0.001295 -33.0643 -0.00655089 -32.2935 -0.00700841 -20.6243 -0.0016892
625889 -32.6969 -0.00635142 -31.1931 -0.0063255 -18.6593 -0.00129899 -33.0986 -0.00656952 -32.3453 -0.00704052 -20.6364 -0.00169342
626408 -32.7324 -0.00637064 -31.2364 -0.00635242 -18.6879 -0.00130298 -33.133 -0.00658816 -32.397 -0.00707263 -20.6483 -0.00169766
626925 -32.7676 -0.0063898 -31.2798 -0.00637932 -18.7164 -0.00130698 -33.1673 -0.00660681 -32.4487 -0.00710472 -20.66 -0.00170192
627441 -32.8028 -0.00640889 -31.3231 -0.0064062 -18.7447 -0.00131098 -33.2016 -0.00662546 -32.5004 -0.0071368 -20.6716 -0.00170618
627956 -32.8378 -0.00642791 -31.3664 -0.00643306 -18.7729 -0.00131499 -33.236 -0.00664412 -32.5521 -0.00716886 -20.683 -0.00171046
628467 -32.8728 -0.0064469 -31.4096 -0.00645987 -18.8009 -0.00131899 -33.2704 -0.00666279 -32.6037 -0.00720088 -20.6943 -0.00171474
628975 -32.9078 -0.0064659 -31.4527 -0.0064866 -18.8286 -0.00132298 -33.3048 -0.00668146 -32.6551 -0.0072328 -20.7052 -0.001719
629482 -32.9427 -0.00648484 -31.4957 -0.0065133 -18.8562 -0.00132698 -33.3392 -0.00670015 -32.7065 -0.00726469 -20.716 -0.00172327
629981 -32.9777 -0.00650385 -31.5384 -0.00653981 -18.883 -0.00133088 -33.3742 -0.00671916 -32.7576 -0.00729639 -20.7265 -0.0017275
630471 -33.013 -0.00652305 -31.5806 -0.00656599 -18.9085 -0.00133463 -33.4102 -0.00673871 -32.8081 -0.00732776 -20.7367 -0.00173167
630958 -33.0483 -0.00654219 -31.6227 -0.00659213 -18.9338 -0.00133837 -33.4463 -0.00675832 -32.8586 -0.00735909 -20.7466 -0.00173584
631444 -33.0834 -0.00656124 -31.6648 -0.00661825 -18.959 -0.0013421 -33.4825 -0.00677795 -32.9091 -0.00739039 -20.7564 -0.00174
631930 -33.1181 -0.0065801 -31.7069 -0.00664439 -18.984 -0.00134583 -33.5184 -0.00679745 -32.9596 -0.00742174 -20.766 -0.00174417
632413 -33.153 -0.00659903 -31.7488 -0.00667035 -19.0087 -0.00134955 -33.5548 -0.0068172 -33.0097 -0.00745286 -20.7753 -0.00174832
632894 -33.1876 -0.00661785 -31.7906 -0.00669628 -19.0332 -0.00135325 -33.5912 -0.00683697 -33.0598 -0.00748397 -20.7844 -0.00175246
633374 -33.2221 -0.00663656 -31.8323 -0.00672218 -19.0575 -0.00135695 -33.6276 -0.00685676 -33.1099 -0.00751504 -20.7934 -0.0017566
633852 -33.2567 -0.00665537 -31.874 -0.00674805 -19.0816 -0.00136065 -33.6641 -0.00687658 -33.1599 -0.00754606 -20.8021 -0.00176074
634333 -33.2942 -0.0066757 -31.9157 -0.00677394 -19.1056 -0.00136434 -33.7007 -0.00689645 -33.2097 -0.00757699 -20.8108 -0.00176492
634811 -33.3317 -0.00669609 -31.9572 -0.00679971 -19.1293 -0.00136802 -33.7377 -0.00691653 -33.2593 -0.00760776 -20.8192 -0.00176909
635286 -33.3693 -0.00671649 -31.9986 -0.0068254 -19.1509 -0.00137138 -33.775 -0.00693677 -33.3086 -0.00763834 -20.8275 -0.00177329
635759 -33.4068 -0.00673684 -32.04 -0.00685106 -19.171 -0.00137454 -33.8123 -0.00695704 -33.3578 -0.00766884 -20.8356 -0.00177752
636234 -33.4438 -0.00675698 -32.0815 -0.00687682 -19.1913 -0.00137774 -33.8492 -0.00697708 -33.4071 -0.00769945 -20.8437 -0.00178178
636708 -33.4808 -0.00677703 -32.123 -0.00690258 -19.2114 -0.00138094 -33.886 -0.00699706 -33.4564 -0.00773007 -20.8515 -0.00178605
637182 -33.5175 -0.00679698 -32.1645 -0.00692834 -19.2316 -0.00138415 -33.9227 -0.007017 -33.5058 -0.00776069 -20.8593 -0.00179039
637653 -33.554 -0.00681679 -32.2058 -0.00695395 -19.2524 -0.00138749 -33.9593 -0.00703684 -33.5553 -0.00779143 -20.8694 -0.00179622
638123 -33.5903 -0.0068365 -32.247 -0.00697957 -19.2731 -0.00139083 -33.9957 -0.00705664 -33.6048 -0.00782217 -20.8791 -0.00180207
638593 -33.6264 -0.00685611 -32.2883 -0.00700518 -19.2937 -0.00139418 -34.0321 -0.00707639 -33.6544 -0.00785291 -20.8885 -0.00180793
639062 -33.6623 -0.00687562 -32.3296 -0.00703079 -19.3142 -0.00139754 -34.0684 -0.0070961 -33.7039 -0.00788365 -20.8975 -0.00181381
639529 -33.698 -0.006895 -32.3708 -0.00705636 -19.3347 -0.00140089 -34.1048 -0.00711587 -33.7534 -0.00791433 -20.9062 -0.00181967
639995 -33.7335 -0.00691428 -32.412 -0.00708193 -19.355 -0.00140425 -34.1411 -0.0071356 -33.8028 -0.007945 -20.9144 -0.00182555
640460 -33.7688 -0.00693344 -32.4532 -0.00710749 -19.3753 -0.00140763 -34.1774 -0.00715529 -33.8522 -0.00797568 -20.9223 -0.00183145
640923 -33.8039 -0.00695247 -32.4944 -0.00713304 -19.3954 -0.00141101 -34.2135 -0.00717492 -33.9016 -0.00800633 -20.9299 -0.00183738
641384 -33.8385 -0.00697125 -32.5352 -0.00715836 -19.4158 -0.00141443 -34.2493 -0.00719434 -33.9506 -0.00803672 -20.9376 -0.00184372
641843 -33.8728 -0.00698991 -32.5759 -0.00718367 -19.436 -0.00141787 -34.285 -0.00721371 -33.9995 -0.00806711 -20.9448 -0.00185008
642301 -33.9069 -0.00700843 -32.6167 -0.00720898 -19.4562 -0.00142131 -34.3205 -0.00723302 -34.0485 -0.0080975 -20.9516 -0.00185645
642759 -33.9408 -0.00702681 -32.6575 -0.00723429 -19.4763 -0.00142476 -34.356 -0.00725228 -34.0975 -0.00812789 -20.958 -0.00186284
643215 -33.9744 -0.00704505 -32.6983 -0.0072596 -19.4963 -0.00142822 -34.3914 -0.00727149 -34.1464 -0.00815828 -20.964 -0.00186925
643670 -34.0077 -0.00706314 -32.7391 -0.00728491 -19.5162 -0.00143169 -34.4266 -0.00729063 -34.1954 -0.00818866 -20.9695 -0.00187567
644125 -34.0407 -0.00708107 -32.7799 -0.00731021 -19.5361 -0.00143517 -34.4618 -0.00730972 -34.2444 -0.00821904 -20.9745 -0.00188212
644578 -34.0734 -0.00709883 -32.8206 -0.00733551 -19.5558 -0.00143865 -34.4968 -0.00732875 -34.2933 -0.00824944 -20.9791 -0.00188857
645030 -34.1058 -0.00711642 -32.8614 -0.00736081 -19.5755 -0.00144214 -34.5318 -0.00734771 -34.3423 -0.00827984 -20.9833 -0.00189505
645480 -34.1379 -0.00713383 -32.9022 -0.00738611 -19.595 -0.00144564 -34.5666 -0.00736661 -34.3914 -0.00831025 -20.987 -0.00190154
645930 -34.1696 -0.00715105 -32.9429 -0.0074114 -19.6145 -0.00144915 -34.6013 -0.00738545 -34.4404 -0.00834068 -20.9903 -0.00190804
646378 -34.2009 -0.00716806 -32.9837 -0.0074367 -19.6338 -0.00145266 -34.6358 -0.00740423 -34.4894 -0.00837112 -20.9931 -0.00191456
646825 -34.2318 -0.00718485 -33.0245 -0.00746201 -19.6531 -0.00145617 -34.6703 -0.00742293 -34.5385 -0.00840158 -20.9954 -0.00192109
647276 -34.2661 -0.00720344 -33.0651 -0.00748722 -19.6721 -0.00145968 -34.7046 -0.00744157 -34.5875 -0.00843195 -20.9973 -0.00192774
647728 -34.3026 -0.00722329 -33.105 -0.00751198 -19.6909 -0.00146315 -34.7387 -0.00746006 -34.6362 -0.00846221 -20.9987 -0.00193458
648180 -34.3391 -0.00724309 -33.1449 -0.00753675 -19.7095 -0.00146662 -34.7726 -0.00747847 -34.685 -0.00849248 -20.9996 -0.00194143
648630 -34.3755 -0.00726284 -33.1848 -0.00756152 -19.728 -0.0014701 -34.8064 -0.00749682 -34.7338 -0.00852276 -21 -0.00194831
649080 -34.4118 -0.00728256 -33.2247 -0.0075863 -19.7464 -0.00147358 -34.84 -0.00751509 -34.7826 -0.00855304 -21 -0.0019552
649525 -34.448 -0.00730225 -33.2646 -0.00761103 -19.7648 -0.00147711 -34.874 -0.00753356 -34.8312 -0.00858321 -21 -0.00196203
649967 -34.4843 -0.00732192 -33.3044 -0.00763574 -19.7833 -0.00148066 -34.9083 -0.00755219 -34.8796 -0.00861327 -21 -0.00196881
650404 -34.52 -0.00734134 -33.3447 -0.00766075 -19.8014 -0.00148415 -34.9419 -0.0075704 -34.9286 -0.00864367 -21 -0.00197545
650839 -34.5559 -0.0073608 -33.385 -0.00768573 -19.8191 -0.00148761 -34.9763 -0.00758909 -34.9776 -0.00867409 -21 -0.00198205
651273 -34.5921 -0.00738045 -33.4249 -0.00771048 -19.8367 -0.00149107 -35.0126 -0.00760882 -35.0263 -0.0087043 -21 -0.00198865
651707 -34.6281 -0.00740005 -33.4647 -0.00773523 -19.8542 -0.00149453 -35.0489 -0.0076285 -35.075 -0.00873452 -21 -0.00199525
652140 -34.6642 -0.0074196 -33.5046 -0.00775998 -19.8716 -0.001498 -35.085 -0.00764813 -35.1237 -0.00876473 -21 -0.00200187
652573 -34.7001 -0.00743911 -33.5445 -0.00778473 -19.8888 -0.00150147 -35.121 -0.00766769 -35.1724 -0.00879495 -21 -0.0020085
653005 -34.736 -0.00745859 -33.5844 -0.00780948 -19.906 -0.00150495 -35.1569 -0.00768719 -35.2211 -0.00882517 -21 -0.00201514
653436 -34.7718 -0.00747804 -33.6243 -0.00783422 -19.9231 -0.00150844 -35.1927 -0.00770663 -35.2698 -0.00885538 -21 -0.0020218
653861 -34.808 -0.00749773 -33.6638 -0.00785878 -19.9398 -0.00151187 -35.2292 -0.00772643 -35.3181 -0.00888537 -21 -0.00202838
654282 -34.8441 -0.00751731 -33.7036 -0.00788344 -19.9563 -0.0015153 -35.2652 -0.00774599 -35.3666 -0.00891544 -21 -0.00203493
654703 -34.88 -0.00753679 -33.7434 -0.00790813 -19.9728 -0.00151875 -35.3009 -0.00776536 -35.4151 -0.00894557 -21 -0.00204148
655120 -34.9156 -0.00755613 -33.7827 -0.00793253 -19.9903 -0.00152245 -35.3362 -0.00778452 -35.4631 -0.00897533 -21 -0.00204816
655536 -34.9512 -0.00757544 -33.822 -0.00795693 -20.0078 -0.00152616 -35.3713 -0.0078036 -35.511 -0.00900509 -21 -0.00205478
655951 -34.9866 -0.00759468 -33.8613 -0.00798135 -20.0252 -0.00152989 -35.4062 -0.00782254 -35.5591 -0.00903491 -21 -0.00206138
656365 -35.0216 -0.0076137 -33.9008 -0.00800584 -20.0425 -0.00153365 -35.4404 -0.00784112 -35.6074 -0.00906492 -21 -0.002068
656777 -35.0566 -0.0076327 -33.9402 -0.00803031 -20.0598 -0.00153741 -35.4745 -0.00785964 -35.6558 -0.00909493 -21 -0.00207464
657188 -35.0914 -0.00765161 -33.9796 -0.00805475 -20.0771 -0.00154124 -35.5083 -0.00787799 -35.7041 -0.00912488 -21 -0.00208139
657598 -35.1262 -0.00767049 -34.019 -0.00807918 -20.0945 -0.0015451 -35.542 -0.00789625 -35.7523 -0.00915481 -21 -0.0020882
658007 -35.1609 -0.00768934 -34.0583 -0.00810359 -20.1117 -0.00154896 -35.5754 -0.00791443 -35.8005 -0.00918473 -21 -0.00209501
658416 -35.1956 -0.00770817 -34.0977 -0.00812799 -20.1288 -0.00155284 -35.6088 -0.00793254 -35.8487 -0.00921464 -21 -0.00210185
658824 -35.2302 -0.00772696 -34.137 -0.00815239 -20.1457 -0.00155672 -35.642 -0.00795056 -35.8969 -0.00924454 -21 -0.0021087
659231 -35.2648 -0.00774573 -34.1763 -0.00817677 -20.1626 -0.00156062 -35.675 -0.00796849 -35.9451 -0.00927443 -21 -0.00211556
659637 -35.2993 -0.00776448 -34.2155 -0.00820115 -20.1793 -0.00156452 -35.7078 -0.00798633 -35.9932 -0.00930431 -21 -0.00212244
660042 -35.3337 -0.00778319 -34.2548 -0.00822552 -20.1958 -0.00156844 -35.7405 -0.00800407 -36.0413 -0.00933418 -21 -0.00212934
660447 -35.3682 -0.00780187 -34.2941 -0.00824989 -20.2123 -0.00157236 -35.773 -0.0080217 -36.0895 -0.00936404 -21 -0.00213625
660850 -35.4025 -0.00782053 -34.3333 -0.00827424 -20.2286 -0.00157629 -35.8053 -0.00803923 -36.1375 -0.00939389 -21 -0.00214318
661255 -35.4367 -0.00783912 -34.3726 -0.00829861 -20.2447 -0.00158021 -35.8371 -0.00805649 -36.1857 -0.00942378 -21 -0.00215017
661660 -35.4709 -0.00785765 -34.4119 -0.00832298 -20.2606 -0.00158412 -35.8683 -0.00807345 -36.234 -0.00945373 -21 -0.00215723
662064 -35.505 -0.00787615 -34.4511 -0.00834734 -20.2763 -0.00158803 -35.8993 -0.00809028 -36.2822 -0.00948366 -21 -0.0021643
662466 -35.539 -0.00789462 -34.4904 -0.0083717 -20.2919 -0.00159196 -35.93 -0.00810697 -36.3304 -0.00951358 -21 -0.00217138
662868 -35.5729 -0.00791306 -34.5296 -0.00839605 -20.3074 -0.00159589 -35.9605 -0.0081235 -36.3786 -0.00954348 -21 -0.00217848
663269 -35.6068 -0.00793147 -34.5689 -0.00842042 -20.3226 -0.00159981 -35.9906 -0.00813988 -36.4269 -0.00957342 -21 -0.00218558
663669 -35.6407 -0.00794987 -34.6082 -0.00844481 -20.3377 -0.00160372 -36.0205 -0.00815611 -36.4752 -0.00960342 -21 -0.00219265
664068 -35.6745 -0.00796824 -34.6475 -0.0084692 -20.3525 -0.00160763 -36.05 -0.00817214 -36.5235 -0.00963341 -21 -0.00219974
664465 -35.7083 -0.00798657 -34.6868 -0.00849359 -20.3673 -0.00161154 -36.0792 -0.00818795 -36.5718 -0.00966339 -21 -0.00220684
664861 -35.742 -0.00800486 -34.7261 -0.00851799 -20.3818 -0.00161546 -36.1078 -0.00820352 -36.6201 -0.00969337 -21 -0.00221394
665255 -35.7756 -0.00802312 -34.7654 -0.00854239 -20.3962 -0.00161938 -36.136 -0.00821881 -36.6684 -0.00972335 -21 -0.00222106
665647 -35.8091 -0.00804133 -34.8048 -0.00856681 -20.4105 -0.0016233 -36.1636 -0.00823382 -36.7167 -0.00975331 -21 -0.00222818
666039 -35.8426 -0.00805952 -34.8441 -0.00859122 -20.4246 -0.00162723 -36.1911 -0.00824873 -36.765 -0.00978328 -21 -0.00223531
666430 -35.8761 -0.00807768 -34.8834 -0.00861562 -20.4385 -0.00163117 -36.2185 -0.00826364 -36.8133 -0.00981323 -21 -0.00224246
666820 -35.9095 -0.00809582 -34.9227 -0.00864 -20.4523 -0.00163512 -36.246 -0.00827853 -36.8616 -0.00984319 -21 -0.00224962
667210 -35.9428 -0.00811389 -34.962 -0.0086644 -20.4682 -0.0016397 -36.2733 -0.00829339 -36.9097 -0.00987306 -21 -0.00225688
667598 -35.9758 -0.00813185 -35.0014 -0.00868882 -20.4873 -0.00164533 -36.3006 -0.00830817 -36.9576 -0.0099028 -21 -0.00226433
667985 -36.0089 -0.00814978 -35.0407 -0.00871323 -20.506 -0.00165095 -36.3278 -0.00832294 -37.0055 -0.00993252 -21 -0.0022718
668372 -36.0418 -0.00816769 -35.08 -0.00873763 -20.5245 -0.00165659 -36.3549 -0.00833769 -37.0534 -0.00996223 -21 -0.00227928
668759 -36.0748 -0.00818556 -35.1193 -0.00876201 -20.5426 -0.00166225 -36.3821 -0.00835244 -37.1013 -0.00999194 -21 -0.00228678
669143 -36.1075 -0.00820334 -35.1588 -0.0087865 -20.5604 -0.00166789 -36.4092 -0.00836714 -37.1143 -0.0100247 -21 -0.00229433
669527 -36.1401 -0.00822105 -35.1983 -0.00881102 -20.5778 -0.00167353 -36.4362 -0.00838182 -37.1143 -0.0100585 -21 -0.00230192
669909 -36.1727 -0.00823873 -35.2378 -0.00883552 -20.5949 -0.00167918 -36.4632 -0.00839649 -37.1143 -0.0100925 -21 -0.00230951
670292 -36.2052 -0.00825639 -35.2773 -0.00886002 -20.6116 -0.00168485 -36.4902 -0.00841114 -37.1143 -0.0101264 -21 -0.00231713
670673 -36.2377 -0.00827402 -35.3167 -0.0088845 -20.6281 -0.00169053 -36.5172 -0.00842579 -37.1143 -0.0101604 -21 -0.00232476
671054 -36.2701 -0.00829162 -35.3561 -0.00890897 -20.6442 -0.00169622 -36.5441 -0.00844042 -37.1143 -0.0101944 -21 -0.00233241
671434 -36.3025 -0.0083092 -35.3955 -0.00893343 -20.6601 -0.00170193 -36.571 -0.00845504 -37.1143 -0.0102285 -21 -0.00234008
671813 -36.3348 -0.00832676 -35.4349 -0.00895786 -20.6755 -0.00170764 -36.5979 -0.00846964 -37.1143 -0.0102626 -21 -0.00234775
672190 -36.3673 -0.00834439 -35.4742 -0.00898222 -20.6906 -0.00171335 -36.6248 -0.00848423 -37.1143 -0.0102966 -21 -0.00235538
672565 -36.3997 -0.00836198 -35.5134 -0.00900657 -20.7054 -0.00171906 -36.6516 -0.0084988 -37.1143 -0.0103307 -21 -0.00236302
672939 -36.432 -0.00837955 -35.5526 -0.00903092 -20.7198 -0.00172479 -36.6784 -0.00851336 -37.1143 -0.0103648 -21 -0.00237067
673326 -36.4646 -0.00839722 -35.5914 -0.00905499 -20.7342 -0.00173063 -36.7086 -0.00852973 -37.1143 -0.0103988 -21 -0.00237838
673713 -36.497 -0.00841483 -35.6301 -0.00907899 -20.7483 -0.00173655 -36.7387 -0.00854609 -37.1143 -0.0104327 -21 -0.00238616
674098 -36.5293 -0.00843237 -35.6687 -0.00910292 -20.7623 -0.00174257 -36.7687 -0.00856239 -37.1143 -0.0104664 -21 -0.00239404
674483 -36.5615 -0.00844988 -35.7072 -0.00912682 -20.776 -0.00174862 -36.7987 -0.00857867 -37.1143 -0.0105002 -21 -0.00240192
674867 -36.5937 -0.00846736 -35.7447 -0.00915013 -20.7893 -0.00175468 -36.8287 -0.00859493 -37.1143 -0.010534 -21 -0.00240983
675251 -36.6259 -0.00848481 -35.7823 -0.00917341 -20.8022 -0.00176077 -36.8586 -0.00861118 -37.1143 -0.0105678 -21 -0.00241774
675635 -36.658 -0.00850223 -35.8198 -0.00919667 -20.8147 -0.00176687 -36.8885 -0.00862742 -37.1143 -0.0106017 -21 -0.00242567
676018 -36.69 -0.00851962 -35.8572 -0.00921991 -20.8269 -0.001773 -36.9184 -0.00864365 -37.1143 -0.0106356 -21 -0.00243361
676400 -36.7221 -0.00853709 -35.8945 -0.00924306 -20.8387 -0.00177913 -36.9485 -0.00866001 -37.1143 -0.0106694 -21 -0.00244154
676782 -36.7543 -0.00855455 -35.9317 -0.00926616 -20.8501 -0.00178528 -36.9787 -0.0086764 -37.1143 -0.0107032 -21 -0.00244948
677164 -36.7864 -0.00857198 -35.9689 -0.00928923 -20.8611 -0.00179145 -37.0088 -0.00869277 -37.1143 -0.0107371 -21 -0.00245744
677545 -36.8185 -0.00858938 -36.0061 -0.00931229 -20.8718 -0.00179765 -37.039 -0.00870913 -37.1143 -0.010771 -21 -0.00246541
677925 -36.8506 -0.00860681 -36.0431 -0.00933527 -20.882 -0.00180387 -37.0692 -0.00872556 -37.1143 -0.0108048 -21 -0.00247338
678305 -36.8827 -0.00862426 -36.08 -0.0093582 -20.8919 -0.0018101 -37.0997 -0.00874208 -37.1143 -0.0108386 -21 -0.00248136
678689 -36.9148 -0.00864172 -36.1168 -0.00938101 -20.9014 -0.00181644 -37.1302 -0.00875866 -37.1143 -0.0108723 -21 -0.00248941
679078 -36.9466 -0.00865897 -36.1537 -0.0094039 -20.9107 -0.00182288 -37.1602 -0.00877494 -37.1143 -0.0109062 -21 -0.00249751
679475 -36.9775 -0.00867577 -36.1909 -0.009427 -20.9197 -0.00182945 -37.1889 -0.00879055 -37.1143 -0.0109404 -21 -0.00250567
679871 -37.0084 -0.00869254 -36.2281 -0.00945008 -20.9282 -0.00183604 -37.2177 -0.00880615 -37.1143 -0.0109747 -21 -0.00251383
680266 -37.0393 -0.00870928 -36.2653 -0.00947315 -20.9363 -0.00184266 -37.2464 -0.00882173 -37.1143 -0.011009 -21 -0.00252201
680661 -37.07 -0.00872599 -36.3024 -0.00949619 -20.944 -0.0018493 -37.275 -0.0088373 -37.1143 -0.0110433 -21 -0.00253019
681056 -37.1008 -0.00874267 -36.3395 -0.00951922 -20.9511 -0.00185596 -37.3037 -0.00885285 -37.1143 -0.0110777 -21 -0.00253839
681450 -37.1314 -0.00875932 -36.3766 -0.00954222 -20.9578 -0.00186265 -37.3323 -0.00886838 -37.1143 -0.0111122 -21 -0.0025466
681843 -37.162 -0.00877594 -36.4136 -0.00956521 -20.9641 -0.00186937 -37.3608 -0.00888389 -37.1143 -0.0111466 -21 -0.00255482
682235 -37.1926 -0.00879253 -36.4506 -0.00958818 -20.9698 -0.00187611 -37.3894 -0.00889939 -37.1143 -0.0111812 -21 -0.00256305
682627 -37.2231 -0.0088091 -36.4876 -0.00961112 -20.9751 -0.00188288 -37.4179 -0.00891486 -37.1143 -0.0112157 -21 -0.00257128
683018 -37.2535 -0.00882563 -36.5245 -0.00963404 -20.9799 -0.00188968 -37.4463 -0.00893032 -37.1143 -0.0112503 -21 -0.00257953
683408 -37.2839 -0.00884213 -36.5614 -0.00965694 -20.9842 -0.00189649 -37.4748 -0.00894576 -37.1143 -0.011285 -21 -0.00258778
683798 -37.3143 -0.0088586 -36.5983 -0.00967981 -20.988 -0.00190334 -37.5032 -0.00896118 -37.1143 -0.0113197 -21 -0.00259605
684187 -37.3446 -0.00887505 -36.6351 -0.00970267 -20.9912 -0.0019102 -37.5315 -0.00897659 -37.1143 -0.0113544 -21 -0.00260433
684574 -37.3748 -0.00889148 -36.6719 -0.0097255 -20.994 -0.00191709 -37.5599 -0.00899198 -37.1143 -0.0113892 -21 -0.00261261
684962 -37.405 -0.00890788 -36.7087 -0.00974831 -20.9963 -0.00192399 -37.5882 -0.00900737 -37.1143 -0.0114241 -21 -0.0026209
685358 -37.4342 -0.00892373 -36.7459 -0.00977144 -20.998 -0.00193118 -37.6149 -0.00902186 -37.1143 -0.0114595 -21 -0.00262942
685754 -37.4633 -0.00893952 -36.7832 -0.00979455 -20.9993 -0.0019384 -37.6417 -0.00903639 -37.1143 -0.011495 -21 -0.00263795
686150 -37.4922 -0.00895524 -36.8204 -0.00981765 -20.9999 -0.00194565 -37.6684 -0.00905092 -37.1143 -0.0115306 -21 -0.00264651
686544 -37.5211 -0.00897092 -36.8576 -0.00984074 -21 -0.00195292 -37.6952 -0.00906544 -37.1143 -0.0115663 -21 -0.00265507
686938 -37.5499 -0.00898655 -36.8948 -0.00986381 -21 -0.00196021 -37.7219 -0.00907995 -37.1143 -0.011602 -21 -0.00266365
687332 -37.5786 -0.00900215 -36.932 -0.00988688 -21 -0.00196751 -37.7486 -0.00909443 -37.1143 -0.0116378 -21 -0.00267224
687724 -37.6073 -0.00901771 -36.9691 -0.00990993 -21 -0.00197481 -37.7752 -0.0091089 -37.1143 -0.0116738 -21 -0.00268084
688116 -37.6358 -0.00903322 -37.0062 -0.00993298 -21 -0.00198213 -37.8018 -0.00912336 -37.1143 -0.0117098 -21 -0.00268944
688507 -37.6644 -0.0090487 -37.0433 -0.009956 -21 -0.00198947 -37.8285 -0.00913783 -37.1143 -0.0117459 -21 -0.00269806
688898 -37.6928 -0.00906415 -37.0804 -0.009979 -21 -0.00199683 -37.8551 -0.0091523 -37.1143 -0.011782 -21 -0.00270669
689288 -37.7212 -0.00907955 -37.1143 -0.0100021 -21 -0.00200422 -37.8817 -0.00916675 -37.1143 -0.0118183 -21 -0.00271534
689677 -37.7494 -0.00909489 -37.1143 -0.0100262 -21 -0.00201164 -37.9082 -0.0091811 -37.1143 -0.0118548 -21 -0.00272395
690065 -37.7776 -0.00911019 -37.1143 -0.0100503 -21 -0.00201908 -37.9346 -0.00919546 -37.1143 -0.0118913 -21 -0.00273259
690454 -37.8057 -0.00912545 -37.1143 -0.0100743 -21 -0.00202655 -37.961 -0.0092098 -37.1143 -0.011928 -21 -0.00274124
690841 -37.8337 -0.00914068 -37.1143 -0.0100984 -21 -0.00203403 -37.9875 -0.00922415 -37.1143 -0.0119648 -21 -0.00274991
691228 -37.8617 -0.00915588 -37.1143 -0.0101224 -21 -0.00204152 -38.0139 -0.00923853 -37.1143 -0.0120016 -21 -0.00275859
691615 -37.8897 -0.00917105 -37.1143 -0.0101463 -21 -0.00204904 -38.0404 -0.00925289 -37.1143 -0.0120386 -21 -0.00276728
692000 -37.9175 -0.00918617 -37.1143 -0.0101703 -21 -0.00205657 -38.0668 -0.00926723 -37.1143 -0.0120757 -21 -0.002776
692386 -37.9453 -0.00920125 -37.1143 -0.0101942 -21 -0.00206412 -38.0929 -0.00928139 -37.1143 -0.0121128 -21 -0.00278473
692771 -37.973 -0.00921628 -37.1143 -0.0102181 -21 -0.0020717 -38.1189 -0.00929554 -37.1143 -0.0121502 -21 -0.00279348
693156 -38.0006 -0.00923128 -37.1143 -0.010242 -21 -0.0020793 -38.145 -0.00930968 -37.1143 -0.0121876 -21 -0.00280224
693540 -38.0281 -0.00924622 -37.1143 -0.0102658 -21 -0.00208691 -38.171 -0.00932381 -37.1143 -0.0122252 -21 -0.00281103
